[2024-12-26T16:30:04.295+0000] {local_task_job_runner.py:123} INFO - ::group::Pre task execution logs
[2024-12-26T16:30:04.329+0000] {taskinstance.py:2613} INFO - Dependencies all met for dep_context=non-requeueable deps ti=<TaskInstance: docker_hello_world.docker_command scheduled__2024-08-12T00:00:00+00:00 [queued]>
[2024-12-26T16:30:04.342+0000] {taskinstance.py:2613} INFO - Dependencies all met for dep_context=requeueable deps ti=<TaskInstance: docker_hello_world.docker_command scheduled__2024-08-12T00:00:00+00:00 [queued]>
[2024-12-26T16:30:04.342+0000] {taskinstance.py:2866} INFO - Starting attempt 1 of 2
[2024-12-26T16:30:04.360+0000] {taskinstance.py:2889} INFO - Executing <Task(DockerOperator): docker_command> on 2024-08-12 00:00:00+00:00
[2024-12-26T16:30:04.372+0000] {logging_mixin.py:190} WARNING - /home/***/.local/lib/python3.12/site-packages/***/task/task_runner/standard_task_runner.py:70 DeprecationWarning: This process (pid=685) is multi-threaded, use of fork() may lead to deadlocks in the child.
[2024-12-26T16:30:04.373+0000] {standard_task_runner.py:72} INFO - Started process 686 to run task
[2024-12-26T16:30:04.375+0000] {standard_task_runner.py:104} INFO - Running: ['***', 'tasks', 'run', 'docker_hello_world', 'docker_command', 'scheduled__2024-08-12T00:00:00+00:00', '--job-id', '341', '--raw', '--subdir', 'DAGS_FOLDER/dag_dockeroperator.py', '--cfg-path', '/tmp/tmpclknz52q']
[2024-12-26T16:30:04.379+0000] {standard_task_runner.py:105} INFO - Job 341: Subtask docker_command
[2024-12-26T16:30:04.471+0000] {task_command.py:467} INFO - Running <TaskInstance: docker_hello_world.docker_command scheduled__2024-08-12T00:00:00+00:00 [running]> on host 1484ae97611b
[2024-12-26T16:30:04.612+0000] {taskinstance.py:3132} INFO - Exporting env vars: AIRFLOW_CTX_DAG_OWNER='***' AIRFLOW_CTX_DAG_ID='docker_hello_world' AIRFLOW_CTX_TASK_ID='docker_command' AIRFLOW_CTX_EXECUTION_DATE='2024-08-12T00:00:00+00:00' AIRFLOW_CTX_TRY_NUMBER='1' AIRFLOW_CTX_DAG_RUN_ID='scheduled__2024-08-12T00:00:00+00:00'
[2024-12-26T16:30:04.614+0000] {taskinstance.py:731} INFO - ::endgroup::
[2024-12-26T16:30:04.670+0000] {docker.py:379} INFO - Starting docker container from image hello-world
[2024-12-26T16:30:04.674+0000] {docker.py:387} WARNING - Using remote engine or docker-in-docker and mounting temporary volume from host is not supported. Falling back to `mount_tmp_dir=False` mode. You can set `mount_tmp_dir` parameter to False to disable mounting and remove the warning
[2024-12-26T16:30:04.986+0000] {docker.py:73} INFO - 
[2024-12-26T16:30:04.987+0000] {docker.py:73} INFO - Hello from Docker!
[2024-12-26T16:30:04.988+0000] {docker.py:73} INFO - This message shows that your installation appears to be working correctly.
[2024-12-26T16:30:04.988+0000] {docker.py:73} INFO - 
[2024-12-26T16:30:04.988+0000] {docker.py:73} INFO - To generate this message, Docker took the following steps:
[2024-12-26T16:30:04.989+0000] {docker.py:73} INFO -  1. The Docker client contacted the Docker daemon.
[2024-12-26T16:30:04.989+0000] {docker.py:73} INFO -  2. The Docker daemon pulled the "hello-world" image from the Docker Hub.
[2024-12-26T16:30:04.990+0000] {docker.py:73} INFO -     (amd64)
[2024-12-26T16:30:04.990+0000] {docker.py:73} INFO -  3. The Docker daemon created a new container from that image which runs the
[2024-12-26T16:30:04.990+0000] {docker.py:73} INFO -     executable that produces the output you are currently reading.
[2024-12-26T16:30:04.991+0000] {docker.py:73} INFO -  4. The Docker daemon streamed that output to the Docker client, which sent it
[2024-12-26T16:30:04.991+0000] {docker.py:73} INFO -     to your terminal.
[2024-12-26T16:30:04.991+0000] {docker.py:73} INFO - 
[2024-12-26T16:30:04.992+0000] {docker.py:73} INFO - To try something more ambitious, you can run an Ubuntu container with:
[2024-12-26T16:30:04.992+0000] {docker.py:73} INFO -  $ docker run -it ubuntu bash
[2024-12-26T16:30:04.993+0000] {docker.py:73} INFO - 
[2024-12-26T16:30:04.993+0000] {docker.py:73} INFO - Share images, automate workflows, and more with a free Docker ID:
[2024-12-26T16:30:04.993+0000] {docker.py:73} INFO -  https://hub.docker.com/
[2024-12-26T16:30:04.994+0000] {docker.py:73} INFO - 
[2024-12-26T16:30:04.994+0000] {docker.py:73} INFO - For more examples and ideas, visit:
[2024-12-26T16:30:04.994+0000] {docker.py:73} INFO -  https://docs.docker.com/get-started/
[2024-12-26T16:30:05.336+0000] {taskinstance.py:340} INFO - ::group::Post task execution logs
[2024-12-26T16:30:05.337+0000] {taskinstance.py:352} INFO - Marking task as SUCCESS. dag_id=docker_hello_world, task_id=docker_command, run_id=scheduled__2024-08-12T00:00:00+00:00, execution_date=20240812T000000, start_date=20241226T163004, end_date=20241226T163005
[2024-12-26T16:30:05.390+0000] {local_task_job_runner.py:266} INFO - Task exited with return code 0
[2024-12-26T16:30:05.415+0000] {local_task_job_runner.py:245} INFO - ::endgroup::
