[2024-12-26T15:07:08.598+0000] {local_task_job_runner.py:123} INFO - ::group::Pre task execution logs
[2024-12-26T15:07:08.636+0000] {taskinstance.py:2613} INFO - Dependencies all met for dep_context=non-requeueable deps ti=<TaskInstance: docker_hello_world.docker_command scheduled__2024-04-15T00:00:00+00:00 [queued]>
[2024-12-26T15:07:08.650+0000] {taskinstance.py:2613} INFO - Dependencies all met for dep_context=requeueable deps ti=<TaskInstance: docker_hello_world.docker_command scheduled__2024-04-15T00:00:00+00:00 [queued]>
[2024-12-26T15:07:08.650+0000] {taskinstance.py:2866} INFO - Starting attempt 1 of 2
[2024-12-26T15:07:08.673+0000] {taskinstance.py:2889} INFO - Executing <Task(DockerOperator): docker_command> on 2024-04-15 00:00:00+00:00
[2024-12-26T15:07:08.683+0000] {logging_mixin.py:190} WARNING - /home/***/.local/lib/python3.12/site-packages/***/task/task_runner/standard_task_runner.py:70 DeprecationWarning: This process (pid=1290) is multi-threaded, use of fork() may lead to deadlocks in the child.
[2024-12-26T15:07:08.684+0000] {standard_task_runner.py:72} INFO - Started process 1291 to run task
[2024-12-26T15:07:08.687+0000] {standard_task_runner.py:104} INFO - Running: ['***', 'tasks', 'run', 'docker_hello_world', 'docker_command', 'scheduled__2024-04-15T00:00:00+00:00', '--job-id', '196', '--raw', '--subdir', 'DAGS_FOLDER/dag_dockeroperator.py', '--cfg-path', '/tmp/tmpb58ityvw']
[2024-12-26T15:07:08.691+0000] {standard_task_runner.py:105} INFO - Job 196: Subtask docker_command
[2024-12-26T15:07:08.784+0000] {task_command.py:467} INFO - Running <TaskInstance: docker_hello_world.docker_command scheduled__2024-04-15T00:00:00+00:00 [running]> on host a01958d0c5f5
[2024-12-26T15:07:08.937+0000] {taskinstance.py:3132} INFO - Exporting env vars: AIRFLOW_CTX_DAG_OWNER='***' AIRFLOW_CTX_DAG_ID='docker_hello_world' AIRFLOW_CTX_TASK_ID='docker_command' AIRFLOW_CTX_EXECUTION_DATE='2024-04-15T00:00:00+00:00' AIRFLOW_CTX_TRY_NUMBER='1' AIRFLOW_CTX_DAG_RUN_ID='scheduled__2024-04-15T00:00:00+00:00'
[2024-12-26T15:07:08.937+0000] {taskinstance.py:731} INFO - ::endgroup::
[2024-12-26T15:07:08.990+0000] {docker.py:379} INFO - Starting docker container from image hello-world
[2024-12-26T15:07:08.996+0000] {docker.py:387} WARNING - Using remote engine or docker-in-docker and mounting temporary volume from host is not supported. Falling back to `mount_tmp_dir=False` mode. You can set `mount_tmp_dir` parameter to False to disable mounting and remove the warning
[2024-12-26T15:07:09.393+0000] {docker.py:73} INFO - 
[2024-12-26T15:07:09.394+0000] {docker.py:73} INFO - Hello from Docker!
[2024-12-26T15:07:09.394+0000] {docker.py:73} INFO - This message shows that your installation appears to be working correctly.
[2024-12-26T15:07:09.394+0000] {docker.py:73} INFO - 
[2024-12-26T15:07:09.395+0000] {docker.py:73} INFO - To generate this message, Docker took the following steps:
[2024-12-26T15:07:09.395+0000] {docker.py:73} INFO -  1. The Docker client contacted the Docker daemon.
[2024-12-26T15:07:09.396+0000] {docker.py:73} INFO -  2. The Docker daemon pulled the "hello-world" image from the Docker Hub.
[2024-12-26T15:07:09.396+0000] {docker.py:73} INFO -     (amd64)
[2024-12-26T15:07:09.396+0000] {docker.py:73} INFO -  3. The Docker daemon created a new container from that image which runs the
[2024-12-26T15:07:09.397+0000] {docker.py:73} INFO -     executable that produces the output you are currently reading.
[2024-12-26T15:07:09.397+0000] {docker.py:73} INFO -  4. The Docker daemon streamed that output to the Docker client, which sent it
[2024-12-26T15:07:09.397+0000] {docker.py:73} INFO -     to your terminal.
[2024-12-26T15:07:09.398+0000] {docker.py:73} INFO - 
[2024-12-26T15:07:09.398+0000] {docker.py:73} INFO - To try something more ambitious, you can run an Ubuntu container with:
[2024-12-26T15:07:09.399+0000] {docker.py:73} INFO -  $ docker run -it ubuntu bash
[2024-12-26T15:07:09.399+0000] {docker.py:73} INFO - 
[2024-12-26T15:07:09.400+0000] {docker.py:73} INFO - Share images, automate workflows, and more with a free Docker ID:
[2024-12-26T15:07:09.400+0000] {docker.py:73} INFO -  https://hub.docker.com/
[2024-12-26T15:07:09.400+0000] {docker.py:73} INFO - 
[2024-12-26T15:07:09.401+0000] {docker.py:73} INFO - For more examples and ideas, visit:
[2024-12-26T15:07:09.401+0000] {docker.py:73} INFO -  https://docs.docker.com/get-started/
[2024-12-26T15:07:09.695+0000] {taskinstance.py:340} INFO - ::group::Post task execution logs
[2024-12-26T15:07:09.696+0000] {taskinstance.py:352} INFO - Marking task as SUCCESS. dag_id=docker_hello_world, task_id=docker_command, run_id=scheduled__2024-04-15T00:00:00+00:00, execution_date=20240415T000000, start_date=20241226T150708, end_date=20241226T150709
[2024-12-26T15:07:09.761+0000] {local_task_job_runner.py:266} INFO - Task exited with return code 0
[2024-12-26T15:07:09.801+0000] {taskinstance.py:3895} INFO - 0 downstream tasks scheduled from follow-on schedule check
[2024-12-26T15:07:09.805+0000] {local_task_job_runner.py:245} INFO - ::endgroup::
