[2024-12-26T16:32:38.744+0000] {local_task_job_runner.py:123} INFO - ::group::Pre task execution logs
[2024-12-26T16:32:38.775+0000] {taskinstance.py:2613} INFO - Dependencies all met for dep_context=non-requeueable deps ti=<TaskInstance: docker_hello_world.docker_command scheduled__2024-09-08T00:00:00+00:00 [queued]>
[2024-12-26T16:32:38.789+0000] {taskinstance.py:2613} INFO - Dependencies all met for dep_context=requeueable deps ti=<TaskInstance: docker_hello_world.docker_command scheduled__2024-09-08T00:00:00+00:00 [queued]>
[2024-12-26T16:32:38.789+0000] {taskinstance.py:2866} INFO - Starting attempt 1 of 2
[2024-12-26T16:32:38.808+0000] {taskinstance.py:2889} INFO - Executing <Task(DockerOperator): docker_command> on 2024-09-08 00:00:00+00:00
[2024-12-26T16:32:38.821+0000] {logging_mixin.py:190} WARNING - /home/***/.local/lib/python3.12/site-packages/***/task/task_runner/standard_task_runner.py:70 DeprecationWarning: This process (pid=828) is multi-threaded, use of fork() may lead to deadlocks in the child.
[2024-12-26T16:32:38.822+0000] {standard_task_runner.py:72} INFO - Started process 829 to run task
[2024-12-26T16:32:38.825+0000] {standard_task_runner.py:104} INFO - Running: ['***', 'tasks', 'run', 'docker_hello_world', 'docker_command', 'scheduled__2024-09-08T00:00:00+00:00', '--job-id', '368', '--raw', '--subdir', 'DAGS_FOLDER/dag_dockeroperator.py', '--cfg-path', '/tmp/tmpmiwolmhp']
[2024-12-26T16:32:38.830+0000] {standard_task_runner.py:105} INFO - Job 368: Subtask docker_command
[2024-12-26T16:32:38.925+0000] {task_command.py:467} INFO - Running <TaskInstance: docker_hello_world.docker_command scheduled__2024-09-08T00:00:00+00:00 [running]> on host 1484ae97611b
[2024-12-26T16:32:39.099+0000] {taskinstance.py:3132} INFO - Exporting env vars: AIRFLOW_CTX_DAG_OWNER='***' AIRFLOW_CTX_DAG_ID='docker_hello_world' AIRFLOW_CTX_TASK_ID='docker_command' AIRFLOW_CTX_EXECUTION_DATE='2024-09-08T00:00:00+00:00' AIRFLOW_CTX_TRY_NUMBER='1' AIRFLOW_CTX_DAG_RUN_ID='scheduled__2024-09-08T00:00:00+00:00'
[2024-12-26T16:32:39.100+0000] {taskinstance.py:731} INFO - ::endgroup::
[2024-12-26T16:32:39.150+0000] {docker.py:379} INFO - Starting docker container from image hello-world
[2024-12-26T16:32:39.156+0000] {docker.py:387} WARNING - Using remote engine or docker-in-docker and mounting temporary volume from host is not supported. Falling back to `mount_tmp_dir=False` mode. You can set `mount_tmp_dir` parameter to False to disable mounting and remove the warning
[2024-12-26T16:32:39.535+0000] {docker.py:73} INFO - 
[2024-12-26T16:32:39.536+0000] {docker.py:73} INFO - Hello from Docker!
[2024-12-26T16:32:39.536+0000] {docker.py:73} INFO - This message shows that your installation appears to be working correctly.
[2024-12-26T16:32:39.537+0000] {docker.py:73} INFO - 
[2024-12-26T16:32:39.537+0000] {docker.py:73} INFO - To generate this message, Docker took the following steps:
[2024-12-26T16:32:39.538+0000] {docker.py:73} INFO -  1. The Docker client contacted the Docker daemon.
[2024-12-26T16:32:39.538+0000] {docker.py:73} INFO -  2. The Docker daemon pulled the "hello-world" image from the Docker Hub.
[2024-12-26T16:32:39.538+0000] {docker.py:73} INFO -     (amd64)
[2024-12-26T16:32:39.539+0000] {docker.py:73} INFO -  3. The Docker daemon created a new container from that image which runs the
[2024-12-26T16:32:39.539+0000] {docker.py:73} INFO -     executable that produces the output you are currently reading.
[2024-12-26T16:32:39.539+0000] {docker.py:73} INFO -  4. The Docker daemon streamed that output to the Docker client, which sent it
[2024-12-26T16:32:39.540+0000] {docker.py:73} INFO -     to your terminal.
[2024-12-26T16:32:39.540+0000] {docker.py:73} INFO - 
[2024-12-26T16:32:39.541+0000] {docker.py:73} INFO - To try something more ambitious, you can run an Ubuntu container with:
[2024-12-26T16:32:39.541+0000] {docker.py:73} INFO -  $ docker run -it ubuntu bash
[2024-12-26T16:32:39.541+0000] {docker.py:73} INFO - 
[2024-12-26T16:32:39.542+0000] {docker.py:73} INFO - Share images, automate workflows, and more with a free Docker ID:
[2024-12-26T16:32:39.542+0000] {docker.py:73} INFO -  https://hub.docker.com/
[2024-12-26T16:32:39.542+0000] {docker.py:73} INFO - 
[2024-12-26T16:32:39.543+0000] {docker.py:73} INFO - For more examples and ideas, visit:
[2024-12-26T16:32:39.543+0000] {docker.py:73} INFO -  https://docs.docker.com/get-started/
[2024-12-26T16:32:39.830+0000] {taskinstance.py:340} INFO - ::group::Post task execution logs
[2024-12-26T16:32:39.831+0000] {taskinstance.py:352} INFO - Marking task as SUCCESS. dag_id=docker_hello_world, task_id=docker_command, run_id=scheduled__2024-09-08T00:00:00+00:00, execution_date=20240908T000000, start_date=20241226T163238, end_date=20241226T163239
[2024-12-26T16:32:39.880+0000] {local_task_job_runner.py:266} INFO - Task exited with return code 0
[2024-12-26T16:32:39.902+0000] {local_task_job_runner.py:245} INFO - ::endgroup::
