[2024-12-26T15:04:41.460+0000] {local_task_job_runner.py:123} INFO - ::group::Pre task execution logs
[2024-12-26T15:04:41.487+0000] {taskinstance.py:2613} INFO - Dependencies all met for dep_context=non-requeueable deps ti=<TaskInstance: docker_hello_world.docker_command scheduled__2024-02-27T00:00:00+00:00 [queued]>
[2024-12-26T15:04:41.497+0000] {taskinstance.py:2613} INFO - Dependencies all met for dep_context=requeueable deps ti=<TaskInstance: docker_hello_world.docker_command scheduled__2024-02-27T00:00:00+00:00 [queued]>
[2024-12-26T15:04:41.497+0000] {taskinstance.py:2866} INFO - Starting attempt 2 of 2
[2024-12-26T15:04:41.513+0000] {taskinstance.py:2889} INFO - Executing <Task(DockerOperator): docker_command> on 2024-02-27 00:00:00+00:00
[2024-12-26T15:04:41.524+0000] {logging_mixin.py:190} WARNING - /home/***/.local/lib/python3.12/site-packages/***/task/task_runner/standard_task_runner.py:70 DeprecationWarning: This process (pid=1093) is multi-threaded, use of fork() may lead to deadlocks in the child.
[2024-12-26T15:04:41.525+0000] {standard_task_runner.py:72} INFO - Started process 1099 to run task
[2024-12-26T15:04:41.525+0000] {standard_task_runner.py:104} INFO - Running: ['***', 'tasks', 'run', 'docker_hello_world', 'docker_command', 'scheduled__2024-02-27T00:00:00+00:00', '--job-id', '148', '--raw', '--subdir', 'DAGS_FOLDER/dag_dockeroperator.py', '--cfg-path', '/tmp/tmp5t934f3l']
[2024-12-26T15:04:41.527+0000] {standard_task_runner.py:105} INFO - Job 148: Subtask docker_command
[2024-12-26T15:04:41.608+0000] {task_command.py:467} INFO - Running <TaskInstance: docker_hello_world.docker_command scheduled__2024-02-27T00:00:00+00:00 [running]> on host a01958d0c5f5
[2024-12-26T15:04:41.758+0000] {taskinstance.py:3132} INFO - Exporting env vars: AIRFLOW_CTX_DAG_OWNER='***' AIRFLOW_CTX_DAG_ID='docker_hello_world' AIRFLOW_CTX_TASK_ID='docker_command' AIRFLOW_CTX_EXECUTION_DATE='2024-02-27T00:00:00+00:00' AIRFLOW_CTX_TRY_NUMBER='2' AIRFLOW_CTX_DAG_RUN_ID='scheduled__2024-02-27T00:00:00+00:00'
[2024-12-26T15:04:41.759+0000] {taskinstance.py:731} INFO - ::endgroup::
[2024-12-26T15:04:41.807+0000] {docker.py:379} INFO - Starting docker container from image hello-world
[2024-12-26T15:04:41.813+0000] {docker.py:387} WARNING - Using remote engine or docker-in-docker and mounting temporary volume from host is not supported. Falling back to `mount_tmp_dir=False` mode. You can set `mount_tmp_dir` parameter to False to disable mounting and remove the warning
[2024-12-26T15:04:42.253+0000] {docker.py:73} INFO - 
[2024-12-26T15:04:42.254+0000] {docker.py:73} INFO - Hello from Docker!
[2024-12-26T15:04:42.255+0000] {docker.py:73} INFO - This message shows that your installation appears to be working correctly.
[2024-12-26T15:04:42.255+0000] {docker.py:73} INFO - 
[2024-12-26T15:04:42.256+0000] {docker.py:73} INFO - To generate this message, Docker took the following steps:
[2024-12-26T15:04:42.256+0000] {docker.py:73} INFO -  1. The Docker client contacted the Docker daemon.
[2024-12-26T15:04:42.257+0000] {docker.py:73} INFO -  2. The Docker daemon pulled the "hello-world" image from the Docker Hub.
[2024-12-26T15:04:42.258+0000] {docker.py:73} INFO -     (amd64)
[2024-12-26T15:04:42.259+0000] {docker.py:73} INFO -  3. The Docker daemon created a new container from that image which runs the
[2024-12-26T15:04:42.259+0000] {docker.py:73} INFO -     executable that produces the output you are currently reading.
[2024-12-26T15:04:42.260+0000] {docker.py:73} INFO -  4. The Docker daemon streamed that output to the Docker client, which sent it
[2024-12-26T15:04:42.261+0000] {docker.py:73} INFO -     to your terminal.
[2024-12-26T15:04:42.261+0000] {docker.py:73} INFO - 
[2024-12-26T15:04:42.262+0000] {docker.py:73} INFO - To try something more ambitious, you can run an Ubuntu container with:
[2024-12-26T15:04:42.263+0000] {docker.py:73} INFO -  $ docker run -it ubuntu bash
[2024-12-26T15:04:42.263+0000] {docker.py:73} INFO - 
[2024-12-26T15:04:42.264+0000] {docker.py:73} INFO - Share images, automate workflows, and more with a free Docker ID:
[2024-12-26T15:04:42.265+0000] {docker.py:73} INFO -  https://hub.docker.com/
[2024-12-26T15:04:42.265+0000] {docker.py:73} INFO - 
[2024-12-26T15:04:42.266+0000] {docker.py:73} INFO - For more examples and ideas, visit:
[2024-12-26T15:04:42.267+0000] {docker.py:73} INFO -  https://docs.docker.com/get-started/
[2024-12-26T15:04:42.598+0000] {taskinstance.py:340} INFO - ::group::Post task execution logs
[2024-12-26T15:04:42.599+0000] {taskinstance.py:352} INFO - Marking task as SUCCESS. dag_id=docker_hello_world, task_id=docker_command, run_id=scheduled__2024-02-27T00:00:00+00:00, execution_date=20240227T000000, start_date=20241226T150441, end_date=20241226T150442
[2024-12-26T15:04:42.663+0000] {local_task_job_runner.py:266} INFO - Task exited with return code 0
[2024-12-26T15:04:42.708+0000] {taskinstance.py:3895} INFO - 0 downstream tasks scheduled from follow-on schedule check
[2024-12-26T15:04:42.711+0000] {local_task_job_runner.py:245} INFO - ::endgroup::
