[2024-12-26T14:32:53.448+0000] {local_task_job_runner.py:123} INFO - ::group::Pre task execution logs
[2024-12-26T14:32:53.484+0000] {taskinstance.py:2613} INFO - Dependencies all met for dep_context=non-requeueable deps ti=<TaskInstance: example_python_operator.sleep_for_3 manual__2024-12-26T14:32:47.718332+00:00 [queued]>
[2024-12-26T14:32:53.498+0000] {taskinstance.py:2613} INFO - Dependencies all met for dep_context=requeueable deps ti=<TaskInstance: example_python_operator.sleep_for_3 manual__2024-12-26T14:32:47.718332+00:00 [queued]>
[2024-12-26T14:32:53.498+0000] {taskinstance.py:2866} INFO - Starting attempt 1 of 1
[2024-12-26T14:32:53.518+0000] {taskinstance.py:2889} INFO - Executing <Task(PythonOperator): sleep_for_3> on 2024-12-26 14:32:47.718332+00:00
[2024-12-26T14:32:53.533+0000] {standard_task_runner.py:104} INFO - Running: ['***', 'tasks', 'run', 'example_python_operator', 'sleep_for_3', 'manual__2024-12-26T14:32:47.718332+00:00', '--job-id', '16', '--raw', '--subdir', '/home/***/.local/lib/python3.12/site-packages/***/example_dags/example_python_operator.py', '--cfg-path', '/tmp/tmp6qlgui7l']
[2024-12-26T14:32:53.534+0000] {standard_task_runner.py:105} INFO - Job 16: Subtask sleep_for_3
[2024-12-26T14:32:53.540+0000] {logging_mixin.py:190} WARNING - /home/***/.local/lib/python3.12/site-packages/***/task/task_runner/standard_task_runner.py:70 DeprecationWarning: This process (pid=917) is multi-threaded, use of fork() may lead to deadlocks in the child.
[2024-12-26T14:32:53.541+0000] {standard_task_runner.py:72} INFO - Started process 942 to run task
[2024-12-26T14:32:53.615+0000] {task_command.py:467} INFO - Running <TaskInstance: example_python_operator.sleep_for_3 manual__2024-12-26T14:32:47.718332+00:00 [running]> on host ebf312bc13e9
[2024-12-26T14:32:53.745+0000] {taskinstance.py:3132} INFO - Exporting env vars: AIRFLOW_CTX_DAG_OWNER='***' AIRFLOW_CTX_DAG_ID='example_python_operator' AIRFLOW_CTX_TASK_ID='sleep_for_3' AIRFLOW_CTX_EXECUTION_DATE='2024-12-26T14:32:47.718332+00:00' AIRFLOW_CTX_TRY_NUMBER='1' AIRFLOW_CTX_DAG_RUN_ID='manual__2024-12-26T14:32:47.718332+00:00'
[2024-12-26T14:32:53.746+0000] {logging_mixin.py:190} INFO - Task instance is in running state
[2024-12-26T14:32:53.746+0000] {logging_mixin.py:190} INFO -  Previous state of the Task instance: queued
[2024-12-26T14:32:53.746+0000] {logging_mixin.py:190} INFO - Current task name:sleep_for_3 state:running start_date:2024-12-26 14:32:53.484506+00:00
[2024-12-26T14:32:53.746+0000] {logging_mixin.py:190} INFO - Dag name:example_python_operator and current dag run status:running
[2024-12-26T14:32:53.747+0000] {taskinstance.py:731} INFO - ::endgroup::
[2024-12-26T14:32:54.047+0000] {python.py:240} INFO - Done. Returned value was: None
[2024-12-26T14:32:54.067+0000] {taskinstance.py:340} INFO - ::group::Post task execution logs
[2024-12-26T14:32:54.068+0000] {taskinstance.py:352} INFO - Marking task as SUCCESS. dag_id=example_python_operator, task_id=sleep_for_3, run_id=manual__2024-12-26T14:32:47.718332+00:00, execution_date=20241226T143247, start_date=20241226T143253, end_date=20241226T143254
[2024-12-26T14:32:54.086+0000] {logging_mixin.py:190} INFO - Task instance in success state
[2024-12-26T14:32:54.086+0000] {logging_mixin.py:190} INFO -  Previous state of the Task instance: running
[2024-12-26T14:32:54.087+0000] {logging_mixin.py:190} INFO - Dag name:example_python_operator queued_at:2024-12-26 14:32:47.745503+00:00
[2024-12-26T14:32:54.087+0000] {logging_mixin.py:190} INFO - Task hostname:ebf312bc13e9 operator:PythonOperator
[2024-12-26T14:32:54.116+0000] {local_task_job_runner.py:266} INFO - Task exited with return code 0
[2024-12-26T14:32:54.171+0000] {taskinstance.py:3895} INFO - 0 downstream tasks scheduled from follow-on schedule check
[2024-12-26T14:32:54.172+0000] {local_task_job_runner.py:245} INFO - ::endgroup::
