[2024-12-26T14:32:51.234+0000] {local_task_job_runner.py:123} INFO - ::group::Pre task execution logs
[2024-12-26T14:32:51.269+0000] {taskinstance.py:2613} INFO - Dependencies all met for dep_context=non-requeueable deps ti=<TaskInstance: example_python_operator.log_sql_query manual__2024-12-26T14:32:47.718332+00:00 [queued]>
[2024-12-26T14:32:51.283+0000] {taskinstance.py:2613} INFO - Dependencies all met for dep_context=requeueable deps ti=<TaskInstance: example_python_operator.log_sql_query manual__2024-12-26T14:32:47.718332+00:00 [queued]>
[2024-12-26T14:32:51.283+0000] {taskinstance.py:2866} INFO - Starting attempt 1 of 1
[2024-12-26T14:32:51.301+0000] {taskinstance.py:2889} INFO - Executing <Task(PythonOperator): log_sql_query> on 2024-12-26 14:32:47.718332+00:00
[2024-12-26T14:32:51.322+0000] {standard_task_runner.py:104} INFO - Running: ['***', 'tasks', 'run', 'example_python_operator', 'log_sql_query', 'manual__2024-12-26T14:32:47.718332+00:00', '--job-id', '15', '--raw', '--subdir', '/home/***/.local/lib/python3.12/site-packages/***/example_dags/example_python_operator.py', '--cfg-path', '/tmp/tmpkjsg711z']
[2024-12-26T14:32:51.324+0000] {standard_task_runner.py:105} INFO - Job 15: Subtask log_sql_query
[2024-12-26T14:32:51.325+0000] {logging_mixin.py:190} WARNING - /home/***/.local/lib/python3.12/site-packages/***/task/task_runner/standard_task_runner.py:70 DeprecationWarning: This process (pid=844) is multi-threaded, use of fork() may lead to deadlocks in the child.
[2024-12-26T14:32:51.328+0000] {standard_task_runner.py:72} INFO - Started process 863 to run task
[2024-12-26T14:32:51.416+0000] {task_command.py:467} INFO - Running <TaskInstance: example_python_operator.log_sql_query manual__2024-12-26T14:32:47.718332+00:00 [running]> on host ebf312bc13e9
[2024-12-26T14:32:51.564+0000] {taskinstance.py:3132} INFO - Exporting env vars: AIRFLOW_CTX_DAG_OWNER='***' AIRFLOW_CTX_DAG_ID='example_python_operator' AIRFLOW_CTX_TASK_ID='log_sql_query' AIRFLOW_CTX_EXECUTION_DATE='2024-12-26T14:32:47.718332+00:00' AIRFLOW_CTX_TRY_NUMBER='1' AIRFLOW_CTX_DAG_RUN_ID='manual__2024-12-26T14:32:47.718332+00:00'
[2024-12-26T14:32:51.567+0000] {logging_mixin.py:190} INFO - Task instance is in running state
[2024-12-26T14:32:51.567+0000] {logging_mixin.py:190} INFO -  Previous state of the Task instance: queued
[2024-12-26T14:32:51.568+0000] {logging_mixin.py:190} INFO - Current task name:log_sql_query state:running start_date:2024-12-26 14:32:51.269943+00:00
[2024-12-26T14:32:51.568+0000] {logging_mixin.py:190} INFO - Dag name:example_python_operator and current dag run status:running
[2024-12-26T14:32:51.569+0000] {taskinstance.py:731} INFO - ::endgroup::
[2024-12-26T14:32:51.570+0000] {example_python_operator.py:68} INFO - Python task decorator query: /*
 Licensed to the Apache Software Foundation (ASF) under one
 or more contributor license agreements.  See the NOTICE file
 distributed with this work for additional information
 regarding copyright ownership.  The ASF licenses this file
 to you under the Apache License, Version 2.0 (the
 "License"); you may not use this file except in compliance
 with the License.  You may obtain a copy of the License at

   http://www.apache.org/licenses/LICENSE-2.0

 Unless required by applicable law or agreed to in writing,
 software distributed under the License is distributed on an
 "AS IS" BASIS, WITHOUT WARRANTIES OR CONDITIONS OF ANY
 KIND, either express or implied.  See the License for the
 specific language governing permissions and limitations
 under the License.
*/

CREATE TABLE Orders (
    order_id INT PRIMARY KEY,
    name TEXT,
    description TEXT
)
[2024-12-26T14:32:51.571+0000] {python.py:240} INFO - Done. Returned value was: None
[2024-12-26T14:32:51.588+0000] {taskinstance.py:340} INFO - ::group::Post task execution logs
[2024-12-26T14:32:51.589+0000] {taskinstance.py:352} INFO - Marking task as SUCCESS. dag_id=example_python_operator, task_id=log_sql_query, run_id=manual__2024-12-26T14:32:47.718332+00:00, execution_date=20241226T143247, start_date=20241226T143251, end_date=20241226T143251
[2024-12-26T14:32:51.606+0000] {logging_mixin.py:190} INFO - Task instance in success state
[2024-12-26T14:32:51.607+0000] {logging_mixin.py:190} INFO -  Previous state of the Task instance: running
[2024-12-26T14:32:51.607+0000] {logging_mixin.py:190} INFO - Dag name:example_python_operator queued_at:2024-12-26 14:32:47.745503+00:00
[2024-12-26T14:32:51.608+0000] {logging_mixin.py:190} INFO - Task hostname:ebf312bc13e9 operator:PythonOperator
[2024-12-26T14:32:51.663+0000] {local_task_job_runner.py:266} INFO - Task exited with return code 0
[2024-12-26T14:32:51.719+0000] {taskinstance.py:3895} INFO - 5 downstream tasks scheduled from follow-on schedule check
[2024-12-26T14:32:51.720+0000] {local_task_job_runner.py:245} INFO - ::endgroup::
