[2024-12-26T16:48:47.644+0000] {local_task_job_runner.py:123} INFO - ::group::Pre task execution logs
[2024-12-26T16:48:47.679+0000] {taskinstance.py:2613} INFO - Dependencies all met for dep_context=non-requeueable deps ti=<TaskInstance: docker_hello_world.docker_command manual__2024-12-26T16:48:45.836948+00:00 [queued]>
[2024-12-26T16:48:47.698+0000] {taskinstance.py:2613} INFO - Dependencies all met for dep_context=requeueable deps ti=<TaskInstance: docker_hello_world.docker_command manual__2024-12-26T16:48:45.836948+00:00 [queued]>
[2024-12-26T16:48:47.698+0000] {taskinstance.py:2866} INFO - Starting attempt 1 of 2
[2024-12-26T16:48:47.717+0000] {taskinstance.py:2889} INFO - Executing <Task(DockerOperator): docker_command> on 2024-12-26 16:48:45.836948+00:00
[2024-12-26T16:48:47.729+0000] {logging_mixin.py:190} WARNING - /home/***/.local/lib/python3.12/site-packages/***/task/task_runner/standard_task_runner.py:70 DeprecationWarning: This process (pid=1646) is multi-threaded, use of fork() may lead to deadlocks in the child.
[2024-12-26T16:48:47.730+0000] {standard_task_runner.py:72} INFO - Started process 1647 to run task
[2024-12-26T16:48:47.734+0000] {standard_task_runner.py:104} INFO - Running: ['***', 'tasks', 'run', 'docker_hello_world', 'docker_command', 'manual__2024-12-26T16:48:45.836948+00:00', '--job-id', '523', '--raw', '--subdir', 'DAGS_FOLDER/dag_dockeroperator.py', '--cfg-path', '/tmp/tmp8ewi34pb']
[2024-12-26T16:48:47.739+0000] {standard_task_runner.py:105} INFO - Job 523: Subtask docker_command
[2024-12-26T16:48:47.834+0000] {task_command.py:467} INFO - Running <TaskInstance: docker_hello_world.docker_command manual__2024-12-26T16:48:45.836948+00:00 [running]> on host 1484ae97611b
[2024-12-26T16:48:47.996+0000] {taskinstance.py:3132} INFO - Exporting env vars: AIRFLOW_CTX_DAG_OWNER='***' AIRFLOW_CTX_DAG_ID='docker_hello_world' AIRFLOW_CTX_TASK_ID='docker_command' AIRFLOW_CTX_EXECUTION_DATE='2024-12-26T16:48:45.836948+00:00' AIRFLOW_CTX_TRY_NUMBER='1' AIRFLOW_CTX_DAG_RUN_ID='manual__2024-12-26T16:48:45.836948+00:00'
[2024-12-26T16:48:47.997+0000] {taskinstance.py:731} INFO - ::endgroup::
[2024-12-26T16:48:48.048+0000] {docker.py:379} INFO - Starting docker container from image hello-world
[2024-12-26T16:48:48.055+0000] {docker.py:387} WARNING - Using remote engine or docker-in-docker and mounting temporary volume from host is not supported. Falling back to `mount_tmp_dir=False` mode. You can set `mount_tmp_dir` parameter to False to disable mounting and remove the warning
[2024-12-26T16:48:48.402+0000] {docker.py:73} INFO - 
[2024-12-26T16:48:48.402+0000] {docker.py:73} INFO - Hello from Docker!
[2024-12-26T16:48:48.403+0000] {docker.py:73} INFO - This message shows that your installation appears to be working correctly.
[2024-12-26T16:48:48.403+0000] {docker.py:73} INFO - 
[2024-12-26T16:48:48.404+0000] {docker.py:73} INFO - To generate this message, Docker took the following steps:
[2024-12-26T16:48:48.404+0000] {docker.py:73} INFO -  1. The Docker client contacted the Docker daemon.
[2024-12-26T16:48:48.404+0000] {docker.py:73} INFO -  2. The Docker daemon pulled the "hello-world" image from the Docker Hub.
[2024-12-26T16:48:48.405+0000] {docker.py:73} INFO -     (amd64)
[2024-12-26T16:48:48.405+0000] {docker.py:73} INFO -  3. The Docker daemon created a new container from that image which runs the
[2024-12-26T16:48:48.405+0000] {docker.py:73} INFO -     executable that produces the output you are currently reading.
[2024-12-26T16:48:48.406+0000] {docker.py:73} INFO -  4. The Docker daemon streamed that output to the Docker client, which sent it
[2024-12-26T16:48:48.406+0000] {docker.py:73} INFO -     to your terminal.
[2024-12-26T16:48:48.407+0000] {docker.py:73} INFO - 
[2024-12-26T16:48:48.407+0000] {docker.py:73} INFO - To try something more ambitious, you can run an Ubuntu container with:
[2024-12-26T16:48:48.407+0000] {docker.py:73} INFO -  $ docker run -it ubuntu bash
[2024-12-26T16:48:48.408+0000] {docker.py:73} INFO - 
[2024-12-26T16:48:48.408+0000] {docker.py:73} INFO - Share images, automate workflows, and more with a free Docker ID:
[2024-12-26T16:48:48.408+0000] {docker.py:73} INFO -  https://hub.docker.com/
[2024-12-26T16:48:48.409+0000] {docker.py:73} INFO - 
[2024-12-26T16:48:48.409+0000] {docker.py:73} INFO - For more examples and ideas, visit:
[2024-12-26T16:48:48.409+0000] {docker.py:73} INFO -  https://docs.docker.com/get-started/
[2024-12-26T16:48:48.705+0000] {taskinstance.py:340} INFO - ::group::Post task execution logs
[2024-12-26T16:48:48.706+0000] {taskinstance.py:352} INFO - Marking task as SUCCESS. dag_id=docker_hello_world, task_id=docker_command, run_id=manual__2024-12-26T16:48:45.836948+00:00, execution_date=20241226T164845, start_date=20241226T164847, end_date=20241226T164848
[2024-12-26T16:48:48.748+0000] {local_task_job_runner.py:266} INFO - Task exited with return code 0
[2024-12-26T16:48:48.790+0000] {taskinstance.py:3895} INFO - 0 downstream tasks scheduled from follow-on schedule check
[2024-12-26T16:48:48.793+0000] {local_task_job_runner.py:245} INFO - ::endgroup::
