[2024-12-26T14:32:53.460+0000] {local_task_job_runner.py:123} INFO - ::group::Pre task execution logs
[2024-12-26T14:32:53.493+0000] {taskinstance.py:2613} INFO - Dependencies all met for dep_context=non-requeueable deps ti=<TaskInstance: example_python_operator.sleep_for_1 manual__2024-12-26T14:32:47.718332+00:00 [queued]>
[2024-12-26T14:32:53.505+0000] {taskinstance.py:2613} INFO - Dependencies all met for dep_context=requeueable deps ti=<TaskInstance: example_python_operator.sleep_for_1 manual__2024-12-26T14:32:47.718332+00:00 [queued]>
[2024-12-26T14:32:53.506+0000] {taskinstance.py:2866} INFO - Starting attempt 1 of 1
[2024-12-26T14:32:53.524+0000] {taskinstance.py:2889} INFO - Executing <Task(PythonOperator): sleep_for_1> on 2024-12-26 14:32:47.718332+00:00
[2024-12-26T14:32:53.541+0000] {logging_mixin.py:190} WARNING - /home/***/.local/lib/python3.12/site-packages/***/task/task_runner/standard_task_runner.py:70 DeprecationWarning: This process (pid=916) is multi-threaded, use of fork() may lead to deadlocks in the child.
[2024-12-26T14:32:53.542+0000] {standard_task_runner.py:72} INFO - Started process 943 to run task
[2024-12-26T14:32:53.541+0000] {standard_task_runner.py:104} INFO - Running: ['***', 'tasks', 'run', 'example_python_operator', 'sleep_for_1', 'manual__2024-12-26T14:32:47.718332+00:00', '--job-id', '18', '--raw', '--subdir', '/home/***/.local/lib/python3.12/site-packages/***/example_dags/example_python_operator.py', '--cfg-path', '/tmp/tmpg7du65lc']
[2024-12-26T14:32:53.544+0000] {standard_task_runner.py:105} INFO - Job 18: Subtask sleep_for_1
[2024-12-26T14:32:53.614+0000] {task_command.py:467} INFO - Running <TaskInstance: example_python_operator.sleep_for_1 manual__2024-12-26T14:32:47.718332+00:00 [running]> on host ebf312bc13e9
[2024-12-26T14:32:53.742+0000] {taskinstance.py:3132} INFO - Exporting env vars: AIRFLOW_CTX_DAG_OWNER='***' AIRFLOW_CTX_DAG_ID='example_python_operator' AIRFLOW_CTX_TASK_ID='sleep_for_1' AIRFLOW_CTX_EXECUTION_DATE='2024-12-26T14:32:47.718332+00:00' AIRFLOW_CTX_TRY_NUMBER='1' AIRFLOW_CTX_DAG_RUN_ID='manual__2024-12-26T14:32:47.718332+00:00'
[2024-12-26T14:32:53.743+0000] {logging_mixin.py:190} INFO - Task instance is in running state
[2024-12-26T14:32:53.743+0000] {logging_mixin.py:190} INFO -  Previous state of the Task instance: queued
[2024-12-26T14:32:53.743+0000] {logging_mixin.py:190} INFO - Current task name:sleep_for_1 state:running start_date:2024-12-26 14:32:53.493631+00:00
[2024-12-26T14:32:53.744+0000] {logging_mixin.py:190} INFO - Dag name:example_python_operator and current dag run status:running
[2024-12-26T14:32:53.744+0000] {taskinstance.py:731} INFO - ::endgroup::
[2024-12-26T14:32:53.845+0000] {python.py:240} INFO - Done. Returned value was: None
[2024-12-26T14:32:53.864+0000] {taskinstance.py:340} INFO - ::group::Post task execution logs
[2024-12-26T14:32:53.865+0000] {taskinstance.py:352} INFO - Marking task as SUCCESS. dag_id=example_python_operator, task_id=sleep_for_1, run_id=manual__2024-12-26T14:32:47.718332+00:00, execution_date=20241226T143247, start_date=20241226T143253, end_date=20241226T143253
[2024-12-26T14:32:53.884+0000] {logging_mixin.py:190} INFO - Task instance in success state
[2024-12-26T14:32:53.884+0000] {logging_mixin.py:190} INFO -  Previous state of the Task instance: running
[2024-12-26T14:32:53.885+0000] {logging_mixin.py:190} INFO - Dag name:example_python_operator queued_at:2024-12-26 14:32:47.745503+00:00
[2024-12-26T14:32:53.885+0000] {logging_mixin.py:190} INFO - Task hostname:ebf312bc13e9 operator:PythonOperator
[2024-12-26T14:32:53.917+0000] {local_task_job_runner.py:266} INFO - Task exited with return code 0
[2024-12-26T14:32:53.953+0000] {taskinstance.py:3895} INFO - 0 downstream tasks scheduled from follow-on schedule check
[2024-12-26T14:32:53.955+0000] {local_task_job_runner.py:245} INFO - ::endgroup::
