[2024-12-26T14:32:48.923+0000] {local_task_job_runner.py:123} INFO - ::group::Pre task execution logs
[2024-12-26T14:32:48.960+0000] {taskinstance.py:2613} INFO - Dependencies all met for dep_context=non-requeueable deps ti=<TaskInstance: example_python_operator.print_the_context manual__2024-12-26T14:32:47.718332+00:00 [queued]>
[2024-12-26T14:32:48.973+0000] {taskinstance.py:2613} INFO - Dependencies all met for dep_context=requeueable deps ti=<TaskInstance: example_python_operator.print_the_context manual__2024-12-26T14:32:47.718332+00:00 [queued]>
[2024-12-26T14:32:48.974+0000] {taskinstance.py:2866} INFO - Starting attempt 1 of 1
[2024-12-26T14:32:48.992+0000] {taskinstance.py:2889} INFO - Executing <Task(PythonOperator): print_the_context> on 2024-12-26 14:32:47.718332+00:00
[2024-12-26T14:32:49.010+0000] {logging_mixin.py:190} WARNING - /home/***/.local/lib/python3.12/site-packages/***/task/task_runner/standard_task_runner.py:70 DeprecationWarning: This process (pid=792) is multi-threaded, use of fork() may lead to deadlocks in the child.
[2024-12-26T14:32:49.011+0000] {standard_task_runner.py:72} INFO - Started process 793 to run task
[2024-12-26T14:32:49.010+0000] {standard_task_runner.py:104} INFO - Running: ['***', 'tasks', 'run', 'example_python_operator', 'print_the_context', 'manual__2024-12-26T14:32:47.718332+00:00', '--job-id', '13', '--raw', '--subdir', '/home/***/.local/lib/python3.12/site-packages/***/example_dags/example_python_operator.py', '--cfg-path', '/tmp/tmpmsn267p9']
[2024-12-26T14:32:49.013+0000] {standard_task_runner.py:105} INFO - Job 13: Subtask print_the_context
[2024-12-26T14:32:49.095+0000] {task_command.py:467} INFO - Running <TaskInstance: example_python_operator.print_the_context manual__2024-12-26T14:32:47.718332+00:00 [running]> on host ebf312bc13e9
[2024-12-26T14:32:49.234+0000] {taskinstance.py:3132} INFO - Exporting env vars: AIRFLOW_CTX_DAG_OWNER='***' AIRFLOW_CTX_DAG_ID='example_python_operator' AIRFLOW_CTX_TASK_ID='print_the_context' AIRFLOW_CTX_EXECUTION_DATE='2024-12-26T14:32:47.718332+00:00' AIRFLOW_CTX_TRY_NUMBER='1' AIRFLOW_CTX_DAG_RUN_ID='manual__2024-12-26T14:32:47.718332+00:00'
[2024-12-26T14:32:49.235+0000] {logging_mixin.py:190} INFO - Task instance is in running state
[2024-12-26T14:32:49.236+0000] {logging_mixin.py:190} INFO -  Previous state of the Task instance: queued
[2024-12-26T14:32:49.236+0000] {logging_mixin.py:190} INFO - Current task name:print_the_context state:running start_date:2024-12-26 14:32:48.961423+00:00
[2024-12-26T14:32:49.236+0000] {logging_mixin.py:190} INFO - Dag name:example_python_operator and current dag run status:running
[2024-12-26T14:32:49.236+0000] {taskinstance.py:731} INFO - ::endgroup::
[2024-12-26T14:32:49.237+0000] {logging_mixin.py:190} INFO - ::group::All kwargs
[2024-12-26T14:32:49.257+0000] {logging_mixin.py:190} INFO - {'conf': <***.configuration.AirflowConfigParser object at 0x7f2b05efe240>,
 'conn': None,
 'dag': <DAG: example_python_operator>,
 'dag_run': <DagRun example_python_operator @ 2024-12-26 14:32:47.718332+00:00: manual__2024-12-26T14:32:47.718332+00:00, state:running, queued_at: 2024-12-26 14:32:47.745503+00:00. externally triggered: True>,
 'data_interval_end': DateTime(2024, 12, 26, 14, 32, 47, 718332, tzinfo=Timezone('UTC')),
 'data_interval_start': DateTime(2024, 12, 26, 14, 32, 47, 718332, tzinfo=Timezone('UTC')),
 'ds_nodash': '20241226',
 'execution_date': <Proxy at 0x7f2af501a780 with factory functools.partial(<function lazy_mapping_from_context.<locals>._deprecated_proxy_factory at 0x7f2af72aef20>, 'execution_date', DateTime(2024, 12, 26, 14, 32, 47, 718332, tzinfo=Timezone('UTC')))>,
 'expanded_ti_count': None,
 'inlet_events': InletEventsAccessors(_inlets=[], _datasets={}, _dataset_aliases={}, _session=<sqlalchemy.orm.session.Session object at 0x7f2b05f1d310>),
 'inlets': [],
 'logical_date': DateTime(2024, 12, 26, 14, 32, 47, 718332, tzinfo=Timezone('UTC')),
 'macros': <module '***.macros' from '/home/***/.local/lib/python3.12/site-packages/***/macros/__init__.py'>,
 'map_index_template': None,
 'next_ds': <Proxy at 0x7f2af50088c0 with factory functools.partial(<function lazy_mapping_from_context.<locals>._deprecated_proxy_factory at 0x7f2af72aef20>, 'next_ds', '2024-12-26')>,
 'next_ds_nodash': <Proxy at 0x7f2af72f3040 with factory functools.partial(<function lazy_mapping_from_context.<locals>._deprecated_proxy_factory at 0x7f2af72aef20>, 'next_ds_nodash', '20241226')>,
 'next_execution_date': <Proxy at 0x7f2af5017440 with factory functools.partial(<function lazy_mapping_from_context.<locals>._deprecated_proxy_factory at 0x7f2af72aef20>, 'next_execution_date', DateTime(2024, 12, 26, 14, 32, 47, 718332, tzinfo=Timezone('UTC')))>,
 'outlet_events': <***.utils.context.OutletEventAccessors object at 0x7f2af5011190>,
 'outlets': [],
 'params': {},
 'prev_data_interval_end_success': None,
 'prev_data_interval_start_success': None,
 'prev_ds': <Proxy at 0x7f2af50701c0 with factory functools.partial(<function lazy_mapping_from_context.<locals>._deprecated_proxy_factory at 0x7f2af72aef20>, 'prev_ds', '2024-12-26')>,
 'prev_ds_nodash': <Proxy at 0x7f2af5072980 with factory functools.partial(<function lazy_mapping_from_context.<locals>._deprecated_proxy_factory at 0x7f2af72aef20>, 'prev_ds_nodash', '20241226')>,
 'prev_end_date_success': None,
 'prev_execution_date': <Proxy at 0x7f2af507c840 with factory functools.partial(<function lazy_mapping_from_context.<locals>._deprecated_proxy_factory at 0x7f2af72aef20>, 'prev_execution_date', DateTime(2024, 12, 26, 14, 32, 47, 718332, tzinfo=Timezone('UTC')))>,
 'prev_execution_date_success': <Proxy at 0x7f2af507ca00 with factory functools.partial(<function lazy_mapping_from_context.<locals>._deprecated_proxy_factory at 0x7f2af72aef20>, 'prev_execution_date_success', None)>,
 'prev_start_date_success': None,
 'run_id': 'manual__2024-12-26T14:32:47.718332+00:00',
 'task': <Task(PythonOperator): print_the_context>,
 'task_instance': <TaskInstance: example_python_operator.print_the_context manual__2024-12-26T14:32:47.718332+00:00 [running]>,
 'task_instance_key_str': 'example_python_operator__print_the_context__20241226',
 'templates_dict': None,
 'test_mode': False,
 'ti': <TaskInstance: example_python_operator.print_the_context manual__2024-12-26T14:32:47.718332+00:00 [running]>,
 'tomorrow_ds': <Proxy at 0x7f2af507cb80 with factory functools.partial(<function lazy_mapping_from_context.<locals>._deprecated_proxy_factory at 0x7f2af72aef20>, 'tomorrow_ds', '2024-12-27')>,
 'tomorrow_ds_nodash': <Proxy at 0x7f2af507cbc0 with factory functools.partial(<function lazy_mapping_from_context.<locals>._deprecated_proxy_factory at 0x7f2af72aef20>, 'tomorrow_ds_nodash', '20241227')>,
 'triggering_dataset_events': <Proxy at 0x7f2af5017580 with factory <function _get_template_context.<locals>.get_triggering_events at 0x7f2af51f9f80>>,
 'ts': '2024-12-26T14:32:47.718332+00:00',
 'ts_nodash': '20241226T143247',
 'ts_nodash_with_tz': '20241226T143247.718332+0000',
 'var': {'json': None, 'value': None},
 'yesterday_ds': <Proxy at 0x7f2af507cc00 with factory functools.partial(<function lazy_mapping_from_context.<locals>._deprecated_proxy_factory at 0x7f2af72aef20>, 'yesterday_ds', '2024-12-25')>,
 'yesterday_ds_nodash': <Proxy at 0x7f2af507cc40 with factory functools.partial(<function lazy_mapping_from_context.<locals>._deprecated_proxy_factory at 0x7f2af72aef20>, 'yesterday_ds_nodash', '20241225')>}
[2024-12-26T14:32:49.258+0000] {logging_mixin.py:190} INFO - ::endgroup::
[2024-12-26T14:32:49.258+0000] {logging_mixin.py:190} INFO - ::group::Context variable ds
[2024-12-26T14:32:49.259+0000] {logging_mixin.py:190} INFO - 2024-12-26
[2024-12-26T14:32:49.259+0000] {logging_mixin.py:190} INFO - ::endgroup::
[2024-12-26T14:32:49.260+0000] {python.py:240} INFO - Done. Returned value was: Whatever you return gets printed in the logs
[2024-12-26T14:32:49.296+0000] {taskinstance.py:340} INFO - ::group::Post task execution logs
[2024-12-26T14:32:49.296+0000] {taskinstance.py:352} INFO - Marking task as SUCCESS. dag_id=example_python_operator, task_id=print_the_context, run_id=manual__2024-12-26T14:32:47.718332+00:00, execution_date=20241226T143247, start_date=20241226T143248, end_date=20241226T143249
[2024-12-26T14:32:49.317+0000] {logging_mixin.py:190} INFO - Task instance in success state
[2024-12-26T14:32:49.317+0000] {logging_mixin.py:190} INFO -  Previous state of the Task instance: running
[2024-12-26T14:32:49.318+0000] {logging_mixin.py:190} INFO - Dag name:example_python_operator queued_at:2024-12-26 14:32:47.745503+00:00
[2024-12-26T14:32:49.318+0000] {logging_mixin.py:190} INFO - Task hostname:ebf312bc13e9 operator:PythonOperator
[2024-12-26T14:32:49.347+0000] {local_task_job_runner.py:266} INFO - Task exited with return code 0
[2024-12-26T14:32:49.405+0000] {taskinstance.py:3895} INFO - 2 downstream tasks scheduled from follow-on schedule check
[2024-12-26T14:32:49.407+0000] {local_task_job_runner.py:245} INFO - ::endgroup::
