[2024-12-26T14:31:50.378+0000] {processor.py:186} INFO - Started process (PID=278) to work on /home/airflow/.local/lib/python3.12/site-packages/airflow/example_dags/example_branch_operator.py
[2024-12-26T14:31:50.380+0000] {processor.py:914} INFO - Processing file /home/airflow/.local/lib/python3.12/site-packages/airflow/example_dags/example_branch_operator.py for tasks to queue
[2024-12-26T14:31:50.383+0000] {logging_mixin.py:190} INFO - [2024-12-26T14:31:50.382+0000] {dagbag.py:588} INFO - Filling up the DagBag from /home/airflow/.local/lib/python3.12/site-packages/airflow/example_dags/example_branch_operator.py
[2024-12-26T14:31:50.406+0000] {processor.py:925} INFO - DAG(s) 'example_branch_operator' retrieved from /home/airflow/.local/lib/python3.12/site-packages/airflow/example_dags/example_branch_operator.py
[2024-12-26T14:31:50.569+0000] {logging_mixin.py:190} INFO - [2024-12-26T14:31:50.568+0000] {dag.py:3239} INFO - Sync 1 DAGs
[2024-12-26T14:31:50.598+0000] {logging_mixin.py:190} INFO - [2024-12-26T14:31:50.598+0000] {dag.py:4180} INFO - Setting next_dagrun for example_branch_operator to 2024-12-25 00:00:00+00:00, run_after=2024-12-26 00:00:00+00:00
[2024-12-26T14:31:50.629+0000] {processor.py:208} INFO - Processing /home/airflow/.local/lib/python3.12/site-packages/airflow/example_dags/example_branch_operator.py took 0.264 seconds
[2024-12-26T14:32:21.297+0000] {processor.py:186} INFO - Started process (PID=571) to work on /home/airflow/.local/lib/python3.12/site-packages/airflow/example_dags/example_branch_operator.py
[2024-12-26T14:32:21.298+0000] {processor.py:914} INFO - Processing file /home/airflow/.local/lib/python3.12/site-packages/airflow/example_dags/example_branch_operator.py for tasks to queue
[2024-12-26T14:32:21.302+0000] {logging_mixin.py:190} INFO - [2024-12-26T14:32:21.301+0000] {dagbag.py:588} INFO - Filling up the DagBag from /home/airflow/.local/lib/python3.12/site-packages/airflow/example_dags/example_branch_operator.py
[2024-12-26T14:32:21.325+0000] {processor.py:925} INFO - DAG(s) 'example_branch_operator' retrieved from /home/airflow/.local/lib/python3.12/site-packages/airflow/example_dags/example_branch_operator.py
[2024-12-26T14:32:21.365+0000] {logging_mixin.py:190} INFO - [2024-12-26T14:32:21.365+0000] {dag.py:3239} INFO - Sync 1 DAGs
[2024-12-26T14:32:21.392+0000] {logging_mixin.py:190} INFO - [2024-12-26T14:32:21.392+0000] {dag.py:4180} INFO - Setting next_dagrun for example_branch_operator to 2024-12-25 00:00:00+00:00, run_after=2024-12-26 00:00:00+00:00
[2024-12-26T14:32:21.408+0000] {processor.py:208} INFO - Processing /home/airflow/.local/lib/python3.12/site-packages/airflow/example_dags/example_branch_operator.py took 0.125 seconds
[2024-12-26T14:32:51.660+0000] {processor.py:186} INFO - Started process (PID=870) to work on /home/airflow/.local/lib/python3.12/site-packages/airflow/example_dags/example_branch_operator.py
[2024-12-26T14:32:51.661+0000] {processor.py:914} INFO - Processing file /home/airflow/.local/lib/python3.12/site-packages/airflow/example_dags/example_branch_operator.py for tasks to queue
[2024-12-26T14:32:51.664+0000] {logging_mixin.py:190} INFO - [2024-12-26T14:32:51.664+0000] {dagbag.py:588} INFO - Filling up the DagBag from /home/airflow/.local/lib/python3.12/site-packages/airflow/example_dags/example_branch_operator.py
[2024-12-26T14:32:51.684+0000] {processor.py:925} INFO - DAG(s) 'example_branch_operator' retrieved from /home/airflow/.local/lib/python3.12/site-packages/airflow/example_dags/example_branch_operator.py
[2024-12-26T14:32:51.724+0000] {logging_mixin.py:190} INFO - [2024-12-26T14:32:51.723+0000] {dag.py:3239} INFO - Sync 1 DAGs
[2024-12-26T14:32:51.752+0000] {logging_mixin.py:190} INFO - [2024-12-26T14:32:51.752+0000] {dag.py:4180} INFO - Setting next_dagrun for example_branch_operator to 2024-12-25 00:00:00+00:00, run_after=2024-12-26 00:00:00+00:00
[2024-12-26T14:32:51.769+0000] {processor.py:208} INFO - Processing /home/airflow/.local/lib/python3.12/site-packages/airflow/example_dags/example_branch_operator.py took 0.122 seconds
[2024-12-26T14:33:21.994+0000] {processor.py:186} INFO - Started process (PID=1250) to work on /home/airflow/.local/lib/python3.12/site-packages/airflow/example_dags/example_branch_operator.py
[2024-12-26T14:33:21.996+0000] {processor.py:914} INFO - Processing file /home/airflow/.local/lib/python3.12/site-packages/airflow/example_dags/example_branch_operator.py for tasks to queue
[2024-12-26T14:33:21.999+0000] {logging_mixin.py:190} INFO - [2024-12-26T14:33:21.998+0000] {dagbag.py:588} INFO - Filling up the DagBag from /home/airflow/.local/lib/python3.12/site-packages/airflow/example_dags/example_branch_operator.py
[2024-12-26T14:33:22.019+0000] {processor.py:925} INFO - DAG(s) 'example_branch_operator' retrieved from /home/airflow/.local/lib/python3.12/site-packages/airflow/example_dags/example_branch_operator.py
[2024-12-26T14:33:22.070+0000] {logging_mixin.py:190} INFO - [2024-12-26T14:33:22.070+0000] {dag.py:3239} INFO - Sync 1 DAGs
[2024-12-26T14:33:22.098+0000] {logging_mixin.py:190} INFO - [2024-12-26T14:33:22.098+0000] {dag.py:4180} INFO - Setting next_dagrun for example_branch_operator to 2024-12-25 00:00:00+00:00, run_after=2024-12-26 00:00:00+00:00
[2024-12-26T14:33:22.114+0000] {processor.py:208} INFO - Processing /home/airflow/.local/lib/python3.12/site-packages/airflow/example_dags/example_branch_operator.py took 0.133 seconds
[2024-12-26T14:33:52.360+0000] {processor.py:186} INFO - Started process (PID=1541) to work on /home/airflow/.local/lib/python3.12/site-packages/airflow/example_dags/example_branch_operator.py
[2024-12-26T14:33:52.361+0000] {processor.py:914} INFO - Processing file /home/airflow/.local/lib/python3.12/site-packages/airflow/example_dags/example_branch_operator.py for tasks to queue
[2024-12-26T14:33:52.364+0000] {logging_mixin.py:190} INFO - [2024-12-26T14:33:52.364+0000] {dagbag.py:588} INFO - Filling up the DagBag from /home/airflow/.local/lib/python3.12/site-packages/airflow/example_dags/example_branch_operator.py
[2024-12-26T14:33:52.384+0000] {processor.py:925} INFO - DAG(s) 'example_branch_operator' retrieved from /home/airflow/.local/lib/python3.12/site-packages/airflow/example_dags/example_branch_operator.py
[2024-12-26T14:33:52.422+0000] {logging_mixin.py:190} INFO - [2024-12-26T14:33:52.421+0000] {dag.py:3239} INFO - Sync 1 DAGs
[2024-12-26T14:33:52.464+0000] {logging_mixin.py:190} INFO - [2024-12-26T14:33:52.463+0000] {dag.py:4180} INFO - Setting next_dagrun for example_branch_operator to 2024-12-25 00:00:00+00:00, run_after=2024-12-26 00:00:00+00:00
[2024-12-26T14:33:52.482+0000] {processor.py:208} INFO - Processing /home/airflow/.local/lib/python3.12/site-packages/airflow/example_dags/example_branch_operator.py took 0.136 seconds
[2024-12-26T14:34:22.925+0000] {processor.py:186} INFO - Started process (PID=1832) to work on /home/airflow/.local/lib/python3.12/site-packages/airflow/example_dags/example_branch_operator.py
[2024-12-26T14:34:22.926+0000] {processor.py:914} INFO - Processing file /home/airflow/.local/lib/python3.12/site-packages/airflow/example_dags/example_branch_operator.py for tasks to queue
[2024-12-26T14:34:22.930+0000] {logging_mixin.py:190} INFO - [2024-12-26T14:34:22.929+0000] {dagbag.py:588} INFO - Filling up the DagBag from /home/airflow/.local/lib/python3.12/site-packages/airflow/example_dags/example_branch_operator.py
[2024-12-26T14:34:22.951+0000] {processor.py:925} INFO - DAG(s) 'example_branch_operator' retrieved from /home/airflow/.local/lib/python3.12/site-packages/airflow/example_dags/example_branch_operator.py
[2024-12-26T14:34:22.990+0000] {logging_mixin.py:190} INFO - [2024-12-26T14:34:22.990+0000] {dag.py:3239} INFO - Sync 1 DAGs
[2024-12-26T14:34:23.020+0000] {logging_mixin.py:190} INFO - [2024-12-26T14:34:23.019+0000] {dag.py:4180} INFO - Setting next_dagrun for example_branch_operator to 2024-12-25 00:00:00+00:00, run_after=2024-12-26 00:00:00+00:00
[2024-12-26T14:34:23.036+0000] {processor.py:208} INFO - Processing /home/airflow/.local/lib/python3.12/site-packages/airflow/example_dags/example_branch_operator.py took 0.125 seconds
[2024-12-26T14:34:53.111+0000] {processor.py:186} INFO - Started process (PID=2123) to work on /home/airflow/.local/lib/python3.12/site-packages/airflow/example_dags/example_branch_operator.py
[2024-12-26T14:34:53.112+0000] {processor.py:914} INFO - Processing file /home/airflow/.local/lib/python3.12/site-packages/airflow/example_dags/example_branch_operator.py for tasks to queue
[2024-12-26T14:34:53.115+0000] {logging_mixin.py:190} INFO - [2024-12-26T14:34:53.115+0000] {dagbag.py:588} INFO - Filling up the DagBag from /home/airflow/.local/lib/python3.12/site-packages/airflow/example_dags/example_branch_operator.py
[2024-12-26T14:34:53.136+0000] {processor.py:925} INFO - DAG(s) 'example_branch_operator' retrieved from /home/airflow/.local/lib/python3.12/site-packages/airflow/example_dags/example_branch_operator.py
[2024-12-26T14:34:53.173+0000] {logging_mixin.py:190} INFO - [2024-12-26T14:34:53.173+0000] {dag.py:3239} INFO - Sync 1 DAGs
[2024-12-26T14:34:53.202+0000] {logging_mixin.py:190} INFO - [2024-12-26T14:34:53.202+0000] {dag.py:4180} INFO - Setting next_dagrun for example_branch_operator to 2024-12-25 00:00:00+00:00, run_after=2024-12-26 00:00:00+00:00
[2024-12-26T14:34:53.218+0000] {processor.py:208} INFO - Processing /home/airflow/.local/lib/python3.12/site-packages/airflow/example_dags/example_branch_operator.py took 0.121 seconds
[2024-12-26T14:35:23.339+0000] {processor.py:186} INFO - Started process (PID=2414) to work on /home/airflow/.local/lib/python3.12/site-packages/airflow/example_dags/example_branch_operator.py
[2024-12-26T14:35:23.341+0000] {processor.py:914} INFO - Processing file /home/airflow/.local/lib/python3.12/site-packages/airflow/example_dags/example_branch_operator.py for tasks to queue
[2024-12-26T14:35:23.344+0000] {logging_mixin.py:190} INFO - [2024-12-26T14:35:23.344+0000] {dagbag.py:588} INFO - Filling up the DagBag from /home/airflow/.local/lib/python3.12/site-packages/airflow/example_dags/example_branch_operator.py
[2024-12-26T14:35:23.365+0000] {processor.py:925} INFO - DAG(s) 'example_branch_operator' retrieved from /home/airflow/.local/lib/python3.12/site-packages/airflow/example_dags/example_branch_operator.py
[2024-12-26T14:35:23.404+0000] {logging_mixin.py:190} INFO - [2024-12-26T14:35:23.403+0000] {dag.py:3239} INFO - Sync 1 DAGs
[2024-12-26T14:35:23.435+0000] {logging_mixin.py:190} INFO - [2024-12-26T14:35:23.434+0000] {dag.py:4180} INFO - Setting next_dagrun for example_branch_operator to 2024-12-25 00:00:00+00:00, run_after=2024-12-26 00:00:00+00:00
[2024-12-26T14:35:23.451+0000] {processor.py:208} INFO - Processing /home/airflow/.local/lib/python3.12/site-packages/airflow/example_dags/example_branch_operator.py took 0.125 seconds
[2024-12-26T14:35:54.093+0000] {processor.py:186} INFO - Started process (PID=2705) to work on /home/airflow/.local/lib/python3.12/site-packages/airflow/example_dags/example_branch_operator.py
[2024-12-26T14:35:54.094+0000] {processor.py:914} INFO - Processing file /home/airflow/.local/lib/python3.12/site-packages/airflow/example_dags/example_branch_operator.py for tasks to queue
[2024-12-26T14:35:54.097+0000] {logging_mixin.py:190} INFO - [2024-12-26T14:35:54.096+0000] {dagbag.py:588} INFO - Filling up the DagBag from /home/airflow/.local/lib/python3.12/site-packages/airflow/example_dags/example_branch_operator.py
[2024-12-26T14:35:54.116+0000] {processor.py:925} INFO - DAG(s) 'example_branch_operator' retrieved from /home/airflow/.local/lib/python3.12/site-packages/airflow/example_dags/example_branch_operator.py
[2024-12-26T14:35:54.168+0000] {logging_mixin.py:190} INFO - [2024-12-26T14:35:54.167+0000] {dag.py:3239} INFO - Sync 1 DAGs
[2024-12-26T14:35:54.197+0000] {logging_mixin.py:190} INFO - [2024-12-26T14:35:54.197+0000] {dag.py:4180} INFO - Setting next_dagrun for example_branch_operator to 2024-12-25 00:00:00+00:00, run_after=2024-12-26 00:00:00+00:00
[2024-12-26T14:35:54.216+0000] {processor.py:208} INFO - Processing /home/airflow/.local/lib/python3.12/site-packages/airflow/example_dags/example_branch_operator.py took 0.135 seconds
[2024-12-26T14:36:24.442+0000] {processor.py:186} INFO - Started process (PID=2996) to work on /home/airflow/.local/lib/python3.12/site-packages/airflow/example_dags/example_branch_operator.py
[2024-12-26T14:36:24.443+0000] {processor.py:914} INFO - Processing file /home/airflow/.local/lib/python3.12/site-packages/airflow/example_dags/example_branch_operator.py for tasks to queue
[2024-12-26T14:36:24.445+0000] {logging_mixin.py:190} INFO - [2024-12-26T14:36:24.445+0000] {dagbag.py:588} INFO - Filling up the DagBag from /home/airflow/.local/lib/python3.12/site-packages/airflow/example_dags/example_branch_operator.py
[2024-12-26T14:36:24.469+0000] {processor.py:925} INFO - DAG(s) 'example_branch_operator' retrieved from /home/airflow/.local/lib/python3.12/site-packages/airflow/example_dags/example_branch_operator.py
[2024-12-26T14:36:24.522+0000] {logging_mixin.py:190} INFO - [2024-12-26T14:36:24.522+0000] {dag.py:3239} INFO - Sync 1 DAGs
[2024-12-26T14:36:24.549+0000] {logging_mixin.py:190} INFO - [2024-12-26T14:36:24.549+0000] {dag.py:4180} INFO - Setting next_dagrun for example_branch_operator to 2024-12-25 00:00:00+00:00, run_after=2024-12-26 00:00:00+00:00
[2024-12-26T14:36:24.566+0000] {processor.py:208} INFO - Processing /home/airflow/.local/lib/python3.12/site-packages/airflow/example_dags/example_branch_operator.py took 0.132 seconds
[2024-12-26T14:36:55.225+0000] {processor.py:186} INFO - Started process (PID=3287) to work on /home/airflow/.local/lib/python3.12/site-packages/airflow/example_dags/example_branch_operator.py
[2024-12-26T14:36:55.227+0000] {processor.py:914} INFO - Processing file /home/airflow/.local/lib/python3.12/site-packages/airflow/example_dags/example_branch_operator.py for tasks to queue
[2024-12-26T14:36:55.234+0000] {logging_mixin.py:190} INFO - [2024-12-26T14:36:55.233+0000] {dagbag.py:588} INFO - Filling up the DagBag from /home/airflow/.local/lib/python3.12/site-packages/airflow/example_dags/example_branch_operator.py
[2024-12-26T14:36:55.255+0000] {processor.py:925} INFO - DAG(s) 'example_branch_operator' retrieved from /home/airflow/.local/lib/python3.12/site-packages/airflow/example_dags/example_branch_operator.py
[2024-12-26T14:36:55.305+0000] {logging_mixin.py:190} INFO - [2024-12-26T14:36:55.304+0000] {dag.py:3239} INFO - Sync 1 DAGs
[2024-12-26T14:36:55.332+0000] {logging_mixin.py:190} INFO - [2024-12-26T14:36:55.332+0000] {dag.py:4180} INFO - Setting next_dagrun for example_branch_operator to 2024-12-25 00:00:00+00:00, run_after=2024-12-26 00:00:00+00:00
[2024-12-26T14:36:55.349+0000] {processor.py:208} INFO - Processing /home/airflow/.local/lib/python3.12/site-packages/airflow/example_dags/example_branch_operator.py took 0.138 seconds
[2024-12-26T14:37:25.550+0000] {processor.py:186} INFO - Started process (PID=3578) to work on /home/airflow/.local/lib/python3.12/site-packages/airflow/example_dags/example_branch_operator.py
[2024-12-26T14:37:25.551+0000] {processor.py:914} INFO - Processing file /home/airflow/.local/lib/python3.12/site-packages/airflow/example_dags/example_branch_operator.py for tasks to queue
[2024-12-26T14:37:25.554+0000] {logging_mixin.py:190} INFO - [2024-12-26T14:37:25.554+0000] {dagbag.py:588} INFO - Filling up the DagBag from /home/airflow/.local/lib/python3.12/site-packages/airflow/example_dags/example_branch_operator.py
[2024-12-26T14:37:25.574+0000] {processor.py:925} INFO - DAG(s) 'example_branch_operator' retrieved from /home/airflow/.local/lib/python3.12/site-packages/airflow/example_dags/example_branch_operator.py
[2024-12-26T14:37:25.620+0000] {logging_mixin.py:190} INFO - [2024-12-26T14:37:25.619+0000] {dag.py:3239} INFO - Sync 1 DAGs
[2024-12-26T14:37:25.647+0000] {logging_mixin.py:190} INFO - [2024-12-26T14:37:25.646+0000] {dag.py:4180} INFO - Setting next_dagrun for example_branch_operator to 2024-12-25 00:00:00+00:00, run_after=2024-12-26 00:00:00+00:00
[2024-12-26T14:37:25.662+0000] {processor.py:208} INFO - Processing /home/airflow/.local/lib/python3.12/site-packages/airflow/example_dags/example_branch_operator.py took 0.125 seconds
[2024-12-26T14:37:56.104+0000] {processor.py:186} INFO - Started process (PID=3867) to work on /home/airflow/.local/lib/python3.12/site-packages/airflow/example_dags/example_branch_operator.py
[2024-12-26T14:37:56.106+0000] {processor.py:914} INFO - Processing file /home/airflow/.local/lib/python3.12/site-packages/airflow/example_dags/example_branch_operator.py for tasks to queue
[2024-12-26T14:37:56.109+0000] {logging_mixin.py:190} INFO - [2024-12-26T14:37:56.109+0000] {dagbag.py:588} INFO - Filling up the DagBag from /home/airflow/.local/lib/python3.12/site-packages/airflow/example_dags/example_branch_operator.py
[2024-12-26T14:37:56.128+0000] {processor.py:925} INFO - DAG(s) 'example_branch_operator' retrieved from /home/airflow/.local/lib/python3.12/site-packages/airflow/example_dags/example_branch_operator.py
[2024-12-26T14:37:56.165+0000] {logging_mixin.py:190} INFO - [2024-12-26T14:37:56.165+0000] {dag.py:3239} INFO - Sync 1 DAGs
[2024-12-26T14:37:56.191+0000] {logging_mixin.py:190} INFO - [2024-12-26T14:37:56.190+0000] {dag.py:4180} INFO - Setting next_dagrun for example_branch_operator to 2024-12-25 00:00:00+00:00, run_after=2024-12-26 00:00:00+00:00
[2024-12-26T14:37:56.208+0000] {processor.py:208} INFO - Processing /home/airflow/.local/lib/python3.12/site-packages/airflow/example_dags/example_branch_operator.py took 0.116 seconds
