[2024-12-26T14:31:55.724+0000] {processor.py:186} INFO - Started process (PID=444) to work on /home/airflow/.local/lib/python3.12/site-packages/airflow/example_dags/example_nested_branch_dag.py
[2024-12-26T14:31:55.725+0000] {processor.py:914} INFO - Processing file /home/airflow/.local/lib/python3.12/site-packages/airflow/example_dags/example_nested_branch_dag.py for tasks to queue
[2024-12-26T14:31:55.728+0000] {logging_mixin.py:190} INFO - [2024-12-26T14:31:55.728+0000] {dagbag.py:588} INFO - Filling up the DagBag from /home/airflow/.local/lib/python3.12/site-packages/airflow/example_dags/example_nested_branch_dag.py
[2024-12-26T14:31:55.741+0000] {processor.py:925} INFO - DAG(s) 'example_nested_branch_dag' retrieved from /home/airflow/.local/lib/python3.12/site-packages/airflow/example_dags/example_nested_branch_dag.py
[2024-12-26T14:31:55.869+0000] {logging_mixin.py:190} INFO - [2024-12-26T14:31:55.868+0000] {dag.py:3239} INFO - Sync 1 DAGs
[2024-12-26T14:31:55.893+0000] {logging_mixin.py:190} INFO - [2024-12-26T14:31:55.893+0000] {dag.py:4180} INFO - Setting next_dagrun for example_nested_branch_dag to 2024-12-25 00:00:00+00:00, run_after=2024-12-26 00:00:00+00:00
[2024-12-26T14:31:55.915+0000] {processor.py:208} INFO - Processing /home/airflow/.local/lib/python3.12/site-packages/airflow/example_dags/example_nested_branch_dag.py took 0.203 seconds
[2024-12-26T14:32:26.497+0000] {processor.py:186} INFO - Started process (PID=735) to work on /home/airflow/.local/lib/python3.12/site-packages/airflow/example_dags/example_nested_branch_dag.py
[2024-12-26T14:32:26.499+0000] {processor.py:914} INFO - Processing file /home/airflow/.local/lib/python3.12/site-packages/airflow/example_dags/example_nested_branch_dag.py for tasks to queue
[2024-12-26T14:32:26.502+0000] {logging_mixin.py:190} INFO - [2024-12-26T14:32:26.501+0000] {dagbag.py:588} INFO - Filling up the DagBag from /home/airflow/.local/lib/python3.12/site-packages/airflow/example_dags/example_nested_branch_dag.py
[2024-12-26T14:32:26.515+0000] {processor.py:925} INFO - DAG(s) 'example_nested_branch_dag' retrieved from /home/airflow/.local/lib/python3.12/site-packages/airflow/example_dags/example_nested_branch_dag.py
[2024-12-26T14:32:26.542+0000] {logging_mixin.py:190} INFO - [2024-12-26T14:32:26.542+0000] {dag.py:3239} INFO - Sync 1 DAGs
[2024-12-26T14:32:26.569+0000] {logging_mixin.py:190} INFO - [2024-12-26T14:32:26.568+0000] {dag.py:4180} INFO - Setting next_dagrun for example_nested_branch_dag to 2024-12-25 00:00:00+00:00, run_after=2024-12-26 00:00:00+00:00
[2024-12-26T14:32:26.584+0000] {processor.py:208} INFO - Processing /home/airflow/.local/lib/python3.12/site-packages/airflow/example_dags/example_nested_branch_dag.py took 0.099 seconds
[2024-12-26T14:32:57.774+0000] {processor.py:186} INFO - Started process (PID=1080) to work on /home/airflow/.local/lib/python3.12/site-packages/airflow/example_dags/example_nested_branch_dag.py
[2024-12-26T14:32:57.775+0000] {processor.py:914} INFO - Processing file /home/airflow/.local/lib/python3.12/site-packages/airflow/example_dags/example_nested_branch_dag.py for tasks to queue
[2024-12-26T14:32:57.779+0000] {logging_mixin.py:190} INFO - [2024-12-26T14:32:57.778+0000] {dagbag.py:588} INFO - Filling up the DagBag from /home/airflow/.local/lib/python3.12/site-packages/airflow/example_dags/example_nested_branch_dag.py
[2024-12-26T14:32:57.797+0000] {processor.py:925} INFO - DAG(s) 'example_nested_branch_dag' retrieved from /home/airflow/.local/lib/python3.12/site-packages/airflow/example_dags/example_nested_branch_dag.py
[2024-12-26T14:32:57.826+0000] {logging_mixin.py:190} INFO - [2024-12-26T14:32:57.825+0000] {dag.py:3239} INFO - Sync 1 DAGs
[2024-12-26T14:32:57.852+0000] {logging_mixin.py:190} INFO - [2024-12-26T14:32:57.851+0000] {dag.py:4180} INFO - Setting next_dagrun for example_nested_branch_dag to 2024-12-25 00:00:00+00:00, run_after=2024-12-26 00:00:00+00:00
[2024-12-26T14:32:57.868+0000] {processor.py:208} INFO - Processing /home/airflow/.local/lib/python3.12/site-packages/airflow/example_dags/example_nested_branch_dag.py took 0.106 seconds
[2024-12-26T14:33:28.729+0000] {processor.py:186} INFO - Started process (PID=1413) to work on /home/airflow/.local/lib/python3.12/site-packages/airflow/example_dags/example_nested_branch_dag.py
[2024-12-26T14:33:28.730+0000] {processor.py:914} INFO - Processing file /home/airflow/.local/lib/python3.12/site-packages/airflow/example_dags/example_nested_branch_dag.py for tasks to queue
[2024-12-26T14:33:28.733+0000] {logging_mixin.py:190} INFO - [2024-12-26T14:33:28.733+0000] {dagbag.py:588} INFO - Filling up the DagBag from /home/airflow/.local/lib/python3.12/site-packages/airflow/example_dags/example_nested_branch_dag.py
[2024-12-26T14:33:28.746+0000] {processor.py:925} INFO - DAG(s) 'example_nested_branch_dag' retrieved from /home/airflow/.local/lib/python3.12/site-packages/airflow/example_dags/example_nested_branch_dag.py
[2024-12-26T14:33:28.774+0000] {logging_mixin.py:190} INFO - [2024-12-26T14:33:28.774+0000] {dag.py:3239} INFO - Sync 1 DAGs
[2024-12-26T14:33:28.801+0000] {logging_mixin.py:190} INFO - [2024-12-26T14:33:28.800+0000] {dag.py:4180} INFO - Setting next_dagrun for example_nested_branch_dag to 2024-12-25 00:00:00+00:00, run_after=2024-12-26 00:00:00+00:00
[2024-12-26T14:33:28.816+0000] {processor.py:208} INFO - Processing /home/airflow/.local/lib/python3.12/site-packages/airflow/example_dags/example_nested_branch_dag.py took 0.100 seconds
[2024-12-26T14:33:59.936+0000] {processor.py:186} INFO - Started process (PID=1704) to work on /home/airflow/.local/lib/python3.12/site-packages/airflow/example_dags/example_nested_branch_dag.py
[2024-12-26T14:33:59.937+0000] {processor.py:914} INFO - Processing file /home/airflow/.local/lib/python3.12/site-packages/airflow/example_dags/example_nested_branch_dag.py for tasks to queue
[2024-12-26T14:33:59.941+0000] {logging_mixin.py:190} INFO - [2024-12-26T14:33:59.940+0000] {dagbag.py:588} INFO - Filling up the DagBag from /home/airflow/.local/lib/python3.12/site-packages/airflow/example_dags/example_nested_branch_dag.py
[2024-12-26T14:33:59.955+0000] {processor.py:925} INFO - DAG(s) 'example_nested_branch_dag' retrieved from /home/airflow/.local/lib/python3.12/site-packages/airflow/example_dags/example_nested_branch_dag.py
[2024-12-26T14:33:59.986+0000] {logging_mixin.py:190} INFO - [2024-12-26T14:33:59.986+0000] {dag.py:3239} INFO - Sync 1 DAGs
[2024-12-26T14:34:00.014+0000] {logging_mixin.py:190} INFO - [2024-12-26T14:34:00.014+0000] {dag.py:4180} INFO - Setting next_dagrun for example_nested_branch_dag to 2024-12-25 00:00:00+00:00, run_after=2024-12-26 00:00:00+00:00
[2024-12-26T14:34:00.030+0000] {processor.py:208} INFO - Processing /home/airflow/.local/lib/python3.12/site-packages/airflow/example_dags/example_nested_branch_dag.py took 0.109 seconds
[2024-12-26T14:34:31.394+0000] {processor.py:186} INFO - Started process (PID=1990) to work on /home/airflow/.local/lib/python3.12/site-packages/airflow/example_dags/example_nested_branch_dag.py
[2024-12-26T14:34:31.395+0000] {processor.py:914} INFO - Processing file /home/airflow/.local/lib/python3.12/site-packages/airflow/example_dags/example_nested_branch_dag.py for tasks to queue
[2024-12-26T14:34:31.399+0000] {logging_mixin.py:190} INFO - [2024-12-26T14:34:31.398+0000] {dagbag.py:588} INFO - Filling up the DagBag from /home/airflow/.local/lib/python3.12/site-packages/airflow/example_dags/example_nested_branch_dag.py
[2024-12-26T14:34:31.412+0000] {processor.py:925} INFO - DAG(s) 'example_nested_branch_dag' retrieved from /home/airflow/.local/lib/python3.12/site-packages/airflow/example_dags/example_nested_branch_dag.py
[2024-12-26T14:34:31.441+0000] {logging_mixin.py:190} INFO - [2024-12-26T14:34:31.441+0000] {dag.py:3239} INFO - Sync 1 DAGs
[2024-12-26T14:34:31.467+0000] {logging_mixin.py:190} INFO - [2024-12-26T14:34:31.467+0000] {dag.py:4180} INFO - Setting next_dagrun for example_nested_branch_dag to 2024-12-25 00:00:00+00:00, run_after=2024-12-26 00:00:00+00:00
[2024-12-26T14:34:31.484+0000] {processor.py:208} INFO - Processing /home/airflow/.local/lib/python3.12/site-packages/airflow/example_dags/example_nested_branch_dag.py took 0.102 seconds
[2024-12-26T14:35:02.754+0000] {processor.py:186} INFO - Started process (PID=2281) to work on /home/airflow/.local/lib/python3.12/site-packages/airflow/example_dags/example_nested_branch_dag.py
[2024-12-26T14:35:02.755+0000] {processor.py:914} INFO - Processing file /home/airflow/.local/lib/python3.12/site-packages/airflow/example_dags/example_nested_branch_dag.py for tasks to queue
[2024-12-26T14:35:02.758+0000] {logging_mixin.py:190} INFO - [2024-12-26T14:35:02.758+0000] {dagbag.py:588} INFO - Filling up the DagBag from /home/airflow/.local/lib/python3.12/site-packages/airflow/example_dags/example_nested_branch_dag.py
[2024-12-26T14:35:02.771+0000] {processor.py:925} INFO - DAG(s) 'example_nested_branch_dag' retrieved from /home/airflow/.local/lib/python3.12/site-packages/airflow/example_dags/example_nested_branch_dag.py
[2024-12-26T14:35:02.799+0000] {logging_mixin.py:190} INFO - [2024-12-26T14:35:02.798+0000] {dag.py:3239} INFO - Sync 1 DAGs
[2024-12-26T14:35:02.825+0000] {logging_mixin.py:190} INFO - [2024-12-26T14:35:02.825+0000] {dag.py:4180} INFO - Setting next_dagrun for example_nested_branch_dag to 2024-12-25 00:00:00+00:00, run_after=2024-12-26 00:00:00+00:00
[2024-12-26T14:35:02.840+0000] {processor.py:208} INFO - Processing /home/airflow/.local/lib/python3.12/site-packages/airflow/example_dags/example_nested_branch_dag.py took 0.099 seconds
[2024-12-26T14:35:34.418+0000] {processor.py:186} INFO - Started process (PID=2574) to work on /home/airflow/.local/lib/python3.12/site-packages/airflow/example_dags/example_nested_branch_dag.py
[2024-12-26T14:35:34.419+0000] {processor.py:914} INFO - Processing file /home/airflow/.local/lib/python3.12/site-packages/airflow/example_dags/example_nested_branch_dag.py for tasks to queue
[2024-12-26T14:35:34.423+0000] {logging_mixin.py:190} INFO - [2024-12-26T14:35:34.422+0000] {dagbag.py:588} INFO - Filling up the DagBag from /home/airflow/.local/lib/python3.12/site-packages/airflow/example_dags/example_nested_branch_dag.py
[2024-12-26T14:35:34.437+0000] {processor.py:925} INFO - DAG(s) 'example_nested_branch_dag' retrieved from /home/airflow/.local/lib/python3.12/site-packages/airflow/example_dags/example_nested_branch_dag.py
[2024-12-26T14:35:34.467+0000] {logging_mixin.py:190} INFO - [2024-12-26T14:35:34.467+0000] {dag.py:3239} INFO - Sync 1 DAGs
[2024-12-26T14:35:34.509+0000] {logging_mixin.py:190} INFO - [2024-12-26T14:35:34.509+0000] {dag.py:4180} INFO - Setting next_dagrun for example_nested_branch_dag to 2024-12-25 00:00:00+00:00, run_after=2024-12-26 00:00:00+00:00
[2024-12-26T14:35:34.528+0000] {processor.py:208} INFO - Processing /home/airflow/.local/lib/python3.12/site-packages/airflow/example_dags/example_nested_branch_dag.py took 0.123 seconds
[2024-12-26T14:36:05.873+0000] {processor.py:186} INFO - Started process (PID=2865) to work on /home/airflow/.local/lib/python3.12/site-packages/airflow/example_dags/example_nested_branch_dag.py
[2024-12-26T14:36:05.874+0000] {processor.py:914} INFO - Processing file /home/airflow/.local/lib/python3.12/site-packages/airflow/example_dags/example_nested_branch_dag.py for tasks to queue
[2024-12-26T14:36:05.877+0000] {logging_mixin.py:190} INFO - [2024-12-26T14:36:05.877+0000] {dagbag.py:588} INFO - Filling up the DagBag from /home/airflow/.local/lib/python3.12/site-packages/airflow/example_dags/example_nested_branch_dag.py
[2024-12-26T14:36:05.889+0000] {processor.py:925} INFO - DAG(s) 'example_nested_branch_dag' retrieved from /home/airflow/.local/lib/python3.12/site-packages/airflow/example_dags/example_nested_branch_dag.py
[2024-12-26T14:36:05.918+0000] {logging_mixin.py:190} INFO - [2024-12-26T14:36:05.918+0000] {dag.py:3239} INFO - Sync 1 DAGs
[2024-12-26T14:36:05.944+0000] {logging_mixin.py:190} INFO - [2024-12-26T14:36:05.944+0000] {dag.py:4180} INFO - Setting next_dagrun for example_nested_branch_dag to 2024-12-25 00:00:00+00:00, run_after=2024-12-26 00:00:00+00:00
[2024-12-26T14:36:05.965+0000] {processor.py:208} INFO - Processing /home/airflow/.local/lib/python3.12/site-packages/airflow/example_dags/example_nested_branch_dag.py took 0.102 seconds
[2024-12-26T14:36:36.635+0000] {processor.py:186} INFO - Started process (PID=3154) to work on /home/airflow/.local/lib/python3.12/site-packages/airflow/example_dags/example_nested_branch_dag.py
[2024-12-26T14:36:36.636+0000] {processor.py:914} INFO - Processing file /home/airflow/.local/lib/python3.12/site-packages/airflow/example_dags/example_nested_branch_dag.py for tasks to queue
[2024-12-26T14:36:36.639+0000] {logging_mixin.py:190} INFO - [2024-12-26T14:36:36.638+0000] {dagbag.py:588} INFO - Filling up the DagBag from /home/airflow/.local/lib/python3.12/site-packages/airflow/example_dags/example_nested_branch_dag.py
[2024-12-26T14:36:36.652+0000] {processor.py:925} INFO - DAG(s) 'example_nested_branch_dag' retrieved from /home/airflow/.local/lib/python3.12/site-packages/airflow/example_dags/example_nested_branch_dag.py
[2024-12-26T14:36:36.692+0000] {logging_mixin.py:190} INFO - [2024-12-26T14:36:36.692+0000] {dag.py:3239} INFO - Sync 1 DAGs
[2024-12-26T14:36:36.719+0000] {logging_mixin.py:190} INFO - [2024-12-26T14:36:36.719+0000] {dag.py:4180} INFO - Setting next_dagrun for example_nested_branch_dag to 2024-12-25 00:00:00+00:00, run_after=2024-12-26 00:00:00+00:00
[2024-12-26T14:36:36.736+0000] {processor.py:208} INFO - Processing /home/airflow/.local/lib/python3.12/site-packages/airflow/example_dags/example_nested_branch_dag.py took 0.113 seconds
[2024-12-26T14:37:07.509+0000] {processor.py:186} INFO - Started process (PID=3445) to work on /home/airflow/.local/lib/python3.12/site-packages/airflow/example_dags/example_nested_branch_dag.py
[2024-12-26T14:37:07.511+0000] {processor.py:914} INFO - Processing file /home/airflow/.local/lib/python3.12/site-packages/airflow/example_dags/example_nested_branch_dag.py for tasks to queue
[2024-12-26T14:37:07.513+0000] {logging_mixin.py:190} INFO - [2024-12-26T14:37:07.513+0000] {dagbag.py:588} INFO - Filling up the DagBag from /home/airflow/.local/lib/python3.12/site-packages/airflow/example_dags/example_nested_branch_dag.py
[2024-12-26T14:37:07.526+0000] {processor.py:925} INFO - DAG(s) 'example_nested_branch_dag' retrieved from /home/airflow/.local/lib/python3.12/site-packages/airflow/example_dags/example_nested_branch_dag.py
[2024-12-26T14:37:07.569+0000] {logging_mixin.py:190} INFO - [2024-12-26T14:37:07.568+0000] {dag.py:3239} INFO - Sync 1 DAGs
[2024-12-26T14:37:07.597+0000] {logging_mixin.py:190} INFO - [2024-12-26T14:37:07.597+0000] {dag.py:4180} INFO - Setting next_dagrun for example_nested_branch_dag to 2024-12-25 00:00:00+00:00, run_after=2024-12-26 00:00:00+00:00
[2024-12-26T14:37:07.613+0000] {processor.py:208} INFO - Processing /home/airflow/.local/lib/python3.12/site-packages/airflow/example_dags/example_nested_branch_dag.py took 0.117 seconds
[2024-12-26T14:37:38.512+0000] {processor.py:186} INFO - Started process (PID=3736) to work on /home/airflow/.local/lib/python3.12/site-packages/airflow/example_dags/example_nested_branch_dag.py
[2024-12-26T14:37:38.514+0000] {processor.py:914} INFO - Processing file /home/airflow/.local/lib/python3.12/site-packages/airflow/example_dags/example_nested_branch_dag.py for tasks to queue
[2024-12-26T14:37:38.517+0000] {logging_mixin.py:190} INFO - [2024-12-26T14:37:38.516+0000] {dagbag.py:588} INFO - Filling up the DagBag from /home/airflow/.local/lib/python3.12/site-packages/airflow/example_dags/example_nested_branch_dag.py
[2024-12-26T14:37:38.530+0000] {processor.py:925} INFO - DAG(s) 'example_nested_branch_dag' retrieved from /home/airflow/.local/lib/python3.12/site-packages/airflow/example_dags/example_nested_branch_dag.py
[2024-12-26T14:37:38.557+0000] {logging_mixin.py:190} INFO - [2024-12-26T14:37:38.557+0000] {dag.py:3239} INFO - Sync 1 DAGs
[2024-12-26T14:37:38.583+0000] {logging_mixin.py:190} INFO - [2024-12-26T14:37:38.582+0000] {dag.py:4180} INFO - Setting next_dagrun for example_nested_branch_dag to 2024-12-25 00:00:00+00:00, run_after=2024-12-26 00:00:00+00:00
[2024-12-26T14:37:38.599+0000] {processor.py:208} INFO - Processing /home/airflow/.local/lib/python3.12/site-packages/airflow/example_dags/example_nested_branch_dag.py took 0.099 seconds
[2024-12-26T14:38:09.577+0000] {processor.py:186} INFO - Started process (PID=4029) to work on /home/airflow/.local/lib/python3.12/site-packages/airflow/example_dags/example_nested_branch_dag.py
[2024-12-26T14:38:09.606+0000] {processor.py:914} INFO - Processing file /home/airflow/.local/lib/python3.12/site-packages/airflow/example_dags/example_nested_branch_dag.py for tasks to queue
[2024-12-26T14:38:09.612+0000] {logging_mixin.py:190} INFO - [2024-12-26T14:38:09.611+0000] {dagbag.py:588} INFO - Filling up the DagBag from /home/airflow/.local/lib/python3.12/site-packages/airflow/example_dags/example_nested_branch_dag.py
[2024-12-26T14:38:09.634+0000] {processor.py:925} INFO - DAG(s) 'example_nested_branch_dag' retrieved from /home/airflow/.local/lib/python3.12/site-packages/airflow/example_dags/example_nested_branch_dag.py
[2024-12-26T14:38:09.676+0000] {logging_mixin.py:190} INFO - [2024-12-26T14:38:09.676+0000] {dag.py:3239} INFO - Sync 1 DAGs
[2024-12-26T14:38:09.708+0000] {logging_mixin.py:190} INFO - [2024-12-26T14:38:09.708+0000] {dag.py:4180} INFO - Setting next_dagrun for example_nested_branch_dag to 2024-12-25 00:00:00+00:00, run_after=2024-12-26 00:00:00+00:00
[2024-12-26T14:38:09.724+0000] {processor.py:208} INFO - Processing /home/airflow/.local/lib/python3.12/site-packages/airflow/example_dags/example_nested_branch_dag.py took 0.158 seconds
