[2024-12-26T14:31:56.205+0000] {processor.py:186} INFO - Started process (PID=464) to work on /home/airflow/.local/lib/python3.12/site-packages/airflow/example_dags/example_inlet_event_extra.py
[2024-12-26T14:31:56.205+0000] {processor.py:914} INFO - Processing file /home/airflow/.local/lib/python3.12/site-packages/airflow/example_dags/example_inlet_event_extra.py for tasks to queue
[2024-12-26T14:31:56.208+0000] {logging_mixin.py:190} INFO - [2024-12-26T14:31:56.207+0000] {dagbag.py:588} INFO - Filling up the DagBag from /home/airflow/.local/lib/python3.12/site-packages/airflow/example_dags/example_inlet_event_extra.py
[2024-12-26T14:31:56.748+0000] {processor.py:925} INFO - DAG(s) 'read_dataset_event_from_classic', 'read_dataset_event' retrieved from /home/airflow/.local/lib/python3.12/site-packages/airflow/example_dags/example_inlet_event_extra.py
[2024-12-26T14:31:56.903+0000] {logging_mixin.py:190} INFO - [2024-12-26T14:31:56.903+0000] {dag.py:3239} INFO - Sync 2 DAGs
[2024-12-26T14:31:56.931+0000] {logging_mixin.py:190} INFO - [2024-12-26T14:31:56.930+0000] {dag.py:4180} INFO - Setting next_dagrun for read_dataset_event to 2024-12-25 00:00:00+00:00, run_after=2024-12-26 00:00:00+00:00
[2024-12-26T14:31:56.935+0000] {logging_mixin.py:190} INFO - [2024-12-26T14:31:56.935+0000] {dag.py:4180} INFO - Setting next_dagrun for read_dataset_event_from_classic to 2024-12-25 00:00:00+00:00, run_after=2024-12-26 00:00:00+00:00
[2024-12-26T14:31:56.951+0000] {processor.py:208} INFO - Processing /home/airflow/.local/lib/python3.12/site-packages/airflow/example_dags/example_inlet_event_extra.py took 0.753 seconds
[2024-12-26T14:32:27.109+0000] {processor.py:186} INFO - Started process (PID=782) to work on /home/airflow/.local/lib/python3.12/site-packages/airflow/example_dags/example_inlet_event_extra.py
[2024-12-26T14:32:27.110+0000] {processor.py:914} INFO - Processing file /home/airflow/.local/lib/python3.12/site-packages/airflow/example_dags/example_inlet_event_extra.py for tasks to queue
[2024-12-26T14:32:27.113+0000] {logging_mixin.py:190} INFO - [2024-12-26T14:32:27.113+0000] {dagbag.py:588} INFO - Filling up the DagBag from /home/airflow/.local/lib/python3.12/site-packages/airflow/example_dags/example_inlet_event_extra.py
[2024-12-26T14:32:27.641+0000] {processor.py:925} INFO - DAG(s) 'read_dataset_event_from_classic', 'read_dataset_event' retrieved from /home/airflow/.local/lib/python3.12/site-packages/airflow/example_dags/example_inlet_event_extra.py
[2024-12-26T14:32:27.667+0000] {logging_mixin.py:190} INFO - [2024-12-26T14:32:27.667+0000] {dag.py:3239} INFO - Sync 2 DAGs
[2024-12-26T14:32:27.693+0000] {logging_mixin.py:190} INFO - [2024-12-26T14:32:27.693+0000] {dag.py:4180} INFO - Setting next_dagrun for read_dataset_event to 2024-12-25 00:00:00+00:00, run_after=2024-12-26 00:00:00+00:00
[2024-12-26T14:32:27.701+0000] {logging_mixin.py:190} INFO - [2024-12-26T14:32:27.701+0000] {dag.py:4180} INFO - Setting next_dagrun for read_dataset_event_from_classic to 2024-12-25 00:00:00+00:00, run_after=2024-12-26 00:00:00+00:00
[2024-12-26T14:32:27.724+0000] {processor.py:208} INFO - Processing /home/airflow/.local/lib/python3.12/site-packages/airflow/example_dags/example_inlet_event_extra.py took 0.627 seconds
[2024-12-26T14:32:58.536+0000] {processor.py:186} INFO - Started process (PID=1128) to work on /home/airflow/.local/lib/python3.12/site-packages/airflow/example_dags/example_inlet_event_extra.py
[2024-12-26T14:32:58.537+0000] {processor.py:914} INFO - Processing file /home/airflow/.local/lib/python3.12/site-packages/airflow/example_dags/example_inlet_event_extra.py for tasks to queue
[2024-12-26T14:32:58.541+0000] {logging_mixin.py:190} INFO - [2024-12-26T14:32:58.540+0000] {dagbag.py:588} INFO - Filling up the DagBag from /home/airflow/.local/lib/python3.12/site-packages/airflow/example_dags/example_inlet_event_extra.py
[2024-12-26T14:32:59.071+0000] {processor.py:925} INFO - DAG(s) 'read_dataset_event_from_classic', 'read_dataset_event' retrieved from /home/airflow/.local/lib/python3.12/site-packages/airflow/example_dags/example_inlet_event_extra.py
[2024-12-26T14:32:59.108+0000] {logging_mixin.py:190} INFO - [2024-12-26T14:32:59.107+0000] {dag.py:3239} INFO - Sync 2 DAGs
[2024-12-26T14:32:59.140+0000] {logging_mixin.py:190} INFO - [2024-12-26T14:32:59.140+0000] {dag.py:4180} INFO - Setting next_dagrun for read_dataset_event to 2024-12-25 00:00:00+00:00, run_after=2024-12-26 00:00:00+00:00
[2024-12-26T14:32:59.146+0000] {logging_mixin.py:190} INFO - [2024-12-26T14:32:59.145+0000] {dag.py:4180} INFO - Setting next_dagrun for read_dataset_event_from_classic to 2024-12-25 00:00:00+00:00, run_after=2024-12-26 00:00:00+00:00
[2024-12-26T14:32:59.161+0000] {processor.py:208} INFO - Processing /home/airflow/.local/lib/python3.12/site-packages/airflow/example_dags/example_inlet_event_extra.py took 0.637 seconds
[2024-12-26T14:33:29.460+0000] {processor.py:186} INFO - Started process (PID=1465) to work on /home/airflow/.local/lib/python3.12/site-packages/airflow/example_dags/example_inlet_event_extra.py
[2024-12-26T14:33:29.462+0000] {processor.py:914} INFO - Processing file /home/airflow/.local/lib/python3.12/site-packages/airflow/example_dags/example_inlet_event_extra.py for tasks to queue
[2024-12-26T14:33:29.466+0000] {logging_mixin.py:190} INFO - [2024-12-26T14:33:29.465+0000] {dagbag.py:588} INFO - Filling up the DagBag from /home/airflow/.local/lib/python3.12/site-packages/airflow/example_dags/example_inlet_event_extra.py
[2024-12-26T14:33:30.000+0000] {processor.py:925} INFO - DAG(s) 'read_dataset_event', 'read_dataset_event_from_classic' retrieved from /home/airflow/.local/lib/python3.12/site-packages/airflow/example_dags/example_inlet_event_extra.py
[2024-12-26T14:33:30.028+0000] {logging_mixin.py:190} INFO - [2024-12-26T14:33:30.027+0000] {dag.py:3239} INFO - Sync 2 DAGs
[2024-12-26T14:33:30.057+0000] {logging_mixin.py:190} INFO - [2024-12-26T14:33:30.056+0000] {dag.py:4180} INFO - Setting next_dagrun for read_dataset_event to 2024-12-25 00:00:00+00:00, run_after=2024-12-26 00:00:00+00:00
[2024-12-26T14:33:30.061+0000] {logging_mixin.py:190} INFO - [2024-12-26T14:33:30.061+0000] {dag.py:4180} INFO - Setting next_dagrun for read_dataset_event_from_classic to 2024-12-25 00:00:00+00:00, run_after=2024-12-26 00:00:00+00:00
[2024-12-26T14:33:30.075+0000] {processor.py:208} INFO - Processing /home/airflow/.local/lib/python3.12/site-packages/airflow/example_dags/example_inlet_event_extra.py took 0.627 seconds
[2024-12-26T14:34:00.770+0000] {processor.py:186} INFO - Started process (PID=1756) to work on /home/airflow/.local/lib/python3.12/site-packages/airflow/example_dags/example_inlet_event_extra.py
[2024-12-26T14:34:00.771+0000] {processor.py:914} INFO - Processing file /home/airflow/.local/lib/python3.12/site-packages/airflow/example_dags/example_inlet_event_extra.py for tasks to queue
[2024-12-26T14:34:00.774+0000] {logging_mixin.py:190} INFO - [2024-12-26T14:34:00.774+0000] {dagbag.py:588} INFO - Filling up the DagBag from /home/airflow/.local/lib/python3.12/site-packages/airflow/example_dags/example_inlet_event_extra.py
[2024-12-26T14:34:01.307+0000] {processor.py:925} INFO - DAG(s) 'read_dataset_event_from_classic', 'read_dataset_event' retrieved from /home/airflow/.local/lib/python3.12/site-packages/airflow/example_dags/example_inlet_event_extra.py
[2024-12-26T14:34:01.345+0000] {logging_mixin.py:190} INFO - [2024-12-26T14:34:01.345+0000] {dag.py:3239} INFO - Sync 2 DAGs
[2024-12-26T14:34:01.379+0000] {logging_mixin.py:190} INFO - [2024-12-26T14:34:01.379+0000] {dag.py:4180} INFO - Setting next_dagrun for read_dataset_event to 2024-12-25 00:00:00+00:00, run_after=2024-12-26 00:00:00+00:00
[2024-12-26T14:34:01.384+0000] {logging_mixin.py:190} INFO - [2024-12-26T14:34:01.384+0000] {dag.py:4180} INFO - Setting next_dagrun for read_dataset_event_from_classic to 2024-12-25 00:00:00+00:00, run_after=2024-12-26 00:00:00+00:00
[2024-12-26T14:34:01.402+0000] {processor.py:208} INFO - Processing /home/airflow/.local/lib/python3.12/site-packages/airflow/example_dags/example_inlet_event_extra.py took 0.645 seconds
[2024-12-26T14:34:31.919+0000] {processor.py:186} INFO - Started process (PID=2015) to work on /home/airflow/.local/lib/python3.12/site-packages/airflow/example_dags/example_inlet_event_extra.py
[2024-12-26T14:34:31.921+0000] {processor.py:914} INFO - Processing file /home/airflow/.local/lib/python3.12/site-packages/airflow/example_dags/example_inlet_event_extra.py for tasks to queue
[2024-12-26T14:34:31.924+0000] {logging_mixin.py:190} INFO - [2024-12-26T14:34:31.923+0000] {dagbag.py:588} INFO - Filling up the DagBag from /home/airflow/.local/lib/python3.12/site-packages/airflow/example_dags/example_inlet_event_extra.py
[2024-12-26T14:34:32.448+0000] {processor.py:925} INFO - DAG(s) 'read_dataset_event', 'read_dataset_event_from_classic' retrieved from /home/airflow/.local/lib/python3.12/site-packages/airflow/example_dags/example_inlet_event_extra.py
[2024-12-26T14:34:32.475+0000] {logging_mixin.py:190} INFO - [2024-12-26T14:34:32.475+0000] {dag.py:3239} INFO - Sync 2 DAGs
[2024-12-26T14:34:32.502+0000] {logging_mixin.py:190} INFO - [2024-12-26T14:34:32.502+0000] {dag.py:4180} INFO - Setting next_dagrun for read_dataset_event to 2024-12-25 00:00:00+00:00, run_after=2024-12-26 00:00:00+00:00
[2024-12-26T14:34:32.507+0000] {logging_mixin.py:190} INFO - [2024-12-26T14:34:32.507+0000] {dag.py:4180} INFO - Setting next_dagrun for read_dataset_event_from_classic to 2024-12-25 00:00:00+00:00, run_after=2024-12-26 00:00:00+00:00
[2024-12-26T14:34:32.522+0000] {processor.py:208} INFO - Processing /home/airflow/.local/lib/python3.12/site-packages/airflow/example_dags/example_inlet_event_extra.py took 0.615 seconds
[2024-12-26T14:35:03.273+0000] {processor.py:186} INFO - Started process (PID=2306) to work on /home/airflow/.local/lib/python3.12/site-packages/airflow/example_dags/example_inlet_event_extra.py
[2024-12-26T14:35:03.286+0000] {processor.py:914} INFO - Processing file /home/airflow/.local/lib/python3.12/site-packages/airflow/example_dags/example_inlet_event_extra.py for tasks to queue
[2024-12-26T14:35:03.291+0000] {logging_mixin.py:190} INFO - [2024-12-26T14:35:03.291+0000] {dagbag.py:588} INFO - Filling up the DagBag from /home/airflow/.local/lib/python3.12/site-packages/airflow/example_dags/example_inlet_event_extra.py
[2024-12-26T14:35:03.835+0000] {processor.py:925} INFO - DAG(s) 'read_dataset_event', 'read_dataset_event_from_classic' retrieved from /home/airflow/.local/lib/python3.12/site-packages/airflow/example_dags/example_inlet_event_extra.py
[2024-12-26T14:35:03.873+0000] {logging_mixin.py:190} INFO - [2024-12-26T14:35:03.872+0000] {dag.py:3239} INFO - Sync 2 DAGs
[2024-12-26T14:35:03.911+0000] {logging_mixin.py:190} INFO - [2024-12-26T14:35:03.910+0000] {dag.py:4180} INFO - Setting next_dagrun for read_dataset_event to 2024-12-25 00:00:00+00:00, run_after=2024-12-26 00:00:00+00:00
[2024-12-26T14:35:03.915+0000] {logging_mixin.py:190} INFO - [2024-12-26T14:35:03.915+0000] {dag.py:4180} INFO - Setting next_dagrun for read_dataset_event_from_classic to 2024-12-25 00:00:00+00:00, run_after=2024-12-26 00:00:00+00:00
[2024-12-26T14:35:03.929+0000] {processor.py:208} INFO - Processing /home/airflow/.local/lib/python3.12/site-packages/airflow/example_dags/example_inlet_event_extra.py took 0.668 seconds
[2024-12-26T14:35:34.909+0000] {processor.py:186} INFO - Started process (PID=2597) to work on /home/airflow/.local/lib/python3.12/site-packages/airflow/example_dags/example_inlet_event_extra.py
[2024-12-26T14:35:34.910+0000] {processor.py:914} INFO - Processing file /home/airflow/.local/lib/python3.12/site-packages/airflow/example_dags/example_inlet_event_extra.py for tasks to queue
[2024-12-26T14:35:34.912+0000] {logging_mixin.py:190} INFO - [2024-12-26T14:35:34.912+0000] {dagbag.py:588} INFO - Filling up the DagBag from /home/airflow/.local/lib/python3.12/site-packages/airflow/example_dags/example_inlet_event_extra.py
[2024-12-26T14:35:35.439+0000] {processor.py:925} INFO - DAG(s) 'read_dataset_event', 'read_dataset_event_from_classic' retrieved from /home/airflow/.local/lib/python3.12/site-packages/airflow/example_dags/example_inlet_event_extra.py
[2024-12-26T14:35:35.475+0000] {logging_mixin.py:190} INFO - [2024-12-26T14:35:35.475+0000] {dag.py:3239} INFO - Sync 2 DAGs
[2024-12-26T14:35:35.511+0000] {logging_mixin.py:190} INFO - [2024-12-26T14:35:35.510+0000] {dag.py:4180} INFO - Setting next_dagrun for read_dataset_event to 2024-12-25 00:00:00+00:00, run_after=2024-12-26 00:00:00+00:00
[2024-12-26T14:35:35.516+0000] {logging_mixin.py:190} INFO - [2024-12-26T14:35:35.515+0000] {dag.py:4180} INFO - Setting next_dagrun for read_dataset_event_from_classic to 2024-12-25 00:00:00+00:00, run_after=2024-12-26 00:00:00+00:00
[2024-12-26T14:35:35.536+0000] {processor.py:208} INFO - Processing /home/airflow/.local/lib/python3.12/site-packages/airflow/example_dags/example_inlet_event_extra.py took 0.642 seconds
[2024-12-26T14:36:06.487+0000] {processor.py:186} INFO - Started process (PID=2888) to work on /home/airflow/.local/lib/python3.12/site-packages/airflow/example_dags/example_inlet_event_extra.py
[2024-12-26T14:36:06.504+0000] {processor.py:914} INFO - Processing file /home/airflow/.local/lib/python3.12/site-packages/airflow/example_dags/example_inlet_event_extra.py for tasks to queue
[2024-12-26T14:36:06.508+0000] {logging_mixin.py:190} INFO - [2024-12-26T14:36:06.507+0000] {dagbag.py:588} INFO - Filling up the DagBag from /home/airflow/.local/lib/python3.12/site-packages/airflow/example_dags/example_inlet_event_extra.py
[2024-12-26T14:36:07.063+0000] {processor.py:925} INFO - DAG(s) 'read_dataset_event_from_classic', 'read_dataset_event' retrieved from /home/airflow/.local/lib/python3.12/site-packages/airflow/example_dags/example_inlet_event_extra.py
[2024-12-26T14:36:07.090+0000] {logging_mixin.py:190} INFO - [2024-12-26T14:36:07.089+0000] {dag.py:3239} INFO - Sync 2 DAGs
[2024-12-26T14:36:07.118+0000] {logging_mixin.py:190} INFO - [2024-12-26T14:36:07.118+0000] {dag.py:4180} INFO - Setting next_dagrun for read_dataset_event to 2024-12-25 00:00:00+00:00, run_after=2024-12-26 00:00:00+00:00
[2024-12-26T14:36:07.123+0000] {logging_mixin.py:190} INFO - [2024-12-26T14:36:07.123+0000] {dag.py:4180} INFO - Setting next_dagrun for read_dataset_event_from_classic to 2024-12-25 00:00:00+00:00, run_after=2024-12-26 00:00:00+00:00
[2024-12-26T14:36:07.142+0000] {processor.py:208} INFO - Processing /home/airflow/.local/lib/python3.12/site-packages/airflow/example_dags/example_inlet_event_extra.py took 0.668 seconds
[2024-12-26T14:36:37.271+0000] {processor.py:186} INFO - Started process (PID=3189) to work on /home/airflow/.local/lib/python3.12/site-packages/airflow/example_dags/example_inlet_event_extra.py
[2024-12-26T14:36:37.285+0000] {processor.py:914} INFO - Processing file /home/airflow/.local/lib/python3.12/site-packages/airflow/example_dags/example_inlet_event_extra.py for tasks to queue
[2024-12-26T14:36:37.289+0000] {logging_mixin.py:190} INFO - [2024-12-26T14:36:37.288+0000] {dagbag.py:588} INFO - Filling up the DagBag from /home/airflow/.local/lib/python3.12/site-packages/airflow/example_dags/example_inlet_event_extra.py
[2024-12-26T14:36:37.834+0000] {processor.py:925} INFO - DAG(s) 'read_dataset_event', 'read_dataset_event_from_classic' retrieved from /home/airflow/.local/lib/python3.12/site-packages/airflow/example_dags/example_inlet_event_extra.py
[2024-12-26T14:36:37.858+0000] {logging_mixin.py:190} INFO - [2024-12-26T14:36:37.858+0000] {dag.py:3239} INFO - Sync 2 DAGs
[2024-12-26T14:36:37.885+0000] {logging_mixin.py:190} INFO - [2024-12-26T14:36:37.884+0000] {dag.py:4180} INFO - Setting next_dagrun for read_dataset_event to 2024-12-25 00:00:00+00:00, run_after=2024-12-26 00:00:00+00:00
[2024-12-26T14:36:37.890+0000] {logging_mixin.py:190} INFO - [2024-12-26T14:36:37.890+0000] {dag.py:4180} INFO - Setting next_dagrun for read_dataset_event_from_classic to 2024-12-25 00:00:00+00:00, run_after=2024-12-26 00:00:00+00:00
[2024-12-26T14:36:37.904+0000] {processor.py:208} INFO - Processing /home/airflow/.local/lib/python3.12/site-packages/airflow/example_dags/example_inlet_event_extra.py took 0.645 seconds
[2024-12-26T14:37:08.206+0000] {processor.py:186} INFO - Started process (PID=3490) to work on /home/airflow/.local/lib/python3.12/site-packages/airflow/example_dags/example_inlet_event_extra.py
[2024-12-26T14:37:08.224+0000] {processor.py:914} INFO - Processing file /home/airflow/.local/lib/python3.12/site-packages/airflow/example_dags/example_inlet_event_extra.py for tasks to queue
[2024-12-26T14:37:08.229+0000] {logging_mixin.py:190} INFO - [2024-12-26T14:37:08.229+0000] {dagbag.py:588} INFO - Filling up the DagBag from /home/airflow/.local/lib/python3.12/site-packages/airflow/example_dags/example_inlet_event_extra.py
[2024-12-26T14:37:08.800+0000] {processor.py:925} INFO - DAG(s) 'read_dataset_event_from_classic', 'read_dataset_event' retrieved from /home/airflow/.local/lib/python3.12/site-packages/airflow/example_dags/example_inlet_event_extra.py
[2024-12-26T14:37:08.841+0000] {logging_mixin.py:190} INFO - [2024-12-26T14:37:08.841+0000] {dag.py:3239} INFO - Sync 2 DAGs
[2024-12-26T14:37:08.873+0000] {logging_mixin.py:190} INFO - [2024-12-26T14:37:08.872+0000] {dag.py:4180} INFO - Setting next_dagrun for read_dataset_event to 2024-12-25 00:00:00+00:00, run_after=2024-12-26 00:00:00+00:00
[2024-12-26T14:37:08.878+0000] {logging_mixin.py:190} INFO - [2024-12-26T14:37:08.878+0000] {dag.py:4180} INFO - Setting next_dagrun for read_dataset_event_from_classic to 2024-12-25 00:00:00+00:00, run_after=2024-12-26 00:00:00+00:00
[2024-12-26T14:37:08.892+0000] {processor.py:208} INFO - Processing /home/airflow/.local/lib/python3.12/site-packages/airflow/example_dags/example_inlet_event_extra.py took 0.699 seconds
[2024-12-26T14:37:39.148+0000] {processor.py:186} INFO - Started process (PID=3781) to work on /home/airflow/.local/lib/python3.12/site-packages/airflow/example_dags/example_inlet_event_extra.py
[2024-12-26T14:37:39.150+0000] {processor.py:914} INFO - Processing file /home/airflow/.local/lib/python3.12/site-packages/airflow/example_dags/example_inlet_event_extra.py for tasks to queue
[2024-12-26T14:37:39.153+0000] {logging_mixin.py:190} INFO - [2024-12-26T14:37:39.152+0000] {dagbag.py:588} INFO - Filling up the DagBag from /home/airflow/.local/lib/python3.12/site-packages/airflow/example_dags/example_inlet_event_extra.py
[2024-12-26T14:37:39.692+0000] {processor.py:925} INFO - DAG(s) 'read_dataset_event', 'read_dataset_event_from_classic' retrieved from /home/airflow/.local/lib/python3.12/site-packages/airflow/example_dags/example_inlet_event_extra.py
[2024-12-26T14:37:39.726+0000] {logging_mixin.py:190} INFO - [2024-12-26T14:37:39.726+0000] {dag.py:3239} INFO - Sync 2 DAGs
[2024-12-26T14:37:39.760+0000] {logging_mixin.py:190} INFO - [2024-12-26T14:37:39.760+0000] {dag.py:4180} INFO - Setting next_dagrun for read_dataset_event to 2024-12-25 00:00:00+00:00, run_after=2024-12-26 00:00:00+00:00
[2024-12-26T14:37:39.765+0000] {logging_mixin.py:190} INFO - [2024-12-26T14:37:39.765+0000] {dag.py:4180} INFO - Setting next_dagrun for read_dataset_event_from_classic to 2024-12-25 00:00:00+00:00, run_after=2024-12-26 00:00:00+00:00
[2024-12-26T14:37:39.780+0000] {processor.py:208} INFO - Processing /home/airflow/.local/lib/python3.12/site-packages/airflow/example_dags/example_inlet_event_extra.py took 0.645 seconds
[2024-12-26T14:38:10.414+0000] {processor.py:186} INFO - Started process (PID=4072) to work on /home/airflow/.local/lib/python3.12/site-packages/airflow/example_dags/example_inlet_event_extra.py
[2024-12-26T14:38:10.415+0000] {processor.py:914} INFO - Processing file /home/airflow/.local/lib/python3.12/site-packages/airflow/example_dags/example_inlet_event_extra.py for tasks to queue
[2024-12-26T14:38:10.418+0000] {logging_mixin.py:190} INFO - [2024-12-26T14:38:10.418+0000] {dagbag.py:588} INFO - Filling up the DagBag from /home/airflow/.local/lib/python3.12/site-packages/airflow/example_dags/example_inlet_event_extra.py
[2024-12-26T14:38:10.947+0000] {processor.py:925} INFO - DAG(s) 'read_dataset_event_from_classic', 'read_dataset_event' retrieved from /home/airflow/.local/lib/python3.12/site-packages/airflow/example_dags/example_inlet_event_extra.py
[2024-12-26T14:38:10.986+0000] {logging_mixin.py:190} INFO - [2024-12-26T14:38:10.985+0000] {dag.py:3239} INFO - Sync 2 DAGs
[2024-12-26T14:38:11.017+0000] {logging_mixin.py:190} INFO - [2024-12-26T14:38:11.017+0000] {dag.py:4180} INFO - Setting next_dagrun for read_dataset_event to 2024-12-25 00:00:00+00:00, run_after=2024-12-26 00:00:00+00:00
[2024-12-26T14:38:11.022+0000] {logging_mixin.py:190} INFO - [2024-12-26T14:38:11.022+0000] {dag.py:4180} INFO - Setting next_dagrun for read_dataset_event_from_classic to 2024-12-25 00:00:00+00:00, run_after=2024-12-26 00:00:00+00:00
[2024-12-26T14:38:11.039+0000] {processor.py:208} INFO - Processing /home/airflow/.local/lib/python3.12/site-packages/airflow/example_dags/example_inlet_event_extra.py took 0.639 seconds
