[2024-12-26T14:31:55.312+0000] {processor.py:186} INFO - Started process (PID=429) to work on /home/airflow/.local/lib/python3.12/site-packages/airflow/example_dags/example_complex.py
[2024-12-26T14:31:55.313+0000] {processor.py:914} INFO - Processing file /home/airflow/.local/lib/python3.12/site-packages/airflow/example_dags/example_complex.py for tasks to queue
[2024-12-26T14:31:55.316+0000] {logging_mixin.py:190} INFO - [2024-12-26T14:31:55.315+0000] {dagbag.py:588} INFO - Filling up the DagBag from /home/airflow/.local/lib/python3.12/site-packages/airflow/example_dags/example_complex.py
[2024-12-26T14:31:55.331+0000] {processor.py:925} INFO - DAG(s) 'example_complex' retrieved from /home/airflow/.local/lib/python3.12/site-packages/airflow/example_dags/example_complex.py
[2024-12-26T14:31:55.462+0000] {logging_mixin.py:190} INFO - [2024-12-26T14:31:55.461+0000] {dag.py:3239} INFO - Sync 1 DAGs
[2024-12-26T14:31:55.476+0000] {logging_mixin.py:190} INFO - [2024-12-26T14:31:55.476+0000] {dag.py:4180} INFO - Setting next_dagrun for example_complex to None, run_after=None
[2024-12-26T14:31:55.495+0000] {processor.py:208} INFO - Processing /home/airflow/.local/lib/python3.12/site-packages/airflow/example_dags/example_complex.py took 0.194 seconds
[2024-12-26T14:32:26.253+0000] {processor.py:186} INFO - Started process (PID=720) to work on /home/airflow/.local/lib/python3.12/site-packages/airflow/example_dags/example_complex.py
[2024-12-26T14:32:26.254+0000] {processor.py:914} INFO - Processing file /home/airflow/.local/lib/python3.12/site-packages/airflow/example_dags/example_complex.py for tasks to queue
[2024-12-26T14:32:26.257+0000] {logging_mixin.py:190} INFO - [2024-12-26T14:32:26.257+0000] {dagbag.py:588} INFO - Filling up the DagBag from /home/airflow/.local/lib/python3.12/site-packages/airflow/example_dags/example_complex.py
[2024-12-26T14:32:26.272+0000] {processor.py:925} INFO - DAG(s) 'example_complex' retrieved from /home/airflow/.local/lib/python3.12/site-packages/airflow/example_dags/example_complex.py
[2024-12-26T14:32:26.329+0000] {logging_mixin.py:190} INFO - [2024-12-26T14:32:26.329+0000] {dag.py:3239} INFO - Sync 1 DAGs
[2024-12-26T14:32:26.346+0000] {logging_mixin.py:190} INFO - [2024-12-26T14:32:26.345+0000] {dag.py:4180} INFO - Setting next_dagrun for example_complex to None, run_after=None
[2024-12-26T14:32:26.362+0000] {processor.py:208} INFO - Processing /home/airflow/.local/lib/python3.12/site-packages/airflow/example_dags/example_complex.py took 0.122 seconds
[2024-12-26T14:32:57.472+0000] {processor.py:186} INFO - Started process (PID=1063) to work on /home/airflow/.local/lib/python3.12/site-packages/airflow/example_dags/example_complex.py
[2024-12-26T14:32:57.473+0000] {processor.py:914} INFO - Processing file /home/airflow/.local/lib/python3.12/site-packages/airflow/example_dags/example_complex.py for tasks to queue
[2024-12-26T14:32:57.476+0000] {logging_mixin.py:190} INFO - [2024-12-26T14:32:57.475+0000] {dagbag.py:588} INFO - Filling up the DagBag from /home/airflow/.local/lib/python3.12/site-packages/airflow/example_dags/example_complex.py
[2024-12-26T14:32:57.489+0000] {processor.py:925} INFO - DAG(s) 'example_complex' retrieved from /home/airflow/.local/lib/python3.12/site-packages/airflow/example_dags/example_complex.py
[2024-12-26T14:32:57.544+0000] {logging_mixin.py:190} INFO - [2024-12-26T14:32:57.543+0000] {dag.py:3239} INFO - Sync 1 DAGs
[2024-12-26T14:32:57.561+0000] {logging_mixin.py:190} INFO - [2024-12-26T14:32:57.561+0000] {dag.py:4180} INFO - Setting next_dagrun for example_complex to None, run_after=None
[2024-12-26T14:32:57.579+0000] {processor.py:208} INFO - Processing /home/airflow/.local/lib/python3.12/site-packages/airflow/example_dags/example_complex.py took 0.120 seconds
[2024-12-26T14:33:28.388+0000] {processor.py:186} INFO - Started process (PID=1398) to work on /home/airflow/.local/lib/python3.12/site-packages/airflow/example_dags/example_complex.py
[2024-12-26T14:33:28.390+0000] {processor.py:914} INFO - Processing file /home/airflow/.local/lib/python3.12/site-packages/airflow/example_dags/example_complex.py for tasks to queue
[2024-12-26T14:33:28.392+0000] {logging_mixin.py:190} INFO - [2024-12-26T14:33:28.392+0000] {dagbag.py:588} INFO - Filling up the DagBag from /home/airflow/.local/lib/python3.12/site-packages/airflow/example_dags/example_complex.py
[2024-12-26T14:33:28.407+0000] {processor.py:925} INFO - DAG(s) 'example_complex' retrieved from /home/airflow/.local/lib/python3.12/site-packages/airflow/example_dags/example_complex.py
[2024-12-26T14:33:28.448+0000] {logging_mixin.py:190} INFO - [2024-12-26T14:33:28.448+0000] {dag.py:3239} INFO - Sync 1 DAGs
[2024-12-26T14:33:28.464+0000] {logging_mixin.py:190} INFO - [2024-12-26T14:33:28.464+0000] {dag.py:4180} INFO - Setting next_dagrun for example_complex to None, run_after=None
[2024-12-26T14:33:28.482+0000] {processor.py:208} INFO - Processing /home/airflow/.local/lib/python3.12/site-packages/airflow/example_dags/example_complex.py took 0.106 seconds
[2024-12-26T14:33:59.461+0000] {processor.py:186} INFO - Started process (PID=1684) to work on /home/airflow/.local/lib/python3.12/site-packages/airflow/example_dags/example_complex.py
[2024-12-26T14:33:59.462+0000] {processor.py:914} INFO - Processing file /home/airflow/.local/lib/python3.12/site-packages/airflow/example_dags/example_complex.py for tasks to queue
[2024-12-26T14:33:59.465+0000] {logging_mixin.py:190} INFO - [2024-12-26T14:33:59.465+0000] {dagbag.py:588} INFO - Filling up the DagBag from /home/airflow/.local/lib/python3.12/site-packages/airflow/example_dags/example_complex.py
[2024-12-26T14:33:59.480+0000] {processor.py:925} INFO - DAG(s) 'example_complex' retrieved from /home/airflow/.local/lib/python3.12/site-packages/airflow/example_dags/example_complex.py
[2024-12-26T14:33:59.530+0000] {logging_mixin.py:190} INFO - [2024-12-26T14:33:59.530+0000] {dag.py:3239} INFO - Sync 1 DAGs
[2024-12-26T14:33:59.546+0000] {logging_mixin.py:190} INFO - [2024-12-26T14:33:59.546+0000] {dag.py:4180} INFO - Setting next_dagrun for example_complex to None, run_after=None
[2024-12-26T14:33:59.566+0000] {processor.py:208} INFO - Processing /home/airflow/.local/lib/python3.12/site-packages/airflow/example_dags/example_complex.py took 0.118 seconds
[2024-12-26T14:34:31.151+0000] {processor.py:186} INFO - Started process (PID=1975) to work on /home/airflow/.local/lib/python3.12/site-packages/airflow/example_dags/example_complex.py
[2024-12-26T14:34:31.157+0000] {processor.py:914} INFO - Processing file /home/airflow/.local/lib/python3.12/site-packages/airflow/example_dags/example_complex.py for tasks to queue
[2024-12-26T14:34:31.160+0000] {logging_mixin.py:190} INFO - [2024-12-26T14:34:31.159+0000] {dagbag.py:588} INFO - Filling up the DagBag from /home/airflow/.local/lib/python3.12/site-packages/airflow/example_dags/example_complex.py
[2024-12-26T14:34:31.177+0000] {processor.py:925} INFO - DAG(s) 'example_complex' retrieved from /home/airflow/.local/lib/python3.12/site-packages/airflow/example_dags/example_complex.py
[2024-12-26T14:34:31.218+0000] {logging_mixin.py:190} INFO - [2024-12-26T14:34:31.218+0000] {dag.py:3239} INFO - Sync 1 DAGs
[2024-12-26T14:34:31.234+0000] {logging_mixin.py:190} INFO - [2024-12-26T14:34:31.234+0000] {dag.py:4180} INFO - Setting next_dagrun for example_complex to None, run_after=None
[2024-12-26T14:34:31.249+0000] {processor.py:208} INFO - Processing /home/airflow/.local/lib/python3.12/site-packages/airflow/example_dags/example_complex.py took 0.111 seconds
[2024-12-26T14:35:02.501+0000] {processor.py:186} INFO - Started process (PID=2266) to work on /home/airflow/.local/lib/python3.12/site-packages/airflow/example_dags/example_complex.py
[2024-12-26T14:35:02.502+0000] {processor.py:914} INFO - Processing file /home/airflow/.local/lib/python3.12/site-packages/airflow/example_dags/example_complex.py for tasks to queue
[2024-12-26T14:35:02.505+0000] {logging_mixin.py:190} INFO - [2024-12-26T14:35:02.505+0000] {dagbag.py:588} INFO - Filling up the DagBag from /home/airflow/.local/lib/python3.12/site-packages/airflow/example_dags/example_complex.py
[2024-12-26T14:35:02.519+0000] {processor.py:925} INFO - DAG(s) 'example_complex' retrieved from /home/airflow/.local/lib/python3.12/site-packages/airflow/example_dags/example_complex.py
[2024-12-26T14:35:02.560+0000] {logging_mixin.py:190} INFO - [2024-12-26T14:35:02.560+0000] {dag.py:3239} INFO - Sync 1 DAGs
[2024-12-26T14:35:02.577+0000] {logging_mixin.py:190} INFO - [2024-12-26T14:35:02.577+0000] {dag.py:4180} INFO - Setting next_dagrun for example_complex to None, run_after=None
[2024-12-26T14:35:02.593+0000] {processor.py:208} INFO - Processing /home/airflow/.local/lib/python3.12/site-packages/airflow/example_dags/example_complex.py took 0.105 seconds
[2024-12-26T14:35:34.097+0000] {processor.py:186} INFO - Started process (PID=2557) to work on /home/airflow/.local/lib/python3.12/site-packages/airflow/example_dags/example_complex.py
[2024-12-26T14:35:34.109+0000] {processor.py:914} INFO - Processing file /home/airflow/.local/lib/python3.12/site-packages/airflow/example_dags/example_complex.py for tasks to queue
[2024-12-26T14:35:34.113+0000] {logging_mixin.py:190} INFO - [2024-12-26T14:35:34.113+0000] {dagbag.py:588} INFO - Filling up the DagBag from /home/airflow/.local/lib/python3.12/site-packages/airflow/example_dags/example_complex.py
[2024-12-26T14:35:34.137+0000] {processor.py:925} INFO - DAG(s) 'example_complex' retrieved from /home/airflow/.local/lib/python3.12/site-packages/airflow/example_dags/example_complex.py
[2024-12-26T14:35:34.180+0000] {logging_mixin.py:190} INFO - [2024-12-26T14:35:34.179+0000] {dag.py:3239} INFO - Sync 1 DAGs
[2024-12-26T14:35:34.195+0000] {logging_mixin.py:190} INFO - [2024-12-26T14:35:34.195+0000] {dag.py:4180} INFO - Setting next_dagrun for example_complex to None, run_after=None
[2024-12-26T14:35:34.219+0000] {processor.py:208} INFO - Processing /home/airflow/.local/lib/python3.12/site-packages/airflow/example_dags/example_complex.py took 0.133 seconds
[2024-12-26T14:36:05.583+0000] {processor.py:186} INFO - Started process (PID=2848) to work on /home/airflow/.local/lib/python3.12/site-packages/airflow/example_dags/example_complex.py
[2024-12-26T14:36:05.584+0000] {processor.py:914} INFO - Processing file /home/airflow/.local/lib/python3.12/site-packages/airflow/example_dags/example_complex.py for tasks to queue
[2024-12-26T14:36:05.586+0000] {logging_mixin.py:190} INFO - [2024-12-26T14:36:05.586+0000] {dagbag.py:588} INFO - Filling up the DagBag from /home/airflow/.local/lib/python3.12/site-packages/airflow/example_dags/example_complex.py
[2024-12-26T14:36:05.598+0000] {processor.py:925} INFO - DAG(s) 'example_complex' retrieved from /home/airflow/.local/lib/python3.12/site-packages/airflow/example_dags/example_complex.py
[2024-12-26T14:36:05.638+0000] {logging_mixin.py:190} INFO - [2024-12-26T14:36:05.637+0000] {dag.py:3239} INFO - Sync 1 DAGs
[2024-12-26T14:36:05.654+0000] {logging_mixin.py:190} INFO - [2024-12-26T14:36:05.653+0000] {dag.py:4180} INFO - Setting next_dagrun for example_complex to None, run_after=None
[2024-12-26T14:36:05.669+0000] {processor.py:208} INFO - Processing /home/airflow/.local/lib/python3.12/site-packages/airflow/example_dags/example_complex.py took 0.093 seconds
[2024-12-26T14:36:36.397+0000] {processor.py:186} INFO - Started process (PID=3139) to work on /home/airflow/.local/lib/python3.12/site-packages/airflow/example_dags/example_complex.py
[2024-12-26T14:36:36.412+0000] {processor.py:914} INFO - Processing file /home/airflow/.local/lib/python3.12/site-packages/airflow/example_dags/example_complex.py for tasks to queue
[2024-12-26T14:36:36.417+0000] {logging_mixin.py:190} INFO - [2024-12-26T14:36:36.416+0000] {dagbag.py:588} INFO - Filling up the DagBag from /home/airflow/.local/lib/python3.12/site-packages/airflow/example_dags/example_complex.py
[2024-12-26T14:36:36.441+0000] {processor.py:925} INFO - DAG(s) 'example_complex' retrieved from /home/airflow/.local/lib/python3.12/site-packages/airflow/example_dags/example_complex.py
[2024-12-26T14:36:36.488+0000] {logging_mixin.py:190} INFO - [2024-12-26T14:36:36.487+0000] {dag.py:3239} INFO - Sync 1 DAGs
[2024-12-26T14:36:36.504+0000] {logging_mixin.py:190} INFO - [2024-12-26T14:36:36.504+0000] {dag.py:4180} INFO - Setting next_dagrun for example_complex to None, run_after=None
[2024-12-26T14:36:36.520+0000] {processor.py:208} INFO - Processing /home/airflow/.local/lib/python3.12/site-packages/airflow/example_dags/example_complex.py took 0.136 seconds
[2024-12-26T14:37:07.291+0000] {processor.py:186} INFO - Started process (PID=3430) to work on /home/airflow/.local/lib/python3.12/site-packages/airflow/example_dags/example_complex.py
[2024-12-26T14:37:07.292+0000] {processor.py:914} INFO - Processing file /home/airflow/.local/lib/python3.12/site-packages/airflow/example_dags/example_complex.py for tasks to queue
[2024-12-26T14:37:07.295+0000] {logging_mixin.py:190} INFO - [2024-12-26T14:37:07.294+0000] {dagbag.py:588} INFO - Filling up the DagBag from /home/airflow/.local/lib/python3.12/site-packages/airflow/example_dags/example_complex.py
[2024-12-26T14:37:07.309+0000] {processor.py:925} INFO - DAG(s) 'example_complex' retrieved from /home/airflow/.local/lib/python3.12/site-packages/airflow/example_dags/example_complex.py
[2024-12-26T14:37:07.365+0000] {logging_mixin.py:190} INFO - [2024-12-26T14:37:07.365+0000] {dag.py:3239} INFO - Sync 1 DAGs
[2024-12-26T14:37:07.381+0000] {logging_mixin.py:190} INFO - [2024-12-26T14:37:07.381+0000] {dag.py:4180} INFO - Setting next_dagrun for example_complex to None, run_after=None
[2024-12-26T14:37:07.398+0000] {processor.py:208} INFO - Processing /home/airflow/.local/lib/python3.12/site-packages/airflow/example_dags/example_complex.py took 0.119 seconds
[2024-12-26T14:37:38.267+0000] {processor.py:186} INFO - Started process (PID=3721) to work on /home/airflow/.local/lib/python3.12/site-packages/airflow/example_dags/example_complex.py
[2024-12-26T14:37:38.268+0000] {processor.py:914} INFO - Processing file /home/airflow/.local/lib/python3.12/site-packages/airflow/example_dags/example_complex.py for tasks to queue
[2024-12-26T14:37:38.271+0000] {logging_mixin.py:190} INFO - [2024-12-26T14:37:38.270+0000] {dagbag.py:588} INFO - Filling up the DagBag from /home/airflow/.local/lib/python3.12/site-packages/airflow/example_dags/example_complex.py
[2024-12-26T14:37:38.292+0000] {processor.py:925} INFO - DAG(s) 'example_complex' retrieved from /home/airflow/.local/lib/python3.12/site-packages/airflow/example_dags/example_complex.py
[2024-12-26T14:37:38.331+0000] {logging_mixin.py:190} INFO - [2024-12-26T14:37:38.330+0000] {dag.py:3239} INFO - Sync 1 DAGs
[2024-12-26T14:37:38.347+0000] {logging_mixin.py:190} INFO - [2024-12-26T14:37:38.347+0000] {dag.py:4180} INFO - Setting next_dagrun for example_complex to None, run_after=None
[2024-12-26T14:37:38.363+0000] {processor.py:208} INFO - Processing /home/airflow/.local/lib/python3.12/site-packages/airflow/example_dags/example_complex.py took 0.108 seconds
[2024-12-26T14:38:09.115+0000] {processor.py:186} INFO - Started process (PID=4012) to work on /home/airflow/.local/lib/python3.12/site-packages/airflow/example_dags/example_complex.py
[2024-12-26T14:38:09.117+0000] {processor.py:914} INFO - Processing file /home/airflow/.local/lib/python3.12/site-packages/airflow/example_dags/example_complex.py for tasks to queue
[2024-12-26T14:38:09.120+0000] {logging_mixin.py:190} INFO - [2024-12-26T14:38:09.119+0000] {dagbag.py:588} INFO - Filling up the DagBag from /home/airflow/.local/lib/python3.12/site-packages/airflow/example_dags/example_complex.py
[2024-12-26T14:38:09.135+0000] {processor.py:925} INFO - DAG(s) 'example_complex' retrieved from /home/airflow/.local/lib/python3.12/site-packages/airflow/example_dags/example_complex.py
[2024-12-26T14:38:09.176+0000] {logging_mixin.py:190} INFO - [2024-12-26T14:38:09.176+0000] {dag.py:3239} INFO - Sync 1 DAGs
[2024-12-26T14:38:09.192+0000] {logging_mixin.py:190} INFO - [2024-12-26T14:38:09.192+0000] {dag.py:4180} INFO - Setting next_dagrun for example_complex to None, run_after=None
[2024-12-26T14:38:09.211+0000] {processor.py:208} INFO - Processing /home/airflow/.local/lib/python3.12/site-packages/airflow/example_dags/example_complex.py took 0.110 seconds
