[2024-12-26T14:31:56.017+0000] {processor.py:186} INFO - Started process (PID=459) to work on /home/airflow/.local/lib/python3.12/site-packages/airflow/example_dags/example_bash_operator.py
[2024-12-26T14:31:56.017+0000] {processor.py:914} INFO - Processing file /home/airflow/.local/lib/python3.12/site-packages/airflow/example_dags/example_bash_operator.py for tasks to queue
[2024-12-26T14:31:56.020+0000] {logging_mixin.py:190} INFO - [2024-12-26T14:31:56.019+0000] {dagbag.py:588} INFO - Filling up the DagBag from /home/airflow/.local/lib/python3.12/site-packages/airflow/example_dags/example_bash_operator.py
[2024-12-26T14:31:56.033+0000] {processor.py:925} INFO - DAG(s) 'example_bash_operator' retrieved from /home/airflow/.local/lib/python3.12/site-packages/airflow/example_dags/example_bash_operator.py
[2024-12-26T14:31:56.159+0000] {logging_mixin.py:190} INFO - [2024-12-26T14:31:56.159+0000] {dag.py:3239} INFO - Sync 1 DAGs
[2024-12-26T14:31:56.182+0000] {logging_mixin.py:190} INFO - [2024-12-26T14:31:56.182+0000] {dag.py:4180} INFO - Setting next_dagrun for example_bash_operator to 2024-12-25 00:00:00+00:00, run_after=2024-12-26 00:00:00+00:00
[2024-12-26T14:31:56.203+0000] {processor.py:208} INFO - Processing /home/airflow/.local/lib/python3.12/site-packages/airflow/example_dags/example_bash_operator.py took 0.195 seconds
[2024-12-26T14:32:26.697+0000] {processor.py:186} INFO - Started process (PID=750) to work on /home/airflow/.local/lib/python3.12/site-packages/airflow/example_dags/example_bash_operator.py
[2024-12-26T14:32:26.698+0000] {processor.py:914} INFO - Processing file /home/airflow/.local/lib/python3.12/site-packages/airflow/example_dags/example_bash_operator.py for tasks to queue
[2024-12-26T14:32:26.701+0000] {logging_mixin.py:190} INFO - [2024-12-26T14:32:26.701+0000] {dagbag.py:588} INFO - Filling up the DagBag from /home/airflow/.local/lib/python3.12/site-packages/airflow/example_dags/example_bash_operator.py
[2024-12-26T14:32:26.715+0000] {processor.py:925} INFO - DAG(s) 'example_bash_operator' retrieved from /home/airflow/.local/lib/python3.12/site-packages/airflow/example_dags/example_bash_operator.py
[2024-12-26T14:32:26.749+0000] {logging_mixin.py:190} INFO - [2024-12-26T14:32:26.749+0000] {dag.py:3239} INFO - Sync 1 DAGs
[2024-12-26T14:32:26.775+0000] {logging_mixin.py:190} INFO - [2024-12-26T14:32:26.775+0000] {dag.py:4180} INFO - Setting next_dagrun for example_bash_operator to 2024-12-25 00:00:00+00:00, run_after=2024-12-26 00:00:00+00:00
[2024-12-26T14:32:26.791+0000] {processor.py:208} INFO - Processing /home/airflow/.local/lib/python3.12/site-packages/airflow/example_dags/example_bash_operator.py took 0.105 seconds
[2024-12-26T14:32:58.076+0000] {processor.py:186} INFO - Started process (PID=1095) to work on /home/airflow/.local/lib/python3.12/site-packages/airflow/example_dags/example_bash_operator.py
[2024-12-26T14:32:58.077+0000] {processor.py:914} INFO - Processing file /home/airflow/.local/lib/python3.12/site-packages/airflow/example_dags/example_bash_operator.py for tasks to queue
[2024-12-26T14:32:58.080+0000] {logging_mixin.py:190} INFO - [2024-12-26T14:32:58.080+0000] {dagbag.py:588} INFO - Filling up the DagBag from /home/airflow/.local/lib/python3.12/site-packages/airflow/example_dags/example_bash_operator.py
[2024-12-26T14:32:58.094+0000] {processor.py:925} INFO - DAG(s) 'example_bash_operator' retrieved from /home/airflow/.local/lib/python3.12/site-packages/airflow/example_dags/example_bash_operator.py
[2024-12-26T14:32:58.135+0000] {logging_mixin.py:190} INFO - [2024-12-26T14:32:58.135+0000] {dag.py:3239} INFO - Sync 1 DAGs
[2024-12-26T14:32:58.162+0000] {logging_mixin.py:190} INFO - [2024-12-26T14:32:58.162+0000] {dag.py:4180} INFO - Setting next_dagrun for example_bash_operator to 2024-12-25 00:00:00+00:00, run_after=2024-12-26 00:00:00+00:00
[2024-12-26T14:32:58.178+0000] {processor.py:208} INFO - Processing /home/airflow/.local/lib/python3.12/site-packages/airflow/example_dags/example_bash_operator.py took 0.111 seconds
[2024-12-26T14:33:28.963+0000] {processor.py:186} INFO - Started process (PID=1428) to work on /home/airflow/.local/lib/python3.12/site-packages/airflow/example_dags/example_bash_operator.py
[2024-12-26T14:33:28.964+0000] {processor.py:914} INFO - Processing file /home/airflow/.local/lib/python3.12/site-packages/airflow/example_dags/example_bash_operator.py for tasks to queue
[2024-12-26T14:33:28.967+0000] {logging_mixin.py:190} INFO - [2024-12-26T14:33:28.967+0000] {dagbag.py:588} INFO - Filling up the DagBag from /home/airflow/.local/lib/python3.12/site-packages/airflow/example_dags/example_bash_operator.py
[2024-12-26T14:33:28.981+0000] {processor.py:925} INFO - DAG(s) 'example_bash_operator' retrieved from /home/airflow/.local/lib/python3.12/site-packages/airflow/example_dags/example_bash_operator.py
[2024-12-26T14:33:29.011+0000] {logging_mixin.py:190} INFO - [2024-12-26T14:33:29.011+0000] {dag.py:3239} INFO - Sync 1 DAGs
[2024-12-26T14:33:29.037+0000] {logging_mixin.py:190} INFO - [2024-12-26T14:33:29.037+0000] {dag.py:4180} INFO - Setting next_dagrun for example_bash_operator to 2024-12-25 00:00:00+00:00, run_after=2024-12-26 00:00:00+00:00
[2024-12-26T14:33:29.054+0000] {processor.py:208} INFO - Processing /home/airflow/.local/lib/python3.12/site-packages/airflow/example_dags/example_bash_operator.py took 0.104 seconds
[2024-12-26T14:34:00.283+0000] {processor.py:186} INFO - Started process (PID=1719) to work on /home/airflow/.local/lib/python3.12/site-packages/airflow/example_dags/example_bash_operator.py
[2024-12-26T14:34:00.284+0000] {processor.py:914} INFO - Processing file /home/airflow/.local/lib/python3.12/site-packages/airflow/example_dags/example_bash_operator.py for tasks to queue
[2024-12-26T14:34:00.287+0000] {logging_mixin.py:190} INFO - [2024-12-26T14:34:00.287+0000] {dagbag.py:588} INFO - Filling up the DagBag from /home/airflow/.local/lib/python3.12/site-packages/airflow/example_dags/example_bash_operator.py
[2024-12-26T14:34:00.302+0000] {processor.py:925} INFO - DAG(s) 'example_bash_operator' retrieved from /home/airflow/.local/lib/python3.12/site-packages/airflow/example_dags/example_bash_operator.py
[2024-12-26T14:34:00.335+0000] {logging_mixin.py:190} INFO - [2024-12-26T14:34:00.335+0000] {dag.py:3239} INFO - Sync 1 DAGs
[2024-12-26T14:34:00.362+0000] {logging_mixin.py:190} INFO - [2024-12-26T14:34:00.361+0000] {dag.py:4180} INFO - Setting next_dagrun for example_bash_operator to 2024-12-25 00:00:00+00:00, run_after=2024-12-26 00:00:00+00:00
[2024-12-26T14:34:00.378+0000] {processor.py:208} INFO - Processing /home/airflow/.local/lib/python3.12/site-packages/airflow/example_dags/example_bash_operator.py took 0.107 seconds
[2024-12-26T14:34:31.756+0000] {processor.py:186} INFO - Started process (PID=2010) to work on /home/airflow/.local/lib/python3.12/site-packages/airflow/example_dags/example_bash_operator.py
[2024-12-26T14:34:31.757+0000] {processor.py:914} INFO - Processing file /home/airflow/.local/lib/python3.12/site-packages/airflow/example_dags/example_bash_operator.py for tasks to queue
[2024-12-26T14:34:31.760+0000] {logging_mixin.py:190} INFO - [2024-12-26T14:34:31.759+0000] {dagbag.py:588} INFO - Filling up the DagBag from /home/airflow/.local/lib/python3.12/site-packages/airflow/example_dags/example_bash_operator.py
[2024-12-26T14:34:31.774+0000] {processor.py:925} INFO - DAG(s) 'example_bash_operator' retrieved from /home/airflow/.local/lib/python3.12/site-packages/airflow/example_dags/example_bash_operator.py
[2024-12-26T14:34:31.816+0000] {logging_mixin.py:190} INFO - [2024-12-26T14:34:31.815+0000] {dag.py:3239} INFO - Sync 1 DAGs
[2024-12-26T14:34:31.841+0000] {logging_mixin.py:190} INFO - [2024-12-26T14:34:31.841+0000] {dag.py:4180} INFO - Setting next_dagrun for example_bash_operator to 2024-12-25 00:00:00+00:00, run_after=2024-12-26 00:00:00+00:00
[2024-12-26T14:34:31.857+0000] {processor.py:208} INFO - Processing /home/airflow/.local/lib/python3.12/site-packages/airflow/example_dags/example_bash_operator.py took 0.114 seconds
[2024-12-26T14:35:03.095+0000] {processor.py:186} INFO - Started process (PID=2301) to work on /home/airflow/.local/lib/python3.12/site-packages/airflow/example_dags/example_bash_operator.py
[2024-12-26T14:35:03.096+0000] {processor.py:914} INFO - Processing file /home/airflow/.local/lib/python3.12/site-packages/airflow/example_dags/example_bash_operator.py for tasks to queue
[2024-12-26T14:35:03.099+0000] {logging_mixin.py:190} INFO - [2024-12-26T14:35:03.099+0000] {dagbag.py:588} INFO - Filling up the DagBag from /home/airflow/.local/lib/python3.12/site-packages/airflow/example_dags/example_bash_operator.py
[2024-12-26T14:35:03.114+0000] {processor.py:925} INFO - DAG(s) 'example_bash_operator' retrieved from /home/airflow/.local/lib/python3.12/site-packages/airflow/example_dags/example_bash_operator.py
[2024-12-26T14:35:03.165+0000] {logging_mixin.py:190} INFO - [2024-12-26T14:35:03.165+0000] {dag.py:3239} INFO - Sync 1 DAGs
[2024-12-26T14:35:03.193+0000] {logging_mixin.py:190} INFO - [2024-12-26T14:35:03.193+0000] {dag.py:4180} INFO - Setting next_dagrun for example_bash_operator to 2024-12-25 00:00:00+00:00, run_after=2024-12-26 00:00:00+00:00
[2024-12-26T14:35:03.212+0000] {processor.py:208} INFO - Processing /home/airflow/.local/lib/python3.12/site-packages/airflow/example_dags/example_bash_operator.py took 0.131 seconds
[2024-12-26T14:35:34.756+0000] {processor.py:186} INFO - Started process (PID=2592) to work on /home/airflow/.local/lib/python3.12/site-packages/airflow/example_dags/example_bash_operator.py
[2024-12-26T14:35:34.757+0000] {processor.py:914} INFO - Processing file /home/airflow/.local/lib/python3.12/site-packages/airflow/example_dags/example_bash_operator.py for tasks to queue
[2024-12-26T14:35:34.760+0000] {logging_mixin.py:190} INFO - [2024-12-26T14:35:34.760+0000] {dagbag.py:588} INFO - Filling up the DagBag from /home/airflow/.local/lib/python3.12/site-packages/airflow/example_dags/example_bash_operator.py
[2024-12-26T14:35:34.775+0000] {processor.py:925} INFO - DAG(s) 'example_bash_operator' retrieved from /home/airflow/.local/lib/python3.12/site-packages/airflow/example_dags/example_bash_operator.py
[2024-12-26T14:35:34.810+0000] {logging_mixin.py:190} INFO - [2024-12-26T14:35:34.810+0000] {dag.py:3239} INFO - Sync 1 DAGs
[2024-12-26T14:35:34.836+0000] {logging_mixin.py:190} INFO - [2024-12-26T14:35:34.835+0000] {dag.py:4180} INFO - Setting next_dagrun for example_bash_operator to 2024-12-25 00:00:00+00:00, run_after=2024-12-26 00:00:00+00:00
[2024-12-26T14:35:34.852+0000] {processor.py:208} INFO - Processing /home/airflow/.local/lib/python3.12/site-packages/airflow/example_dags/example_bash_operator.py took 0.109 seconds
[2024-12-26T14:36:06.320+0000] {processor.py:186} INFO - Started process (PID=2883) to work on /home/airflow/.local/lib/python3.12/site-packages/airflow/example_dags/example_bash_operator.py
[2024-12-26T14:36:06.321+0000] {processor.py:914} INFO - Processing file /home/airflow/.local/lib/python3.12/site-packages/airflow/example_dags/example_bash_operator.py for tasks to queue
[2024-12-26T14:36:06.323+0000] {logging_mixin.py:190} INFO - [2024-12-26T14:36:06.323+0000] {dagbag.py:588} INFO - Filling up the DagBag from /home/airflow/.local/lib/python3.12/site-packages/airflow/example_dags/example_bash_operator.py
[2024-12-26T14:36:06.337+0000] {processor.py:925} INFO - DAG(s) 'example_bash_operator' retrieved from /home/airflow/.local/lib/python3.12/site-packages/airflow/example_dags/example_bash_operator.py
[2024-12-26T14:36:06.385+0000] {logging_mixin.py:190} INFO - [2024-12-26T14:36:06.385+0000] {dag.py:3239} INFO - Sync 1 DAGs
[2024-12-26T14:36:06.413+0000] {logging_mixin.py:190} INFO - [2024-12-26T14:36:06.413+0000] {dag.py:4180} INFO - Setting next_dagrun for example_bash_operator to 2024-12-25 00:00:00+00:00, run_after=2024-12-26 00:00:00+00:00
[2024-12-26T14:36:06.427+0000] {processor.py:208} INFO - Processing /home/airflow/.local/lib/python3.12/site-packages/airflow/example_dags/example_bash_operator.py took 0.116 seconds
[2024-12-26T14:36:36.874+0000] {processor.py:186} INFO - Started process (PID=3169) to work on /home/airflow/.local/lib/python3.12/site-packages/airflow/example_dags/example_bash_operator.py
[2024-12-26T14:36:36.876+0000] {processor.py:914} INFO - Processing file /home/airflow/.local/lib/python3.12/site-packages/airflow/example_dags/example_bash_operator.py for tasks to queue
[2024-12-26T14:36:36.878+0000] {logging_mixin.py:190} INFO - [2024-12-26T14:36:36.878+0000] {dagbag.py:588} INFO - Filling up the DagBag from /home/airflow/.local/lib/python3.12/site-packages/airflow/example_dags/example_bash_operator.py
[2024-12-26T14:36:36.893+0000] {processor.py:925} INFO - DAG(s) 'example_bash_operator' retrieved from /home/airflow/.local/lib/python3.12/site-packages/airflow/example_dags/example_bash_operator.py
[2024-12-26T14:36:36.926+0000] {logging_mixin.py:190} INFO - [2024-12-26T14:36:36.926+0000] {dag.py:3239} INFO - Sync 1 DAGs
[2024-12-26T14:36:36.952+0000] {logging_mixin.py:190} INFO - [2024-12-26T14:36:36.952+0000] {dag.py:4180} INFO - Setting next_dagrun for example_bash_operator to 2024-12-25 00:00:00+00:00, run_after=2024-12-26 00:00:00+00:00
[2024-12-26T14:36:36.968+0000] {processor.py:208} INFO - Processing /home/airflow/.local/lib/python3.12/site-packages/airflow/example_dags/example_bash_operator.py took 0.106 seconds
[2024-12-26T14:37:07.746+0000] {processor.py:186} INFO - Started process (PID=3460) to work on /home/airflow/.local/lib/python3.12/site-packages/airflow/example_dags/example_bash_operator.py
[2024-12-26T14:37:07.748+0000] {processor.py:914} INFO - Processing file /home/airflow/.local/lib/python3.12/site-packages/airflow/example_dags/example_bash_operator.py for tasks to queue
[2024-12-26T14:37:07.751+0000] {logging_mixin.py:190} INFO - [2024-12-26T14:37:07.751+0000] {dagbag.py:588} INFO - Filling up the DagBag from /home/airflow/.local/lib/python3.12/site-packages/airflow/example_dags/example_bash_operator.py
[2024-12-26T14:37:07.766+0000] {processor.py:925} INFO - DAG(s) 'example_bash_operator' retrieved from /home/airflow/.local/lib/python3.12/site-packages/airflow/example_dags/example_bash_operator.py
[2024-12-26T14:37:07.815+0000] {logging_mixin.py:190} INFO - [2024-12-26T14:37:07.814+0000] {dag.py:3239} INFO - Sync 1 DAGs
[2024-12-26T14:37:07.841+0000] {logging_mixin.py:190} INFO - [2024-12-26T14:37:07.841+0000] {dag.py:4180} INFO - Setting next_dagrun for example_bash_operator to 2024-12-25 00:00:00+00:00, run_after=2024-12-26 00:00:00+00:00
[2024-12-26T14:37:07.857+0000] {processor.py:208} INFO - Processing /home/airflow/.local/lib/python3.12/site-packages/airflow/example_dags/example_bash_operator.py took 0.123 seconds
[2024-12-26T14:37:38.715+0000] {processor.py:186} INFO - Started process (PID=3751) to work on /home/airflow/.local/lib/python3.12/site-packages/airflow/example_dags/example_bash_operator.py
[2024-12-26T14:37:38.716+0000] {processor.py:914} INFO - Processing file /home/airflow/.local/lib/python3.12/site-packages/airflow/example_dags/example_bash_operator.py for tasks to queue
[2024-12-26T14:37:38.719+0000] {logging_mixin.py:190} INFO - [2024-12-26T14:37:38.719+0000] {dagbag.py:588} INFO - Filling up the DagBag from /home/airflow/.local/lib/python3.12/site-packages/airflow/example_dags/example_bash_operator.py
[2024-12-26T14:37:38.734+0000] {processor.py:925} INFO - DAG(s) 'example_bash_operator' retrieved from /home/airflow/.local/lib/python3.12/site-packages/airflow/example_dags/example_bash_operator.py
[2024-12-26T14:37:38.768+0000] {logging_mixin.py:190} INFO - [2024-12-26T14:37:38.768+0000] {dag.py:3239} INFO - Sync 1 DAGs
[2024-12-26T14:37:38.793+0000] {logging_mixin.py:190} INFO - [2024-12-26T14:37:38.793+0000] {dag.py:4180} INFO - Setting next_dagrun for example_bash_operator to 2024-12-25 00:00:00+00:00, run_after=2024-12-26 00:00:00+00:00
[2024-12-26T14:37:38.809+0000] {processor.py:208} INFO - Processing /home/airflow/.local/lib/python3.12/site-packages/airflow/example_dags/example_bash_operator.py took 0.107 seconds
[2024-12-26T14:38:09.959+0000] {processor.py:186} INFO - Started process (PID=4044) to work on /home/airflow/.local/lib/python3.12/site-packages/airflow/example_dags/example_bash_operator.py
[2024-12-26T14:38:09.960+0000] {processor.py:914} INFO - Processing file /home/airflow/.local/lib/python3.12/site-packages/airflow/example_dags/example_bash_operator.py for tasks to queue
[2024-12-26T14:38:09.964+0000] {logging_mixin.py:190} INFO - [2024-12-26T14:38:09.963+0000] {dagbag.py:588} INFO - Filling up the DagBag from /home/airflow/.local/lib/python3.12/site-packages/airflow/example_dags/example_bash_operator.py
[2024-12-26T14:38:09.979+0000] {processor.py:925} INFO - DAG(s) 'example_bash_operator' retrieved from /home/airflow/.local/lib/python3.12/site-packages/airflow/example_dags/example_bash_operator.py
[2024-12-26T14:38:10.028+0000] {logging_mixin.py:190} INFO - [2024-12-26T14:38:10.028+0000] {dag.py:3239} INFO - Sync 1 DAGs
[2024-12-26T14:38:10.056+0000] {logging_mixin.py:190} INFO - [2024-12-26T14:38:10.056+0000] {dag.py:4180} INFO - Setting next_dagrun for example_bash_operator to 2024-12-25 00:00:00+00:00, run_after=2024-12-26 00:00:00+00:00
[2024-12-26T14:38:10.078+0000] {processor.py:208} INFO - Processing /home/airflow/.local/lib/python3.12/site-packages/airflow/example_dags/example_bash_operator.py took 0.132 seconds
