[2024-12-26T14:31:49.354+0000] {processor.py:186} INFO - Started process (PID=258) to work on /home/airflow/.local/lib/python3.12/site-packages/airflow/example_dags/example_branch_datetime_operator.py
[2024-12-26T14:31:49.356+0000] {processor.py:914} INFO - Processing file /home/airflow/.local/lib/python3.12/site-packages/airflow/example_dags/example_branch_datetime_operator.py for tasks to queue
[2024-12-26T14:31:49.359+0000] {logging_mixin.py:190} INFO - [2024-12-26T14:31:49.358+0000] {dagbag.py:588} INFO - Filling up the DagBag from /home/airflow/.local/lib/python3.12/site-packages/airflow/example_dags/example_branch_datetime_operator.py
[2024-12-26T14:31:49.374+0000] {processor.py:925} INFO - DAG(s) 'example_branch_datetime_operator_2', 'example_branch_datetime_operator_3', 'example_branch_datetime_operator' retrieved from /home/airflow/.local/lib/python3.12/site-packages/airflow/example_dags/example_branch_datetime_operator.py
[2024-12-26T14:31:49.534+0000] {logging_mixin.py:190} INFO - [2024-12-26T14:31:49.534+0000] {dag.py:3239} INFO - Sync 3 DAGs
[2024-12-26T14:31:49.560+0000] {logging_mixin.py:190} INFO - [2024-12-26T14:31:49.559+0000] {dag.py:4180} INFO - Setting next_dagrun for example_branch_datetime_operator to 2024-12-25 00:00:00+00:00, run_after=2024-12-26 00:00:00+00:00
[2024-12-26T14:31:49.564+0000] {logging_mixin.py:190} INFO - [2024-12-26T14:31:49.563+0000] {dag.py:4180} INFO - Setting next_dagrun for example_branch_datetime_operator_2 to 2024-12-25 00:00:00+00:00, run_after=2024-12-26 00:00:00+00:00
[2024-12-26T14:31:49.566+0000] {logging_mixin.py:190} INFO - [2024-12-26T14:31:49.566+0000] {dag.py:4180} INFO - Setting next_dagrun for example_branch_datetime_operator_3 to 2024-12-25 00:00:00+00:00, run_after=2024-12-26 00:00:00+00:00
[2024-12-26T14:31:49.583+0000] {processor.py:208} INFO - Processing /home/airflow/.local/lib/python3.12/site-packages/airflow/example_dags/example_branch_datetime_operator.py took 0.242 seconds
[2024-12-26T14:32:20.135+0000] {processor.py:186} INFO - Started process (PID=546) to work on /home/airflow/.local/lib/python3.12/site-packages/airflow/example_dags/example_branch_datetime_operator.py
[2024-12-26T14:32:20.136+0000] {processor.py:914} INFO - Processing file /home/airflow/.local/lib/python3.12/site-packages/airflow/example_dags/example_branch_datetime_operator.py for tasks to queue
[2024-12-26T14:32:20.139+0000] {logging_mixin.py:190} INFO - [2024-12-26T14:32:20.139+0000] {dagbag.py:588} INFO - Filling up the DagBag from /home/airflow/.local/lib/python3.12/site-packages/airflow/example_dags/example_branch_datetime_operator.py
[2024-12-26T14:32:20.154+0000] {processor.py:925} INFO - DAG(s) 'example_branch_datetime_operator', 'example_branch_datetime_operator_3', 'example_branch_datetime_operator_2' retrieved from /home/airflow/.local/lib/python3.12/site-packages/airflow/example_dags/example_branch_datetime_operator.py
[2024-12-26T14:32:20.188+0000] {logging_mixin.py:190} INFO - [2024-12-26T14:32:20.188+0000] {dag.py:3239} INFO - Sync 3 DAGs
[2024-12-26T14:32:20.218+0000] {logging_mixin.py:190} INFO - [2024-12-26T14:32:20.217+0000] {dag.py:4180} INFO - Setting next_dagrun for example_branch_datetime_operator to 2024-12-25 00:00:00+00:00, run_after=2024-12-26 00:00:00+00:00
[2024-12-26T14:32:20.223+0000] {logging_mixin.py:190} INFO - [2024-12-26T14:32:20.223+0000] {dag.py:4180} INFO - Setting next_dagrun for example_branch_datetime_operator_2 to 2024-12-25 00:00:00+00:00, run_after=2024-12-26 00:00:00+00:00
[2024-12-26T14:32:20.225+0000] {logging_mixin.py:190} INFO - [2024-12-26T14:32:20.225+0000] {dag.py:4180} INFO - Setting next_dagrun for example_branch_datetime_operator_3 to 2024-12-25 00:00:00+00:00, run_after=2024-12-26 00:00:00+00:00
[2024-12-26T14:32:20.245+0000] {processor.py:208} INFO - Processing /home/airflow/.local/lib/python3.12/site-packages/airflow/example_dags/example_branch_datetime_operator.py took 0.123 seconds
[2024-12-26T14:32:50.324+0000] {processor.py:186} INFO - Started process (PID=840) to work on /home/airflow/.local/lib/python3.12/site-packages/airflow/example_dags/example_branch_datetime_operator.py
[2024-12-26T14:32:50.325+0000] {processor.py:914} INFO - Processing file /home/airflow/.local/lib/python3.12/site-packages/airflow/example_dags/example_branch_datetime_operator.py for tasks to queue
[2024-12-26T14:32:50.328+0000] {logging_mixin.py:190} INFO - [2024-12-26T14:32:50.328+0000] {dagbag.py:588} INFO - Filling up the DagBag from /home/airflow/.local/lib/python3.12/site-packages/airflow/example_dags/example_branch_datetime_operator.py
[2024-12-26T14:32:50.343+0000] {processor.py:925} INFO - DAG(s) 'example_branch_datetime_operator_2', 'example_branch_datetime_operator_3', 'example_branch_datetime_operator' retrieved from /home/airflow/.local/lib/python3.12/site-packages/airflow/example_dags/example_branch_datetime_operator.py
[2024-12-26T14:32:50.377+0000] {logging_mixin.py:190} INFO - [2024-12-26T14:32:50.377+0000] {dag.py:3239} INFO - Sync 3 DAGs
[2024-12-26T14:32:50.405+0000] {logging_mixin.py:190} INFO - [2024-12-26T14:32:50.405+0000] {dag.py:4180} INFO - Setting next_dagrun for example_branch_datetime_operator to 2024-12-25 00:00:00+00:00, run_after=2024-12-26 00:00:00+00:00
[2024-12-26T14:32:50.410+0000] {logging_mixin.py:190} INFO - [2024-12-26T14:32:50.410+0000] {dag.py:4180} INFO - Setting next_dagrun for example_branch_datetime_operator_2 to 2024-12-25 00:00:00+00:00, run_after=2024-12-26 00:00:00+00:00
[2024-12-26T14:32:50.413+0000] {logging_mixin.py:190} INFO - [2024-12-26T14:32:50.413+0000] {dag.py:4180} INFO - Setting next_dagrun for example_branch_datetime_operator_3 to 2024-12-25 00:00:00+00:00, run_after=2024-12-26 00:00:00+00:00
[2024-12-26T14:32:50.430+0000] {processor.py:208} INFO - Processing /home/airflow/.local/lib/python3.12/site-packages/airflow/example_dags/example_branch_datetime_operator.py took 0.119 seconds
[2024-12-26T14:33:20.679+0000] {processor.py:186} INFO - Started process (PID=1223) to work on /home/airflow/.local/lib/python3.12/site-packages/airflow/example_dags/example_branch_datetime_operator.py
[2024-12-26T14:33:20.680+0000] {processor.py:914} INFO - Processing file /home/airflow/.local/lib/python3.12/site-packages/airflow/example_dags/example_branch_datetime_operator.py for tasks to queue
[2024-12-26T14:33:20.683+0000] {logging_mixin.py:190} INFO - [2024-12-26T14:33:20.683+0000] {dagbag.py:588} INFO - Filling up the DagBag from /home/airflow/.local/lib/python3.12/site-packages/airflow/example_dags/example_branch_datetime_operator.py
[2024-12-26T14:33:20.698+0000] {processor.py:925} INFO - DAG(s) 'example_branch_datetime_operator', 'example_branch_datetime_operator_2', 'example_branch_datetime_operator_3' retrieved from /home/airflow/.local/lib/python3.12/site-packages/airflow/example_dags/example_branch_datetime_operator.py
[2024-12-26T14:33:20.746+0000] {logging_mixin.py:190} INFO - [2024-12-26T14:33:20.746+0000] {dag.py:3239} INFO - Sync 3 DAGs
[2024-12-26T14:33:20.776+0000] {logging_mixin.py:190} INFO - [2024-12-26T14:33:20.775+0000] {dag.py:4180} INFO - Setting next_dagrun for example_branch_datetime_operator to 2024-12-25 00:00:00+00:00, run_after=2024-12-26 00:00:00+00:00
[2024-12-26T14:33:20.782+0000] {logging_mixin.py:190} INFO - [2024-12-26T14:33:20.781+0000] {dag.py:4180} INFO - Setting next_dagrun for example_branch_datetime_operator_2 to 2024-12-25 00:00:00+00:00, run_after=2024-12-26 00:00:00+00:00
[2024-12-26T14:33:20.784+0000] {logging_mixin.py:190} INFO - [2024-12-26T14:33:20.784+0000] {dag.py:4180} INFO - Setting next_dagrun for example_branch_datetime_operator_3 to 2024-12-25 00:00:00+00:00, run_after=2024-12-26 00:00:00+00:00
[2024-12-26T14:33:20.799+0000] {processor.py:208} INFO - Processing /home/airflow/.local/lib/python3.12/site-packages/airflow/example_dags/example_branch_datetime_operator.py took 0.134 seconds
[2024-12-26T14:33:51.039+0000] {processor.py:186} INFO - Started process (PID=1513) to work on /home/airflow/.local/lib/python3.12/site-packages/airflow/example_dags/example_branch_datetime_operator.py
[2024-12-26T14:33:51.040+0000] {processor.py:914} INFO - Processing file /home/airflow/.local/lib/python3.12/site-packages/airflow/example_dags/example_branch_datetime_operator.py for tasks to queue
[2024-12-26T14:33:51.043+0000] {logging_mixin.py:190} INFO - [2024-12-26T14:33:51.043+0000] {dagbag.py:588} INFO - Filling up the DagBag from /home/airflow/.local/lib/python3.12/site-packages/airflow/example_dags/example_branch_datetime_operator.py
[2024-12-26T14:33:51.057+0000] {processor.py:925} INFO - DAG(s) 'example_branch_datetime_operator', 'example_branch_datetime_operator_2', 'example_branch_datetime_operator_3' retrieved from /home/airflow/.local/lib/python3.12/site-packages/airflow/example_dags/example_branch_datetime_operator.py
[2024-12-26T14:33:51.088+0000] {logging_mixin.py:190} INFO - [2024-12-26T14:33:51.088+0000] {dag.py:3239} INFO - Sync 3 DAGs
[2024-12-26T14:33:51.117+0000] {logging_mixin.py:190} INFO - [2024-12-26T14:33:51.117+0000] {dag.py:4180} INFO - Setting next_dagrun for example_branch_datetime_operator to 2024-12-25 00:00:00+00:00, run_after=2024-12-26 00:00:00+00:00
[2024-12-26T14:33:51.122+0000] {logging_mixin.py:190} INFO - [2024-12-26T14:33:51.122+0000] {dag.py:4180} INFO - Setting next_dagrun for example_branch_datetime_operator_2 to 2024-12-25 00:00:00+00:00, run_after=2024-12-26 00:00:00+00:00
[2024-12-26T14:33:51.125+0000] {logging_mixin.py:190} INFO - [2024-12-26T14:33:51.124+0000] {dag.py:4180} INFO - Setting next_dagrun for example_branch_datetime_operator_3 to 2024-12-25 00:00:00+00:00, run_after=2024-12-26 00:00:00+00:00
[2024-12-26T14:33:51.140+0000] {processor.py:208} INFO - Processing /home/airflow/.local/lib/python3.12/site-packages/airflow/example_dags/example_branch_datetime_operator.py took 0.115 seconds
[2024-12-26T14:34:21.589+0000] {processor.py:186} INFO - Started process (PID=1804) to work on /home/airflow/.local/lib/python3.12/site-packages/airflow/example_dags/example_branch_datetime_operator.py
[2024-12-26T14:34:21.590+0000] {processor.py:914} INFO - Processing file /home/airflow/.local/lib/python3.12/site-packages/airflow/example_dags/example_branch_datetime_operator.py for tasks to queue
[2024-12-26T14:34:21.593+0000] {logging_mixin.py:190} INFO - [2024-12-26T14:34:21.593+0000] {dagbag.py:588} INFO - Filling up the DagBag from /home/airflow/.local/lib/python3.12/site-packages/airflow/example_dags/example_branch_datetime_operator.py
[2024-12-26T14:34:21.607+0000] {processor.py:925} INFO - DAG(s) 'example_branch_datetime_operator_3', 'example_branch_datetime_operator_2', 'example_branch_datetime_operator' retrieved from /home/airflow/.local/lib/python3.12/site-packages/airflow/example_dags/example_branch_datetime_operator.py
[2024-12-26T14:34:21.639+0000] {logging_mixin.py:190} INFO - [2024-12-26T14:34:21.639+0000] {dag.py:3239} INFO - Sync 3 DAGs
[2024-12-26T14:34:21.667+0000] {logging_mixin.py:190} INFO - [2024-12-26T14:34:21.667+0000] {dag.py:4180} INFO - Setting next_dagrun for example_branch_datetime_operator to 2024-12-25 00:00:00+00:00, run_after=2024-12-26 00:00:00+00:00
[2024-12-26T14:34:21.672+0000] {logging_mixin.py:190} INFO - [2024-12-26T14:34:21.672+0000] {dag.py:4180} INFO - Setting next_dagrun for example_branch_datetime_operator_2 to 2024-12-25 00:00:00+00:00, run_after=2024-12-26 00:00:00+00:00
[2024-12-26T14:34:21.674+0000] {logging_mixin.py:190} INFO - [2024-12-26T14:34:21.674+0000] {dag.py:4180} INFO - Setting next_dagrun for example_branch_datetime_operator_3 to 2024-12-25 00:00:00+00:00, run_after=2024-12-26 00:00:00+00:00
[2024-12-26T14:34:21.695+0000] {processor.py:208} INFO - Processing /home/airflow/.local/lib/python3.12/site-packages/airflow/example_dags/example_branch_datetime_operator.py took 0.118 seconds
[2024-12-26T14:34:51.785+0000] {processor.py:186} INFO - Started process (PID=2095) to work on /home/airflow/.local/lib/python3.12/site-packages/airflow/example_dags/example_branch_datetime_operator.py
[2024-12-26T14:34:51.787+0000] {processor.py:914} INFO - Processing file /home/airflow/.local/lib/python3.12/site-packages/airflow/example_dags/example_branch_datetime_operator.py for tasks to queue
[2024-12-26T14:34:51.790+0000] {logging_mixin.py:190} INFO - [2024-12-26T14:34:51.790+0000] {dagbag.py:588} INFO - Filling up the DagBag from /home/airflow/.local/lib/python3.12/site-packages/airflow/example_dags/example_branch_datetime_operator.py
[2024-12-26T14:34:51.805+0000] {processor.py:925} INFO - DAG(s) 'example_branch_datetime_operator', 'example_branch_datetime_operator_2', 'example_branch_datetime_operator_3' retrieved from /home/airflow/.local/lib/python3.12/site-packages/airflow/example_dags/example_branch_datetime_operator.py
[2024-12-26T14:34:51.841+0000] {logging_mixin.py:190} INFO - [2024-12-26T14:34:51.840+0000] {dag.py:3239} INFO - Sync 3 DAGs
[2024-12-26T14:34:51.870+0000] {logging_mixin.py:190} INFO - [2024-12-26T14:34:51.870+0000] {dag.py:4180} INFO - Setting next_dagrun for example_branch_datetime_operator to 2024-12-25 00:00:00+00:00, run_after=2024-12-26 00:00:00+00:00
[2024-12-26T14:34:51.876+0000] {logging_mixin.py:190} INFO - [2024-12-26T14:34:51.875+0000] {dag.py:4180} INFO - Setting next_dagrun for example_branch_datetime_operator_2 to 2024-12-25 00:00:00+00:00, run_after=2024-12-26 00:00:00+00:00
[2024-12-26T14:34:51.878+0000] {logging_mixin.py:190} INFO - [2024-12-26T14:34:51.878+0000] {dag.py:4180} INFO - Setting next_dagrun for example_branch_datetime_operator_3 to 2024-12-25 00:00:00+00:00, run_after=2024-12-26 00:00:00+00:00
[2024-12-26T14:34:51.893+0000] {processor.py:208} INFO - Processing /home/airflow/.local/lib/python3.12/site-packages/airflow/example_dags/example_branch_datetime_operator.py took 0.120 seconds
[2024-12-26T14:35:21.994+0000] {processor.py:186} INFO - Started process (PID=2386) to work on /home/airflow/.local/lib/python3.12/site-packages/airflow/example_dags/example_branch_datetime_operator.py
[2024-12-26T14:35:21.995+0000] {processor.py:914} INFO - Processing file /home/airflow/.local/lib/python3.12/site-packages/airflow/example_dags/example_branch_datetime_operator.py for tasks to queue
[2024-12-26T14:35:21.998+0000] {logging_mixin.py:190} INFO - [2024-12-26T14:35:21.997+0000] {dagbag.py:588} INFO - Filling up the DagBag from /home/airflow/.local/lib/python3.12/site-packages/airflow/example_dags/example_branch_datetime_operator.py
[2024-12-26T14:35:22.011+0000] {processor.py:925} INFO - DAG(s) 'example_branch_datetime_operator_2', 'example_branch_datetime_operator', 'example_branch_datetime_operator_3' retrieved from /home/airflow/.local/lib/python3.12/site-packages/airflow/example_dags/example_branch_datetime_operator.py
[2024-12-26T14:35:22.052+0000] {logging_mixin.py:190} INFO - [2024-12-26T14:35:22.052+0000] {dag.py:3239} INFO - Sync 3 DAGs
[2024-12-26T14:35:22.083+0000] {logging_mixin.py:190} INFO - [2024-12-26T14:35:22.083+0000] {dag.py:4180} INFO - Setting next_dagrun for example_branch_datetime_operator to 2024-12-25 00:00:00+00:00, run_after=2024-12-26 00:00:00+00:00
[2024-12-26T14:35:22.089+0000] {logging_mixin.py:190} INFO - [2024-12-26T14:35:22.088+0000] {dag.py:4180} INFO - Setting next_dagrun for example_branch_datetime_operator_2 to 2024-12-25 00:00:00+00:00, run_after=2024-12-26 00:00:00+00:00
[2024-12-26T14:35:22.091+0000] {logging_mixin.py:190} INFO - [2024-12-26T14:35:22.091+0000] {dag.py:4180} INFO - Setting next_dagrun for example_branch_datetime_operator_3 to 2024-12-25 00:00:00+00:00, run_after=2024-12-26 00:00:00+00:00
[2024-12-26T14:35:22.106+0000] {processor.py:208} INFO - Processing /home/airflow/.local/lib/python3.12/site-packages/airflow/example_dags/example_branch_datetime_operator.py took 0.123 seconds
[2024-12-26T14:35:52.787+0000] {processor.py:186} INFO - Started process (PID=2683) to work on /home/airflow/.local/lib/python3.12/site-packages/airflow/example_dags/example_branch_datetime_operator.py
[2024-12-26T14:35:52.788+0000] {processor.py:914} INFO - Processing file /home/airflow/.local/lib/python3.12/site-packages/airflow/example_dags/example_branch_datetime_operator.py for tasks to queue
[2024-12-26T14:35:52.792+0000] {logging_mixin.py:190} INFO - [2024-12-26T14:35:52.791+0000] {dagbag.py:588} INFO - Filling up the DagBag from /home/airflow/.local/lib/python3.12/site-packages/airflow/example_dags/example_branch_datetime_operator.py
[2024-12-26T14:35:52.806+0000] {processor.py:925} INFO - DAG(s) 'example_branch_datetime_operator_2', 'example_branch_datetime_operator_3', 'example_branch_datetime_operator' retrieved from /home/airflow/.local/lib/python3.12/site-packages/airflow/example_dags/example_branch_datetime_operator.py
[2024-12-26T14:35:52.839+0000] {logging_mixin.py:190} INFO - [2024-12-26T14:35:52.838+0000] {dag.py:3239} INFO - Sync 3 DAGs
[2024-12-26T14:35:52.867+0000] {logging_mixin.py:190} INFO - [2024-12-26T14:35:52.867+0000] {dag.py:4180} INFO - Setting next_dagrun for example_branch_datetime_operator to 2024-12-25 00:00:00+00:00, run_after=2024-12-26 00:00:00+00:00
[2024-12-26T14:35:52.872+0000] {logging_mixin.py:190} INFO - [2024-12-26T14:35:52.872+0000] {dag.py:4180} INFO - Setting next_dagrun for example_branch_datetime_operator_2 to 2024-12-25 00:00:00+00:00, run_after=2024-12-26 00:00:00+00:00
[2024-12-26T14:35:52.874+0000] {logging_mixin.py:190} INFO - [2024-12-26T14:35:52.874+0000] {dag.py:4180} INFO - Setting next_dagrun for example_branch_datetime_operator_3 to 2024-12-25 00:00:00+00:00, run_after=2024-12-26 00:00:00+00:00
[2024-12-26T14:35:52.888+0000] {processor.py:208} INFO - Processing /home/airflow/.local/lib/python3.12/site-packages/airflow/example_dags/example_branch_datetime_operator.py took 0.112 seconds
[2024-12-26T14:36:23.093+0000] {processor.py:186} INFO - Started process (PID=2974) to work on /home/airflow/.local/lib/python3.12/site-packages/airflow/example_dags/example_branch_datetime_operator.py
[2024-12-26T14:36:23.095+0000] {processor.py:914} INFO - Processing file /home/airflow/.local/lib/python3.12/site-packages/airflow/example_dags/example_branch_datetime_operator.py for tasks to queue
[2024-12-26T14:36:23.098+0000] {logging_mixin.py:190} INFO - [2024-12-26T14:36:23.098+0000] {dagbag.py:588} INFO - Filling up the DagBag from /home/airflow/.local/lib/python3.12/site-packages/airflow/example_dags/example_branch_datetime_operator.py
[2024-12-26T14:36:23.112+0000] {processor.py:925} INFO - DAG(s) 'example_branch_datetime_operator_2', 'example_branch_datetime_operator', 'example_branch_datetime_operator_3' retrieved from /home/airflow/.local/lib/python3.12/site-packages/airflow/example_dags/example_branch_datetime_operator.py
[2024-12-26T14:36:23.163+0000] {logging_mixin.py:190} INFO - [2024-12-26T14:36:23.163+0000] {dag.py:3239} INFO - Sync 3 DAGs
[2024-12-26T14:36:23.194+0000] {logging_mixin.py:190} INFO - [2024-12-26T14:36:23.193+0000] {dag.py:4180} INFO - Setting next_dagrun for example_branch_datetime_operator to 2024-12-25 00:00:00+00:00, run_after=2024-12-26 00:00:00+00:00
[2024-12-26T14:36:23.198+0000] {logging_mixin.py:190} INFO - [2024-12-26T14:36:23.198+0000] {dag.py:4180} INFO - Setting next_dagrun for example_branch_datetime_operator_2 to 2024-12-25 00:00:00+00:00, run_after=2024-12-26 00:00:00+00:00
[2024-12-26T14:36:23.200+0000] {logging_mixin.py:190} INFO - [2024-12-26T14:36:23.200+0000] {dag.py:4180} INFO - Setting next_dagrun for example_branch_datetime_operator_3 to 2024-12-25 00:00:00+00:00, run_after=2024-12-26 00:00:00+00:00
[2024-12-26T14:36:23.221+0000] {processor.py:208} INFO - Processing /home/airflow/.local/lib/python3.12/site-packages/airflow/example_dags/example_branch_datetime_operator.py took 0.140 seconds
[2024-12-26T14:36:53.897+0000] {processor.py:186} INFO - Started process (PID=3265) to work on /home/airflow/.local/lib/python3.12/site-packages/airflow/example_dags/example_branch_datetime_operator.py
[2024-12-26T14:36:53.898+0000] {processor.py:914} INFO - Processing file /home/airflow/.local/lib/python3.12/site-packages/airflow/example_dags/example_branch_datetime_operator.py for tasks to queue
[2024-12-26T14:36:53.901+0000] {logging_mixin.py:190} INFO - [2024-12-26T14:36:53.901+0000] {dagbag.py:588} INFO - Filling up the DagBag from /home/airflow/.local/lib/python3.12/site-packages/airflow/example_dags/example_branch_datetime_operator.py
[2024-12-26T14:36:53.915+0000] {processor.py:925} INFO - DAG(s) 'example_branch_datetime_operator_3', 'example_branch_datetime_operator', 'example_branch_datetime_operator_2' retrieved from /home/airflow/.local/lib/python3.12/site-packages/airflow/example_dags/example_branch_datetime_operator.py
[2024-12-26T14:36:53.954+0000] {logging_mixin.py:190} INFO - [2024-12-26T14:36:53.954+0000] {dag.py:3239} INFO - Sync 3 DAGs
[2024-12-26T14:36:53.984+0000] {logging_mixin.py:190} INFO - [2024-12-26T14:36:53.984+0000] {dag.py:4180} INFO - Setting next_dagrun for example_branch_datetime_operator to 2024-12-25 00:00:00+00:00, run_after=2024-12-26 00:00:00+00:00
[2024-12-26T14:36:53.990+0000] {logging_mixin.py:190} INFO - [2024-12-26T14:36:53.990+0000] {dag.py:4180} INFO - Setting next_dagrun for example_branch_datetime_operator_2 to 2024-12-25 00:00:00+00:00, run_after=2024-12-26 00:00:00+00:00
[2024-12-26T14:36:53.992+0000] {logging_mixin.py:190} INFO - [2024-12-26T14:36:53.992+0000] {dag.py:4180} INFO - Setting next_dagrun for example_branch_datetime_operator_3 to 2024-12-25 00:00:00+00:00, run_after=2024-12-26 00:00:00+00:00
[2024-12-26T14:36:54.007+0000] {processor.py:208} INFO - Processing /home/airflow/.local/lib/python3.12/site-packages/airflow/example_dags/example_branch_datetime_operator.py took 0.122 seconds
[2024-12-26T14:37:24.949+0000] {processor.py:186} INFO - Started process (PID=3558) to work on /home/airflow/.local/lib/python3.12/site-packages/airflow/example_dags/example_branch_datetime_operator.py
[2024-12-26T14:37:24.950+0000] {processor.py:914} INFO - Processing file /home/airflow/.local/lib/python3.12/site-packages/airflow/example_dags/example_branch_datetime_operator.py for tasks to queue
[2024-12-26T14:37:24.953+0000] {logging_mixin.py:190} INFO - [2024-12-26T14:37:24.953+0000] {dagbag.py:588} INFO - Filling up the DagBag from /home/airflow/.local/lib/python3.12/site-packages/airflow/example_dags/example_branch_datetime_operator.py
[2024-12-26T14:37:24.969+0000] {processor.py:925} INFO - DAG(s) 'example_branch_datetime_operator_3', 'example_branch_datetime_operator_2', 'example_branch_datetime_operator' retrieved from /home/airflow/.local/lib/python3.12/site-packages/airflow/example_dags/example_branch_datetime_operator.py
[2024-12-26T14:37:25.005+0000] {logging_mixin.py:190} INFO - [2024-12-26T14:37:25.004+0000] {dag.py:3239} INFO - Sync 3 DAGs
[2024-12-26T14:37:25.034+0000] {logging_mixin.py:190} INFO - [2024-12-26T14:37:25.034+0000] {dag.py:4180} INFO - Setting next_dagrun for example_branch_datetime_operator to 2024-12-25 00:00:00+00:00, run_after=2024-12-26 00:00:00+00:00
[2024-12-26T14:37:25.040+0000] {logging_mixin.py:190} INFO - [2024-12-26T14:37:25.040+0000] {dag.py:4180} INFO - Setting next_dagrun for example_branch_datetime_operator_2 to 2024-12-25 00:00:00+00:00, run_after=2024-12-26 00:00:00+00:00
[2024-12-26T14:37:25.042+0000] {logging_mixin.py:190} INFO - [2024-12-26T14:37:25.042+0000] {dag.py:4180} INFO - Setting next_dagrun for example_branch_datetime_operator_3 to 2024-12-25 00:00:00+00:00, run_after=2024-12-26 00:00:00+00:00
[2024-12-26T14:37:25.059+0000] {processor.py:208} INFO - Processing /home/airflow/.local/lib/python3.12/site-packages/airflow/example_dags/example_branch_datetime_operator.py took 0.124 seconds
[2024-12-26T14:37:55.796+0000] {processor.py:186} INFO - Started process (PID=3847) to work on /home/airflow/.local/lib/python3.12/site-packages/airflow/example_dags/example_branch_datetime_operator.py
[2024-12-26T14:37:55.798+0000] {processor.py:914} INFO - Processing file /home/airflow/.local/lib/python3.12/site-packages/airflow/example_dags/example_branch_datetime_operator.py for tasks to queue
[2024-12-26T14:37:55.801+0000] {logging_mixin.py:190} INFO - [2024-12-26T14:37:55.801+0000] {dagbag.py:588} INFO - Filling up the DagBag from /home/airflow/.local/lib/python3.12/site-packages/airflow/example_dags/example_branch_datetime_operator.py
[2024-12-26T14:37:55.815+0000] {processor.py:925} INFO - DAG(s) 'example_branch_datetime_operator_3', 'example_branch_datetime_operator', 'example_branch_datetime_operator_2' retrieved from /home/airflow/.local/lib/python3.12/site-packages/airflow/example_dags/example_branch_datetime_operator.py
[2024-12-26T14:37:55.855+0000] {logging_mixin.py:190} INFO - [2024-12-26T14:37:55.854+0000] {dag.py:3239} INFO - Sync 3 DAGs
[2024-12-26T14:37:55.887+0000] {logging_mixin.py:190} INFO - [2024-12-26T14:37:55.887+0000] {dag.py:4180} INFO - Setting next_dagrun for example_branch_datetime_operator to 2024-12-25 00:00:00+00:00, run_after=2024-12-26 00:00:00+00:00
[2024-12-26T14:37:55.895+0000] {logging_mixin.py:190} INFO - [2024-12-26T14:37:55.895+0000] {dag.py:4180} INFO - Setting next_dagrun for example_branch_datetime_operator_2 to 2024-12-25 00:00:00+00:00, run_after=2024-12-26 00:00:00+00:00
[2024-12-26T14:37:55.897+0000] {logging_mixin.py:190} INFO - [2024-12-26T14:37:55.897+0000] {dag.py:4180} INFO - Setting next_dagrun for example_branch_datetime_operator_3 to 2024-12-25 00:00:00+00:00, run_after=2024-12-26 00:00:00+00:00
[2024-12-26T14:37:55.912+0000] {processor.py:208} INFO - Processing /home/airflow/.local/lib/python3.12/site-packages/airflow/example_dags/example_branch_datetime_operator.py took 0.130 seconds
