[2024-12-26T14:31:54.163+0000] {processor.py:186} INFO - Started process (PID=409) to work on /home/airflow/.local/lib/python3.12/site-packages/airflow/example_dags/example_dataset_alias.py
[2024-12-26T14:31:54.163+0000] {processor.py:914} INFO - Processing file /home/airflow/.local/lib/python3.12/site-packages/airflow/example_dags/example_dataset_alias.py for tasks to queue
[2024-12-26T14:31:54.165+0000] {logging_mixin.py:190} INFO - [2024-12-26T14:31:54.165+0000] {dagbag.py:588} INFO - Filling up the DagBag from /home/airflow/.local/lib/python3.12/site-packages/airflow/example_dags/example_dataset_alias.py
[2024-12-26T14:31:54.722+0000] {processor.py:925} INFO - DAG(s) 'dataset_s3_bucket_consumer', 'dataset_s3_bucket_producer', 'dataset_alias_example_alias_consumer', 'dataset_alias_example_alias_producer' retrieved from /home/airflow/.local/lib/python3.12/site-packages/airflow/example_dags/example_dataset_alias.py
[2024-12-26T14:31:54.911+0000] {logging_mixin.py:190} INFO - [2024-12-26T14:31:54.911+0000] {dag.py:3239} INFO - Sync 4 DAGs
[2024-12-26T14:31:54.941+0000] {logging_mixin.py:190} INFO - [2024-12-26T14:31:54.940+0000] {dag.py:4180} INFO - Setting next_dagrun for dataset_alias_example_alias_consumer to None, run_after=None
[2024-12-26T14:31:54.943+0000] {logging_mixin.py:190} INFO - [2024-12-26T14:31:54.943+0000] {dag.py:4180} INFO - Setting next_dagrun for dataset_alias_example_alias_producer to None, run_after=None
[2024-12-26T14:31:54.945+0000] {logging_mixin.py:190} INFO - [2024-12-26T14:31:54.945+0000] {dag.py:4180} INFO - Setting next_dagrun for dataset_s3_bucket_consumer to None, run_after=None
[2024-12-26T14:31:54.946+0000] {logging_mixin.py:190} INFO - [2024-12-26T14:31:54.946+0000] {dag.py:4180} INFO - Setting next_dagrun for dataset_s3_bucket_producer to None, run_after=None
[2024-12-26T14:31:54.967+0000] {processor.py:208} INFO - Processing /home/airflow/.local/lib/python3.12/site-packages/airflow/example_dags/example_dataset_alias.py took 0.811 seconds
[2024-12-26T14:32:25.340+0000] {processor.py:186} INFO - Started process (PID=700) to work on /home/airflow/.local/lib/python3.12/site-packages/airflow/example_dags/example_dataset_alias.py
[2024-12-26T14:32:25.341+0000] {processor.py:914} INFO - Processing file /home/airflow/.local/lib/python3.12/site-packages/airflow/example_dags/example_dataset_alias.py for tasks to queue
[2024-12-26T14:32:25.344+0000] {logging_mixin.py:190} INFO - [2024-12-26T14:32:25.343+0000] {dagbag.py:588} INFO - Filling up the DagBag from /home/airflow/.local/lib/python3.12/site-packages/airflow/example_dags/example_dataset_alias.py
[2024-12-26T14:32:25.889+0000] {processor.py:925} INFO - DAG(s) 'dataset_s3_bucket_producer', 'dataset_alias_example_alias_consumer', 'dataset_alias_example_alias_producer', 'dataset_s3_bucket_consumer' retrieved from /home/airflow/.local/lib/python3.12/site-packages/airflow/example_dags/example_dataset_alias.py
[2024-12-26T14:32:25.911+0000] {logging_mixin.py:190} INFO - [2024-12-26T14:32:25.911+0000] {dag.py:3239} INFO - Sync 4 DAGs
[2024-12-26T14:32:25.935+0000] {logging_mixin.py:190} INFO - [2024-12-26T14:32:25.935+0000] {dag.py:4180} INFO - Setting next_dagrun for dataset_alias_example_alias_consumer to None, run_after=None
[2024-12-26T14:32:25.939+0000] {logging_mixin.py:190} INFO - [2024-12-26T14:32:25.939+0000] {dag.py:4180} INFO - Setting next_dagrun for dataset_alias_example_alias_producer to None, run_after=None
[2024-12-26T14:32:25.940+0000] {logging_mixin.py:190} INFO - [2024-12-26T14:32:25.940+0000] {dag.py:4180} INFO - Setting next_dagrun for dataset_s3_bucket_consumer to None, run_after=None
[2024-12-26T14:32:25.941+0000] {logging_mixin.py:190} INFO - [2024-12-26T14:32:25.941+0000] {dag.py:4180} INFO - Setting next_dagrun for dataset_s3_bucket_producer to None, run_after=None
[2024-12-26T14:32:25.959+0000] {processor.py:208} INFO - Processing /home/airflow/.local/lib/python3.12/site-packages/airflow/example_dags/example_dataset_alias.py took 0.631 seconds
[2024-12-26T14:32:56.595+0000] {processor.py:186} INFO - Started process (PID=1045) to work on /home/airflow/.local/lib/python3.12/site-packages/airflow/example_dags/example_dataset_alias.py
[2024-12-26T14:32:56.597+0000] {processor.py:914} INFO - Processing file /home/airflow/.local/lib/python3.12/site-packages/airflow/example_dags/example_dataset_alias.py for tasks to queue
[2024-12-26T14:32:56.600+0000] {logging_mixin.py:190} INFO - [2024-12-26T14:32:56.600+0000] {dagbag.py:588} INFO - Filling up the DagBag from /home/airflow/.local/lib/python3.12/site-packages/airflow/example_dags/example_dataset_alias.py
[2024-12-26T14:32:57.177+0000] {processor.py:925} INFO - DAG(s) 'dataset_s3_bucket_producer', 'dataset_alias_example_alias_consumer', 'dataset_alias_example_alias_producer', 'dataset_s3_bucket_consumer' retrieved from /home/airflow/.local/lib/python3.12/site-packages/airflow/example_dags/example_dataset_alias.py
[2024-12-26T14:32:57.200+0000] {logging_mixin.py:190} INFO - [2024-12-26T14:32:57.200+0000] {dag.py:3239} INFO - Sync 4 DAGs
[2024-12-26T14:32:57.226+0000] {logging_mixin.py:190} INFO - [2024-12-26T14:32:57.225+0000] {dag.py:4180} INFO - Setting next_dagrun for dataset_alias_example_alias_consumer to None, run_after=None
[2024-12-26T14:32:57.228+0000] {logging_mixin.py:190} INFO - [2024-12-26T14:32:57.228+0000] {dag.py:4180} INFO - Setting next_dagrun for dataset_alias_example_alias_producer to None, run_after=None
[2024-12-26T14:32:57.229+0000] {logging_mixin.py:190} INFO - [2024-12-26T14:32:57.229+0000] {dag.py:4180} INFO - Setting next_dagrun for dataset_s3_bucket_consumer to None, run_after=None
[2024-12-26T14:32:57.231+0000] {logging_mixin.py:190} INFO - [2024-12-26T14:32:57.230+0000] {dag.py:4180} INFO - Setting next_dagrun for dataset_s3_bucket_producer to None, run_after=None
[2024-12-26T14:32:57.249+0000] {processor.py:208} INFO - Processing /home/airflow/.local/lib/python3.12/site-packages/airflow/example_dags/example_dataset_alias.py took 0.667 seconds
[2024-12-26T14:33:27.349+0000] {processor.py:186} INFO - Started process (PID=1378) to work on /home/airflow/.local/lib/python3.12/site-packages/airflow/example_dags/example_dataset_alias.py
[2024-12-26T14:33:27.350+0000] {processor.py:914} INFO - Processing file /home/airflow/.local/lib/python3.12/site-packages/airflow/example_dags/example_dataset_alias.py for tasks to queue
[2024-12-26T14:33:27.353+0000] {logging_mixin.py:190} INFO - [2024-12-26T14:33:27.353+0000] {dagbag.py:588} INFO - Filling up the DagBag from /home/airflow/.local/lib/python3.12/site-packages/airflow/example_dags/example_dataset_alias.py
[2024-12-26T14:33:27.903+0000] {processor.py:925} INFO - DAG(s) 'dataset_alias_example_alias_producer', 'dataset_alias_example_alias_consumer', 'dataset_s3_bucket_consumer', 'dataset_s3_bucket_producer' retrieved from /home/airflow/.local/lib/python3.12/site-packages/airflow/example_dags/example_dataset_alias.py
[2024-12-26T14:33:27.926+0000] {logging_mixin.py:190} INFO - [2024-12-26T14:33:27.926+0000] {dag.py:3239} INFO - Sync 4 DAGs
[2024-12-26T14:33:27.954+0000] {logging_mixin.py:190} INFO - [2024-12-26T14:33:27.954+0000] {dag.py:4180} INFO - Setting next_dagrun for dataset_alias_example_alias_consumer to None, run_after=None
[2024-12-26T14:33:27.957+0000] {logging_mixin.py:190} INFO - [2024-12-26T14:33:27.957+0000] {dag.py:4180} INFO - Setting next_dagrun for dataset_alias_example_alias_producer to None, run_after=None
[2024-12-26T14:33:27.958+0000] {logging_mixin.py:190} INFO - [2024-12-26T14:33:27.958+0000] {dag.py:4180} INFO - Setting next_dagrun for dataset_s3_bucket_consumer to None, run_after=None
[2024-12-26T14:33:27.959+0000] {logging_mixin.py:190} INFO - [2024-12-26T14:33:27.959+0000] {dag.py:4180} INFO - Setting next_dagrun for dataset_s3_bucket_producer to None, run_after=None
[2024-12-26T14:33:27.979+0000] {processor.py:208} INFO - Processing /home/airflow/.local/lib/python3.12/site-packages/airflow/example_dags/example_dataset_alias.py took 0.638 seconds
[2024-12-26T14:33:58.618+0000] {processor.py:186} INFO - Started process (PID=1669) to work on /home/airflow/.local/lib/python3.12/site-packages/airflow/example_dags/example_dataset_alias.py
[2024-12-26T14:33:58.620+0000] {processor.py:914} INFO - Processing file /home/airflow/.local/lib/python3.12/site-packages/airflow/example_dags/example_dataset_alias.py for tasks to queue
[2024-12-26T14:33:58.623+0000] {logging_mixin.py:190} INFO - [2024-12-26T14:33:58.622+0000] {dagbag.py:588} INFO - Filling up the DagBag from /home/airflow/.local/lib/python3.12/site-packages/airflow/example_dags/example_dataset_alias.py
[2024-12-26T14:33:59.182+0000] {processor.py:925} INFO - DAG(s) 'dataset_alias_example_alias_producer', 'dataset_alias_example_alias_consumer', 'dataset_s3_bucket_producer', 'dataset_s3_bucket_consumer' retrieved from /home/airflow/.local/lib/python3.12/site-packages/airflow/example_dags/example_dataset_alias.py
[2024-12-26T14:33:59.207+0000] {logging_mixin.py:190} INFO - [2024-12-26T14:33:59.206+0000] {dag.py:3239} INFO - Sync 4 DAGs
[2024-12-26T14:33:59.232+0000] {logging_mixin.py:190} INFO - [2024-12-26T14:33:59.231+0000] {dag.py:4180} INFO - Setting next_dagrun for dataset_alias_example_alias_consumer to None, run_after=None
[2024-12-26T14:33:59.234+0000] {logging_mixin.py:190} INFO - [2024-12-26T14:33:59.234+0000] {dag.py:4180} INFO - Setting next_dagrun for dataset_alias_example_alias_producer to None, run_after=None
[2024-12-26T14:33:59.236+0000] {logging_mixin.py:190} INFO - [2024-12-26T14:33:59.235+0000] {dag.py:4180} INFO - Setting next_dagrun for dataset_s3_bucket_consumer to None, run_after=None
[2024-12-26T14:33:59.237+0000] {logging_mixin.py:190} INFO - [2024-12-26T14:33:59.237+0000] {dag.py:4180} INFO - Setting next_dagrun for dataset_s3_bucket_producer to None, run_after=None
[2024-12-26T14:33:59.257+0000] {processor.py:208} INFO - Processing /home/airflow/.local/lib/python3.12/site-packages/airflow/example_dags/example_dataset_alias.py took 0.652 seconds
[2024-12-26T14:34:30.277+0000] {processor.py:186} INFO - Started process (PID=1960) to work on /home/airflow/.local/lib/python3.12/site-packages/airflow/example_dags/example_dataset_alias.py
[2024-12-26T14:34:30.286+0000] {processor.py:914} INFO - Processing file /home/airflow/.local/lib/python3.12/site-packages/airflow/example_dags/example_dataset_alias.py for tasks to queue
[2024-12-26T14:34:30.291+0000] {logging_mixin.py:190} INFO - [2024-12-26T14:34:30.290+0000] {dagbag.py:588} INFO - Filling up the DagBag from /home/airflow/.local/lib/python3.12/site-packages/airflow/example_dags/example_dataset_alias.py
[2024-12-26T14:34:30.863+0000] {processor.py:925} INFO - DAG(s) 'dataset_s3_bucket_producer', 'dataset_s3_bucket_consumer', 'dataset_alias_example_alias_producer', 'dataset_alias_example_alias_consumer' retrieved from /home/airflow/.local/lib/python3.12/site-packages/airflow/example_dags/example_dataset_alias.py
[2024-12-26T14:34:30.886+0000] {logging_mixin.py:190} INFO - [2024-12-26T14:34:30.886+0000] {dag.py:3239} INFO - Sync 4 DAGs
[2024-12-26T14:34:30.910+0000] {logging_mixin.py:190} INFO - [2024-12-26T14:34:30.910+0000] {dag.py:4180} INFO - Setting next_dagrun for dataset_alias_example_alias_consumer to None, run_after=None
[2024-12-26T14:34:30.913+0000] {logging_mixin.py:190} INFO - [2024-12-26T14:34:30.912+0000] {dag.py:4180} INFO - Setting next_dagrun for dataset_alias_example_alias_producer to None, run_after=None
[2024-12-26T14:34:30.914+0000] {logging_mixin.py:190} INFO - [2024-12-26T14:34:30.914+0000] {dag.py:4180} INFO - Setting next_dagrun for dataset_s3_bucket_consumer to None, run_after=None
[2024-12-26T14:34:30.915+0000] {logging_mixin.py:190} INFO - [2024-12-26T14:34:30.915+0000] {dag.py:4180} INFO - Setting next_dagrun for dataset_s3_bucket_producer to None, run_after=None
[2024-12-26T14:34:30.944+0000] {processor.py:208} INFO - Processing /home/airflow/.local/lib/python3.12/site-packages/airflow/example_dags/example_dataset_alias.py took 0.679 seconds
[2024-12-26T14:35:01.668+0000] {processor.py:186} INFO - Started process (PID=2251) to work on /home/airflow/.local/lib/python3.12/site-packages/airflow/example_dags/example_dataset_alias.py
[2024-12-26T14:35:01.669+0000] {processor.py:914} INFO - Processing file /home/airflow/.local/lib/python3.12/site-packages/airflow/example_dags/example_dataset_alias.py for tasks to queue
[2024-12-26T14:35:01.672+0000] {logging_mixin.py:190} INFO - [2024-12-26T14:35:01.671+0000] {dagbag.py:588} INFO - Filling up the DagBag from /home/airflow/.local/lib/python3.12/site-packages/airflow/example_dags/example_dataset_alias.py
[2024-12-26T14:35:02.227+0000] {processor.py:925} INFO - DAG(s) 'dataset_alias_example_alias_consumer', 'dataset_alias_example_alias_producer', 'dataset_s3_bucket_producer', 'dataset_s3_bucket_consumer' retrieved from /home/airflow/.local/lib/python3.12/site-packages/airflow/example_dags/example_dataset_alias.py
[2024-12-26T14:35:02.249+0000] {logging_mixin.py:190} INFO - [2024-12-26T14:35:02.249+0000] {dag.py:3239} INFO - Sync 4 DAGs
[2024-12-26T14:35:02.274+0000] {logging_mixin.py:190} INFO - [2024-12-26T14:35:02.274+0000] {dag.py:4180} INFO - Setting next_dagrun for dataset_alias_example_alias_consumer to None, run_after=None
[2024-12-26T14:35:02.277+0000] {logging_mixin.py:190} INFO - [2024-12-26T14:35:02.277+0000] {dag.py:4180} INFO - Setting next_dagrun for dataset_alias_example_alias_producer to None, run_after=None
[2024-12-26T14:35:02.278+0000] {logging_mixin.py:190} INFO - [2024-12-26T14:35:02.278+0000] {dag.py:4180} INFO - Setting next_dagrun for dataset_s3_bucket_consumer to None, run_after=None
[2024-12-26T14:35:02.279+0000] {logging_mixin.py:190} INFO - [2024-12-26T14:35:02.279+0000] {dag.py:4180} INFO - Setting next_dagrun for dataset_s3_bucket_producer to None, run_after=None
[2024-12-26T14:35:02.298+0000] {processor.py:208} INFO - Processing /home/airflow/.local/lib/python3.12/site-packages/airflow/example_dags/example_dataset_alias.py took 0.643 seconds
[2024-12-26T14:35:33.200+0000] {processor.py:186} INFO - Started process (PID=2542) to work on /home/airflow/.local/lib/python3.12/site-packages/airflow/example_dags/example_dataset_alias.py
[2024-12-26T14:35:33.217+0000] {processor.py:914} INFO - Processing file /home/airflow/.local/lib/python3.12/site-packages/airflow/example_dags/example_dataset_alias.py for tasks to queue
[2024-12-26T14:35:33.221+0000] {logging_mixin.py:190} INFO - [2024-12-26T14:35:33.221+0000] {dagbag.py:588} INFO - Filling up the DagBag from /home/airflow/.local/lib/python3.12/site-packages/airflow/example_dags/example_dataset_alias.py
[2024-12-26T14:35:33.797+0000] {processor.py:925} INFO - DAG(s) 'dataset_s3_bucket_consumer', 'dataset_alias_example_alias_producer', 'dataset_alias_example_alias_consumer', 'dataset_s3_bucket_producer' retrieved from /home/airflow/.local/lib/python3.12/site-packages/airflow/example_dags/example_dataset_alias.py
[2024-12-26T14:35:33.818+0000] {logging_mixin.py:190} INFO - [2024-12-26T14:35:33.818+0000] {dag.py:3239} INFO - Sync 4 DAGs
[2024-12-26T14:35:33.845+0000] {logging_mixin.py:190} INFO - [2024-12-26T14:35:33.844+0000] {dag.py:4180} INFO - Setting next_dagrun for dataset_alias_example_alias_consumer to None, run_after=None
[2024-12-26T14:35:33.847+0000] {logging_mixin.py:190} INFO - [2024-12-26T14:35:33.847+0000] {dag.py:4180} INFO - Setting next_dagrun for dataset_alias_example_alias_producer to None, run_after=None
[2024-12-26T14:35:33.848+0000] {logging_mixin.py:190} INFO - [2024-12-26T14:35:33.848+0000] {dag.py:4180} INFO - Setting next_dagrun for dataset_s3_bucket_consumer to None, run_after=None
[2024-12-26T14:35:33.849+0000] {logging_mixin.py:190} INFO - [2024-12-26T14:35:33.849+0000] {dag.py:4180} INFO - Setting next_dagrun for dataset_s3_bucket_producer to None, run_after=None
[2024-12-26T14:35:33.868+0000] {processor.py:208} INFO - Processing /home/airflow/.local/lib/python3.12/site-packages/airflow/example_dags/example_dataset_alias.py took 0.683 seconds
[2024-12-26T14:36:04.734+0000] {processor.py:186} INFO - Started process (PID=2833) to work on /home/airflow/.local/lib/python3.12/site-packages/airflow/example_dags/example_dataset_alias.py
[2024-12-26T14:36:04.747+0000] {processor.py:914} INFO - Processing file /home/airflow/.local/lib/python3.12/site-packages/airflow/example_dags/example_dataset_alias.py for tasks to queue
[2024-12-26T14:36:04.751+0000] {logging_mixin.py:190} INFO - [2024-12-26T14:36:04.750+0000] {dagbag.py:588} INFO - Filling up the DagBag from /home/airflow/.local/lib/python3.12/site-packages/airflow/example_dags/example_dataset_alias.py
[2024-12-26T14:36:05.317+0000] {processor.py:925} INFO - DAG(s) 'dataset_alias_example_alias_consumer', 'dataset_alias_example_alias_producer', 'dataset_s3_bucket_consumer', 'dataset_s3_bucket_producer' retrieved from /home/airflow/.local/lib/python3.12/site-packages/airflow/example_dags/example_dataset_alias.py
[2024-12-26T14:36:05.338+0000] {logging_mixin.py:190} INFO - [2024-12-26T14:36:05.338+0000] {dag.py:3239} INFO - Sync 4 DAGs
[2024-12-26T14:36:05.364+0000] {logging_mixin.py:190} INFO - [2024-12-26T14:36:05.364+0000] {dag.py:4180} INFO - Setting next_dagrun for dataset_alias_example_alias_consumer to None, run_after=None
[2024-12-26T14:36:05.367+0000] {logging_mixin.py:190} INFO - [2024-12-26T14:36:05.366+0000] {dag.py:4180} INFO - Setting next_dagrun for dataset_alias_example_alias_producer to None, run_after=None
[2024-12-26T14:36:05.368+0000] {logging_mixin.py:190} INFO - [2024-12-26T14:36:05.368+0000] {dag.py:4180} INFO - Setting next_dagrun for dataset_s3_bucket_consumer to None, run_after=None
[2024-12-26T14:36:05.370+0000] {logging_mixin.py:190} INFO - [2024-12-26T14:36:05.369+0000] {dag.py:4180} INFO - Setting next_dagrun for dataset_s3_bucket_producer to None, run_after=None
[2024-12-26T14:36:05.393+0000] {processor.py:208} INFO - Processing /home/airflow/.local/lib/python3.12/site-packages/airflow/example_dags/example_dataset_alias.py took 0.671 seconds
[2024-12-26T14:36:35.571+0000] {processor.py:186} INFO - Started process (PID=3124) to work on /home/airflow/.local/lib/python3.12/site-packages/airflow/example_dags/example_dataset_alias.py
[2024-12-26T14:36:35.573+0000] {processor.py:914} INFO - Processing file /home/airflow/.local/lib/python3.12/site-packages/airflow/example_dags/example_dataset_alias.py for tasks to queue
[2024-12-26T14:36:35.575+0000] {logging_mixin.py:190} INFO - [2024-12-26T14:36:35.575+0000] {dagbag.py:588} INFO - Filling up the DagBag from /home/airflow/.local/lib/python3.12/site-packages/airflow/example_dags/example_dataset_alias.py
[2024-12-26T14:36:36.115+0000] {processor.py:925} INFO - DAG(s) 'dataset_s3_bucket_consumer', 'dataset_alias_example_alias_consumer', 'dataset_s3_bucket_producer', 'dataset_alias_example_alias_producer' retrieved from /home/airflow/.local/lib/python3.12/site-packages/airflow/example_dags/example_dataset_alias.py
[2024-12-26T14:36:36.136+0000] {logging_mixin.py:190} INFO - [2024-12-26T14:36:36.136+0000] {dag.py:3239} INFO - Sync 4 DAGs
[2024-12-26T14:36:36.161+0000] {logging_mixin.py:190} INFO - [2024-12-26T14:36:36.161+0000] {dag.py:4180} INFO - Setting next_dagrun for dataset_alias_example_alias_consumer to None, run_after=None
[2024-12-26T14:36:36.164+0000] {logging_mixin.py:190} INFO - [2024-12-26T14:36:36.163+0000] {dag.py:4180} INFO - Setting next_dagrun for dataset_alias_example_alias_producer to None, run_after=None
[2024-12-26T14:36:36.165+0000] {logging_mixin.py:190} INFO - [2024-12-26T14:36:36.164+0000] {dag.py:4180} INFO - Setting next_dagrun for dataset_s3_bucket_consumer to None, run_after=None
[2024-12-26T14:36:36.166+0000] {logging_mixin.py:190} INFO - [2024-12-26T14:36:36.166+0000] {dag.py:4180} INFO - Setting next_dagrun for dataset_s3_bucket_producer to None, run_after=None
[2024-12-26T14:36:36.186+0000] {processor.py:208} INFO - Processing /home/airflow/.local/lib/python3.12/site-packages/airflow/example_dags/example_dataset_alias.py took 0.628 seconds
[2024-12-26T14:37:06.434+0000] {processor.py:186} INFO - Started process (PID=3415) to work on /home/airflow/.local/lib/python3.12/site-packages/airflow/example_dags/example_dataset_alias.py
[2024-12-26T14:37:06.435+0000] {processor.py:914} INFO - Processing file /home/airflow/.local/lib/python3.12/site-packages/airflow/example_dags/example_dataset_alias.py for tasks to queue
[2024-12-26T14:37:06.438+0000] {logging_mixin.py:190} INFO - [2024-12-26T14:37:06.438+0000] {dagbag.py:588} INFO - Filling up the DagBag from /home/airflow/.local/lib/python3.12/site-packages/airflow/example_dags/example_dataset_alias.py
[2024-12-26T14:37:07.008+0000] {processor.py:925} INFO - DAG(s) 'dataset_alias_example_alias_producer', 'dataset_alias_example_alias_consumer', 'dataset_s3_bucket_consumer', 'dataset_s3_bucket_producer' retrieved from /home/airflow/.local/lib/python3.12/site-packages/airflow/example_dags/example_dataset_alias.py
[2024-12-26T14:37:07.034+0000] {logging_mixin.py:190} INFO - [2024-12-26T14:37:07.034+0000] {dag.py:3239} INFO - Sync 4 DAGs
[2024-12-26T14:37:07.061+0000] {logging_mixin.py:190} INFO - [2024-12-26T14:37:07.061+0000] {dag.py:4180} INFO - Setting next_dagrun for dataset_alias_example_alias_consumer to None, run_after=None
[2024-12-26T14:37:07.064+0000] {logging_mixin.py:190} INFO - [2024-12-26T14:37:07.063+0000] {dag.py:4180} INFO - Setting next_dagrun for dataset_alias_example_alias_producer to None, run_after=None
[2024-12-26T14:37:07.065+0000] {logging_mixin.py:190} INFO - [2024-12-26T14:37:07.065+0000] {dag.py:4180} INFO - Setting next_dagrun for dataset_s3_bucket_consumer to None, run_after=None
[2024-12-26T14:37:07.066+0000] {logging_mixin.py:190} INFO - [2024-12-26T14:37:07.066+0000] {dag.py:4180} INFO - Setting next_dagrun for dataset_s3_bucket_producer to None, run_after=None
[2024-12-26T14:37:07.084+0000] {processor.py:208} INFO - Processing /home/airflow/.local/lib/python3.12/site-packages/airflow/example_dags/example_dataset_alias.py took 0.664 seconds
[2024-12-26T14:37:37.416+0000] {processor.py:186} INFO - Started process (PID=3706) to work on /home/airflow/.local/lib/python3.12/site-packages/airflow/example_dags/example_dataset_alias.py
[2024-12-26T14:37:37.417+0000] {processor.py:914} INFO - Processing file /home/airflow/.local/lib/python3.12/site-packages/airflow/example_dags/example_dataset_alias.py for tasks to queue
[2024-12-26T14:37:37.420+0000] {logging_mixin.py:190} INFO - [2024-12-26T14:37:37.420+0000] {dagbag.py:588} INFO - Filling up the DagBag from /home/airflow/.local/lib/python3.12/site-packages/airflow/example_dags/example_dataset_alias.py
[2024-12-26T14:37:37.977+0000] {processor.py:925} INFO - DAG(s) 'dataset_alias_example_alias_consumer', 'dataset_s3_bucket_consumer', 'dataset_alias_example_alias_producer', 'dataset_s3_bucket_producer' retrieved from /home/airflow/.local/lib/python3.12/site-packages/airflow/example_dags/example_dataset_alias.py
[2024-12-26T14:37:37.999+0000] {logging_mixin.py:190} INFO - [2024-12-26T14:37:37.998+0000] {dag.py:3239} INFO - Sync 4 DAGs
[2024-12-26T14:37:38.024+0000] {logging_mixin.py:190} INFO - [2024-12-26T14:37:38.024+0000] {dag.py:4180} INFO - Setting next_dagrun for dataset_alias_example_alias_consumer to None, run_after=None
[2024-12-26T14:37:38.026+0000] {logging_mixin.py:190} INFO - [2024-12-26T14:37:38.026+0000] {dag.py:4180} INFO - Setting next_dagrun for dataset_alias_example_alias_producer to None, run_after=None
[2024-12-26T14:37:38.028+0000] {logging_mixin.py:190} INFO - [2024-12-26T14:37:38.027+0000] {dag.py:4180} INFO - Setting next_dagrun for dataset_s3_bucket_consumer to None, run_after=None
[2024-12-26T14:37:38.029+0000] {logging_mixin.py:190} INFO - [2024-12-26T14:37:38.028+0000] {dag.py:4180} INFO - Setting next_dagrun for dataset_s3_bucket_producer to None, run_after=None
[2024-12-26T14:37:38.047+0000] {processor.py:208} INFO - Processing /home/airflow/.local/lib/python3.12/site-packages/airflow/example_dags/example_dataset_alias.py took 0.645 seconds
[2024-12-26T14:38:08.124+0000] {processor.py:186} INFO - Started process (PID=3994) to work on /home/airflow/.local/lib/python3.12/site-packages/airflow/example_dags/example_dataset_alias.py
[2024-12-26T14:38:08.125+0000] {processor.py:914} INFO - Processing file /home/airflow/.local/lib/python3.12/site-packages/airflow/example_dags/example_dataset_alias.py for tasks to queue
[2024-12-26T14:38:08.129+0000] {logging_mixin.py:190} INFO - [2024-12-26T14:38:08.128+0000] {dagbag.py:588} INFO - Filling up the DagBag from /home/airflow/.local/lib/python3.12/site-packages/airflow/example_dags/example_dataset_alias.py
[2024-12-26T14:38:08.681+0000] {processor.py:925} INFO - DAG(s) 'dataset_alias_example_alias_consumer', 'dataset_alias_example_alias_producer', 'dataset_s3_bucket_consumer', 'dataset_s3_bucket_producer' retrieved from /home/airflow/.local/lib/python3.12/site-packages/airflow/example_dags/example_dataset_alias.py
[2024-12-26T14:38:08.707+0000] {logging_mixin.py:190} INFO - [2024-12-26T14:38:08.707+0000] {dag.py:3239} INFO - Sync 4 DAGs
[2024-12-26T14:38:08.734+0000] {logging_mixin.py:190} INFO - [2024-12-26T14:38:08.734+0000] {dag.py:4180} INFO - Setting next_dagrun for dataset_alias_example_alias_consumer to None, run_after=None
[2024-12-26T14:38:08.736+0000] {logging_mixin.py:190} INFO - [2024-12-26T14:38:08.736+0000] {dag.py:4180} INFO - Setting next_dagrun for dataset_alias_example_alias_producer to None, run_after=None
[2024-12-26T14:38:08.738+0000] {logging_mixin.py:190} INFO - [2024-12-26T14:38:08.738+0000] {dag.py:4180} INFO - Setting next_dagrun for dataset_s3_bucket_consumer to None, run_after=None
[2024-12-26T14:38:08.739+0000] {logging_mixin.py:190} INFO - [2024-12-26T14:38:08.739+0000] {dag.py:4180} INFO - Setting next_dagrun for dataset_s3_bucket_producer to None, run_after=None
[2024-12-26T14:38:08.759+0000] {processor.py:208} INFO - Processing /home/airflow/.local/lib/python3.12/site-packages/airflow/example_dags/example_dataset_alias.py took 0.648 seconds
