[2024-12-26T14:31:55.034+0000] {processor.py:186} INFO - Started process (PID=419) to work on /home/airflow/.local/lib/python3.12/site-packages/airflow/example_dags/example_latest_only_with_trigger.py
[2024-12-26T14:31:55.036+0000] {processor.py:914} INFO - Processing file /home/airflow/.local/lib/python3.12/site-packages/airflow/example_dags/example_latest_only_with_trigger.py for tasks to queue
[2024-12-26T14:31:55.040+0000] {logging_mixin.py:190} INFO - [2024-12-26T14:31:55.039+0000] {dagbag.py:588} INFO - Filling up the DagBag from /home/airflow/.local/lib/python3.12/site-packages/airflow/example_dags/example_latest_only_with_trigger.py
[2024-12-26T14:31:55.049+0000] {processor.py:925} INFO - DAG(s) 'latest_only_with_trigger' retrieved from /home/airflow/.local/lib/python3.12/site-packages/airflow/example_dags/example_latest_only_with_trigger.py
[2024-12-26T14:31:55.185+0000] {logging_mixin.py:190} INFO - [2024-12-26T14:31:55.185+0000] {dag.py:3239} INFO - Sync 1 DAGs
[2024-12-26T14:31:55.215+0000] {logging_mixin.py:190} INFO - [2024-12-26T14:31:55.215+0000] {dag.py:4180} INFO - Setting next_dagrun for latest_only_with_trigger to 2024-12-26 08:00:00+00:00, run_after=2024-12-26 12:00:00+00:00
[2024-12-26T14:31:55.242+0000] {processor.py:208} INFO - Processing /home/airflow/.local/lib/python3.12/site-packages/airflow/example_dags/example_latest_only_with_trigger.py took 0.217 seconds
[2024-12-26T14:32:26.019+0000] {processor.py:186} INFO - Started process (PID=710) to work on /home/airflow/.local/lib/python3.12/site-packages/airflow/example_dags/example_latest_only_with_trigger.py
[2024-12-26T14:32:26.028+0000] {processor.py:914} INFO - Processing file /home/airflow/.local/lib/python3.12/site-packages/airflow/example_dags/example_latest_only_with_trigger.py for tasks to queue
[2024-12-26T14:32:26.031+0000] {logging_mixin.py:190} INFO - [2024-12-26T14:32:26.030+0000] {dagbag.py:588} INFO - Filling up the DagBag from /home/airflow/.local/lib/python3.12/site-packages/airflow/example_dags/example_latest_only_with_trigger.py
[2024-12-26T14:32:26.042+0000] {processor.py:925} INFO - DAG(s) 'latest_only_with_trigger' retrieved from /home/airflow/.local/lib/python3.12/site-packages/airflow/example_dags/example_latest_only_with_trigger.py
[2024-12-26T14:32:26.071+0000] {logging_mixin.py:190} INFO - [2024-12-26T14:32:26.071+0000] {dag.py:3239} INFO - Sync 1 DAGs
[2024-12-26T14:32:26.096+0000] {logging_mixin.py:190} INFO - [2024-12-26T14:32:26.096+0000] {dag.py:4180} INFO - Setting next_dagrun for latest_only_with_trigger to 2024-12-26 08:00:00+00:00, run_after=2024-12-26 12:00:00+00:00
[2024-12-26T14:32:26.112+0000] {processor.py:208} INFO - Processing /home/airflow/.local/lib/python3.12/site-packages/airflow/example_dags/example_latest_only_with_trigger.py took 0.105 seconds
[2024-12-26T14:32:57.295+0000] {processor.py:186} INFO - Started process (PID=1055) to work on /home/airflow/.local/lib/python3.12/site-packages/airflow/example_dags/example_latest_only_with_trigger.py
[2024-12-26T14:32:57.297+0000] {processor.py:914} INFO - Processing file /home/airflow/.local/lib/python3.12/site-packages/airflow/example_dags/example_latest_only_with_trigger.py for tasks to queue
[2024-12-26T14:32:57.299+0000] {logging_mixin.py:190} INFO - [2024-12-26T14:32:57.299+0000] {dagbag.py:588} INFO - Filling up the DagBag from /home/airflow/.local/lib/python3.12/site-packages/airflow/example_dags/example_latest_only_with_trigger.py
[2024-12-26T14:32:57.308+0000] {processor.py:925} INFO - DAG(s) 'latest_only_with_trigger' retrieved from /home/airflow/.local/lib/python3.12/site-packages/airflow/example_dags/example_latest_only_with_trigger.py
[2024-12-26T14:32:57.341+0000] {logging_mixin.py:190} INFO - [2024-12-26T14:32:57.341+0000] {dag.py:3239} INFO - Sync 1 DAGs
[2024-12-26T14:32:57.370+0000] {logging_mixin.py:190} INFO - [2024-12-26T14:32:57.369+0000] {dag.py:4180} INFO - Setting next_dagrun for latest_only_with_trigger to 2024-12-26 08:00:00+00:00, run_after=2024-12-26 12:00:00+00:00
[2024-12-26T14:32:57.386+0000] {processor.py:208} INFO - Processing /home/airflow/.local/lib/python3.12/site-packages/airflow/example_dags/example_latest_only_with_trigger.py took 0.103 seconds
[2024-12-26T14:33:28.087+0000] {processor.py:186} INFO - Started process (PID=1388) to work on /home/airflow/.local/lib/python3.12/site-packages/airflow/example_dags/example_latest_only_with_trigger.py
[2024-12-26T14:33:28.088+0000] {processor.py:914} INFO - Processing file /home/airflow/.local/lib/python3.12/site-packages/airflow/example_dags/example_latest_only_with_trigger.py for tasks to queue
[2024-12-26T14:33:28.091+0000] {logging_mixin.py:190} INFO - [2024-12-26T14:33:28.090+0000] {dagbag.py:588} INFO - Filling up the DagBag from /home/airflow/.local/lib/python3.12/site-packages/airflow/example_dags/example_latest_only_with_trigger.py
[2024-12-26T14:33:28.100+0000] {processor.py:925} INFO - DAG(s) 'latest_only_with_trigger' retrieved from /home/airflow/.local/lib/python3.12/site-packages/airflow/example_dags/example_latest_only_with_trigger.py
[2024-12-26T14:33:28.132+0000] {logging_mixin.py:190} INFO - [2024-12-26T14:33:28.132+0000] {dag.py:3239} INFO - Sync 1 DAGs
[2024-12-26T14:33:28.159+0000] {logging_mixin.py:190} INFO - [2024-12-26T14:33:28.159+0000] {dag.py:4180} INFO - Setting next_dagrun for latest_only_with_trigger to 2024-12-26 08:00:00+00:00, run_after=2024-12-26 12:00:00+00:00
[2024-12-26T14:33:28.176+0000] {processor.py:208} INFO - Processing /home/airflow/.local/lib/python3.12/site-packages/airflow/example_dags/example_latest_only_with_trigger.py took 0.102 seconds
[2024-12-26T14:33:59.305+0000] {processor.py:186} INFO - Started process (PID=1674) to work on /home/airflow/.local/lib/python3.12/site-packages/airflow/example_dags/example_latest_only_with_trigger.py
[2024-12-26T14:33:59.306+0000] {processor.py:914} INFO - Processing file /home/airflow/.local/lib/python3.12/site-packages/airflow/example_dags/example_latest_only_with_trigger.py for tasks to queue
[2024-12-26T14:33:59.308+0000] {logging_mixin.py:190} INFO - [2024-12-26T14:33:59.308+0000] {dagbag.py:588} INFO - Filling up the DagBag from /home/airflow/.local/lib/python3.12/site-packages/airflow/example_dags/example_latest_only_with_trigger.py
[2024-12-26T14:33:59.317+0000] {processor.py:925} INFO - DAG(s) 'latest_only_with_trigger' retrieved from /home/airflow/.local/lib/python3.12/site-packages/airflow/example_dags/example_latest_only_with_trigger.py
[2024-12-26T14:33:59.348+0000] {logging_mixin.py:190} INFO - [2024-12-26T14:33:59.348+0000] {dag.py:3239} INFO - Sync 1 DAGs
[2024-12-26T14:33:59.375+0000] {logging_mixin.py:190} INFO - [2024-12-26T14:33:59.375+0000] {dag.py:4180} INFO - Setting next_dagrun for latest_only_with_trigger to 2024-12-26 08:00:00+00:00, run_after=2024-12-26 12:00:00+00:00
[2024-12-26T14:33:59.398+0000] {processor.py:208} INFO - Processing /home/airflow/.local/lib/python3.12/site-packages/airflow/example_dags/example_latest_only_with_trigger.py took 0.102 seconds
[2024-12-26T14:34:31.006+0000] {processor.py:186} INFO - Started process (PID=1965) to work on /home/airflow/.local/lib/python3.12/site-packages/airflow/example_dags/example_latest_only_with_trigger.py
[2024-12-26T14:34:31.008+0000] {processor.py:914} INFO - Processing file /home/airflow/.local/lib/python3.12/site-packages/airflow/example_dags/example_latest_only_with_trigger.py for tasks to queue
[2024-12-26T14:34:31.011+0000] {logging_mixin.py:190} INFO - [2024-12-26T14:34:31.010+0000] {dagbag.py:588} INFO - Filling up the DagBag from /home/airflow/.local/lib/python3.12/site-packages/airflow/example_dags/example_latest_only_with_trigger.py
[2024-12-26T14:34:31.020+0000] {processor.py:925} INFO - DAG(s) 'latest_only_with_trigger' retrieved from /home/airflow/.local/lib/python3.12/site-packages/airflow/example_dags/example_latest_only_with_trigger.py
[2024-12-26T14:34:31.047+0000] {logging_mixin.py:190} INFO - [2024-12-26T14:34:31.047+0000] {dag.py:3239} INFO - Sync 1 DAGs
[2024-12-26T14:34:31.073+0000] {logging_mixin.py:190} INFO - [2024-12-26T14:34:31.073+0000] {dag.py:4180} INFO - Setting next_dagrun for latest_only_with_trigger to 2024-12-26 08:00:00+00:00, run_after=2024-12-26 12:00:00+00:00
[2024-12-26T14:34:31.089+0000] {processor.py:208} INFO - Processing /home/airflow/.local/lib/python3.12/site-packages/airflow/example_dags/example_latest_only_with_trigger.py took 0.096 seconds
[2024-12-26T14:35:02.354+0000] {processor.py:186} INFO - Started process (PID=2256) to work on /home/airflow/.local/lib/python3.12/site-packages/airflow/example_dags/example_latest_only_with_trigger.py
[2024-12-26T14:35:02.355+0000] {processor.py:914} INFO - Processing file /home/airflow/.local/lib/python3.12/site-packages/airflow/example_dags/example_latest_only_with_trigger.py for tasks to queue
[2024-12-26T14:35:02.358+0000] {logging_mixin.py:190} INFO - [2024-12-26T14:35:02.357+0000] {dagbag.py:588} INFO - Filling up the DagBag from /home/airflow/.local/lib/python3.12/site-packages/airflow/example_dags/example_latest_only_with_trigger.py
[2024-12-26T14:35:02.366+0000] {processor.py:925} INFO - DAG(s) 'latest_only_with_trigger' retrieved from /home/airflow/.local/lib/python3.12/site-packages/airflow/example_dags/example_latest_only_with_trigger.py
[2024-12-26T14:35:02.392+0000] {logging_mixin.py:190} INFO - [2024-12-26T14:35:02.391+0000] {dag.py:3239} INFO - Sync 1 DAGs
[2024-12-26T14:35:02.417+0000] {logging_mixin.py:190} INFO - [2024-12-26T14:35:02.417+0000] {dag.py:4180} INFO - Setting next_dagrun for latest_only_with_trigger to 2024-12-26 08:00:00+00:00, run_after=2024-12-26 12:00:00+00:00
[2024-12-26T14:35:02.437+0000] {processor.py:208} INFO - Processing /home/airflow/.local/lib/python3.12/site-packages/airflow/example_dags/example_latest_only_with_trigger.py took 0.095 seconds
[2024-12-26T14:35:33.924+0000] {processor.py:186} INFO - Started process (PID=2548) to work on /home/airflow/.local/lib/python3.12/site-packages/airflow/example_dags/example_latest_only_with_trigger.py
[2024-12-26T14:35:33.932+0000] {processor.py:914} INFO - Processing file /home/airflow/.local/lib/python3.12/site-packages/airflow/example_dags/example_latest_only_with_trigger.py for tasks to queue
[2024-12-26T14:35:33.935+0000] {logging_mixin.py:190} INFO - [2024-12-26T14:35:33.935+0000] {dagbag.py:588} INFO - Filling up the DagBag from /home/airflow/.local/lib/python3.12/site-packages/airflow/example_dags/example_latest_only_with_trigger.py
[2024-12-26T14:35:33.946+0000] {processor.py:925} INFO - DAG(s) 'latest_only_with_trigger' retrieved from /home/airflow/.local/lib/python3.12/site-packages/airflow/example_dags/example_latest_only_with_trigger.py
[2024-12-26T14:35:33.985+0000] {logging_mixin.py:190} INFO - [2024-12-26T14:35:33.985+0000] {dag.py:3239} INFO - Sync 1 DAGs
[2024-12-26T14:35:34.015+0000] {logging_mixin.py:190} INFO - [2024-12-26T14:35:34.015+0000] {dag.py:4180} INFO - Setting next_dagrun for latest_only_with_trigger to 2024-12-26 08:00:00+00:00, run_after=2024-12-26 12:00:00+00:00
[2024-12-26T14:35:34.031+0000] {processor.py:208} INFO - Processing /home/airflow/.local/lib/python3.12/site-packages/airflow/example_dags/example_latest_only_with_trigger.py took 0.119 seconds
[2024-12-26T14:36:05.440+0000] {processor.py:186} INFO - Started process (PID=2840) to work on /home/airflow/.local/lib/python3.12/site-packages/airflow/example_dags/example_latest_only_with_trigger.py
[2024-12-26T14:36:05.441+0000] {processor.py:914} INFO - Processing file /home/airflow/.local/lib/python3.12/site-packages/airflow/example_dags/example_latest_only_with_trigger.py for tasks to queue
[2024-12-26T14:36:05.443+0000] {logging_mixin.py:190} INFO - [2024-12-26T14:36:05.443+0000] {dagbag.py:588} INFO - Filling up the DagBag from /home/airflow/.local/lib/python3.12/site-packages/airflow/example_dags/example_latest_only_with_trigger.py
[2024-12-26T14:36:05.450+0000] {processor.py:925} INFO - DAG(s) 'latest_only_with_trigger' retrieved from /home/airflow/.local/lib/python3.12/site-packages/airflow/example_dags/example_latest_only_with_trigger.py
[2024-12-26T14:36:05.478+0000] {logging_mixin.py:190} INFO - [2024-12-26T14:36:05.477+0000] {dag.py:3239} INFO - Sync 1 DAGs
[2024-12-26T14:36:05.503+0000] {logging_mixin.py:190} INFO - [2024-12-26T14:36:05.503+0000] {dag.py:4180} INFO - Setting next_dagrun for latest_only_with_trigger to 2024-12-26 08:00:00+00:00, run_after=2024-12-26 12:00:00+00:00
[2024-12-26T14:36:05.520+0000] {processor.py:208} INFO - Processing /home/airflow/.local/lib/python3.12/site-packages/airflow/example_dags/example_latest_only_with_trigger.py took 0.086 seconds
[2024-12-26T14:36:36.240+0000] {processor.py:186} INFO - Started process (PID=3129) to work on /home/airflow/.local/lib/python3.12/site-packages/airflow/example_dags/example_latest_only_with_trigger.py
[2024-12-26T14:36:36.241+0000] {processor.py:914} INFO - Processing file /home/airflow/.local/lib/python3.12/site-packages/airflow/example_dags/example_latest_only_with_trigger.py for tasks to queue
[2024-12-26T14:36:36.244+0000] {logging_mixin.py:190} INFO - [2024-12-26T14:36:36.244+0000] {dagbag.py:588} INFO - Filling up the DagBag from /home/airflow/.local/lib/python3.12/site-packages/airflow/example_dags/example_latest_only_with_trigger.py
[2024-12-26T14:36:36.254+0000] {processor.py:925} INFO - DAG(s) 'latest_only_with_trigger' retrieved from /home/airflow/.local/lib/python3.12/site-packages/airflow/example_dags/example_latest_only_with_trigger.py
[2024-12-26T14:36:36.293+0000] {logging_mixin.py:190} INFO - [2024-12-26T14:36:36.293+0000] {dag.py:3239} INFO - Sync 1 DAGs
[2024-12-26T14:36:36.322+0000] {logging_mixin.py:190} INFO - [2024-12-26T14:36:36.321+0000] {dag.py:4180} INFO - Setting next_dagrun for latest_only_with_trigger to 2024-12-26 08:00:00+00:00, run_after=2024-12-26 12:00:00+00:00
[2024-12-26T14:36:36.337+0000] {processor.py:208} INFO - Processing /home/airflow/.local/lib/python3.12/site-packages/airflow/example_dags/example_latest_only_with_trigger.py took 0.110 seconds
[2024-12-26T14:37:07.146+0000] {processor.py:186} INFO - Started process (PID=3422) to work on /home/airflow/.local/lib/python3.12/site-packages/airflow/example_dags/example_latest_only_with_trigger.py
[2024-12-26T14:37:07.147+0000] {processor.py:914} INFO - Processing file /home/airflow/.local/lib/python3.12/site-packages/airflow/example_dags/example_latest_only_with_trigger.py for tasks to queue
[2024-12-26T14:37:07.149+0000] {logging_mixin.py:190} INFO - [2024-12-26T14:37:07.149+0000] {dagbag.py:588} INFO - Filling up the DagBag from /home/airflow/.local/lib/python3.12/site-packages/airflow/example_dags/example_latest_only_with_trigger.py
[2024-12-26T14:37:07.157+0000] {processor.py:925} INFO - DAG(s) 'latest_only_with_trigger' retrieved from /home/airflow/.local/lib/python3.12/site-packages/airflow/example_dags/example_latest_only_with_trigger.py
[2024-12-26T14:37:07.182+0000] {logging_mixin.py:190} INFO - [2024-12-26T14:37:07.182+0000] {dag.py:3239} INFO - Sync 1 DAGs
[2024-12-26T14:37:07.209+0000] {logging_mixin.py:190} INFO - [2024-12-26T14:37:07.209+0000] {dag.py:4180} INFO - Setting next_dagrun for latest_only_with_trigger to 2024-12-26 08:00:00+00:00, run_after=2024-12-26 12:00:00+00:00
[2024-12-26T14:37:07.231+0000] {processor.py:208} INFO - Processing /home/airflow/.local/lib/python3.12/site-packages/airflow/example_dags/example_latest_only_with_trigger.py took 0.094 seconds
[2024-12-26T14:37:38.111+0000] {processor.py:186} INFO - Started process (PID=3711) to work on /home/airflow/.local/lib/python3.12/site-packages/airflow/example_dags/example_latest_only_with_trigger.py
[2024-12-26T14:37:38.113+0000] {processor.py:914} INFO - Processing file /home/airflow/.local/lib/python3.12/site-packages/airflow/example_dags/example_latest_only_with_trigger.py for tasks to queue
[2024-12-26T14:37:38.116+0000] {logging_mixin.py:190} INFO - [2024-12-26T14:37:38.116+0000] {dagbag.py:588} INFO - Filling up the DagBag from /home/airflow/.local/lib/python3.12/site-packages/airflow/example_dags/example_latest_only_with_trigger.py
[2024-12-26T14:37:38.125+0000] {processor.py:925} INFO - DAG(s) 'latest_only_with_trigger' retrieved from /home/airflow/.local/lib/python3.12/site-packages/airflow/example_dags/example_latest_only_with_trigger.py
[2024-12-26T14:37:38.155+0000] {logging_mixin.py:190} INFO - [2024-12-26T14:37:38.155+0000] {dag.py:3239} INFO - Sync 1 DAGs
[2024-12-26T14:37:38.183+0000] {logging_mixin.py:190} INFO - [2024-12-26T14:37:38.182+0000] {dag.py:4180} INFO - Setting next_dagrun for latest_only_with_trigger to 2024-12-26 08:00:00+00:00, run_after=2024-12-26 12:00:00+00:00
[2024-12-26T14:37:38.205+0000] {processor.py:208} INFO - Processing /home/airflow/.local/lib/python3.12/site-packages/airflow/example_dags/example_latest_only_with_trigger.py took 0.107 seconds
[2024-12-26T14:38:08.825+0000] {processor.py:186} INFO - Started process (PID=4002) to work on /home/airflow/.local/lib/python3.12/site-packages/airflow/example_dags/example_latest_only_with_trigger.py
[2024-12-26T14:38:08.826+0000] {processor.py:914} INFO - Processing file /home/airflow/.local/lib/python3.12/site-packages/airflow/example_dags/example_latest_only_with_trigger.py for tasks to queue
[2024-12-26T14:38:08.829+0000] {logging_mixin.py:190} INFO - [2024-12-26T14:38:08.828+0000] {dagbag.py:588} INFO - Filling up the DagBag from /home/airflow/.local/lib/python3.12/site-packages/airflow/example_dags/example_latest_only_with_trigger.py
[2024-12-26T14:38:08.838+0000] {processor.py:925} INFO - DAG(s) 'latest_only_with_trigger' retrieved from /home/airflow/.local/lib/python3.12/site-packages/airflow/example_dags/example_latest_only_with_trigger.py
[2024-12-26T14:38:08.864+0000] {logging_mixin.py:190} INFO - [2024-12-26T14:38:08.864+0000] {dag.py:3239} INFO - Sync 1 DAGs
[2024-12-26T14:38:08.889+0000] {logging_mixin.py:190} INFO - [2024-12-26T14:38:08.889+0000] {dag.py:4180} INFO - Setting next_dagrun for latest_only_with_trigger to 2024-12-26 08:00:00+00:00, run_after=2024-12-26 12:00:00+00:00
[2024-12-26T14:38:08.906+0000] {processor.py:208} INFO - Processing /home/airflow/.local/lib/python3.12/site-packages/airflow/example_dags/example_latest_only_with_trigger.py took 0.093 seconds
