[2024-12-26T14:31:49.901+0000] {processor.py:186} INFO - Started process (PID=268) to work on /home/airflow/.local/lib/python3.12/site-packages/airflow/example_dags/example_display_name.py
[2024-12-26T14:31:49.902+0000] {processor.py:914} INFO - Processing file /home/airflow/.local/lib/python3.12/site-packages/airflow/example_dags/example_display_name.py for tasks to queue
[2024-12-26T14:31:49.905+0000] {logging_mixin.py:190} INFO - [2024-12-26T14:31:49.905+0000] {dagbag.py:588} INFO - Filling up the DagBag from /home/airflow/.local/lib/python3.12/site-packages/airflow/example_dags/example_display_name.py
[2024-12-26T14:31:49.914+0000] {processor.py:925} INFO - DAG(s) 'example_display_name' retrieved from /home/airflow/.local/lib/python3.12/site-packages/airflow/example_dags/example_display_name.py
[2024-12-26T14:31:50.036+0000] {logging_mixin.py:190} INFO - [2024-12-26T14:31:50.036+0000] {dag.py:3239} INFO - Sync 1 DAGs
[2024-12-26T14:31:50.051+0000] {logging_mixin.py:190} INFO - [2024-12-26T14:31:50.051+0000] {dag.py:4180} INFO - Setting next_dagrun for example_display_name to None, run_after=None
[2024-12-26T14:31:50.068+0000] {processor.py:208} INFO - Processing /home/airflow/.local/lib/python3.12/site-packages/airflow/example_dags/example_display_name.py took 0.178 seconds
[2024-12-26T14:32:20.301+0000] {processor.py:186} INFO - Started process (PID=556) to work on /home/airflow/.local/lib/python3.12/site-packages/airflow/example_dags/example_display_name.py
[2024-12-26T14:32:20.302+0000] {processor.py:914} INFO - Processing file /home/airflow/.local/lib/python3.12/site-packages/airflow/example_dags/example_display_name.py for tasks to queue
[2024-12-26T14:32:20.305+0000] {logging_mixin.py:190} INFO - [2024-12-26T14:32:20.305+0000] {dagbag.py:588} INFO - Filling up the DagBag from /home/airflow/.local/lib/python3.12/site-packages/airflow/example_dags/example_display_name.py
[2024-12-26T14:32:20.316+0000] {processor.py:925} INFO - DAG(s) 'example_display_name' retrieved from /home/airflow/.local/lib/python3.12/site-packages/airflow/example_dags/example_display_name.py
[2024-12-26T14:32:20.344+0000] {logging_mixin.py:190} INFO - [2024-12-26T14:32:20.344+0000] {dag.py:3239} INFO - Sync 1 DAGs
[2024-12-26T14:32:20.361+0000] {logging_mixin.py:190} INFO - [2024-12-26T14:32:20.361+0000] {dag.py:4180} INFO - Setting next_dagrun for example_display_name to None, run_after=None
[2024-12-26T14:32:20.378+0000] {processor.py:208} INFO - Processing /home/airflow/.local/lib/python3.12/site-packages/airflow/example_dags/example_display_name.py took 0.089 seconds
[2024-12-26T14:32:50.476+0000] {processor.py:186} INFO - Started process (PID=852) to work on /home/airflow/.local/lib/python3.12/site-packages/airflow/example_dags/example_display_name.py
[2024-12-26T14:32:50.477+0000] {processor.py:914} INFO - Processing file /home/airflow/.local/lib/python3.12/site-packages/airflow/example_dags/example_display_name.py for tasks to queue
[2024-12-26T14:32:50.480+0000] {logging_mixin.py:190} INFO - [2024-12-26T14:32:50.480+0000] {dagbag.py:588} INFO - Filling up the DagBag from /home/airflow/.local/lib/python3.12/site-packages/airflow/example_dags/example_display_name.py
[2024-12-26T14:32:50.489+0000] {processor.py:925} INFO - DAG(s) 'example_display_name' retrieved from /home/airflow/.local/lib/python3.12/site-packages/airflow/example_dags/example_display_name.py
[2024-12-26T14:32:50.518+0000] {logging_mixin.py:190} INFO - [2024-12-26T14:32:50.518+0000] {dag.py:3239} INFO - Sync 1 DAGs
[2024-12-26T14:32:50.537+0000] {logging_mixin.py:190} INFO - [2024-12-26T14:32:50.537+0000] {dag.py:4180} INFO - Setting next_dagrun for example_display_name to None, run_after=None
[2024-12-26T14:32:50.559+0000] {processor.py:208} INFO - Processing /home/airflow/.local/lib/python3.12/site-packages/airflow/example_dags/example_display_name.py took 0.095 seconds
[2024-12-26T14:33:20.828+0000] {processor.py:186} INFO - Started process (PID=1233) to work on /home/airflow/.local/lib/python3.12/site-packages/airflow/example_dags/example_display_name.py
[2024-12-26T14:33:20.830+0000] {processor.py:914} INFO - Processing file /home/airflow/.local/lib/python3.12/site-packages/airflow/example_dags/example_display_name.py for tasks to queue
[2024-12-26T14:33:20.833+0000] {logging_mixin.py:190} INFO - [2024-12-26T14:33:20.832+0000] {dagbag.py:588} INFO - Filling up the DagBag from /home/airflow/.local/lib/python3.12/site-packages/airflow/example_dags/example_display_name.py
[2024-12-26T14:33:20.842+0000] {processor.py:925} INFO - DAG(s) 'example_display_name' retrieved from /home/airflow/.local/lib/python3.12/site-packages/airflow/example_dags/example_display_name.py
[2024-12-26T14:33:20.878+0000] {logging_mixin.py:190} INFO - [2024-12-26T14:33:20.877+0000] {dag.py:3239} INFO - Sync 1 DAGs
[2024-12-26T14:33:20.897+0000] {logging_mixin.py:190} INFO - [2024-12-26T14:33:20.897+0000] {dag.py:4180} INFO - Setting next_dagrun for example_display_name to None, run_after=None
[2024-12-26T14:33:20.922+0000] {processor.py:208} INFO - Processing /home/airflow/.local/lib/python3.12/site-packages/airflow/example_dags/example_display_name.py took 0.106 seconds
[2024-12-26T14:33:51.202+0000] {processor.py:186} INFO - Started process (PID=1525) to work on /home/airflow/.local/lib/python3.12/site-packages/airflow/example_dags/example_display_name.py
[2024-12-26T14:33:51.203+0000] {processor.py:914} INFO - Processing file /home/airflow/.local/lib/python3.12/site-packages/airflow/example_dags/example_display_name.py for tasks to queue
[2024-12-26T14:33:51.206+0000] {logging_mixin.py:190} INFO - [2024-12-26T14:33:51.206+0000] {dagbag.py:588} INFO - Filling up the DagBag from /home/airflow/.local/lib/python3.12/site-packages/airflow/example_dags/example_display_name.py
[2024-12-26T14:33:51.216+0000] {processor.py:925} INFO - DAG(s) 'example_display_name' retrieved from /home/airflow/.local/lib/python3.12/site-packages/airflow/example_dags/example_display_name.py
[2024-12-26T14:33:51.241+0000] {logging_mixin.py:190} INFO - [2024-12-26T14:33:51.241+0000] {dag.py:3239} INFO - Sync 1 DAGs
[2024-12-26T14:33:51.258+0000] {logging_mixin.py:190} INFO - [2024-12-26T14:33:51.258+0000] {dag.py:4180} INFO - Setting next_dagrun for example_display_name to None, run_after=None
[2024-12-26T14:33:51.274+0000] {processor.py:208} INFO - Processing /home/airflow/.local/lib/python3.12/site-packages/airflow/example_dags/example_display_name.py took 0.084 seconds
[2024-12-26T14:34:21.756+0000] {processor.py:186} INFO - Started process (PID=1814) to work on /home/airflow/.local/lib/python3.12/site-packages/airflow/example_dags/example_display_name.py
[2024-12-26T14:34:21.757+0000] {processor.py:914} INFO - Processing file /home/airflow/.local/lib/python3.12/site-packages/airflow/example_dags/example_display_name.py for tasks to queue
[2024-12-26T14:34:21.761+0000] {logging_mixin.py:190} INFO - [2024-12-26T14:34:21.760+0000] {dagbag.py:588} INFO - Filling up the DagBag from /home/airflow/.local/lib/python3.12/site-packages/airflow/example_dags/example_display_name.py
[2024-12-26T14:34:21.771+0000] {processor.py:925} INFO - DAG(s) 'example_display_name' retrieved from /home/airflow/.local/lib/python3.12/site-packages/airflow/example_dags/example_display_name.py
[2024-12-26T14:34:21.807+0000] {logging_mixin.py:190} INFO - [2024-12-26T14:34:21.806+0000] {dag.py:3239} INFO - Sync 1 DAGs
[2024-12-26T14:34:21.827+0000] {logging_mixin.py:190} INFO - [2024-12-26T14:34:21.826+0000] {dag.py:4180} INFO - Setting next_dagrun for example_display_name to None, run_after=None
[2024-12-26T14:34:21.844+0000] {processor.py:208} INFO - Processing /home/airflow/.local/lib/python3.12/site-packages/airflow/example_dags/example_display_name.py took 0.102 seconds
[2024-12-26T14:34:51.952+0000] {processor.py:186} INFO - Started process (PID=2105) to work on /home/airflow/.local/lib/python3.12/site-packages/airflow/example_dags/example_display_name.py
[2024-12-26T14:34:51.953+0000] {processor.py:914} INFO - Processing file /home/airflow/.local/lib/python3.12/site-packages/airflow/example_dags/example_display_name.py for tasks to queue
[2024-12-26T14:34:51.956+0000] {logging_mixin.py:190} INFO - [2024-12-26T14:34:51.956+0000] {dagbag.py:588} INFO - Filling up the DagBag from /home/airflow/.local/lib/python3.12/site-packages/airflow/example_dags/example_display_name.py
[2024-12-26T14:34:51.965+0000] {processor.py:925} INFO - DAG(s) 'example_display_name' retrieved from /home/airflow/.local/lib/python3.12/site-packages/airflow/example_dags/example_display_name.py
[2024-12-26T14:34:51.999+0000] {logging_mixin.py:190} INFO - [2024-12-26T14:34:51.999+0000] {dag.py:3239} INFO - Sync 1 DAGs
[2024-12-26T14:34:52.019+0000] {logging_mixin.py:190} INFO - [2024-12-26T14:34:52.019+0000] {dag.py:4180} INFO - Setting next_dagrun for example_display_name to None, run_after=None
[2024-12-26T14:34:52.037+0000] {processor.py:208} INFO - Processing /home/airflow/.local/lib/python3.12/site-packages/airflow/example_dags/example_display_name.py took 0.096 seconds
[2024-12-26T14:35:22.164+0000] {processor.py:186} INFO - Started process (PID=2396) to work on /home/airflow/.local/lib/python3.12/site-packages/airflow/example_dags/example_display_name.py
[2024-12-26T14:35:22.165+0000] {processor.py:914} INFO - Processing file /home/airflow/.local/lib/python3.12/site-packages/airflow/example_dags/example_display_name.py for tasks to queue
[2024-12-26T14:35:22.168+0000] {logging_mixin.py:190} INFO - [2024-12-26T14:35:22.168+0000] {dagbag.py:588} INFO - Filling up the DagBag from /home/airflow/.local/lib/python3.12/site-packages/airflow/example_dags/example_display_name.py
[2024-12-26T14:35:22.177+0000] {processor.py:925} INFO - DAG(s) 'example_display_name' retrieved from /home/airflow/.local/lib/python3.12/site-packages/airflow/example_dags/example_display_name.py
[2024-12-26T14:35:22.212+0000] {logging_mixin.py:190} INFO - [2024-12-26T14:35:22.212+0000] {dag.py:3239} INFO - Sync 1 DAGs
[2024-12-26T14:35:22.232+0000] {logging_mixin.py:190} INFO - [2024-12-26T14:35:22.232+0000] {dag.py:4180} INFO - Setting next_dagrun for example_display_name to None, run_after=None
[2024-12-26T14:35:22.250+0000] {processor.py:208} INFO - Processing /home/airflow/.local/lib/python3.12/site-packages/airflow/example_dags/example_display_name.py took 0.099 seconds
[2024-12-26T14:35:52.945+0000] {processor.py:186} INFO - Started process (PID=2693) to work on /home/airflow/.local/lib/python3.12/site-packages/airflow/example_dags/example_display_name.py
[2024-12-26T14:35:52.946+0000] {processor.py:914} INFO - Processing file /home/airflow/.local/lib/python3.12/site-packages/airflow/example_dags/example_display_name.py for tasks to queue
[2024-12-26T14:35:52.949+0000] {logging_mixin.py:190} INFO - [2024-12-26T14:35:52.949+0000] {dagbag.py:588} INFO - Filling up the DagBag from /home/airflow/.local/lib/python3.12/site-packages/airflow/example_dags/example_display_name.py
[2024-12-26T14:35:52.958+0000] {processor.py:925} INFO - DAG(s) 'example_display_name' retrieved from /home/airflow/.local/lib/python3.12/site-packages/airflow/example_dags/example_display_name.py
[2024-12-26T14:35:52.989+0000] {logging_mixin.py:190} INFO - [2024-12-26T14:35:52.989+0000] {dag.py:3239} INFO - Sync 1 DAGs
[2024-12-26T14:35:53.008+0000] {logging_mixin.py:190} INFO - [2024-12-26T14:35:53.008+0000] {dag.py:4180} INFO - Setting next_dagrun for example_display_name to None, run_after=None
[2024-12-26T14:35:53.024+0000] {processor.py:208} INFO - Processing /home/airflow/.local/lib/python3.12/site-packages/airflow/example_dags/example_display_name.py took 0.092 seconds
[2024-12-26T14:36:23.282+0000] {processor.py:186} INFO - Started process (PID=2984) to work on /home/airflow/.local/lib/python3.12/site-packages/airflow/example_dags/example_display_name.py
[2024-12-26T14:36:23.284+0000] {processor.py:914} INFO - Processing file /home/airflow/.local/lib/python3.12/site-packages/airflow/example_dags/example_display_name.py for tasks to queue
[2024-12-26T14:36:23.287+0000] {logging_mixin.py:190} INFO - [2024-12-26T14:36:23.286+0000] {dagbag.py:588} INFO - Filling up the DagBag from /home/airflow/.local/lib/python3.12/site-packages/airflow/example_dags/example_display_name.py
[2024-12-26T14:36:23.296+0000] {processor.py:925} INFO - DAG(s) 'example_display_name' retrieved from /home/airflow/.local/lib/python3.12/site-packages/airflow/example_dags/example_display_name.py
[2024-12-26T14:36:23.330+0000] {logging_mixin.py:190} INFO - [2024-12-26T14:36:23.329+0000] {dag.py:3239} INFO - Sync 1 DAGs
[2024-12-26T14:36:23.351+0000] {logging_mixin.py:190} INFO - [2024-12-26T14:36:23.351+0000] {dag.py:4180} INFO - Setting next_dagrun for example_display_name to None, run_after=None
[2024-12-26T14:36:23.371+0000] {processor.py:208} INFO - Processing /home/airflow/.local/lib/python3.12/site-packages/airflow/example_dags/example_display_name.py took 0.101 seconds
[2024-12-26T14:36:54.062+0000] {processor.py:186} INFO - Started process (PID=3275) to work on /home/airflow/.local/lib/python3.12/site-packages/airflow/example_dags/example_display_name.py
[2024-12-26T14:36:54.066+0000] {processor.py:914} INFO - Processing file /home/airflow/.local/lib/python3.12/site-packages/airflow/example_dags/example_display_name.py for tasks to queue
[2024-12-26T14:36:54.069+0000] {logging_mixin.py:190} INFO - [2024-12-26T14:36:54.069+0000] {dagbag.py:588} INFO - Filling up the DagBag from /home/airflow/.local/lib/python3.12/site-packages/airflow/example_dags/example_display_name.py
[2024-12-26T14:36:54.079+0000] {processor.py:925} INFO - DAG(s) 'example_display_name' retrieved from /home/airflow/.local/lib/python3.12/site-packages/airflow/example_dags/example_display_name.py
[2024-12-26T14:36:54.108+0000] {logging_mixin.py:190} INFO - [2024-12-26T14:36:54.108+0000] {dag.py:3239} INFO - Sync 1 DAGs
[2024-12-26T14:36:54.127+0000] {logging_mixin.py:190} INFO - [2024-12-26T14:36:54.126+0000] {dag.py:4180} INFO - Setting next_dagrun for example_display_name to None, run_after=None
[2024-12-26T14:36:54.144+0000] {processor.py:208} INFO - Processing /home/airflow/.local/lib/python3.12/site-packages/airflow/example_dags/example_display_name.py took 0.094 seconds
[2024-12-26T14:37:25.120+0000] {processor.py:186} INFO - Started process (PID=3568) to work on /home/airflow/.local/lib/python3.12/site-packages/airflow/example_dags/example_display_name.py
[2024-12-26T14:37:25.143+0000] {processor.py:914} INFO - Processing file /home/airflow/.local/lib/python3.12/site-packages/airflow/example_dags/example_display_name.py for tasks to queue
[2024-12-26T14:37:25.149+0000] {logging_mixin.py:190} INFO - [2024-12-26T14:37:25.147+0000] {dagbag.py:588} INFO - Filling up the DagBag from /home/airflow/.local/lib/python3.12/site-packages/airflow/example_dags/example_display_name.py
[2024-12-26T14:37:25.163+0000] {processor.py:925} INFO - DAG(s) 'example_display_name' retrieved from /home/airflow/.local/lib/python3.12/site-packages/airflow/example_dags/example_display_name.py
[2024-12-26T14:37:25.196+0000] {logging_mixin.py:190} INFO - [2024-12-26T14:37:25.196+0000] {dag.py:3239} INFO - Sync 1 DAGs
[2024-12-26T14:37:25.217+0000] {logging_mixin.py:190} INFO - [2024-12-26T14:37:25.216+0000] {dag.py:4180} INFO - Setting next_dagrun for example_display_name to None, run_after=None
[2024-12-26T14:37:25.234+0000] {processor.py:208} INFO - Processing /home/airflow/.local/lib/python3.12/site-packages/airflow/example_dags/example_display_name.py took 0.126 seconds
[2024-12-26T14:37:55.964+0000] {processor.py:186} INFO - Started process (PID=3859) to work on /home/airflow/.local/lib/python3.12/site-packages/airflow/example_dags/example_display_name.py
[2024-12-26T14:37:55.965+0000] {processor.py:914} INFO - Processing file /home/airflow/.local/lib/python3.12/site-packages/airflow/example_dags/example_display_name.py for tasks to queue
[2024-12-26T14:37:55.968+0000] {logging_mixin.py:190} INFO - [2024-12-26T14:37:55.968+0000] {dagbag.py:588} INFO - Filling up the DagBag from /home/airflow/.local/lib/python3.12/site-packages/airflow/example_dags/example_display_name.py
[2024-12-26T14:37:55.977+0000] {processor.py:925} INFO - DAG(s) 'example_display_name' retrieved from /home/airflow/.local/lib/python3.12/site-packages/airflow/example_dags/example_display_name.py
[2024-12-26T14:37:56.005+0000] {logging_mixin.py:190} INFO - [2024-12-26T14:37:56.005+0000] {dag.py:3239} INFO - Sync 1 DAGs
[2024-12-26T14:37:56.024+0000] {logging_mixin.py:190} INFO - [2024-12-26T14:37:56.024+0000] {dag.py:4180} INFO - Setting next_dagrun for example_display_name to None, run_after=None
[2024-12-26T14:37:56.040+0000] {processor.py:208} INFO - Processing /home/airflow/.local/lib/python3.12/site-packages/airflow/example_dags/example_display_name.py took 0.088 seconds
