[2024-12-26T14:31:52.395+0000] {processor.py:186} INFO - Started process (PID=356) to work on /home/airflow/.local/lib/python3.12/site-packages/airflow/example_dags/example_branch_day_of_week_operator.py
[2024-12-26T14:31:52.397+0000] {processor.py:914} INFO - Processing file /home/airflow/.local/lib/python3.12/site-packages/airflow/example_dags/example_branch_day_of_week_operator.py for tasks to queue
[2024-12-26T14:31:52.400+0000] {logging_mixin.py:190} INFO - [2024-12-26T14:31:52.400+0000] {dagbag.py:588} INFO - Filling up the DagBag from /home/airflow/.local/lib/python3.12/site-packages/airflow/example_dags/example_branch_day_of_week_operator.py
[2024-12-26T14:31:52.412+0000] {processor.py:925} INFO - DAG(s) 'example_weekday_branch_operator' retrieved from /home/airflow/.local/lib/python3.12/site-packages/airflow/example_dags/example_branch_day_of_week_operator.py
[2024-12-26T14:31:52.542+0000] {logging_mixin.py:190} INFO - [2024-12-26T14:31:52.542+0000] {dag.py:3239} INFO - Sync 1 DAGs
[2024-12-26T14:31:52.566+0000] {logging_mixin.py:190} INFO - [2024-12-26T14:31:52.566+0000] {dag.py:4180} INFO - Setting next_dagrun for example_weekday_branch_operator to 2024-12-25 00:00:00+00:00, run_after=2024-12-26 00:00:00+00:00
[2024-12-26T14:31:52.584+0000] {processor.py:208} INFO - Processing /home/airflow/.local/lib/python3.12/site-packages/airflow/example_dags/example_branch_day_of_week_operator.py took 0.202 seconds
[2024-12-26T14:32:23.288+0000] {processor.py:186} INFO - Started process (PID=645) to work on /home/airflow/.local/lib/python3.12/site-packages/airflow/example_dags/example_branch_day_of_week_operator.py
[2024-12-26T14:32:23.289+0000] {processor.py:914} INFO - Processing file /home/airflow/.local/lib/python3.12/site-packages/airflow/example_dags/example_branch_day_of_week_operator.py for tasks to queue
[2024-12-26T14:32:23.293+0000] {logging_mixin.py:190} INFO - [2024-12-26T14:32:23.292+0000] {dagbag.py:588} INFO - Filling up the DagBag from /home/airflow/.local/lib/python3.12/site-packages/airflow/example_dags/example_branch_day_of_week_operator.py
[2024-12-26T14:32:23.303+0000] {processor.py:925} INFO - DAG(s) 'example_weekday_branch_operator' retrieved from /home/airflow/.local/lib/python3.12/site-packages/airflow/example_dags/example_branch_day_of_week_operator.py
[2024-12-26T14:32:23.341+0000] {logging_mixin.py:190} INFO - [2024-12-26T14:32:23.341+0000] {dag.py:3239} INFO - Sync 1 DAGs
[2024-12-26T14:32:23.376+0000] {logging_mixin.py:190} INFO - [2024-12-26T14:32:23.376+0000] {dag.py:4180} INFO - Setting next_dagrun for example_weekday_branch_operator to 2024-12-25 00:00:00+00:00, run_after=2024-12-26 00:00:00+00:00
[2024-12-26T14:32:23.392+0000] {processor.py:208} INFO - Processing /home/airflow/.local/lib/python3.12/site-packages/airflow/example_dags/example_branch_day_of_week_operator.py took 0.116 seconds
[2024-12-26T14:32:54.052+0000] {processor.py:186} INFO - Started process (PID=987) to work on /home/airflow/.local/lib/python3.12/site-packages/airflow/example_dags/example_branch_day_of_week_operator.py
[2024-12-26T14:32:54.053+0000] {processor.py:914} INFO - Processing file /home/airflow/.local/lib/python3.12/site-packages/airflow/example_dags/example_branch_day_of_week_operator.py for tasks to queue
[2024-12-26T14:32:54.056+0000] {logging_mixin.py:190} INFO - [2024-12-26T14:32:54.056+0000] {dagbag.py:588} INFO - Filling up the DagBag from /home/airflow/.local/lib/python3.12/site-packages/airflow/example_dags/example_branch_day_of_week_operator.py
[2024-12-26T14:32:54.067+0000] {processor.py:925} INFO - DAG(s) 'example_weekday_branch_operator' retrieved from /home/airflow/.local/lib/python3.12/site-packages/airflow/example_dags/example_branch_day_of_week_operator.py
[2024-12-26T14:32:54.105+0000] {logging_mixin.py:190} INFO - [2024-12-26T14:32:54.105+0000] {dag.py:3239} INFO - Sync 1 DAGs
[2024-12-26T14:32:54.137+0000] {logging_mixin.py:190} INFO - [2024-12-26T14:32:54.137+0000] {dag.py:4180} INFO - Setting next_dagrun for example_weekday_branch_operator to 2024-12-25 00:00:00+00:00, run_after=2024-12-26 00:00:00+00:00
[2024-12-26T14:32:54.153+0000] {processor.py:208} INFO - Processing /home/airflow/.local/lib/python3.12/site-packages/airflow/example_dags/example_branch_day_of_week_operator.py took 0.113 seconds
[2024-12-26T14:33:24.490+0000] {processor.py:186} INFO - Started process (PID=1325) to work on /home/airflow/.local/lib/python3.12/site-packages/airflow/example_dags/example_branch_day_of_week_operator.py
[2024-12-26T14:33:24.491+0000] {processor.py:914} INFO - Processing file /home/airflow/.local/lib/python3.12/site-packages/airflow/example_dags/example_branch_day_of_week_operator.py for tasks to queue
[2024-12-26T14:33:24.495+0000] {logging_mixin.py:190} INFO - [2024-12-26T14:33:24.494+0000] {dagbag.py:588} INFO - Filling up the DagBag from /home/airflow/.local/lib/python3.12/site-packages/airflow/example_dags/example_branch_day_of_week_operator.py
[2024-12-26T14:33:24.507+0000] {processor.py:925} INFO - DAG(s) 'example_weekday_branch_operator' retrieved from /home/airflow/.local/lib/python3.12/site-packages/airflow/example_dags/example_branch_day_of_week_operator.py
[2024-12-26T14:33:24.546+0000] {logging_mixin.py:190} INFO - [2024-12-26T14:33:24.546+0000] {dag.py:3239} INFO - Sync 1 DAGs
[2024-12-26T14:33:24.571+0000] {logging_mixin.py:190} INFO - [2024-12-26T14:33:24.571+0000] {dag.py:4180} INFO - Setting next_dagrun for example_weekday_branch_operator to 2024-12-25 00:00:00+00:00, run_after=2024-12-26 00:00:00+00:00
[2024-12-26T14:33:24.585+0000] {processor.py:208} INFO - Processing /home/airflow/.local/lib/python3.12/site-packages/airflow/example_dags/example_branch_day_of_week_operator.py took 0.108 seconds
[2024-12-26T14:33:55.816+0000] {processor.py:186} INFO - Started process (PID=1616) to work on /home/airflow/.local/lib/python3.12/site-packages/airflow/example_dags/example_branch_day_of_week_operator.py
[2024-12-26T14:33:55.817+0000] {processor.py:914} INFO - Processing file /home/airflow/.local/lib/python3.12/site-packages/airflow/example_dags/example_branch_day_of_week_operator.py for tasks to queue
[2024-12-26T14:33:55.820+0000] {logging_mixin.py:190} INFO - [2024-12-26T14:33:55.820+0000] {dagbag.py:588} INFO - Filling up the DagBag from /home/airflow/.local/lib/python3.12/site-packages/airflow/example_dags/example_branch_day_of_week_operator.py
[2024-12-26T14:33:55.832+0000] {processor.py:925} INFO - DAG(s) 'example_weekday_branch_operator' retrieved from /home/airflow/.local/lib/python3.12/site-packages/airflow/example_dags/example_branch_day_of_week_operator.py
[2024-12-26T14:33:55.859+0000] {logging_mixin.py:190} INFO - [2024-12-26T14:33:55.859+0000] {dag.py:3239} INFO - Sync 1 DAGs
[2024-12-26T14:33:55.886+0000] {logging_mixin.py:190} INFO - [2024-12-26T14:33:55.886+0000] {dag.py:4180} INFO - Setting next_dagrun for example_weekday_branch_operator to 2024-12-25 00:00:00+00:00, run_after=2024-12-26 00:00:00+00:00
[2024-12-26T14:33:55.903+0000] {processor.py:208} INFO - Processing /home/airflow/.local/lib/python3.12/site-packages/airflow/example_dags/example_branch_day_of_week_operator.py took 0.100 seconds
[2024-12-26T14:34:26.369+0000] {processor.py:186} INFO - Started process (PID=1905) to work on /home/airflow/.local/lib/python3.12/site-packages/airflow/example_dags/example_branch_day_of_week_operator.py
[2024-12-26T14:34:26.370+0000] {processor.py:914} INFO - Processing file /home/airflow/.local/lib/python3.12/site-packages/airflow/example_dags/example_branch_day_of_week_operator.py for tasks to queue
[2024-12-26T14:34:26.373+0000] {logging_mixin.py:190} INFO - [2024-12-26T14:34:26.373+0000] {dagbag.py:588} INFO - Filling up the DagBag from /home/airflow/.local/lib/python3.12/site-packages/airflow/example_dags/example_branch_day_of_week_operator.py
[2024-12-26T14:34:26.385+0000] {processor.py:925} INFO - DAG(s) 'example_weekday_branch_operator' retrieved from /home/airflow/.local/lib/python3.12/site-packages/airflow/example_dags/example_branch_day_of_week_operator.py
[2024-12-26T14:34:26.412+0000] {logging_mixin.py:190} INFO - [2024-12-26T14:34:26.412+0000] {dag.py:3239} INFO - Sync 1 DAGs
[2024-12-26T14:34:26.438+0000] {logging_mixin.py:190} INFO - [2024-12-26T14:34:26.438+0000] {dag.py:4180} INFO - Setting next_dagrun for example_weekday_branch_operator to 2024-12-25 00:00:00+00:00, run_after=2024-12-26 00:00:00+00:00
[2024-12-26T14:34:26.454+0000] {processor.py:208} INFO - Processing /home/airflow/.local/lib/python3.12/site-packages/airflow/example_dags/example_branch_day_of_week_operator.py took 0.099 seconds
[2024-12-26T14:34:56.721+0000] {processor.py:186} INFO - Started process (PID=2196) to work on /home/airflow/.local/lib/python3.12/site-packages/airflow/example_dags/example_branch_day_of_week_operator.py
[2024-12-26T14:34:56.722+0000] {processor.py:914} INFO - Processing file /home/airflow/.local/lib/python3.12/site-packages/airflow/example_dags/example_branch_day_of_week_operator.py for tasks to queue
[2024-12-26T14:34:56.725+0000] {logging_mixin.py:190} INFO - [2024-12-26T14:34:56.724+0000] {dagbag.py:588} INFO - Filling up the DagBag from /home/airflow/.local/lib/python3.12/site-packages/airflow/example_dags/example_branch_day_of_week_operator.py
[2024-12-26T14:34:56.736+0000] {processor.py:925} INFO - DAG(s) 'example_weekday_branch_operator' retrieved from /home/airflow/.local/lib/python3.12/site-packages/airflow/example_dags/example_branch_day_of_week_operator.py
[2024-12-26T14:34:56.762+0000] {logging_mixin.py:190} INFO - [2024-12-26T14:34:56.762+0000] {dag.py:3239} INFO - Sync 1 DAGs
[2024-12-26T14:34:56.788+0000] {logging_mixin.py:190} INFO - [2024-12-26T14:34:56.788+0000] {dag.py:4180} INFO - Setting next_dagrun for example_weekday_branch_operator to 2024-12-25 00:00:00+00:00, run_after=2024-12-26 00:00:00+00:00
[2024-12-26T14:34:56.804+0000] {processor.py:208} INFO - Processing /home/airflow/.local/lib/python3.12/site-packages/airflow/example_dags/example_branch_day_of_week_operator.py took 0.095 seconds
[2024-12-26T14:35:26.985+0000] {processor.py:186} INFO - Started process (PID=2484) to work on /home/airflow/.local/lib/python3.12/site-packages/airflow/example_dags/example_branch_day_of_week_operator.py
[2024-12-26T14:35:26.986+0000] {processor.py:914} INFO - Processing file /home/airflow/.local/lib/python3.12/site-packages/airflow/example_dags/example_branch_day_of_week_operator.py for tasks to queue
[2024-12-26T14:35:26.989+0000] {logging_mixin.py:190} INFO - [2024-12-26T14:35:26.989+0000] {dagbag.py:588} INFO - Filling up the DagBag from /home/airflow/.local/lib/python3.12/site-packages/airflow/example_dags/example_branch_day_of_week_operator.py
[2024-12-26T14:35:27.003+0000] {processor.py:925} INFO - DAG(s) 'example_weekday_branch_operator' retrieved from /home/airflow/.local/lib/python3.12/site-packages/airflow/example_dags/example_branch_day_of_week_operator.py
[2024-12-26T14:35:27.031+0000] {logging_mixin.py:190} INFO - [2024-12-26T14:35:27.031+0000] {dag.py:3239} INFO - Sync 1 DAGs
[2024-12-26T14:35:27.058+0000] {logging_mixin.py:190} INFO - [2024-12-26T14:35:27.058+0000] {dag.py:4180} INFO - Setting next_dagrun for example_weekday_branch_operator to 2024-12-25 00:00:00+00:00, run_after=2024-12-26 00:00:00+00:00
[2024-12-26T14:35:27.075+0000] {processor.py:208} INFO - Processing /home/airflow/.local/lib/python3.12/site-packages/airflow/example_dags/example_branch_day_of_week_operator.py took 0.104 seconds
[2024-12-26T14:35:57.248+0000] {processor.py:186} INFO - Started process (PID=2773) to work on /home/airflow/.local/lib/python3.12/site-packages/airflow/example_dags/example_branch_day_of_week_operator.py
[2024-12-26T14:35:57.249+0000] {processor.py:914} INFO - Processing file /home/airflow/.local/lib/python3.12/site-packages/airflow/example_dags/example_branch_day_of_week_operator.py for tasks to queue
[2024-12-26T14:35:57.252+0000] {logging_mixin.py:190} INFO - [2024-12-26T14:35:57.252+0000] {dagbag.py:588} INFO - Filling up the DagBag from /home/airflow/.local/lib/python3.12/site-packages/airflow/example_dags/example_branch_day_of_week_operator.py
[2024-12-26T14:35:57.263+0000] {processor.py:925} INFO - DAG(s) 'example_weekday_branch_operator' retrieved from /home/airflow/.local/lib/python3.12/site-packages/airflow/example_dags/example_branch_day_of_week_operator.py
[2024-12-26T14:35:57.291+0000] {logging_mixin.py:190} INFO - [2024-12-26T14:35:57.291+0000] {dag.py:3239} INFO - Sync 1 DAGs
[2024-12-26T14:35:57.317+0000] {logging_mixin.py:190} INFO - [2024-12-26T14:35:57.317+0000] {dag.py:4180} INFO - Setting next_dagrun for example_weekday_branch_operator to 2024-12-25 00:00:00+00:00, run_after=2024-12-26 00:00:00+00:00
[2024-12-26T14:35:57.334+0000] {processor.py:208} INFO - Processing /home/airflow/.local/lib/python3.12/site-packages/airflow/example_dags/example_branch_day_of_week_operator.py took 0.099 seconds
[2024-12-26T14:36:27.597+0000] {processor.py:186} INFO - Started process (PID=3064) to work on /home/airflow/.local/lib/python3.12/site-packages/airflow/example_dags/example_branch_day_of_week_operator.py
[2024-12-26T14:36:27.598+0000] {processor.py:914} INFO - Processing file /home/airflow/.local/lib/python3.12/site-packages/airflow/example_dags/example_branch_day_of_week_operator.py for tasks to queue
[2024-12-26T14:36:27.601+0000] {logging_mixin.py:190} INFO - [2024-12-26T14:36:27.601+0000] {dagbag.py:588} INFO - Filling up the DagBag from /home/airflow/.local/lib/python3.12/site-packages/airflow/example_dags/example_branch_day_of_week_operator.py
[2024-12-26T14:36:27.613+0000] {processor.py:925} INFO - DAG(s) 'example_weekday_branch_operator' retrieved from /home/airflow/.local/lib/python3.12/site-packages/airflow/example_dags/example_branch_day_of_week_operator.py
[2024-12-26T14:36:27.642+0000] {logging_mixin.py:190} INFO - [2024-12-26T14:36:27.642+0000] {dag.py:3239} INFO - Sync 1 DAGs
[2024-12-26T14:36:27.668+0000] {logging_mixin.py:190} INFO - [2024-12-26T14:36:27.668+0000] {dag.py:4180} INFO - Setting next_dagrun for example_weekday_branch_operator to 2024-12-25 00:00:00+00:00, run_after=2024-12-26 00:00:00+00:00
[2024-12-26T14:36:27.684+0000] {processor.py:208} INFO - Processing /home/airflow/.local/lib/python3.12/site-packages/airflow/example_dags/example_branch_day_of_week_operator.py took 0.100 seconds
[2024-12-26T14:36:58.477+0000] {processor.py:186} INFO - Started process (PID=3355) to work on /home/airflow/.local/lib/python3.12/site-packages/airflow/example_dags/example_branch_day_of_week_operator.py
[2024-12-26T14:36:58.478+0000] {processor.py:914} INFO - Processing file /home/airflow/.local/lib/python3.12/site-packages/airflow/example_dags/example_branch_day_of_week_operator.py for tasks to queue
[2024-12-26T14:36:58.481+0000] {logging_mixin.py:190} INFO - [2024-12-26T14:36:58.480+0000] {dagbag.py:588} INFO - Filling up the DagBag from /home/airflow/.local/lib/python3.12/site-packages/airflow/example_dags/example_branch_day_of_week_operator.py
[2024-12-26T14:36:58.493+0000] {processor.py:925} INFO - DAG(s) 'example_weekday_branch_operator' retrieved from /home/airflow/.local/lib/python3.12/site-packages/airflow/example_dags/example_branch_day_of_week_operator.py
[2024-12-26T14:36:58.530+0000] {logging_mixin.py:190} INFO - [2024-12-26T14:36:58.530+0000] {dag.py:3239} INFO - Sync 1 DAGs
[2024-12-26T14:36:58.560+0000] {logging_mixin.py:190} INFO - [2024-12-26T14:36:58.560+0000] {dag.py:4180} INFO - Setting next_dagrun for example_weekday_branch_operator to 2024-12-25 00:00:00+00:00, run_after=2024-12-26 00:00:00+00:00
[2024-12-26T14:36:58.576+0000] {processor.py:208} INFO - Processing /home/airflow/.local/lib/python3.12/site-packages/airflow/example_dags/example_branch_day_of_week_operator.py took 0.112 seconds
[2024-12-26T14:37:28.849+0000] {processor.py:186} INFO - Started process (PID=3646) to work on /home/airflow/.local/lib/python3.12/site-packages/airflow/example_dags/example_branch_day_of_week_operator.py
[2024-12-26T14:37:28.850+0000] {processor.py:914} INFO - Processing file /home/airflow/.local/lib/python3.12/site-packages/airflow/example_dags/example_branch_day_of_week_operator.py for tasks to queue
[2024-12-26T14:37:28.852+0000] {logging_mixin.py:190} INFO - [2024-12-26T14:37:28.852+0000] {dagbag.py:588} INFO - Filling up the DagBag from /home/airflow/.local/lib/python3.12/site-packages/airflow/example_dags/example_branch_day_of_week_operator.py
[2024-12-26T14:37:28.862+0000] {processor.py:925} INFO - DAG(s) 'example_weekday_branch_operator' retrieved from /home/airflow/.local/lib/python3.12/site-packages/airflow/example_dags/example_branch_day_of_week_operator.py
[2024-12-26T14:37:28.888+0000] {logging_mixin.py:190} INFO - [2024-12-26T14:37:28.888+0000] {dag.py:3239} INFO - Sync 1 DAGs
[2024-12-26T14:37:28.915+0000] {logging_mixin.py:190} INFO - [2024-12-26T14:37:28.915+0000] {dag.py:4180} INFO - Setting next_dagrun for example_weekday_branch_operator to 2024-12-25 00:00:00+00:00, run_after=2024-12-26 00:00:00+00:00
[2024-12-26T14:37:28.930+0000] {processor.py:208} INFO - Processing /home/airflow/.local/lib/python3.12/site-packages/airflow/example_dags/example_branch_day_of_week_operator.py took 0.088 seconds
[2024-12-26T14:37:59.078+0000] {processor.py:186} INFO - Started process (PID=3937) to work on /home/airflow/.local/lib/python3.12/site-packages/airflow/example_dags/example_branch_day_of_week_operator.py
[2024-12-26T14:37:59.079+0000] {processor.py:914} INFO - Processing file /home/airflow/.local/lib/python3.12/site-packages/airflow/example_dags/example_branch_day_of_week_operator.py for tasks to queue
[2024-12-26T14:37:59.082+0000] {logging_mixin.py:190} INFO - [2024-12-26T14:37:59.082+0000] {dagbag.py:588} INFO - Filling up the DagBag from /home/airflow/.local/lib/python3.12/site-packages/airflow/example_dags/example_branch_day_of_week_operator.py
[2024-12-26T14:37:59.093+0000] {processor.py:925} INFO - DAG(s) 'example_weekday_branch_operator' retrieved from /home/airflow/.local/lib/python3.12/site-packages/airflow/example_dags/example_branch_day_of_week_operator.py
[2024-12-26T14:37:59.121+0000] {logging_mixin.py:190} INFO - [2024-12-26T14:37:59.120+0000] {dag.py:3239} INFO - Sync 1 DAGs
[2024-12-26T14:37:59.147+0000] {logging_mixin.py:190} INFO - [2024-12-26T14:37:59.147+0000] {dag.py:4180} INFO - Setting next_dagrun for example_weekday_branch_operator to 2024-12-25 00:00:00+00:00, run_after=2024-12-26 00:00:00+00:00
[2024-12-26T14:37:59.163+0000] {processor.py:208} INFO - Processing /home/airflow/.local/lib/python3.12/site-packages/airflow/example_dags/example_branch_day_of_week_operator.py took 0.097 seconds
