[2024-12-26T14:31:55.789+0000] {processor.py:186} INFO - Started process (PID=449) to work on /home/airflow/.local/lib/python3.12/site-packages/airflow/example_dags/example_python_decorator.py
[2024-12-26T14:31:55.790+0000] {processor.py:914} INFO - Processing file /home/airflow/.local/lib/python3.12/site-packages/airflow/example_dags/example_python_decorator.py for tasks to queue
[2024-12-26T14:31:55.793+0000] {logging_mixin.py:190} INFO - [2024-12-26T14:31:55.793+0000] {dagbag.py:588} INFO - Filling up the DagBag from /home/airflow/.local/lib/python3.12/site-packages/airflow/example_dags/example_python_decorator.py
[2024-12-26T14:31:55.811+0000] {processor.py:925} INFO - DAG(s) 'example_python_decorator' retrieved from /home/airflow/.local/lib/python3.12/site-packages/airflow/example_dags/example_python_decorator.py
[2024-12-26T14:31:55.927+0000] {logging_mixin.py:190} INFO - [2024-12-26T14:31:55.926+0000] {dag.py:3239} INFO - Sync 1 DAGs
[2024-12-26T14:31:55.941+0000] {logging_mixin.py:190} INFO - [2024-12-26T14:31:55.941+0000] {dag.py:4180} INFO - Setting next_dagrun for example_python_decorator to None, run_after=None
[2024-12-26T14:31:55.958+0000] {processor.py:208} INFO - Processing /home/airflow/.local/lib/python3.12/site-packages/airflow/example_dags/example_python_decorator.py took 0.183 seconds
[2024-12-26T14:32:26.561+0000] {processor.py:186} INFO - Started process (PID=740) to work on /home/airflow/.local/lib/python3.12/site-packages/airflow/example_dags/example_python_decorator.py
[2024-12-26T14:32:26.562+0000] {processor.py:914} INFO - Processing file /home/airflow/.local/lib/python3.12/site-packages/airflow/example_dags/example_python_decorator.py for tasks to queue
[2024-12-26T14:32:26.565+0000] {logging_mixin.py:190} INFO - [2024-12-26T14:32:26.564+0000] {dagbag.py:588} INFO - Filling up the DagBag from /home/airflow/.local/lib/python3.12/site-packages/airflow/example_dags/example_python_decorator.py
[2024-12-26T14:32:26.581+0000] {processor.py:925} INFO - DAG(s) 'example_python_decorator' retrieved from /home/airflow/.local/lib/python3.12/site-packages/airflow/example_dags/example_python_decorator.py
[2024-12-26T14:32:26.610+0000] {logging_mixin.py:190} INFO - [2024-12-26T14:32:26.610+0000] {dag.py:3239} INFO - Sync 1 DAGs
[2024-12-26T14:32:26.625+0000] {logging_mixin.py:190} INFO - [2024-12-26T14:32:26.625+0000] {dag.py:4180} INFO - Setting next_dagrun for example_python_decorator to None, run_after=None
[2024-12-26T14:32:26.642+0000] {processor.py:208} INFO - Processing /home/airflow/.local/lib/python3.12/site-packages/airflow/example_dags/example_python_decorator.py took 0.094 seconds
[2024-12-26T14:32:57.931+0000] {processor.py:186} INFO - Started process (PID=1085) to work on /home/airflow/.local/lib/python3.12/site-packages/airflow/example_dags/example_python_decorator.py
[2024-12-26T14:32:57.932+0000] {processor.py:914} INFO - Processing file /home/airflow/.local/lib/python3.12/site-packages/airflow/example_dags/example_python_decorator.py for tasks to queue
[2024-12-26T14:32:57.935+0000] {logging_mixin.py:190} INFO - [2024-12-26T14:32:57.935+0000] {dagbag.py:588} INFO - Filling up the DagBag from /home/airflow/.local/lib/python3.12/site-packages/airflow/example_dags/example_python_decorator.py
[2024-12-26T14:32:57.952+0000] {processor.py:925} INFO - DAG(s) 'example_python_decorator' retrieved from /home/airflow/.local/lib/python3.12/site-packages/airflow/example_dags/example_python_decorator.py
[2024-12-26T14:32:57.993+0000] {logging_mixin.py:190} INFO - [2024-12-26T14:32:57.993+0000] {dag.py:3239} INFO - Sync 1 DAGs
[2024-12-26T14:32:58.011+0000] {logging_mixin.py:190} INFO - [2024-12-26T14:32:58.011+0000] {dag.py:4180} INFO - Setting next_dagrun for example_python_decorator to None, run_after=None
[2024-12-26T14:32:58.028+0000] {processor.py:208} INFO - Processing /home/airflow/.local/lib/python3.12/site-packages/airflow/example_dags/example_python_decorator.py took 0.109 seconds
[2024-12-26T14:33:28.818+0000] {processor.py:186} INFO - Started process (PID=1418) to work on /home/airflow/.local/lib/python3.12/site-packages/airflow/example_dags/example_python_decorator.py
[2024-12-26T14:33:28.820+0000] {processor.py:914} INFO - Processing file /home/airflow/.local/lib/python3.12/site-packages/airflow/example_dags/example_python_decorator.py for tasks to queue
[2024-12-26T14:33:28.822+0000] {logging_mixin.py:190} INFO - [2024-12-26T14:33:28.822+0000] {dagbag.py:588} INFO - Filling up the DagBag from /home/airflow/.local/lib/python3.12/site-packages/airflow/example_dags/example_python_decorator.py
[2024-12-26T14:33:28.839+0000] {processor.py:925} INFO - DAG(s) 'example_python_decorator' retrieved from /home/airflow/.local/lib/python3.12/site-packages/airflow/example_dags/example_python_decorator.py
[2024-12-26T14:33:28.874+0000] {logging_mixin.py:190} INFO - [2024-12-26T14:33:28.874+0000] {dag.py:3239} INFO - Sync 1 DAGs
[2024-12-26T14:33:28.892+0000] {logging_mixin.py:190} INFO - [2024-12-26T14:33:28.892+0000] {dag.py:4180} INFO - Setting next_dagrun for example_python_decorator to None, run_after=None
[2024-12-26T14:33:28.909+0000] {processor.py:208} INFO - Processing /home/airflow/.local/lib/python3.12/site-packages/airflow/example_dags/example_python_decorator.py took 0.099 seconds
[2024-12-26T14:34:00.090+0000] {processor.py:186} INFO - Started process (PID=1709) to work on /home/airflow/.local/lib/python3.12/site-packages/airflow/example_dags/example_python_decorator.py
[2024-12-26T14:34:00.091+0000] {processor.py:914} INFO - Processing file /home/airflow/.local/lib/python3.12/site-packages/airflow/example_dags/example_python_decorator.py for tasks to queue
[2024-12-26T14:34:00.093+0000] {logging_mixin.py:190} INFO - [2024-12-26T14:34:00.093+0000] {dagbag.py:588} INFO - Filling up the DagBag from /home/airflow/.local/lib/python3.12/site-packages/airflow/example_dags/example_python_decorator.py
[2024-12-26T14:34:00.110+0000] {processor.py:925} INFO - DAG(s) 'example_python_decorator' retrieved from /home/airflow/.local/lib/python3.12/site-packages/airflow/example_dags/example_python_decorator.py
[2024-12-26T14:34:00.140+0000] {logging_mixin.py:190} INFO - [2024-12-26T14:34:00.139+0000] {dag.py:3239} INFO - Sync 1 DAGs
[2024-12-26T14:34:00.156+0000] {logging_mixin.py:190} INFO - [2024-12-26T14:34:00.155+0000] {dag.py:4180} INFO - Setting next_dagrun for example_python_decorator to None, run_after=None
[2024-12-26T14:34:00.174+0000] {processor.py:208} INFO - Processing /home/airflow/.local/lib/python3.12/site-packages/airflow/example_dags/example_python_decorator.py took 0.096 seconds
[2024-12-26T14:34:31.441+0000] {processor.py:186} INFO - Started process (PID=1995) to work on /home/airflow/.local/lib/python3.12/site-packages/airflow/example_dags/example_python_decorator.py
[2024-12-26T14:34:31.442+0000] {processor.py:914} INFO - Processing file /home/airflow/.local/lib/python3.12/site-packages/airflow/example_dags/example_python_decorator.py for tasks to queue
[2024-12-26T14:34:31.445+0000] {logging_mixin.py:190} INFO - [2024-12-26T14:34:31.445+0000] {dagbag.py:588} INFO - Filling up the DagBag from /home/airflow/.local/lib/python3.12/site-packages/airflow/example_dags/example_python_decorator.py
[2024-12-26T14:34:31.462+0000] {processor.py:925} INFO - DAG(s) 'example_python_decorator' retrieved from /home/airflow/.local/lib/python3.12/site-packages/airflow/example_dags/example_python_decorator.py
[2024-12-26T14:34:31.504+0000] {logging_mixin.py:190} INFO - [2024-12-26T14:34:31.504+0000] {dag.py:3239} INFO - Sync 1 DAGs
[2024-12-26T14:34:31.522+0000] {logging_mixin.py:190} INFO - [2024-12-26T14:34:31.522+0000] {dag.py:4180} INFO - Setting next_dagrun for example_python_decorator to None, run_after=None
[2024-12-26T14:34:31.544+0000] {processor.py:208} INFO - Processing /home/airflow/.local/lib/python3.12/site-packages/airflow/example_dags/example_python_decorator.py took 0.116 seconds
[2024-12-26T14:35:02.798+0000] {processor.py:186} INFO - Started process (PID=2286) to work on /home/airflow/.local/lib/python3.12/site-packages/airflow/example_dags/example_python_decorator.py
[2024-12-26T14:35:02.799+0000] {processor.py:914} INFO - Processing file /home/airflow/.local/lib/python3.12/site-packages/airflow/example_dags/example_python_decorator.py for tasks to queue
[2024-12-26T14:35:02.802+0000] {logging_mixin.py:190} INFO - [2024-12-26T14:35:02.802+0000] {dagbag.py:588} INFO - Filling up the DagBag from /home/airflow/.local/lib/python3.12/site-packages/airflow/example_dags/example_python_decorator.py
[2024-12-26T14:35:02.818+0000] {processor.py:925} INFO - DAG(s) 'example_python_decorator' retrieved from /home/airflow/.local/lib/python3.12/site-packages/airflow/example_dags/example_python_decorator.py
[2024-12-26T14:35:02.853+0000] {logging_mixin.py:190} INFO - [2024-12-26T14:35:02.853+0000] {dag.py:3239} INFO - Sync 1 DAGs
[2024-12-26T14:35:02.870+0000] {logging_mixin.py:190} INFO - [2024-12-26T14:35:02.870+0000] {dag.py:4180} INFO - Setting next_dagrun for example_python_decorator to None, run_after=None
[2024-12-26T14:35:02.886+0000] {processor.py:208} INFO - Processing /home/airflow/.local/lib/python3.12/site-packages/airflow/example_dags/example_python_decorator.py took 0.100 seconds
[2024-12-26T14:35:34.431+0000] {processor.py:186} INFO - Started process (PID=2577) to work on /home/airflow/.local/lib/python3.12/site-packages/airflow/example_dags/example_python_decorator.py
[2024-12-26T14:35:34.433+0000] {processor.py:914} INFO - Processing file /home/airflow/.local/lib/python3.12/site-packages/airflow/example_dags/example_python_decorator.py for tasks to queue
[2024-12-26T14:35:34.436+0000] {logging_mixin.py:190} INFO - [2024-12-26T14:35:34.435+0000] {dagbag.py:588} INFO - Filling up the DagBag from /home/airflow/.local/lib/python3.12/site-packages/airflow/example_dags/example_python_decorator.py
[2024-12-26T14:35:34.451+0000] {processor.py:925} INFO - DAG(s) 'example_python_decorator' retrieved from /home/airflow/.local/lib/python3.12/site-packages/airflow/example_dags/example_python_decorator.py
[2024-12-26T14:35:34.492+0000] {logging_mixin.py:190} INFO - [2024-12-26T14:35:34.492+0000] {dag.py:3239} INFO - Sync 1 DAGs
[2024-12-26T14:35:34.510+0000] {logging_mixin.py:190} INFO - [2024-12-26T14:35:34.510+0000] {dag.py:4180} INFO - Setting next_dagrun for example_python_decorator to None, run_after=None
[2024-12-26T14:35:34.527+0000] {processor.py:208} INFO - Processing /home/airflow/.local/lib/python3.12/site-packages/airflow/example_dags/example_python_decorator.py took 0.110 seconds
[2024-12-26T14:36:06.020+0000] {processor.py:186} INFO - Started process (PID=2870) to work on /home/airflow/.local/lib/python3.12/site-packages/airflow/example_dags/example_python_decorator.py
[2024-12-26T14:36:06.021+0000] {processor.py:914} INFO - Processing file /home/airflow/.local/lib/python3.12/site-packages/airflow/example_dags/example_python_decorator.py for tasks to queue
[2024-12-26T14:36:06.025+0000] {logging_mixin.py:190} INFO - [2024-12-26T14:36:06.024+0000] {dagbag.py:588} INFO - Filling up the DagBag from /home/airflow/.local/lib/python3.12/site-packages/airflow/example_dags/example_python_decorator.py
[2024-12-26T14:36:06.040+0000] {processor.py:925} INFO - DAG(s) 'example_python_decorator' retrieved from /home/airflow/.local/lib/python3.12/site-packages/airflow/example_dags/example_python_decorator.py
[2024-12-26T14:36:06.068+0000] {logging_mixin.py:190} INFO - [2024-12-26T14:36:06.068+0000] {dag.py:3239} INFO - Sync 1 DAGs
[2024-12-26T14:36:06.085+0000] {logging_mixin.py:190} INFO - [2024-12-26T14:36:06.084+0000] {dag.py:4180} INFO - Setting next_dagrun for example_python_decorator to None, run_after=None
[2024-12-26T14:36:06.106+0000] {processor.py:208} INFO - Processing /home/airflow/.local/lib/python3.12/site-packages/airflow/example_dags/example_python_decorator.py took 0.098 seconds
[2024-12-26T14:36:36.728+0000] {processor.py:186} INFO - Started process (PID=3159) to work on /home/airflow/.local/lib/python3.12/site-packages/airflow/example_dags/example_python_decorator.py
[2024-12-26T14:36:36.729+0000] {processor.py:914} INFO - Processing file /home/airflow/.local/lib/python3.12/site-packages/airflow/example_dags/example_python_decorator.py for tasks to queue
[2024-12-26T14:36:36.732+0000] {logging_mixin.py:190} INFO - [2024-12-26T14:36:36.731+0000] {dagbag.py:588} INFO - Filling up the DagBag from /home/airflow/.local/lib/python3.12/site-packages/airflow/example_dags/example_python_decorator.py
[2024-12-26T14:36:36.746+0000] {processor.py:925} INFO - DAG(s) 'example_python_decorator' retrieved from /home/airflow/.local/lib/python3.12/site-packages/airflow/example_dags/example_python_decorator.py
[2024-12-26T14:36:36.781+0000] {logging_mixin.py:190} INFO - [2024-12-26T14:36:36.781+0000] {dag.py:3239} INFO - Sync 1 DAGs
[2024-12-26T14:36:36.799+0000] {logging_mixin.py:190} INFO - [2024-12-26T14:36:36.799+0000] {dag.py:4180} INFO - Setting next_dagrun for example_python_decorator to None, run_after=None
[2024-12-26T14:36:36.815+0000] {processor.py:208} INFO - Processing /home/airflow/.local/lib/python3.12/site-packages/airflow/example_dags/example_python_decorator.py took 0.096 seconds
[2024-12-26T14:37:07.598+0000] {processor.py:186} INFO - Started process (PID=3450) to work on /home/airflow/.local/lib/python3.12/site-packages/airflow/example_dags/example_python_decorator.py
[2024-12-26T14:37:07.599+0000] {processor.py:914} INFO - Processing file /home/airflow/.local/lib/python3.12/site-packages/airflow/example_dags/example_python_decorator.py for tasks to queue
[2024-12-26T14:37:07.602+0000] {logging_mixin.py:190} INFO - [2024-12-26T14:37:07.602+0000] {dagbag.py:588} INFO - Filling up the DagBag from /home/airflow/.local/lib/python3.12/site-packages/airflow/example_dags/example_python_decorator.py
[2024-12-26T14:37:07.619+0000] {processor.py:925} INFO - DAG(s) 'example_python_decorator' retrieved from /home/airflow/.local/lib/python3.12/site-packages/airflow/example_dags/example_python_decorator.py
[2024-12-26T14:37:07.654+0000] {logging_mixin.py:190} INFO - [2024-12-26T14:37:07.654+0000] {dag.py:3239} INFO - Sync 1 DAGs
[2024-12-26T14:37:07.671+0000] {logging_mixin.py:190} INFO - [2024-12-26T14:37:07.671+0000] {dag.py:4180} INFO - Setting next_dagrun for example_python_decorator to None, run_after=None
[2024-12-26T14:37:07.688+0000] {processor.py:208} INFO - Processing /home/airflow/.local/lib/python3.12/site-packages/airflow/example_dags/example_python_decorator.py took 0.104 seconds
[2024-12-26T14:37:38.562+0000] {processor.py:186} INFO - Started process (PID=3741) to work on /home/airflow/.local/lib/python3.12/site-packages/airflow/example_dags/example_python_decorator.py
[2024-12-26T14:37:38.563+0000] {processor.py:914} INFO - Processing file /home/airflow/.local/lib/python3.12/site-packages/airflow/example_dags/example_python_decorator.py for tasks to queue
[2024-12-26T14:37:38.566+0000] {logging_mixin.py:190} INFO - [2024-12-26T14:37:38.566+0000] {dagbag.py:588} INFO - Filling up the DagBag from /home/airflow/.local/lib/python3.12/site-packages/airflow/example_dags/example_python_decorator.py
[2024-12-26T14:37:38.582+0000] {processor.py:925} INFO - DAG(s) 'example_python_decorator' retrieved from /home/airflow/.local/lib/python3.12/site-packages/airflow/example_dags/example_python_decorator.py
[2024-12-26T14:37:38.625+0000] {logging_mixin.py:190} INFO - [2024-12-26T14:37:38.624+0000] {dag.py:3239} INFO - Sync 1 DAGs
[2024-12-26T14:37:38.641+0000] {logging_mixin.py:190} INFO - [2024-12-26T14:37:38.641+0000] {dag.py:4180} INFO - Setting next_dagrun for example_python_decorator to None, run_after=None
[2024-12-26T14:37:38.657+0000] {processor.py:208} INFO - Processing /home/airflow/.local/lib/python3.12/site-packages/airflow/example_dags/example_python_decorator.py took 0.108 seconds
[2024-12-26T14:38:09.795+0000] {processor.py:186} INFO - Started process (PID=4034) to work on /home/airflow/.local/lib/python3.12/site-packages/airflow/example_dags/example_python_decorator.py
[2024-12-26T14:38:09.796+0000] {processor.py:914} INFO - Processing file /home/airflow/.local/lib/python3.12/site-packages/airflow/example_dags/example_python_decorator.py for tasks to queue
[2024-12-26T14:38:09.800+0000] {logging_mixin.py:190} INFO - [2024-12-26T14:38:09.800+0000] {dagbag.py:588} INFO - Filling up the DagBag from /home/airflow/.local/lib/python3.12/site-packages/airflow/example_dags/example_python_decorator.py
[2024-12-26T14:38:09.819+0000] {processor.py:925} INFO - DAG(s) 'example_python_decorator' retrieved from /home/airflow/.local/lib/python3.12/site-packages/airflow/example_dags/example_python_decorator.py
[2024-12-26T14:38:09.865+0000] {logging_mixin.py:190} INFO - [2024-12-26T14:38:09.865+0000] {dag.py:3239} INFO - Sync 1 DAGs
[2024-12-26T14:38:09.881+0000] {logging_mixin.py:190} INFO - [2024-12-26T14:38:09.881+0000] {dag.py:4180} INFO - Setting next_dagrun for example_python_decorator to None, run_after=None
[2024-12-26T14:38:09.897+0000] {processor.py:208} INFO - Processing /home/airflow/.local/lib/python3.12/site-packages/airflow/example_dags/example_python_decorator.py took 0.117 seconds
