[2024-12-26T14:31:49.111+0000] {processor.py:186} INFO - Started process (PID=253) to work on /home/airflow/.local/lib/python3.12/site-packages/airflow/example_dags/example_sla_dag.py
[2024-12-26T14:31:49.112+0000] {processor.py:914} INFO - Processing file /home/airflow/.local/lib/python3.12/site-packages/airflow/example_dags/example_sla_dag.py for tasks to queue
[2024-12-26T14:31:49.116+0000] {logging_mixin.py:190} INFO - [2024-12-26T14:31:49.115+0000] {dagbag.py:588} INFO - Filling up the DagBag from /home/airflow/.local/lib/python3.12/site-packages/airflow/example_dags/example_sla_dag.py
[2024-12-26T14:31:49.128+0000] {processor.py:925} INFO - DAG(s) 'example_sla_dag' retrieved from /home/airflow/.local/lib/python3.12/site-packages/airflow/example_dags/example_sla_dag.py
[2024-12-26T14:31:49.245+0000] {logging_mixin.py:190} INFO - [2024-12-26T14:31:49.244+0000] {dag.py:3239} INFO - Sync 1 DAGs
[2024-12-26T14:31:49.270+0000] {logging_mixin.py:190} INFO - [2024-12-26T14:31:49.269+0000] {dag.py:4180} INFO - Setting next_dagrun for example_sla_dag to 2024-12-26 14:28:00+00:00, run_after=2024-12-26 14:30:00+00:00
[2024-12-26T14:31:49.285+0000] {processor.py:208} INFO - Processing /home/airflow/.local/lib/python3.12/site-packages/airflow/example_dags/example_sla_dag.py took 0.188 seconds
[2024-12-26T14:32:19.975+0000] {processor.py:186} INFO - Started process (PID=541) to work on /home/airflow/.local/lib/python3.12/site-packages/airflow/example_dags/example_sla_dag.py
[2024-12-26T14:32:19.976+0000] {processor.py:914} INFO - Processing file /home/airflow/.local/lib/python3.12/site-packages/airflow/example_dags/example_sla_dag.py for tasks to queue
[2024-12-26T14:32:19.979+0000] {logging_mixin.py:190} INFO - [2024-12-26T14:32:19.979+0000] {dagbag.py:588} INFO - Filling up the DagBag from /home/airflow/.local/lib/python3.12/site-packages/airflow/example_dags/example_sla_dag.py
[2024-12-26T14:32:19.992+0000] {processor.py:925} INFO - DAG(s) 'example_sla_dag' retrieved from /home/airflow/.local/lib/python3.12/site-packages/airflow/example_dags/example_sla_dag.py
[2024-12-26T14:32:20.027+0000] {logging_mixin.py:190} INFO - [2024-12-26T14:32:20.026+0000] {dag.py:3239} INFO - Sync 1 DAGs
[2024-12-26T14:32:20.052+0000] {logging_mixin.py:190} INFO - [2024-12-26T14:32:20.052+0000] {dag.py:4180} INFO - Setting next_dagrun for example_sla_dag to 2024-12-26 14:30:00+00:00, run_after=2024-12-26 14:32:00+00:00
[2024-12-26T14:32:20.067+0000] {processor.py:208} INFO - Processing /home/airflow/.local/lib/python3.12/site-packages/airflow/example_dags/example_sla_dag.py took 0.105 seconds
[2024-12-26T14:32:50.171+0000] {processor.py:186} INFO - Started process (PID=835) to work on /home/airflow/.local/lib/python3.12/site-packages/airflow/example_dags/example_sla_dag.py
[2024-12-26T14:32:50.172+0000] {processor.py:914} INFO - Processing file /home/airflow/.local/lib/python3.12/site-packages/airflow/example_dags/example_sla_dag.py for tasks to queue
[2024-12-26T14:32:50.175+0000] {logging_mixin.py:190} INFO - [2024-12-26T14:32:50.175+0000] {dagbag.py:588} INFO - Filling up the DagBag from /home/airflow/.local/lib/python3.12/site-packages/airflow/example_dags/example_sla_dag.py
[2024-12-26T14:32:50.187+0000] {processor.py:925} INFO - DAG(s) 'example_sla_dag' retrieved from /home/airflow/.local/lib/python3.12/site-packages/airflow/example_dags/example_sla_dag.py
[2024-12-26T14:32:50.212+0000] {logging_mixin.py:190} INFO - [2024-12-26T14:32:50.212+0000] {dag.py:3239} INFO - Sync 1 DAGs
[2024-12-26T14:32:50.240+0000] {logging_mixin.py:190} INFO - [2024-12-26T14:32:50.240+0000] {dag.py:4180} INFO - Setting next_dagrun for example_sla_dag to 2024-12-26 14:30:00+00:00, run_after=2024-12-26 14:32:00+00:00
[2024-12-26T14:32:50.256+0000] {processor.py:208} INFO - Processing /home/airflow/.local/lib/python3.12/site-packages/airflow/example_dags/example_sla_dag.py took 0.098 seconds
[2024-12-26T14:33:20.518+0000] {processor.py:186} INFO - Started process (PID=1218) to work on /home/airflow/.local/lib/python3.12/site-packages/airflow/example_dags/example_sla_dag.py
[2024-12-26T14:33:20.519+0000] {processor.py:914} INFO - Processing file /home/airflow/.local/lib/python3.12/site-packages/airflow/example_dags/example_sla_dag.py for tasks to queue
[2024-12-26T14:33:20.522+0000] {logging_mixin.py:190} INFO - [2024-12-26T14:33:20.522+0000] {dagbag.py:588} INFO - Filling up the DagBag from /home/airflow/.local/lib/python3.12/site-packages/airflow/example_dags/example_sla_dag.py
[2024-12-26T14:33:20.534+0000] {processor.py:925} INFO - DAG(s) 'example_sla_dag' retrieved from /home/airflow/.local/lib/python3.12/site-packages/airflow/example_dags/example_sla_dag.py
[2024-12-26T14:33:20.564+0000] {logging_mixin.py:190} INFO - [2024-12-26T14:33:20.564+0000] {dag.py:3239} INFO - Sync 1 DAGs
[2024-12-26T14:33:20.595+0000] {logging_mixin.py:190} INFO - [2024-12-26T14:33:20.595+0000] {dag.py:4180} INFO - Setting next_dagrun for example_sla_dag to 2024-12-26 14:30:00+00:00, run_after=2024-12-26 14:32:00+00:00
[2024-12-26T14:33:20.611+0000] {processor.py:208} INFO - Processing /home/airflow/.local/lib/python3.12/site-packages/airflow/example_dags/example_sla_dag.py took 0.105 seconds
[2024-12-26T14:33:50.933+0000] {processor.py:186} INFO - Started process (PID=1508) to work on /home/airflow/.local/lib/python3.12/site-packages/airflow/example_dags/example_sla_dag.py
[2024-12-26T14:33:50.934+0000] {processor.py:914} INFO - Processing file /home/airflow/.local/lib/python3.12/site-packages/airflow/example_dags/example_sla_dag.py for tasks to queue
[2024-12-26T14:33:50.937+0000] {logging_mixin.py:190} INFO - [2024-12-26T14:33:50.936+0000] {dagbag.py:588} INFO - Filling up the DagBag from /home/airflow/.local/lib/python3.12/site-packages/airflow/example_dags/example_sla_dag.py
[2024-12-26T14:33:50.949+0000] {processor.py:925} INFO - DAG(s) 'example_sla_dag' retrieved from /home/airflow/.local/lib/python3.12/site-packages/airflow/example_dags/example_sla_dag.py
[2024-12-26T14:33:50.974+0000] {logging_mixin.py:190} INFO - [2024-12-26T14:33:50.974+0000] {dag.py:3239} INFO - Sync 1 DAGs
[2024-12-26T14:33:51.002+0000] {logging_mixin.py:190} INFO - [2024-12-26T14:33:51.002+0000] {dag.py:4180} INFO - Setting next_dagrun for example_sla_dag to 2024-12-26 14:30:00+00:00, run_after=2024-12-26 14:32:00+00:00
[2024-12-26T14:33:51.019+0000] {processor.py:208} INFO - Processing /home/airflow/.local/lib/python3.12/site-packages/airflow/example_dags/example_sla_dag.py took 0.099 seconds
[2024-12-26T14:34:21.477+0000] {processor.py:186} INFO - Started process (PID=1799) to work on /home/airflow/.local/lib/python3.12/site-packages/airflow/example_dags/example_sla_dag.py
[2024-12-26T14:34:21.478+0000] {processor.py:914} INFO - Processing file /home/airflow/.local/lib/python3.12/site-packages/airflow/example_dags/example_sla_dag.py for tasks to queue
[2024-12-26T14:34:21.482+0000] {logging_mixin.py:190} INFO - [2024-12-26T14:34:21.481+0000] {dagbag.py:588} INFO - Filling up the DagBag from /home/airflow/.local/lib/python3.12/site-packages/airflow/example_dags/example_sla_dag.py
[2024-12-26T14:34:21.494+0000] {processor.py:925} INFO - DAG(s) 'example_sla_dag' retrieved from /home/airflow/.local/lib/python3.12/site-packages/airflow/example_dags/example_sla_dag.py
[2024-12-26T14:34:21.520+0000] {logging_mixin.py:190} INFO - [2024-12-26T14:34:21.519+0000] {dag.py:3239} INFO - Sync 1 DAGs
[2024-12-26T14:34:21.548+0000] {logging_mixin.py:190} INFO - [2024-12-26T14:34:21.548+0000] {dag.py:4180} INFO - Setting next_dagrun for example_sla_dag to 2024-12-26 14:32:00+00:00, run_after=2024-12-26 14:34:00+00:00
[2024-12-26T14:34:21.571+0000] {processor.py:208} INFO - Processing /home/airflow/.local/lib/python3.12/site-packages/airflow/example_dags/example_sla_dag.py took 0.107 seconds
[2024-12-26T14:34:51.775+0000] {processor.py:186} INFO - Started process (PID=2092) to work on /home/airflow/.local/lib/python3.12/site-packages/airflow/example_dags/example_sla_dag.py
[2024-12-26T14:34:51.777+0000] {processor.py:914} INFO - Processing file /home/airflow/.local/lib/python3.12/site-packages/airflow/example_dags/example_sla_dag.py for tasks to queue
[2024-12-26T14:34:51.780+0000] {logging_mixin.py:190} INFO - [2024-12-26T14:34:51.780+0000] {dagbag.py:588} INFO - Filling up the DagBag from /home/airflow/.local/lib/python3.12/site-packages/airflow/example_dags/example_sla_dag.py
[2024-12-26T14:34:51.794+0000] {processor.py:925} INFO - DAG(s) 'example_sla_dag' retrieved from /home/airflow/.local/lib/python3.12/site-packages/airflow/example_dags/example_sla_dag.py
[2024-12-26T14:34:51.821+0000] {logging_mixin.py:190} INFO - [2024-12-26T14:34:51.821+0000] {dag.py:3239} INFO - Sync 1 DAGs
[2024-12-26T14:34:51.851+0000] {logging_mixin.py:190} INFO - [2024-12-26T14:34:51.851+0000] {dag.py:4180} INFO - Setting next_dagrun for example_sla_dag to 2024-12-26 14:32:00+00:00, run_after=2024-12-26 14:34:00+00:00
[2024-12-26T14:34:51.867+0000] {processor.py:208} INFO - Processing /home/airflow/.local/lib/python3.12/site-packages/airflow/example_dags/example_sla_dag.py took 0.106 seconds
[2024-12-26T14:35:21.983+0000] {processor.py:186} INFO - Started process (PID=2383) to work on /home/airflow/.local/lib/python3.12/site-packages/airflow/example_dags/example_sla_dag.py
[2024-12-26T14:35:21.985+0000] {processor.py:914} INFO - Processing file /home/airflow/.local/lib/python3.12/site-packages/airflow/example_dags/example_sla_dag.py for tasks to queue
[2024-12-26T14:35:21.988+0000] {logging_mixin.py:190} INFO - [2024-12-26T14:35:21.988+0000] {dagbag.py:588} INFO - Filling up the DagBag from /home/airflow/.local/lib/python3.12/site-packages/airflow/example_dags/example_sla_dag.py
[2024-12-26T14:35:22.002+0000] {processor.py:925} INFO - DAG(s) 'example_sla_dag' retrieved from /home/airflow/.local/lib/python3.12/site-packages/airflow/example_dags/example_sla_dag.py
[2024-12-26T14:35:22.027+0000] {logging_mixin.py:190} INFO - [2024-12-26T14:35:22.027+0000] {dag.py:3239} INFO - Sync 1 DAGs
[2024-12-26T14:35:22.056+0000] {logging_mixin.py:190} INFO - [2024-12-26T14:35:22.056+0000] {dag.py:4180} INFO - Setting next_dagrun for example_sla_dag to 2024-12-26 14:32:00+00:00, run_after=2024-12-26 14:34:00+00:00
[2024-12-26T14:35:22.073+0000] {processor.py:208} INFO - Processing /home/airflow/.local/lib/python3.12/site-packages/airflow/example_dags/example_sla_dag.py took 0.104 seconds
[2024-12-26T14:35:52.695+0000] {processor.py:186} INFO - Started process (PID=2678) to work on /home/airflow/.local/lib/python3.12/site-packages/airflow/example_dags/example_sla_dag.py
[2024-12-26T14:35:52.696+0000] {processor.py:914} INFO - Processing file /home/airflow/.local/lib/python3.12/site-packages/airflow/example_dags/example_sla_dag.py for tasks to queue
[2024-12-26T14:35:52.699+0000] {logging_mixin.py:190} INFO - [2024-12-26T14:35:52.699+0000] {dagbag.py:588} INFO - Filling up the DagBag from /home/airflow/.local/lib/python3.12/site-packages/airflow/example_dags/example_sla_dag.py
[2024-12-26T14:35:52.712+0000] {processor.py:925} INFO - DAG(s) 'example_sla_dag' retrieved from /home/airflow/.local/lib/python3.12/site-packages/airflow/example_dags/example_sla_dag.py
[2024-12-26T14:35:52.743+0000] {logging_mixin.py:190} INFO - [2024-12-26T14:35:52.743+0000] {dag.py:3239} INFO - Sync 1 DAGs
[2024-12-26T14:35:52.773+0000] {logging_mixin.py:190} INFO - [2024-12-26T14:35:52.772+0000] {dag.py:4180} INFO - Setting next_dagrun for example_sla_dag to 2024-12-26 14:32:00+00:00, run_after=2024-12-26 14:34:00+00:00
[2024-12-26T14:35:52.788+0000] {processor.py:208} INFO - Processing /home/airflow/.local/lib/python3.12/site-packages/airflow/example_dags/example_sla_dag.py took 0.107 seconds
[2024-12-26T14:36:23.052+0000] {processor.py:186} INFO - Started process (PID=2969) to work on /home/airflow/.local/lib/python3.12/site-packages/airflow/example_dags/example_sla_dag.py
[2024-12-26T14:36:23.053+0000] {processor.py:914} INFO - Processing file /home/airflow/.local/lib/python3.12/site-packages/airflow/example_dags/example_sla_dag.py for tasks to queue
[2024-12-26T14:36:23.056+0000] {logging_mixin.py:190} INFO - [2024-12-26T14:36:23.056+0000] {dagbag.py:588} INFO - Filling up the DagBag from /home/airflow/.local/lib/python3.12/site-packages/airflow/example_dags/example_sla_dag.py
[2024-12-26T14:36:23.067+0000] {processor.py:925} INFO - DAG(s) 'example_sla_dag' retrieved from /home/airflow/.local/lib/python3.12/site-packages/airflow/example_dags/example_sla_dag.py
[2024-12-26T14:36:23.101+0000] {logging_mixin.py:190} INFO - [2024-12-26T14:36:23.100+0000] {dag.py:3239} INFO - Sync 1 DAGs
[2024-12-26T14:36:23.134+0000] {logging_mixin.py:190} INFO - [2024-12-26T14:36:23.133+0000] {dag.py:4180} INFO - Setting next_dagrun for example_sla_dag to 2024-12-26 14:34:00+00:00, run_after=2024-12-26 14:36:00+00:00
[2024-12-26T14:36:23.150+0000] {processor.py:208} INFO - Processing /home/airflow/.local/lib/python3.12/site-packages/airflow/example_dags/example_sla_dag.py took 0.110 seconds
[2024-12-26T14:36:53.802+0000] {processor.py:186} INFO - Started process (PID=3260) to work on /home/airflow/.local/lib/python3.12/site-packages/airflow/example_dags/example_sla_dag.py
[2024-12-26T14:36:53.803+0000] {processor.py:914} INFO - Processing file /home/airflow/.local/lib/python3.12/site-packages/airflow/example_dags/example_sla_dag.py for tasks to queue
[2024-12-26T14:36:53.806+0000] {logging_mixin.py:190} INFO - [2024-12-26T14:36:53.806+0000] {dagbag.py:588} INFO - Filling up the DagBag from /home/airflow/.local/lib/python3.12/site-packages/airflow/example_dags/example_sla_dag.py
[2024-12-26T14:36:53.818+0000] {processor.py:925} INFO - DAG(s) 'example_sla_dag' retrieved from /home/airflow/.local/lib/python3.12/site-packages/airflow/example_dags/example_sla_dag.py
[2024-12-26T14:36:53.844+0000] {logging_mixin.py:190} INFO - [2024-12-26T14:36:53.844+0000] {dag.py:3239} INFO - Sync 1 DAGs
[2024-12-26T14:36:53.873+0000] {logging_mixin.py:190} INFO - [2024-12-26T14:36:53.873+0000] {dag.py:4180} INFO - Setting next_dagrun for example_sla_dag to 2024-12-26 14:34:00+00:00, run_after=2024-12-26 14:36:00+00:00
[2024-12-26T14:36:53.888+0000] {processor.py:208} INFO - Processing /home/airflow/.local/lib/python3.12/site-packages/airflow/example_dags/example_sla_dag.py took 0.099 seconds
[2024-12-26T14:37:24.779+0000] {processor.py:186} INFO - Started process (PID=3553) to work on /home/airflow/.local/lib/python3.12/site-packages/airflow/example_dags/example_sla_dag.py
[2024-12-26T14:37:24.780+0000] {processor.py:914} INFO - Processing file /home/airflow/.local/lib/python3.12/site-packages/airflow/example_dags/example_sla_dag.py for tasks to queue
[2024-12-26T14:37:24.783+0000] {logging_mixin.py:190} INFO - [2024-12-26T14:37:24.783+0000] {dagbag.py:588} INFO - Filling up the DagBag from /home/airflow/.local/lib/python3.12/site-packages/airflow/example_dags/example_sla_dag.py
[2024-12-26T14:37:24.795+0000] {processor.py:925} INFO - DAG(s) 'example_sla_dag' retrieved from /home/airflow/.local/lib/python3.12/site-packages/airflow/example_dags/example_sla_dag.py
[2024-12-26T14:37:24.829+0000] {logging_mixin.py:190} INFO - [2024-12-26T14:37:24.828+0000] {dag.py:3239} INFO - Sync 1 DAGs
[2024-12-26T14:37:24.862+0000] {logging_mixin.py:190} INFO - [2024-12-26T14:37:24.862+0000] {dag.py:4180} INFO - Setting next_dagrun for example_sla_dag to 2024-12-26 14:34:00+00:00, run_after=2024-12-26 14:36:00+00:00
[2024-12-26T14:37:24.880+0000] {processor.py:208} INFO - Processing /home/airflow/.local/lib/python3.12/site-packages/airflow/example_dags/example_sla_dag.py took 0.112 seconds
[2024-12-26T14:37:55.691+0000] {processor.py:186} INFO - Started process (PID=3842) to work on /home/airflow/.local/lib/python3.12/site-packages/airflow/example_dags/example_sla_dag.py
[2024-12-26T14:37:55.692+0000] {processor.py:914} INFO - Processing file /home/airflow/.local/lib/python3.12/site-packages/airflow/example_dags/example_sla_dag.py for tasks to queue
[2024-12-26T14:37:55.695+0000] {logging_mixin.py:190} INFO - [2024-12-26T14:37:55.695+0000] {dagbag.py:588} INFO - Filling up the DagBag from /home/airflow/.local/lib/python3.12/site-packages/airflow/example_dags/example_sla_dag.py
[2024-12-26T14:37:55.707+0000] {processor.py:925} INFO - DAG(s) 'example_sla_dag' retrieved from /home/airflow/.local/lib/python3.12/site-packages/airflow/example_dags/example_sla_dag.py
[2024-12-26T14:37:55.731+0000] {logging_mixin.py:190} INFO - [2024-12-26T14:37:55.731+0000] {dag.py:3239} INFO - Sync 1 DAGs
[2024-12-26T14:37:55.759+0000] {logging_mixin.py:190} INFO - [2024-12-26T14:37:55.759+0000] {dag.py:4180} INFO - Setting next_dagrun for example_sla_dag to 2024-12-26 14:34:00+00:00, run_after=2024-12-26 14:36:00+00:00
[2024-12-26T14:37:55.776+0000] {processor.py:208} INFO - Processing /home/airflow/.local/lib/python3.12/site-packages/airflow/example_dags/example_sla_dag.py took 0.098 seconds
