[2024-12-26T14:31:52.890+0000] {processor.py:186} INFO - Started process (PID=371) to work on /home/airflow/.local/lib/python3.12/site-packages/airflow/example_dags/example_datasets.py
[2024-12-26T14:31:52.892+0000] {processor.py:914} INFO - Processing file /home/airflow/.local/lib/python3.12/site-packages/airflow/example_dags/example_datasets.py for tasks to queue
[2024-12-26T14:31:52.895+0000] {logging_mixin.py:190} INFO - [2024-12-26T14:31:52.894+0000] {dagbag.py:588} INFO - Filling up the DagBag from /home/airflow/.local/lib/python3.12/site-packages/airflow/example_dags/example_datasets.py
[2024-12-26T14:31:53.496+0000] {processor.py:925} INFO - DAG(s) 'dataset_consumes_1_and_2', 'dataset_consumes_unknown_never_scheduled', 'dataset_produces_1', 'consume_1_and_2_with_dataset_expressions', 'consume_1_or_2_with_dataset_expressions', 'dataset_produces_2', 'consume_1_or_both_2_and_3_with_dataset_expressions', 'conditional_dataset_and_time_based_timetable', 'dataset_consumes_1_never_scheduled', 'dataset_consumes_1' retrieved from /home/airflow/.local/lib/python3.12/site-packages/airflow/example_dags/example_datasets.py
[2024-12-26T14:31:53.802+0000] {logging_mixin.py:190} INFO - [2024-12-26T14:31:53.802+0000] {dag.py:3239} INFO - Sync 10 DAGs
[2024-12-26T14:31:53.831+0000] {logging_mixin.py:190} INFO - [2024-12-26T14:31:53.831+0000] {dag.py:4180} INFO - Setting next_dagrun for conditional_dataset_and_time_based_timetable to 2024-12-25 01:00:00+00:00, run_after=2024-12-25 01:00:00+00:00
[2024-12-26T14:31:53.835+0000] {logging_mixin.py:190} INFO - [2024-12-26T14:31:53.835+0000] {dag.py:4180} INFO - Setting next_dagrun for consume_1_and_2_with_dataset_expressions to None, run_after=None
[2024-12-26T14:31:53.836+0000] {logging_mixin.py:190} INFO - [2024-12-26T14:31:53.836+0000] {dag.py:4180} INFO - Setting next_dagrun for consume_1_or_2_with_dataset_expressions to None, run_after=None
[2024-12-26T14:31:53.837+0000] {logging_mixin.py:190} INFO - [2024-12-26T14:31:53.837+0000] {dag.py:4180} INFO - Setting next_dagrun for consume_1_or_both_2_and_3_with_dataset_expressions to None, run_after=None
[2024-12-26T14:31:53.839+0000] {logging_mixin.py:190} INFO - [2024-12-26T14:31:53.838+0000] {dag.py:4180} INFO - Setting next_dagrun for dataset_consumes_1 to None, run_after=None
[2024-12-26T14:31:53.840+0000] {logging_mixin.py:190} INFO - [2024-12-26T14:31:53.840+0000] {dag.py:4180} INFO - Setting next_dagrun for dataset_consumes_1_and_2 to None, run_after=None
[2024-12-26T14:31:53.841+0000] {logging_mixin.py:190} INFO - [2024-12-26T14:31:53.841+0000] {dag.py:4180} INFO - Setting next_dagrun for dataset_consumes_1_never_scheduled to None, run_after=None
[2024-12-26T14:31:53.842+0000] {logging_mixin.py:190} INFO - [2024-12-26T14:31:53.842+0000] {dag.py:4180} INFO - Setting next_dagrun for dataset_consumes_unknown_never_scheduled to None, run_after=None
[2024-12-26T14:31:53.844+0000] {logging_mixin.py:190} INFO - [2024-12-26T14:31:53.844+0000] {dag.py:4180} INFO - Setting next_dagrun for dataset_produces_1 to 2024-12-25 00:00:00+00:00, run_after=2024-12-26 00:00:00+00:00
[2024-12-26T14:31:53.845+0000] {logging_mixin.py:190} INFO - [2024-12-26T14:31:53.845+0000] {dag.py:4180} INFO - Setting next_dagrun for dataset_produces_2 to None, run_after=None
[2024-12-26T14:31:53.884+0000] {processor.py:208} INFO - Processing /home/airflow/.local/lib/python3.12/site-packages/airflow/example_dags/example_datasets.py took 1.005 seconds
[2024-12-26T14:32:24.780+0000] {processor.py:186} INFO - Started process (PID=677) to work on /home/airflow/.local/lib/python3.12/site-packages/airflow/example_dags/example_datasets.py
[2024-12-26T14:32:24.782+0000] {processor.py:914} INFO - Processing file /home/airflow/.local/lib/python3.12/site-packages/airflow/example_dags/example_datasets.py for tasks to queue
[2024-12-26T14:32:24.785+0000] {logging_mixin.py:190} INFO - [2024-12-26T14:32:24.784+0000] {dagbag.py:588} INFO - Filling up the DagBag from /home/airflow/.local/lib/python3.12/site-packages/airflow/example_dags/example_datasets.py
[2024-12-26T14:32:25.339+0000] {processor.py:925} INFO - DAG(s) 'dataset_produces_1', 'dataset_consumes_1', 'consume_1_or_2_with_dataset_expressions', 'consume_1_or_both_2_and_3_with_dataset_expressions', 'dataset_consumes_1_and_2', 'dataset_produces_2', 'conditional_dataset_and_time_based_timetable', 'consume_1_and_2_with_dataset_expressions', 'dataset_consumes_1_never_scheduled', 'dataset_consumes_unknown_never_scheduled' retrieved from /home/airflow/.local/lib/python3.12/site-packages/airflow/example_dags/example_datasets.py
[2024-12-26T14:32:25.402+0000] {logging_mixin.py:190} INFO - [2024-12-26T14:32:25.402+0000] {dag.py:3239} INFO - Sync 10 DAGs
[2024-12-26T14:32:25.430+0000] {logging_mixin.py:190} INFO - [2024-12-26T14:32:25.430+0000] {dag.py:4180} INFO - Setting next_dagrun for conditional_dataset_and_time_based_timetable to 2024-12-25 01:00:00+00:00, run_after=2024-12-25 01:00:00+00:00
[2024-12-26T14:32:25.434+0000] {logging_mixin.py:190} INFO - [2024-12-26T14:32:25.434+0000] {dag.py:4180} INFO - Setting next_dagrun for consume_1_and_2_with_dataset_expressions to None, run_after=None
[2024-12-26T14:32:25.435+0000] {logging_mixin.py:190} INFO - [2024-12-26T14:32:25.435+0000] {dag.py:4180} INFO - Setting next_dagrun for consume_1_or_2_with_dataset_expressions to None, run_after=None
[2024-12-26T14:32:25.436+0000] {logging_mixin.py:190} INFO - [2024-12-26T14:32:25.436+0000] {dag.py:4180} INFO - Setting next_dagrun for consume_1_or_both_2_and_3_with_dataset_expressions to None, run_after=None
[2024-12-26T14:32:25.437+0000] {logging_mixin.py:190} INFO - [2024-12-26T14:32:25.437+0000] {dag.py:4180} INFO - Setting next_dagrun for dataset_consumes_1 to None, run_after=None
[2024-12-26T14:32:25.438+0000] {logging_mixin.py:190} INFO - [2024-12-26T14:32:25.438+0000] {dag.py:4180} INFO - Setting next_dagrun for dataset_consumes_1_and_2 to None, run_after=None
[2024-12-26T14:32:25.439+0000] {logging_mixin.py:190} INFO - [2024-12-26T14:32:25.439+0000] {dag.py:4180} INFO - Setting next_dagrun for dataset_consumes_1_never_scheduled to None, run_after=None
[2024-12-26T14:32:25.440+0000] {logging_mixin.py:190} INFO - [2024-12-26T14:32:25.440+0000] {dag.py:4180} INFO - Setting next_dagrun for dataset_consumes_unknown_never_scheduled to None, run_after=None
[2024-12-26T14:32:25.445+0000] {logging_mixin.py:190} INFO - [2024-12-26T14:32:25.445+0000] {dag.py:4180} INFO - Setting next_dagrun for dataset_produces_1 to 2024-12-25 00:00:00+00:00, run_after=2024-12-26 00:00:00+00:00
[2024-12-26T14:32:25.446+0000] {logging_mixin.py:190} INFO - [2024-12-26T14:32:25.446+0000] {dag.py:4180} INFO - Setting next_dagrun for dataset_produces_2 to None, run_after=None
[2024-12-26T14:32:25.491+0000] {processor.py:208} INFO - Processing /home/airflow/.local/lib/python3.12/site-packages/airflow/example_dags/example_datasets.py took 0.724 seconds
[2024-12-26T14:32:55.821+0000] {processor.py:186} INFO - Started process (PID=1038) to work on /home/airflow/.local/lib/python3.12/site-packages/airflow/example_dags/example_datasets.py
[2024-12-26T14:32:55.852+0000] {processor.py:914} INFO - Processing file /home/airflow/.local/lib/python3.12/site-packages/airflow/example_dags/example_datasets.py for tasks to queue
[2024-12-26T14:32:55.858+0000] {logging_mixin.py:190} INFO - [2024-12-26T14:32:55.858+0000] {dagbag.py:588} INFO - Filling up the DagBag from /home/airflow/.local/lib/python3.12/site-packages/airflow/example_dags/example_datasets.py
[2024-12-26T14:32:56.417+0000] {processor.py:925} INFO - DAG(s) 'dataset_consumes_1_and_2', 'consume_1_or_both_2_and_3_with_dataset_expressions', 'dataset_consumes_1_never_scheduled', 'consume_1_or_2_with_dataset_expressions', 'dataset_produces_1', 'dataset_consumes_unknown_never_scheduled', 'consume_1_and_2_with_dataset_expressions', 'dataset_produces_2', 'dataset_consumes_1', 'conditional_dataset_and_time_based_timetable' retrieved from /home/airflow/.local/lib/python3.12/site-packages/airflow/example_dags/example_datasets.py
[2024-12-26T14:32:56.459+0000] {logging_mixin.py:190} INFO - [2024-12-26T14:32:56.459+0000] {dag.py:3239} INFO - Sync 10 DAGs
[2024-12-26T14:32:56.483+0000] {logging_mixin.py:190} INFO - [2024-12-26T14:32:56.483+0000] {dag.py:4180} INFO - Setting next_dagrun for conditional_dataset_and_time_based_timetable to 2024-12-25 01:00:00+00:00, run_after=2024-12-25 01:00:00+00:00
[2024-12-26T14:32:56.486+0000] {logging_mixin.py:190} INFO - [2024-12-26T14:32:56.486+0000] {dag.py:4180} INFO - Setting next_dagrun for consume_1_and_2_with_dataset_expressions to None, run_after=None
[2024-12-26T14:32:56.487+0000] {logging_mixin.py:190} INFO - [2024-12-26T14:32:56.487+0000] {dag.py:4180} INFO - Setting next_dagrun for consume_1_or_2_with_dataset_expressions to None, run_after=None
[2024-12-26T14:32:56.488+0000] {logging_mixin.py:190} INFO - [2024-12-26T14:32:56.488+0000] {dag.py:4180} INFO - Setting next_dagrun for consume_1_or_both_2_and_3_with_dataset_expressions to None, run_after=None
[2024-12-26T14:32:56.489+0000] {logging_mixin.py:190} INFO - [2024-12-26T14:32:56.489+0000] {dag.py:4180} INFO - Setting next_dagrun for dataset_consumes_1 to None, run_after=None
[2024-12-26T14:32:56.490+0000] {logging_mixin.py:190} INFO - [2024-12-26T14:32:56.490+0000] {dag.py:4180} INFO - Setting next_dagrun for dataset_consumes_1_and_2 to None, run_after=None
[2024-12-26T14:32:56.491+0000] {logging_mixin.py:190} INFO - [2024-12-26T14:32:56.491+0000] {dag.py:4180} INFO - Setting next_dagrun for dataset_consumes_1_never_scheduled to None, run_after=None
[2024-12-26T14:32:56.492+0000] {logging_mixin.py:190} INFO - [2024-12-26T14:32:56.492+0000] {dag.py:4180} INFO - Setting next_dagrun for dataset_consumes_unknown_never_scheduled to None, run_after=None
[2024-12-26T14:32:56.494+0000] {logging_mixin.py:190} INFO - [2024-12-26T14:32:56.494+0000] {dag.py:4180} INFO - Setting next_dagrun for dataset_produces_1 to 2024-12-25 00:00:00+00:00, run_after=2024-12-26 00:00:00+00:00
[2024-12-26T14:32:56.495+0000] {logging_mixin.py:190} INFO - [2024-12-26T14:32:56.495+0000] {dag.py:4180} INFO - Setting next_dagrun for dataset_produces_2 to None, run_after=None
[2024-12-26T14:32:56.523+0000] {processor.py:208} INFO - Processing /home/airflow/.local/lib/python3.12/site-packages/airflow/example_dags/example_datasets.py took 0.715 seconds
[2024-12-26T14:33:27.343+0000] {processor.py:186} INFO - Started process (PID=1375) to work on /home/airflow/.local/lib/python3.12/site-packages/airflow/example_dags/example_datasets.py
[2024-12-26T14:33:27.345+0000] {processor.py:914} INFO - Processing file /home/airflow/.local/lib/python3.12/site-packages/airflow/example_dags/example_datasets.py for tasks to queue
[2024-12-26T14:33:27.348+0000] {logging_mixin.py:190} INFO - [2024-12-26T14:33:27.348+0000] {dagbag.py:588} INFO - Filling up the DagBag from /home/airflow/.local/lib/python3.12/site-packages/airflow/example_dags/example_datasets.py
[2024-12-26T14:33:27.889+0000] {processor.py:925} INFO - DAG(s) 'dataset_produces_2', 'consume_1_or_both_2_and_3_with_dataset_expressions', 'dataset_consumes_1', 'dataset_consumes_1_never_scheduled', 'dataset_consumes_unknown_never_scheduled', 'conditional_dataset_and_time_based_timetable', 'dataset_produces_1', 'dataset_consumes_1_and_2', 'consume_1_or_2_with_dataset_expressions', 'consume_1_and_2_with_dataset_expressions' retrieved from /home/airflow/.local/lib/python3.12/site-packages/airflow/example_dags/example_datasets.py
[2024-12-26T14:33:27.938+0000] {logging_mixin.py:190} INFO - [2024-12-26T14:33:27.937+0000] {dag.py:3239} INFO - Sync 10 DAGs
[2024-12-26T14:33:27.971+0000] {logging_mixin.py:190} INFO - [2024-12-26T14:33:27.970+0000] {dag.py:4180} INFO - Setting next_dagrun for conditional_dataset_and_time_based_timetable to 2024-12-25 01:00:00+00:00, run_after=2024-12-25 01:00:00+00:00
[2024-12-26T14:33:27.974+0000] {logging_mixin.py:190} INFO - [2024-12-26T14:33:27.974+0000] {dag.py:4180} INFO - Setting next_dagrun for consume_1_and_2_with_dataset_expressions to None, run_after=None
[2024-12-26T14:33:27.975+0000] {logging_mixin.py:190} INFO - [2024-12-26T14:33:27.975+0000] {dag.py:4180} INFO - Setting next_dagrun for consume_1_or_2_with_dataset_expressions to None, run_after=None
[2024-12-26T14:33:27.976+0000] {logging_mixin.py:190} INFO - [2024-12-26T14:33:27.976+0000] {dag.py:4180} INFO - Setting next_dagrun for consume_1_or_both_2_and_3_with_dataset_expressions to None, run_after=None
[2024-12-26T14:33:27.977+0000] {logging_mixin.py:190} INFO - [2024-12-26T14:33:27.977+0000] {dag.py:4180} INFO - Setting next_dagrun for dataset_consumes_1 to None, run_after=None
[2024-12-26T14:33:27.978+0000] {logging_mixin.py:190} INFO - [2024-12-26T14:33:27.978+0000] {dag.py:4180} INFO - Setting next_dagrun for dataset_consumes_1_and_2 to None, run_after=None
[2024-12-26T14:33:27.979+0000] {logging_mixin.py:190} INFO - [2024-12-26T14:33:27.979+0000] {dag.py:4180} INFO - Setting next_dagrun for dataset_consumes_1_never_scheduled to None, run_after=None
[2024-12-26T14:33:27.981+0000] {logging_mixin.py:190} INFO - [2024-12-26T14:33:27.980+0000] {dag.py:4180} INFO - Setting next_dagrun for dataset_consumes_unknown_never_scheduled to None, run_after=None
[2024-12-26T14:33:27.983+0000] {logging_mixin.py:190} INFO - [2024-12-26T14:33:27.983+0000] {dag.py:4180} INFO - Setting next_dagrun for dataset_produces_1 to 2024-12-25 00:00:00+00:00, run_after=2024-12-26 00:00:00+00:00
[2024-12-26T14:33:27.984+0000] {logging_mixin.py:190} INFO - [2024-12-26T14:33:27.984+0000] {dag.py:4180} INFO - Setting next_dagrun for dataset_produces_2 to None, run_after=None
[2024-12-26T14:33:28.016+0000] {processor.py:208} INFO - Processing /home/airflow/.local/lib/python3.12/site-packages/airflow/example_dags/example_datasets.py took 0.687 seconds
[2024-12-26T14:33:58.605+0000] {processor.py:186} INFO - Started process (PID=1666) to work on /home/airflow/.local/lib/python3.12/site-packages/airflow/example_dags/example_datasets.py
[2024-12-26T14:33:58.606+0000] {processor.py:914} INFO - Processing file /home/airflow/.local/lib/python3.12/site-packages/airflow/example_dags/example_datasets.py for tasks to queue
[2024-12-26T14:33:58.610+0000] {logging_mixin.py:190} INFO - [2024-12-26T14:33:58.609+0000] {dagbag.py:588} INFO - Filling up the DagBag from /home/airflow/.local/lib/python3.12/site-packages/airflow/example_dags/example_datasets.py
[2024-12-26T14:33:59.166+0000] {processor.py:925} INFO - DAG(s) 'dataset_produces_1', 'dataset_consumes_unknown_never_scheduled', 'consume_1_or_2_with_dataset_expressions', 'consume_1_and_2_with_dataset_expressions', 'dataset_consumes_1_and_2', 'dataset_consumes_1_never_scheduled', 'conditional_dataset_and_time_based_timetable', 'consume_1_or_both_2_and_3_with_dataset_expressions', 'dataset_produces_2', 'dataset_consumes_1' retrieved from /home/airflow/.local/lib/python3.12/site-packages/airflow/example_dags/example_datasets.py
[2024-12-26T14:33:59.215+0000] {logging_mixin.py:190} INFO - [2024-12-26T14:33:59.214+0000] {dag.py:3239} INFO - Sync 10 DAGs
[2024-12-26T14:33:59.245+0000] {logging_mixin.py:190} INFO - [2024-12-26T14:33:59.244+0000] {dag.py:4180} INFO - Setting next_dagrun for conditional_dataset_and_time_based_timetable to 2024-12-25 01:00:00+00:00, run_after=2024-12-25 01:00:00+00:00
[2024-12-26T14:33:59.248+0000] {logging_mixin.py:190} INFO - [2024-12-26T14:33:59.248+0000] {dag.py:4180} INFO - Setting next_dagrun for consume_1_and_2_with_dataset_expressions to None, run_after=None
[2024-12-26T14:33:59.249+0000] {logging_mixin.py:190} INFO - [2024-12-26T14:33:59.249+0000] {dag.py:4180} INFO - Setting next_dagrun for consume_1_or_2_with_dataset_expressions to None, run_after=None
[2024-12-26T14:33:59.250+0000] {logging_mixin.py:190} INFO - [2024-12-26T14:33:59.250+0000] {dag.py:4180} INFO - Setting next_dagrun for consume_1_or_both_2_and_3_with_dataset_expressions to None, run_after=None
[2024-12-26T14:33:59.251+0000] {logging_mixin.py:190} INFO - [2024-12-26T14:33:59.251+0000] {dag.py:4180} INFO - Setting next_dagrun for dataset_consumes_1 to None, run_after=None
[2024-12-26T14:33:59.252+0000] {logging_mixin.py:190} INFO - [2024-12-26T14:33:59.252+0000] {dag.py:4180} INFO - Setting next_dagrun for dataset_consumes_1_and_2 to None, run_after=None
[2024-12-26T14:33:59.253+0000] {logging_mixin.py:190} INFO - [2024-12-26T14:33:59.253+0000] {dag.py:4180} INFO - Setting next_dagrun for dataset_consumes_1_never_scheduled to None, run_after=None
[2024-12-26T14:33:59.254+0000] {logging_mixin.py:190} INFO - [2024-12-26T14:33:59.254+0000] {dag.py:4180} INFO - Setting next_dagrun for dataset_consumes_unknown_never_scheduled to None, run_after=None
[2024-12-26T14:33:59.256+0000] {logging_mixin.py:190} INFO - [2024-12-26T14:33:59.256+0000] {dag.py:4180} INFO - Setting next_dagrun for dataset_produces_1 to 2024-12-25 00:00:00+00:00, run_after=2024-12-26 00:00:00+00:00
[2024-12-26T14:33:59.258+0000] {logging_mixin.py:190} INFO - [2024-12-26T14:33:59.257+0000] {dag.py:4180} INFO - Setting next_dagrun for dataset_produces_2 to None, run_after=None
[2024-12-26T14:33:59.309+0000] {processor.py:208} INFO - Processing /home/airflow/.local/lib/python3.12/site-packages/airflow/example_dags/example_datasets.py took 0.719 seconds
[2024-12-26T14:34:30.266+0000] {processor.py:186} INFO - Started process (PID=1957) to work on /home/airflow/.local/lib/python3.12/site-packages/airflow/example_dags/example_datasets.py
[2024-12-26T14:34:30.286+0000] {processor.py:914} INFO - Processing file /home/airflow/.local/lib/python3.12/site-packages/airflow/example_dags/example_datasets.py for tasks to queue
[2024-12-26T14:34:30.291+0000] {logging_mixin.py:190} INFO - [2024-12-26T14:34:30.290+0000] {dagbag.py:588} INFO - Filling up the DagBag from /home/airflow/.local/lib/python3.12/site-packages/airflow/example_dags/example_datasets.py
[2024-12-26T14:34:30.847+0000] {processor.py:925} INFO - DAG(s) 'consume_1_and_2_with_dataset_expressions', 'dataset_consumes_unknown_never_scheduled', 'dataset_consumes_1', 'conditional_dataset_and_time_based_timetable', 'consume_1_or_2_with_dataset_expressions', 'dataset_consumes_1_and_2', 'dataset_consumes_1_never_scheduled', 'dataset_produces_2', 'consume_1_or_both_2_and_3_with_dataset_expressions', 'dataset_produces_1' retrieved from /home/airflow/.local/lib/python3.12/site-packages/airflow/example_dags/example_datasets.py
[2024-12-26T14:34:30.910+0000] {logging_mixin.py:190} INFO - [2024-12-26T14:34:30.910+0000] {dag.py:3239} INFO - Sync 10 DAGs
[2024-12-26T14:34:30.941+0000] {logging_mixin.py:190} INFO - [2024-12-26T14:34:30.940+0000] {dag.py:4180} INFO - Setting next_dagrun for conditional_dataset_and_time_based_timetable to 2024-12-25 01:00:00+00:00, run_after=2024-12-25 01:00:00+00:00
[2024-12-26T14:34:30.944+0000] {logging_mixin.py:190} INFO - [2024-12-26T14:34:30.944+0000] {dag.py:4180} INFO - Setting next_dagrun for consume_1_and_2_with_dataset_expressions to None, run_after=None
[2024-12-26T14:34:30.946+0000] {logging_mixin.py:190} INFO - [2024-12-26T14:34:30.945+0000] {dag.py:4180} INFO - Setting next_dagrun for consume_1_or_2_with_dataset_expressions to None, run_after=None
[2024-12-26T14:34:30.947+0000] {logging_mixin.py:190} INFO - [2024-12-26T14:34:30.947+0000] {dag.py:4180} INFO - Setting next_dagrun for consume_1_or_both_2_and_3_with_dataset_expressions to None, run_after=None
[2024-12-26T14:34:30.948+0000] {logging_mixin.py:190} INFO - [2024-12-26T14:34:30.948+0000] {dag.py:4180} INFO - Setting next_dagrun for dataset_consumes_1 to None, run_after=None
[2024-12-26T14:34:30.949+0000] {logging_mixin.py:190} INFO - [2024-12-26T14:34:30.949+0000] {dag.py:4180} INFO - Setting next_dagrun for dataset_consumes_1_and_2 to None, run_after=None
[2024-12-26T14:34:30.950+0000] {logging_mixin.py:190} INFO - [2024-12-26T14:34:30.950+0000] {dag.py:4180} INFO - Setting next_dagrun for dataset_consumes_1_never_scheduled to None, run_after=None
[2024-12-26T14:34:30.951+0000] {logging_mixin.py:190} INFO - [2024-12-26T14:34:30.951+0000] {dag.py:4180} INFO - Setting next_dagrun for dataset_consumes_unknown_never_scheduled to None, run_after=None
[2024-12-26T14:34:30.953+0000] {logging_mixin.py:190} INFO - [2024-12-26T14:34:30.953+0000] {dag.py:4180} INFO - Setting next_dagrun for dataset_produces_1 to 2024-12-25 00:00:00+00:00, run_after=2024-12-26 00:00:00+00:00
[2024-12-26T14:34:30.954+0000] {logging_mixin.py:190} INFO - [2024-12-26T14:34:30.954+0000] {dag.py:4180} INFO - Setting next_dagrun for dataset_produces_2 to None, run_after=None
[2024-12-26T14:34:31.011+0000] {processor.py:208} INFO - Processing /home/airflow/.local/lib/python3.12/site-packages/airflow/example_dags/example_datasets.py took 0.759 seconds
[2024-12-26T14:35:01.655+0000] {processor.py:186} INFO - Started process (PID=2248) to work on /home/airflow/.local/lib/python3.12/site-packages/airflow/example_dags/example_datasets.py
[2024-12-26T14:35:01.656+0000] {processor.py:914} INFO - Processing file /home/airflow/.local/lib/python3.12/site-packages/airflow/example_dags/example_datasets.py for tasks to queue
[2024-12-26T14:35:01.659+0000] {logging_mixin.py:190} INFO - [2024-12-26T14:35:01.659+0000] {dagbag.py:588} INFO - Filling up the DagBag from /home/airflow/.local/lib/python3.12/site-packages/airflow/example_dags/example_datasets.py
[2024-12-26T14:35:02.219+0000] {processor.py:925} INFO - DAG(s) 'conditional_dataset_and_time_based_timetable', 'dataset_consumes_unknown_never_scheduled', 'dataset_consumes_1', 'dataset_produces_2', 'dataset_produces_1', 'consume_1_and_2_with_dataset_expressions', 'dataset_consumes_1_and_2', 'consume_1_or_both_2_and_3_with_dataset_expressions', 'consume_1_or_2_with_dataset_expressions', 'dataset_consumes_1_never_scheduled' retrieved from /home/airflow/.local/lib/python3.12/site-packages/airflow/example_dags/example_datasets.py
[2024-12-26T14:35:02.269+0000] {logging_mixin.py:190} INFO - [2024-12-26T14:35:02.269+0000] {dag.py:3239} INFO - Sync 10 DAGs
[2024-12-26T14:35:02.298+0000] {logging_mixin.py:190} INFO - [2024-12-26T14:35:02.298+0000] {dag.py:4180} INFO - Setting next_dagrun for conditional_dataset_and_time_based_timetable to 2024-12-25 01:00:00+00:00, run_after=2024-12-25 01:00:00+00:00
[2024-12-26T14:35:02.302+0000] {logging_mixin.py:190} INFO - [2024-12-26T14:35:02.301+0000] {dag.py:4180} INFO - Setting next_dagrun for consume_1_and_2_with_dataset_expressions to None, run_after=None
[2024-12-26T14:35:02.303+0000] {logging_mixin.py:190} INFO - [2024-12-26T14:35:02.303+0000] {dag.py:4180} INFO - Setting next_dagrun for consume_1_or_2_with_dataset_expressions to None, run_after=None
[2024-12-26T14:35:02.304+0000] {logging_mixin.py:190} INFO - [2024-12-26T14:35:02.304+0000] {dag.py:4180} INFO - Setting next_dagrun for consume_1_or_both_2_and_3_with_dataset_expressions to None, run_after=None
[2024-12-26T14:35:02.305+0000] {logging_mixin.py:190} INFO - [2024-12-26T14:35:02.305+0000] {dag.py:4180} INFO - Setting next_dagrun for dataset_consumes_1 to None, run_after=None
[2024-12-26T14:35:02.306+0000] {logging_mixin.py:190} INFO - [2024-12-26T14:35:02.306+0000] {dag.py:4180} INFO - Setting next_dagrun for dataset_consumes_1_and_2 to None, run_after=None
[2024-12-26T14:35:02.307+0000] {logging_mixin.py:190} INFO - [2024-12-26T14:35:02.307+0000] {dag.py:4180} INFO - Setting next_dagrun for dataset_consumes_1_never_scheduled to None, run_after=None
[2024-12-26T14:35:02.308+0000] {logging_mixin.py:190} INFO - [2024-12-26T14:35:02.307+0000] {dag.py:4180} INFO - Setting next_dagrun for dataset_consumes_unknown_never_scheduled to None, run_after=None
[2024-12-26T14:35:02.310+0000] {logging_mixin.py:190} INFO - [2024-12-26T14:35:02.310+0000] {dag.py:4180} INFO - Setting next_dagrun for dataset_produces_1 to 2024-12-25 00:00:00+00:00, run_after=2024-12-26 00:00:00+00:00
[2024-12-26T14:35:02.311+0000] {logging_mixin.py:190} INFO - [2024-12-26T14:35:02.311+0000] {dag.py:4180} INFO - Setting next_dagrun for dataset_produces_2 to None, run_after=None
[2024-12-26T14:35:02.344+0000] {processor.py:208} INFO - Processing /home/airflow/.local/lib/python3.12/site-packages/airflow/example_dags/example_datasets.py took 0.702 seconds
[2024-12-26T14:35:33.186+0000] {processor.py:186} INFO - Started process (PID=2539) to work on /home/airflow/.local/lib/python3.12/site-packages/airflow/example_dags/example_datasets.py
[2024-12-26T14:35:33.187+0000] {processor.py:914} INFO - Processing file /home/airflow/.local/lib/python3.12/site-packages/airflow/example_dags/example_datasets.py for tasks to queue
[2024-12-26T14:35:33.190+0000] {logging_mixin.py:190} INFO - [2024-12-26T14:35:33.190+0000] {dagbag.py:588} INFO - Filling up the DagBag from /home/airflow/.local/lib/python3.12/site-packages/airflow/example_dags/example_datasets.py
[2024-12-26T14:35:33.742+0000] {processor.py:925} INFO - DAG(s) 'dataset_consumes_1_never_scheduled', 'consume_1_and_2_with_dataset_expressions', 'consume_1_or_2_with_dataset_expressions', 'conditional_dataset_and_time_based_timetable', 'dataset_consumes_unknown_never_scheduled', 'dataset_consumes_1_and_2', 'consume_1_or_both_2_and_3_with_dataset_expressions', 'dataset_consumes_1', 'dataset_produces_1', 'dataset_produces_2' retrieved from /home/airflow/.local/lib/python3.12/site-packages/airflow/example_dags/example_datasets.py
[2024-12-26T14:35:33.820+0000] {logging_mixin.py:190} INFO - [2024-12-26T14:35:33.820+0000] {dag.py:3239} INFO - Sync 10 DAGs
[2024-12-26T14:35:33.852+0000] {logging_mixin.py:190} INFO - [2024-12-26T14:35:33.852+0000] {dag.py:4180} INFO - Setting next_dagrun for conditional_dataset_and_time_based_timetable to 2024-12-25 01:00:00+00:00, run_after=2024-12-25 01:00:00+00:00
[2024-12-26T14:35:33.856+0000] {logging_mixin.py:190} INFO - [2024-12-26T14:35:33.856+0000] {dag.py:4180} INFO - Setting next_dagrun for consume_1_and_2_with_dataset_expressions to None, run_after=None
[2024-12-26T14:35:33.857+0000] {logging_mixin.py:190} INFO - [2024-12-26T14:35:33.857+0000] {dag.py:4180} INFO - Setting next_dagrun for consume_1_or_2_with_dataset_expressions to None, run_after=None
[2024-12-26T14:35:33.858+0000] {logging_mixin.py:190} INFO - [2024-12-26T14:35:33.858+0000] {dag.py:4180} INFO - Setting next_dagrun for consume_1_or_both_2_and_3_with_dataset_expressions to None, run_after=None
[2024-12-26T14:35:33.859+0000] {logging_mixin.py:190} INFO - [2024-12-26T14:35:33.859+0000] {dag.py:4180} INFO - Setting next_dagrun for dataset_consumes_1 to None, run_after=None
[2024-12-26T14:35:33.860+0000] {logging_mixin.py:190} INFO - [2024-12-26T14:35:33.860+0000] {dag.py:4180} INFO - Setting next_dagrun for dataset_consumes_1_and_2 to None, run_after=None
[2024-12-26T14:35:33.861+0000] {logging_mixin.py:190} INFO - [2024-12-26T14:35:33.861+0000] {dag.py:4180} INFO - Setting next_dagrun for dataset_consumes_1_never_scheduled to None, run_after=None
[2024-12-26T14:35:33.862+0000] {logging_mixin.py:190} INFO - [2024-12-26T14:35:33.862+0000] {dag.py:4180} INFO - Setting next_dagrun for dataset_consumes_unknown_never_scheduled to None, run_after=None
[2024-12-26T14:35:33.865+0000] {logging_mixin.py:190} INFO - [2024-12-26T14:35:33.864+0000] {dag.py:4180} INFO - Setting next_dagrun for dataset_produces_1 to 2024-12-25 00:00:00+00:00, run_after=2024-12-26 00:00:00+00:00
[2024-12-26T14:35:33.866+0000] {logging_mixin.py:190} INFO - [2024-12-26T14:35:33.866+0000] {dag.py:4180} INFO - Setting next_dagrun for dataset_produces_2 to None, run_after=None
[2024-12-26T14:35:33.899+0000] {processor.py:208} INFO - Processing /home/airflow/.local/lib/python3.12/site-packages/airflow/example_dags/example_datasets.py took 0.727 seconds
[2024-12-26T14:36:04.723+0000] {processor.py:186} INFO - Started process (PID=2830) to work on /home/airflow/.local/lib/python3.12/site-packages/airflow/example_dags/example_datasets.py
[2024-12-26T14:36:04.737+0000] {processor.py:914} INFO - Processing file /home/airflow/.local/lib/python3.12/site-packages/airflow/example_dags/example_datasets.py for tasks to queue
[2024-12-26T14:36:04.741+0000] {logging_mixin.py:190} INFO - [2024-12-26T14:36:04.740+0000] {dagbag.py:588} INFO - Filling up the DagBag from /home/airflow/.local/lib/python3.12/site-packages/airflow/example_dags/example_datasets.py
[2024-12-26T14:36:05.284+0000] {processor.py:925} INFO - DAG(s) 'dataset_consumes_1_and_2', 'consume_1_and_2_with_dataset_expressions', 'dataset_produces_1', 'conditional_dataset_and_time_based_timetable', 'consume_1_or_both_2_and_3_with_dataset_expressions', 'dataset_produces_2', 'dataset_consumes_1_never_scheduled', 'dataset_consumes_unknown_never_scheduled', 'consume_1_or_2_with_dataset_expressions', 'dataset_consumes_1' retrieved from /home/airflow/.local/lib/python3.12/site-packages/airflow/example_dags/example_datasets.py
[2024-12-26T14:36:05.332+0000] {logging_mixin.py:190} INFO - [2024-12-26T14:36:05.332+0000] {dag.py:3239} INFO - Sync 10 DAGs
[2024-12-26T14:36:05.362+0000] {logging_mixin.py:190} INFO - [2024-12-26T14:36:05.362+0000] {dag.py:4180} INFO - Setting next_dagrun for conditional_dataset_and_time_based_timetable to 2024-12-25 01:00:00+00:00, run_after=2024-12-25 01:00:00+00:00
[2024-12-26T14:36:05.366+0000] {logging_mixin.py:190} INFO - [2024-12-26T14:36:05.366+0000] {dag.py:4180} INFO - Setting next_dagrun for consume_1_and_2_with_dataset_expressions to None, run_after=None
[2024-12-26T14:36:05.367+0000] {logging_mixin.py:190} INFO - [2024-12-26T14:36:05.367+0000] {dag.py:4180} INFO - Setting next_dagrun for consume_1_or_2_with_dataset_expressions to None, run_after=None
[2024-12-26T14:36:05.369+0000] {logging_mixin.py:190} INFO - [2024-12-26T14:36:05.368+0000] {dag.py:4180} INFO - Setting next_dagrun for consume_1_or_both_2_and_3_with_dataset_expressions to None, run_after=None
[2024-12-26T14:36:05.370+0000] {logging_mixin.py:190} INFO - [2024-12-26T14:36:05.370+0000] {dag.py:4180} INFO - Setting next_dagrun for dataset_consumes_1 to None, run_after=None
[2024-12-26T14:36:05.371+0000] {logging_mixin.py:190} INFO - [2024-12-26T14:36:05.371+0000] {dag.py:4180} INFO - Setting next_dagrun for dataset_consumes_1_and_2 to None, run_after=None
[2024-12-26T14:36:05.372+0000] {logging_mixin.py:190} INFO - [2024-12-26T14:36:05.372+0000] {dag.py:4180} INFO - Setting next_dagrun for dataset_consumes_1_never_scheduled to None, run_after=None
[2024-12-26T14:36:05.373+0000] {logging_mixin.py:190} INFO - [2024-12-26T14:36:05.373+0000] {dag.py:4180} INFO - Setting next_dagrun for dataset_consumes_unknown_never_scheduled to None, run_after=None
[2024-12-26T14:36:05.375+0000] {logging_mixin.py:190} INFO - [2024-12-26T14:36:05.375+0000] {dag.py:4180} INFO - Setting next_dagrun for dataset_produces_1 to 2024-12-25 00:00:00+00:00, run_after=2024-12-26 00:00:00+00:00
[2024-12-26T14:36:05.376+0000] {logging_mixin.py:190} INFO - [2024-12-26T14:36:05.376+0000] {dag.py:4180} INFO - Setting next_dagrun for dataset_produces_2 to None, run_after=None
[2024-12-26T14:36:05.409+0000] {processor.py:208} INFO - Processing /home/airflow/.local/lib/python3.12/site-packages/airflow/example_dags/example_datasets.py took 0.699 seconds
[2024-12-26T14:36:35.559+0000] {processor.py:186} INFO - Started process (PID=3121) to work on /home/airflow/.local/lib/python3.12/site-packages/airflow/example_dags/example_datasets.py
[2024-12-26T14:36:35.560+0000] {processor.py:914} INFO - Processing file /home/airflow/.local/lib/python3.12/site-packages/airflow/example_dags/example_datasets.py for tasks to queue
[2024-12-26T14:36:35.564+0000] {logging_mixin.py:190} INFO - [2024-12-26T14:36:35.563+0000] {dagbag.py:588} INFO - Filling up the DagBag from /home/airflow/.local/lib/python3.12/site-packages/airflow/example_dags/example_datasets.py
[2024-12-26T14:36:36.101+0000] {processor.py:925} INFO - DAG(s) 'dataset_consumes_unknown_never_scheduled', 'consume_1_or_both_2_and_3_with_dataset_expressions', 'dataset_produces_2', 'conditional_dataset_and_time_based_timetable', 'consume_1_and_2_with_dataset_expressions', 'dataset_consumes_1', 'consume_1_or_2_with_dataset_expressions', 'dataset_consumes_1_and_2', 'dataset_consumes_1_never_scheduled', 'dataset_produces_1' retrieved from /home/airflow/.local/lib/python3.12/site-packages/airflow/example_dags/example_datasets.py
[2024-12-26T14:36:36.151+0000] {logging_mixin.py:190} INFO - [2024-12-26T14:36:36.151+0000] {dag.py:3239} INFO - Sync 10 DAGs
[2024-12-26T14:36:36.182+0000] {logging_mixin.py:190} INFO - [2024-12-26T14:36:36.182+0000] {dag.py:4180} INFO - Setting next_dagrun for conditional_dataset_and_time_based_timetable to 2024-12-25 01:00:00+00:00, run_after=2024-12-25 01:00:00+00:00
[2024-12-26T14:36:36.186+0000] {logging_mixin.py:190} INFO - [2024-12-26T14:36:36.186+0000] {dag.py:4180} INFO - Setting next_dagrun for consume_1_and_2_with_dataset_expressions to None, run_after=None
[2024-12-26T14:36:36.187+0000] {logging_mixin.py:190} INFO - [2024-12-26T14:36:36.187+0000] {dag.py:4180} INFO - Setting next_dagrun for consume_1_or_2_with_dataset_expressions to None, run_after=None
[2024-12-26T14:36:36.189+0000] {logging_mixin.py:190} INFO - [2024-12-26T14:36:36.188+0000] {dag.py:4180} INFO - Setting next_dagrun for consume_1_or_both_2_and_3_with_dataset_expressions to None, run_after=None
[2024-12-26T14:36:36.190+0000] {logging_mixin.py:190} INFO - [2024-12-26T14:36:36.189+0000] {dag.py:4180} INFO - Setting next_dagrun for dataset_consumes_1 to None, run_after=None
[2024-12-26T14:36:36.191+0000] {logging_mixin.py:190} INFO - [2024-12-26T14:36:36.190+0000] {dag.py:4180} INFO - Setting next_dagrun for dataset_consumes_1_and_2 to None, run_after=None
[2024-12-26T14:36:36.192+0000] {logging_mixin.py:190} INFO - [2024-12-26T14:36:36.191+0000] {dag.py:4180} INFO - Setting next_dagrun for dataset_consumes_1_never_scheduled to None, run_after=None
[2024-12-26T14:36:36.193+0000] {logging_mixin.py:190} INFO - [2024-12-26T14:36:36.192+0000] {dag.py:4180} INFO - Setting next_dagrun for dataset_consumes_unknown_never_scheduled to None, run_after=None
[2024-12-26T14:36:36.195+0000] {logging_mixin.py:190} INFO - [2024-12-26T14:36:36.195+0000] {dag.py:4180} INFO - Setting next_dagrun for dataset_produces_1 to 2024-12-25 00:00:00+00:00, run_after=2024-12-26 00:00:00+00:00
[2024-12-26T14:36:36.196+0000] {logging_mixin.py:190} INFO - [2024-12-26T14:36:36.196+0000] {dag.py:4180} INFO - Setting next_dagrun for dataset_produces_2 to None, run_after=None
[2024-12-26T14:36:36.241+0000] {processor.py:208} INFO - Processing /home/airflow/.local/lib/python3.12/site-packages/airflow/example_dags/example_datasets.py took 0.696 seconds
[2024-12-26T14:37:06.421+0000] {processor.py:186} INFO - Started process (PID=3412) to work on /home/airflow/.local/lib/python3.12/site-packages/airflow/example_dags/example_datasets.py
[2024-12-26T14:37:06.423+0000] {processor.py:914} INFO - Processing file /home/airflow/.local/lib/python3.12/site-packages/airflow/example_dags/example_datasets.py for tasks to queue
[2024-12-26T14:37:06.426+0000] {logging_mixin.py:190} INFO - [2024-12-26T14:37:06.426+0000] {dagbag.py:588} INFO - Filling up the DagBag from /home/airflow/.local/lib/python3.12/site-packages/airflow/example_dags/example_datasets.py
[2024-12-26T14:37:06.982+0000] {processor.py:925} INFO - DAG(s) 'conditional_dataset_and_time_based_timetable', 'dataset_consumes_1_and_2', 'dataset_consumes_unknown_never_scheduled', 'dataset_produces_1', 'dataset_consumes_1_never_scheduled', 'consume_1_or_2_with_dataset_expressions', 'dataset_produces_2', 'dataset_consumes_1', 'consume_1_or_both_2_and_3_with_dataset_expressions', 'consume_1_and_2_with_dataset_expressions' retrieved from /home/airflow/.local/lib/python3.12/site-packages/airflow/example_dags/example_datasets.py
[2024-12-26T14:37:07.042+0000] {logging_mixin.py:190} INFO - [2024-12-26T14:37:07.042+0000] {dag.py:3239} INFO - Sync 10 DAGs
[2024-12-26T14:37:07.075+0000] {logging_mixin.py:190} INFO - [2024-12-26T14:37:07.075+0000] {dag.py:4180} INFO - Setting next_dagrun for conditional_dataset_and_time_based_timetable to 2024-12-25 01:00:00+00:00, run_after=2024-12-25 01:00:00+00:00
[2024-12-26T14:37:07.079+0000] {logging_mixin.py:190} INFO - [2024-12-26T14:37:07.079+0000] {dag.py:4180} INFO - Setting next_dagrun for consume_1_and_2_with_dataset_expressions to None, run_after=None
[2024-12-26T14:37:07.080+0000] {logging_mixin.py:190} INFO - [2024-12-26T14:37:07.080+0000] {dag.py:4180} INFO - Setting next_dagrun for consume_1_or_2_with_dataset_expressions to None, run_after=None
[2024-12-26T14:37:07.081+0000] {logging_mixin.py:190} INFO - [2024-12-26T14:37:07.081+0000] {dag.py:4180} INFO - Setting next_dagrun for consume_1_or_both_2_and_3_with_dataset_expressions to None, run_after=None
[2024-12-26T14:37:07.082+0000] {logging_mixin.py:190} INFO - [2024-12-26T14:37:07.082+0000] {dag.py:4180} INFO - Setting next_dagrun for dataset_consumes_1 to None, run_after=None
[2024-12-26T14:37:07.083+0000] {logging_mixin.py:190} INFO - [2024-12-26T14:37:07.083+0000] {dag.py:4180} INFO - Setting next_dagrun for dataset_consumes_1_and_2 to None, run_after=None
[2024-12-26T14:37:07.084+0000] {logging_mixin.py:190} INFO - [2024-12-26T14:37:07.084+0000] {dag.py:4180} INFO - Setting next_dagrun for dataset_consumes_1_never_scheduled to None, run_after=None
[2024-12-26T14:37:07.085+0000] {logging_mixin.py:190} INFO - [2024-12-26T14:37:07.085+0000] {dag.py:4180} INFO - Setting next_dagrun for dataset_consumes_unknown_never_scheduled to None, run_after=None
[2024-12-26T14:37:07.087+0000] {logging_mixin.py:190} INFO - [2024-12-26T14:37:07.087+0000] {dag.py:4180} INFO - Setting next_dagrun for dataset_produces_1 to 2024-12-25 00:00:00+00:00, run_after=2024-12-26 00:00:00+00:00
[2024-12-26T14:37:07.088+0000] {logging_mixin.py:190} INFO - [2024-12-26T14:37:07.088+0000] {dag.py:4180} INFO - Setting next_dagrun for dataset_produces_2 to None, run_after=None
[2024-12-26T14:37:07.119+0000] {processor.py:208} INFO - Processing /home/airflow/.local/lib/python3.12/site-packages/airflow/example_dags/example_datasets.py took 0.712 seconds
[2024-12-26T14:37:37.400+0000] {processor.py:186} INFO - Started process (PID=3703) to work on /home/airflow/.local/lib/python3.12/site-packages/airflow/example_dags/example_datasets.py
[2024-12-26T14:37:37.401+0000] {processor.py:914} INFO - Processing file /home/airflow/.local/lib/python3.12/site-packages/airflow/example_dags/example_datasets.py for tasks to queue
[2024-12-26T14:37:37.405+0000] {logging_mixin.py:190} INFO - [2024-12-26T14:37:37.405+0000] {dagbag.py:588} INFO - Filling up the DagBag from /home/airflow/.local/lib/python3.12/site-packages/airflow/example_dags/example_datasets.py
[2024-12-26T14:37:37.955+0000] {processor.py:925} INFO - DAG(s) 'dataset_consumes_1', 'consume_1_and_2_with_dataset_expressions', 'dataset_consumes_unknown_never_scheduled', 'dataset_produces_1', 'dataset_consumes_1_and_2', 'dataset_produces_2', 'consume_1_or_2_with_dataset_expressions', 'dataset_consumes_1_never_scheduled', 'conditional_dataset_and_time_based_timetable', 'consume_1_or_both_2_and_3_with_dataset_expressions' retrieved from /home/airflow/.local/lib/python3.12/site-packages/airflow/example_dags/example_datasets.py
[2024-12-26T14:37:38.011+0000] {logging_mixin.py:190} INFO - [2024-12-26T14:37:38.011+0000] {dag.py:3239} INFO - Sync 10 DAGs
[2024-12-26T14:37:38.040+0000] {logging_mixin.py:190} INFO - [2024-12-26T14:37:38.040+0000] {dag.py:4180} INFO - Setting next_dagrun for conditional_dataset_and_time_based_timetable to 2024-12-25 01:00:00+00:00, run_after=2024-12-25 01:00:00+00:00
[2024-12-26T14:37:38.046+0000] {logging_mixin.py:190} INFO - [2024-12-26T14:37:38.045+0000] {dag.py:4180} INFO - Setting next_dagrun for consume_1_and_2_with_dataset_expressions to None, run_after=None
[2024-12-26T14:37:38.047+0000] {logging_mixin.py:190} INFO - [2024-12-26T14:37:38.047+0000] {dag.py:4180} INFO - Setting next_dagrun for consume_1_or_2_with_dataset_expressions to None, run_after=None
[2024-12-26T14:37:38.048+0000] {logging_mixin.py:190} INFO - [2024-12-26T14:37:38.048+0000] {dag.py:4180} INFO - Setting next_dagrun for consume_1_or_both_2_and_3_with_dataset_expressions to None, run_after=None
[2024-12-26T14:37:38.049+0000] {logging_mixin.py:190} INFO - [2024-12-26T14:37:38.049+0000] {dag.py:4180} INFO - Setting next_dagrun for dataset_consumes_1 to None, run_after=None
[2024-12-26T14:37:38.050+0000] {logging_mixin.py:190} INFO - [2024-12-26T14:37:38.050+0000] {dag.py:4180} INFO - Setting next_dagrun for dataset_consumes_1_and_2 to None, run_after=None
[2024-12-26T14:37:38.052+0000] {logging_mixin.py:190} INFO - [2024-12-26T14:37:38.051+0000] {dag.py:4180} INFO - Setting next_dagrun for dataset_consumes_1_never_scheduled to None, run_after=None
[2024-12-26T14:37:38.053+0000] {logging_mixin.py:190} INFO - [2024-12-26T14:37:38.052+0000] {dag.py:4180} INFO - Setting next_dagrun for dataset_consumes_unknown_never_scheduled to None, run_after=None
[2024-12-26T14:37:38.055+0000] {logging_mixin.py:190} INFO - [2024-12-26T14:37:38.055+0000] {dag.py:4180} INFO - Setting next_dagrun for dataset_produces_1 to 2024-12-25 00:00:00+00:00, run_after=2024-12-26 00:00:00+00:00
[2024-12-26T14:37:38.056+0000] {logging_mixin.py:190} INFO - [2024-12-26T14:37:38.056+0000] {dag.py:4180} INFO - Setting next_dagrun for dataset_produces_2 to None, run_after=None
[2024-12-26T14:37:38.088+0000] {processor.py:208} INFO - Processing /home/airflow/.local/lib/python3.12/site-packages/airflow/example_dags/example_datasets.py took 0.702 seconds
[2024-12-26T14:38:08.677+0000] {processor.py:186} INFO - Started process (PID=3997) to work on /home/airflow/.local/lib/python3.12/site-packages/airflow/example_dags/example_datasets.py
[2024-12-26T14:38:08.693+0000] {processor.py:914} INFO - Processing file /home/airflow/.local/lib/python3.12/site-packages/airflow/example_dags/example_datasets.py for tasks to queue
[2024-12-26T14:38:08.698+0000] {logging_mixin.py:190} INFO - [2024-12-26T14:38:08.698+0000] {dagbag.py:588} INFO - Filling up the DagBag from /home/airflow/.local/lib/python3.12/site-packages/airflow/example_dags/example_datasets.py
[2024-12-26T14:38:09.253+0000] {processor.py:925} INFO - DAG(s) 'consume_1_or_2_with_dataset_expressions', 'dataset_produces_1', 'dataset_consumes_1', 'consume_1_or_both_2_and_3_with_dataset_expressions', 'dataset_consumes_1_never_scheduled', 'consume_1_and_2_with_dataset_expressions', 'dataset_produces_2', 'conditional_dataset_and_time_based_timetable', 'dataset_consumes_unknown_never_scheduled', 'dataset_consumes_1_and_2' retrieved from /home/airflow/.local/lib/python3.12/site-packages/airflow/example_dags/example_datasets.py
[2024-12-26T14:38:09.303+0000] {logging_mixin.py:190} INFO - [2024-12-26T14:38:09.303+0000] {dag.py:3239} INFO - Sync 10 DAGs
[2024-12-26T14:38:09.335+0000] {logging_mixin.py:190} INFO - [2024-12-26T14:38:09.335+0000] {dag.py:4180} INFO - Setting next_dagrun for conditional_dataset_and_time_based_timetable to 2024-12-25 01:00:00+00:00, run_after=2024-12-25 01:00:00+00:00
[2024-12-26T14:38:09.339+0000] {logging_mixin.py:190} INFO - [2024-12-26T14:38:09.338+0000] {dag.py:4180} INFO - Setting next_dagrun for consume_1_and_2_with_dataset_expressions to None, run_after=None
[2024-12-26T14:38:09.340+0000] {logging_mixin.py:190} INFO - [2024-12-26T14:38:09.340+0000] {dag.py:4180} INFO - Setting next_dagrun for consume_1_or_2_with_dataset_expressions to None, run_after=None
[2024-12-26T14:38:09.341+0000] {logging_mixin.py:190} INFO - [2024-12-26T14:38:09.341+0000] {dag.py:4180} INFO - Setting next_dagrun for consume_1_or_both_2_and_3_with_dataset_expressions to None, run_after=None
[2024-12-26T14:38:09.342+0000] {logging_mixin.py:190} INFO - [2024-12-26T14:38:09.342+0000] {dag.py:4180} INFO - Setting next_dagrun for dataset_consumes_1 to None, run_after=None
[2024-12-26T14:38:09.343+0000] {logging_mixin.py:190} INFO - [2024-12-26T14:38:09.343+0000] {dag.py:4180} INFO - Setting next_dagrun for dataset_consumes_1_and_2 to None, run_after=None
[2024-12-26T14:38:09.344+0000] {logging_mixin.py:190} INFO - [2024-12-26T14:38:09.344+0000] {dag.py:4180} INFO - Setting next_dagrun for dataset_consumes_1_never_scheduled to None, run_after=None
[2024-12-26T14:38:09.345+0000] {logging_mixin.py:190} INFO - [2024-12-26T14:38:09.345+0000] {dag.py:4180} INFO - Setting next_dagrun for dataset_consumes_unknown_never_scheduled to None, run_after=None
[2024-12-26T14:38:09.347+0000] {logging_mixin.py:190} INFO - [2024-12-26T14:38:09.347+0000] {dag.py:4180} INFO - Setting next_dagrun for dataset_produces_1 to 2024-12-25 00:00:00+00:00, run_after=2024-12-26 00:00:00+00:00
[2024-12-26T14:38:09.348+0000] {logging_mixin.py:190} INFO - [2024-12-26T14:38:09.348+0000] {dag.py:4180} INFO - Setting next_dagrun for dataset_produces_2 to None, run_after=None
[2024-12-26T14:38:09.381+0000] {processor.py:208} INFO - Processing /home/airflow/.local/lib/python3.12/site-packages/airflow/example_dags/example_datasets.py took 0.715 seconds
