[2024-12-26T14:31:51.444+0000] {processor.py:186} INFO - Started process (PID=318) to work on /home/airflow/.local/lib/python3.12/site-packages/airflow/example_dags/example_branch_labels.py
[2024-12-26T14:31:51.445+0000] {processor.py:914} INFO - Processing file /home/airflow/.local/lib/python3.12/site-packages/airflow/example_dags/example_branch_labels.py for tasks to queue
[2024-12-26T14:31:51.448+0000] {logging_mixin.py:190} INFO - [2024-12-26T14:31:51.448+0000] {dagbag.py:588} INFO - Filling up the DagBag from /home/airflow/.local/lib/python3.12/site-packages/airflow/example_dags/example_branch_labels.py
[2024-12-26T14:31:51.460+0000] {processor.py:925} INFO - DAG(s) 'example_branch_labels' retrieved from /home/airflow/.local/lib/python3.12/site-packages/airflow/example_dags/example_branch_labels.py
[2024-12-26T14:31:51.594+0000] {logging_mixin.py:190} INFO - [2024-12-26T14:31:51.593+0000] {dag.py:3239} INFO - Sync 1 DAGs
[2024-12-26T14:31:51.621+0000] {logging_mixin.py:190} INFO - [2024-12-26T14:31:51.621+0000] {dag.py:4180} INFO - Setting next_dagrun for example_branch_labels to 2024-12-25 00:00:00+00:00, run_after=2024-12-26 00:00:00+00:00
[2024-12-26T14:31:51.637+0000] {processor.py:208} INFO - Processing /home/airflow/.local/lib/python3.12/site-packages/airflow/example_dags/example_branch_labels.py took 0.206 seconds
[2024-12-26T14:32:21.853+0000] {processor.py:186} INFO - Started process (PID=615) to work on /home/airflow/.local/lib/python3.12/site-packages/airflow/example_dags/example_branch_labels.py
[2024-12-26T14:32:21.854+0000] {processor.py:914} INFO - Processing file /home/airflow/.local/lib/python3.12/site-packages/airflow/example_dags/example_branch_labels.py for tasks to queue
[2024-12-26T14:32:21.857+0000] {logging_mixin.py:190} INFO - [2024-12-26T14:32:21.856+0000] {dagbag.py:588} INFO - Filling up the DagBag from /home/airflow/.local/lib/python3.12/site-packages/airflow/example_dags/example_branch_labels.py
[2024-12-26T14:32:21.867+0000] {processor.py:925} INFO - DAG(s) 'example_branch_labels' retrieved from /home/airflow/.local/lib/python3.12/site-packages/airflow/example_dags/example_branch_labels.py
[2024-12-26T14:32:21.900+0000] {logging_mixin.py:190} INFO - [2024-12-26T14:32:21.900+0000] {dag.py:3239} INFO - Sync 1 DAGs
[2024-12-26T14:32:21.927+0000] {logging_mixin.py:190} INFO - [2024-12-26T14:32:21.927+0000] {dag.py:4180} INFO - Setting next_dagrun for example_branch_labels to 2024-12-25 00:00:00+00:00, run_after=2024-12-26 00:00:00+00:00
[2024-12-26T14:32:21.942+0000] {processor.py:208} INFO - Processing /home/airflow/.local/lib/python3.12/site-packages/airflow/example_dags/example_branch_labels.py took 0.099 seconds
[2024-12-26T14:32:52.616+0000] {processor.py:186} INFO - Started process (PID=923) to work on /home/airflow/.local/lib/python3.12/site-packages/airflow/example_dags/example_branch_labels.py
[2024-12-26T14:32:52.617+0000] {processor.py:914} INFO - Processing file /home/airflow/.local/lib/python3.12/site-packages/airflow/example_dags/example_branch_labels.py for tasks to queue
[2024-12-26T14:32:52.621+0000] {logging_mixin.py:190} INFO - [2024-12-26T14:32:52.620+0000] {dagbag.py:588} INFO - Filling up the DagBag from /home/airflow/.local/lib/python3.12/site-packages/airflow/example_dags/example_branch_labels.py
[2024-12-26T14:32:52.632+0000] {processor.py:925} INFO - DAG(s) 'example_branch_labels' retrieved from /home/airflow/.local/lib/python3.12/site-packages/airflow/example_dags/example_branch_labels.py
[2024-12-26T14:32:52.661+0000] {logging_mixin.py:190} INFO - [2024-12-26T14:32:52.661+0000] {dag.py:3239} INFO - Sync 1 DAGs
[2024-12-26T14:32:52.689+0000] {logging_mixin.py:190} INFO - [2024-12-26T14:32:52.689+0000] {dag.py:4180} INFO - Setting next_dagrun for example_branch_labels to 2024-12-25 00:00:00+00:00, run_after=2024-12-26 00:00:00+00:00
[2024-12-26T14:32:52.705+0000] {processor.py:208} INFO - Processing /home/airflow/.local/lib/python3.12/site-packages/airflow/example_dags/example_branch_labels.py took 0.101 seconds
[2024-12-26T14:33:23.937+0000] {processor.py:186} INFO - Started process (PID=1293) to work on /home/airflow/.local/lib/python3.12/site-packages/airflow/example_dags/example_branch_labels.py
[2024-12-26T14:33:23.939+0000] {processor.py:914} INFO - Processing file /home/airflow/.local/lib/python3.12/site-packages/airflow/example_dags/example_branch_labels.py for tasks to queue
[2024-12-26T14:33:23.942+0000] {logging_mixin.py:190} INFO - [2024-12-26T14:33:23.941+0000] {dagbag.py:588} INFO - Filling up the DagBag from /home/airflow/.local/lib/python3.12/site-packages/airflow/example_dags/example_branch_labels.py
[2024-12-26T14:33:23.953+0000] {processor.py:925} INFO - DAG(s) 'example_branch_labels' retrieved from /home/airflow/.local/lib/python3.12/site-packages/airflow/example_dags/example_branch_labels.py
[2024-12-26T14:33:23.980+0000] {logging_mixin.py:190} INFO - [2024-12-26T14:33:23.980+0000] {dag.py:3239} INFO - Sync 1 DAGs
[2024-12-26T14:33:24.006+0000] {logging_mixin.py:190} INFO - [2024-12-26T14:33:24.006+0000] {dag.py:4180} INFO - Setting next_dagrun for example_branch_labels to 2024-12-25 00:00:00+00:00, run_after=2024-12-26 00:00:00+00:00
[2024-12-26T14:33:24.022+0000] {processor.py:208} INFO - Processing /home/airflow/.local/lib/python3.12/site-packages/airflow/example_dags/example_branch_labels.py took 0.097 seconds
[2024-12-26T14:33:55.195+0000] {processor.py:186} INFO - Started process (PID=1584) to work on /home/airflow/.local/lib/python3.12/site-packages/airflow/example_dags/example_branch_labels.py
[2024-12-26T14:33:55.196+0000] {processor.py:914} INFO - Processing file /home/airflow/.local/lib/python3.12/site-packages/airflow/example_dags/example_branch_labels.py for tasks to queue
[2024-12-26T14:33:55.199+0000] {logging_mixin.py:190} INFO - [2024-12-26T14:33:55.199+0000] {dagbag.py:588} INFO - Filling up the DagBag from /home/airflow/.local/lib/python3.12/site-packages/airflow/example_dags/example_branch_labels.py
[2024-12-26T14:33:55.211+0000] {processor.py:925} INFO - DAG(s) 'example_branch_labels' retrieved from /home/airflow/.local/lib/python3.12/site-packages/airflow/example_dags/example_branch_labels.py
[2024-12-26T14:33:55.239+0000] {logging_mixin.py:190} INFO - [2024-12-26T14:33:55.239+0000] {dag.py:3239} INFO - Sync 1 DAGs
[2024-12-26T14:33:55.264+0000] {logging_mixin.py:190} INFO - [2024-12-26T14:33:55.264+0000] {dag.py:4180} INFO - Setting next_dagrun for example_branch_labels to 2024-12-25 00:00:00+00:00, run_after=2024-12-26 00:00:00+00:00
[2024-12-26T14:33:55.287+0000] {processor.py:208} INFO - Processing /home/airflow/.local/lib/python3.12/site-packages/airflow/example_dags/example_branch_labels.py took 0.106 seconds
[2024-12-26T14:34:25.583+0000] {processor.py:186} INFO - Started process (PID=1875) to work on /home/airflow/.local/lib/python3.12/site-packages/airflow/example_dags/example_branch_labels.py
[2024-12-26T14:34:25.584+0000] {processor.py:914} INFO - Processing file /home/airflow/.local/lib/python3.12/site-packages/airflow/example_dags/example_branch_labels.py for tasks to queue
[2024-12-26T14:34:25.587+0000] {logging_mixin.py:190} INFO - [2024-12-26T14:34:25.586+0000] {dagbag.py:588} INFO - Filling up the DagBag from /home/airflow/.local/lib/python3.12/site-packages/airflow/example_dags/example_branch_labels.py
[2024-12-26T14:34:25.598+0000] {processor.py:925} INFO - DAG(s) 'example_branch_labels' retrieved from /home/airflow/.local/lib/python3.12/site-packages/airflow/example_dags/example_branch_labels.py
[2024-12-26T14:34:25.637+0000] {logging_mixin.py:190} INFO - [2024-12-26T14:34:25.637+0000] {dag.py:3239} INFO - Sync 1 DAGs
[2024-12-26T14:34:25.666+0000] {logging_mixin.py:190} INFO - [2024-12-26T14:34:25.665+0000] {dag.py:4180} INFO - Setting next_dagrun for example_branch_labels to 2024-12-25 00:00:00+00:00, run_after=2024-12-26 00:00:00+00:00
[2024-12-26T14:34:25.681+0000] {processor.py:208} INFO - Processing /home/airflow/.local/lib/python3.12/site-packages/airflow/example_dags/example_branch_labels.py took 0.111 seconds
[2024-12-26T14:34:55.790+0000] {processor.py:186} INFO - Started process (PID=2163) to work on /home/airflow/.local/lib/python3.12/site-packages/airflow/example_dags/example_branch_labels.py
[2024-12-26T14:34:55.791+0000] {processor.py:914} INFO - Processing file /home/airflow/.local/lib/python3.12/site-packages/airflow/example_dags/example_branch_labels.py for tasks to queue
[2024-12-26T14:34:55.794+0000] {logging_mixin.py:190} INFO - [2024-12-26T14:34:55.793+0000] {dagbag.py:588} INFO - Filling up the DagBag from /home/airflow/.local/lib/python3.12/site-packages/airflow/example_dags/example_branch_labels.py
[2024-12-26T14:34:55.806+0000] {processor.py:925} INFO - DAG(s) 'example_branch_labels' retrieved from /home/airflow/.local/lib/python3.12/site-packages/airflow/example_dags/example_branch_labels.py
[2024-12-26T14:34:55.836+0000] {logging_mixin.py:190} INFO - [2024-12-26T14:34:55.836+0000] {dag.py:3239} INFO - Sync 1 DAGs
[2024-12-26T14:34:55.864+0000] {logging_mixin.py:190} INFO - [2024-12-26T14:34:55.864+0000] {dag.py:4180} INFO - Setting next_dagrun for example_branch_labels to 2024-12-25 00:00:00+00:00, run_after=2024-12-26 00:00:00+00:00
[2024-12-26T14:34:55.880+0000] {processor.py:208} INFO - Processing /home/airflow/.local/lib/python3.12/site-packages/airflow/example_dags/example_branch_labels.py took 0.102 seconds
[2024-12-26T14:35:26.005+0000] {processor.py:186} INFO - Started process (PID=2454) to work on /home/airflow/.local/lib/python3.12/site-packages/airflow/example_dags/example_branch_labels.py
[2024-12-26T14:35:26.026+0000] {processor.py:914} INFO - Processing file /home/airflow/.local/lib/python3.12/site-packages/airflow/example_dags/example_branch_labels.py for tasks to queue
[2024-12-26T14:35:26.032+0000] {logging_mixin.py:190} INFO - [2024-12-26T14:35:26.031+0000] {dagbag.py:588} INFO - Filling up the DagBag from /home/airflow/.local/lib/python3.12/site-packages/airflow/example_dags/example_branch_labels.py
[2024-12-26T14:35:26.052+0000] {processor.py:925} INFO - DAG(s) 'example_branch_labels' retrieved from /home/airflow/.local/lib/python3.12/site-packages/airflow/example_dags/example_branch_labels.py
[2024-12-26T14:35:26.094+0000] {logging_mixin.py:190} INFO - [2024-12-26T14:35:26.093+0000] {dag.py:3239} INFO - Sync 1 DAGs
[2024-12-26T14:35:26.125+0000] {logging_mixin.py:190} INFO - [2024-12-26T14:35:26.124+0000] {dag.py:4180} INFO - Setting next_dagrun for example_branch_labels to 2024-12-25 00:00:00+00:00, run_after=2024-12-26 00:00:00+00:00
[2024-12-26T14:35:26.141+0000] {processor.py:208} INFO - Processing /home/airflow/.local/lib/python3.12/site-packages/airflow/example_dags/example_branch_labels.py took 0.149 seconds
[2024-12-26T14:35:56.758+0000] {processor.py:186} INFO - Started process (PID=2745) to work on /home/airflow/.local/lib/python3.12/site-packages/airflow/example_dags/example_branch_labels.py
[2024-12-26T14:35:56.760+0000] {processor.py:914} INFO - Processing file /home/airflow/.local/lib/python3.12/site-packages/airflow/example_dags/example_branch_labels.py for tasks to queue
[2024-12-26T14:35:56.763+0000] {logging_mixin.py:190} INFO - [2024-12-26T14:35:56.762+0000] {dagbag.py:588} INFO - Filling up the DagBag from /home/airflow/.local/lib/python3.12/site-packages/airflow/example_dags/example_branch_labels.py
[2024-12-26T14:35:56.774+0000] {processor.py:925} INFO - DAG(s) 'example_branch_labels' retrieved from /home/airflow/.local/lib/python3.12/site-packages/airflow/example_dags/example_branch_labels.py
[2024-12-26T14:35:56.814+0000] {logging_mixin.py:190} INFO - [2024-12-26T14:35:56.813+0000] {dag.py:3239} INFO - Sync 1 DAGs
[2024-12-26T14:35:56.852+0000] {logging_mixin.py:190} INFO - [2024-12-26T14:35:56.852+0000] {dag.py:4180} INFO - Setting next_dagrun for example_branch_labels to 2024-12-25 00:00:00+00:00, run_after=2024-12-26 00:00:00+00:00
[2024-12-26T14:35:56.880+0000] {processor.py:208} INFO - Processing /home/airflow/.local/lib/python3.12/site-packages/airflow/example_dags/example_branch_labels.py took 0.134 seconds
[2024-12-26T14:36:27.104+0000] {processor.py:186} INFO - Started process (PID=3036) to work on /home/airflow/.local/lib/python3.12/site-packages/airflow/example_dags/example_branch_labels.py
[2024-12-26T14:36:27.105+0000] {processor.py:914} INFO - Processing file /home/airflow/.local/lib/python3.12/site-packages/airflow/example_dags/example_branch_labels.py for tasks to queue
[2024-12-26T14:36:27.109+0000] {logging_mixin.py:190} INFO - [2024-12-26T14:36:27.108+0000] {dagbag.py:588} INFO - Filling up the DagBag from /home/airflow/.local/lib/python3.12/site-packages/airflow/example_dags/example_branch_labels.py
[2024-12-26T14:36:27.123+0000] {processor.py:925} INFO - DAG(s) 'example_branch_labels' retrieved from /home/airflow/.local/lib/python3.12/site-packages/airflow/example_dags/example_branch_labels.py
[2024-12-26T14:36:27.162+0000] {logging_mixin.py:190} INFO - [2024-12-26T14:36:27.161+0000] {dag.py:3239} INFO - Sync 1 DAGs
[2024-12-26T14:36:27.192+0000] {logging_mixin.py:190} INFO - [2024-12-26T14:36:27.191+0000] {dag.py:4180} INFO - Setting next_dagrun for example_branch_labels to 2024-12-25 00:00:00+00:00, run_after=2024-12-26 00:00:00+00:00
[2024-12-26T14:36:27.208+0000] {processor.py:208} INFO - Processing /home/airflow/.local/lib/python3.12/site-packages/airflow/example_dags/example_branch_labels.py took 0.118 seconds
[2024-12-26T14:36:57.797+0000] {processor.py:186} INFO - Started process (PID=3325) to work on /home/airflow/.local/lib/python3.12/site-packages/airflow/example_dags/example_branch_labels.py
[2024-12-26T14:36:57.798+0000] {processor.py:914} INFO - Processing file /home/airflow/.local/lib/python3.12/site-packages/airflow/example_dags/example_branch_labels.py for tasks to queue
[2024-12-26T14:36:57.802+0000] {logging_mixin.py:190} INFO - [2024-12-26T14:36:57.801+0000] {dagbag.py:588} INFO - Filling up the DagBag from /home/airflow/.local/lib/python3.12/site-packages/airflow/example_dags/example_branch_labels.py
[2024-12-26T14:36:57.814+0000] {processor.py:925} INFO - DAG(s) 'example_branch_labels' retrieved from /home/airflow/.local/lib/python3.12/site-packages/airflow/example_dags/example_branch_labels.py
[2024-12-26T14:36:57.842+0000] {logging_mixin.py:190} INFO - [2024-12-26T14:36:57.842+0000] {dag.py:3239} INFO - Sync 1 DAGs
[2024-12-26T14:36:57.870+0000] {logging_mixin.py:190} INFO - [2024-12-26T14:36:57.870+0000] {dag.py:4180} INFO - Setting next_dagrun for example_branch_labels to 2024-12-25 00:00:00+00:00, run_after=2024-12-26 00:00:00+00:00
[2024-12-26T14:36:57.886+0000] {processor.py:208} INFO - Processing /home/airflow/.local/lib/python3.12/site-packages/airflow/example_dags/example_branch_labels.py took 0.103 seconds
[2024-12-26T14:37:28.231+0000] {processor.py:186} INFO - Started process (PID=3618) to work on /home/airflow/.local/lib/python3.12/site-packages/airflow/example_dags/example_branch_labels.py
[2024-12-26T14:37:28.232+0000] {processor.py:914} INFO - Processing file /home/airflow/.local/lib/python3.12/site-packages/airflow/example_dags/example_branch_labels.py for tasks to queue
[2024-12-26T14:37:28.235+0000] {logging_mixin.py:190} INFO - [2024-12-26T14:37:28.235+0000] {dagbag.py:588} INFO - Filling up the DagBag from /home/airflow/.local/lib/python3.12/site-packages/airflow/example_dags/example_branch_labels.py
[2024-12-26T14:37:28.246+0000] {processor.py:925} INFO - DAG(s) 'example_branch_labels' retrieved from /home/airflow/.local/lib/python3.12/site-packages/airflow/example_dags/example_branch_labels.py
[2024-12-26T14:37:28.279+0000] {logging_mixin.py:190} INFO - [2024-12-26T14:37:28.279+0000] {dag.py:3239} INFO - Sync 1 DAGs
[2024-12-26T14:37:28.307+0000] {logging_mixin.py:190} INFO - [2024-12-26T14:37:28.307+0000] {dag.py:4180} INFO - Setting next_dagrun for example_branch_labels to 2024-12-25 00:00:00+00:00, run_after=2024-12-26 00:00:00+00:00
[2024-12-26T14:37:28.322+0000] {processor.py:208} INFO - Processing /home/airflow/.local/lib/python3.12/site-packages/airflow/example_dags/example_branch_labels.py took 0.104 seconds
[2024-12-26T14:37:58.617+0000] {processor.py:186} INFO - Started process (PID=3907) to work on /home/airflow/.local/lib/python3.12/site-packages/airflow/example_dags/example_branch_labels.py
[2024-12-26T14:37:58.618+0000] {processor.py:914} INFO - Processing file /home/airflow/.local/lib/python3.12/site-packages/airflow/example_dags/example_branch_labels.py for tasks to queue
[2024-12-26T14:37:58.621+0000] {logging_mixin.py:190} INFO - [2024-12-26T14:37:58.621+0000] {dagbag.py:588} INFO - Filling up the DagBag from /home/airflow/.local/lib/python3.12/site-packages/airflow/example_dags/example_branch_labels.py
[2024-12-26T14:37:58.632+0000] {processor.py:925} INFO - DAG(s) 'example_branch_labels' retrieved from /home/airflow/.local/lib/python3.12/site-packages/airflow/example_dags/example_branch_labels.py
[2024-12-26T14:37:58.660+0000] {logging_mixin.py:190} INFO - [2024-12-26T14:37:58.659+0000] {dag.py:3239} INFO - Sync 1 DAGs
[2024-12-26T14:37:58.686+0000] {logging_mixin.py:190} INFO - [2024-12-26T14:37:58.686+0000] {dag.py:4180} INFO - Setting next_dagrun for example_branch_labels to 2024-12-25 00:00:00+00:00, run_after=2024-12-26 00:00:00+00:00
[2024-12-26T14:37:58.702+0000] {processor.py:208} INFO - Processing /home/airflow/.local/lib/python3.12/site-packages/airflow/example_dags/example_branch_labels.py took 0.097 seconds
