[2024-12-26T14:31:55.195+0000] {processor.py:186} INFO - Started process (PID=424) to work on /home/airflow/.local/lib/python3.12/site-packages/airflow/example_dags/example_branch_python_dop_operator_3.py
[2024-12-26T14:31:55.196+0000] {processor.py:914} INFO - Processing file /home/airflow/.local/lib/python3.12/site-packages/airflow/example_dags/example_branch_python_dop_operator_3.py for tasks to queue
[2024-12-26T14:31:55.201+0000] {logging_mixin.py:190} INFO - [2024-12-26T14:31:55.200+0000] {dagbag.py:588} INFO - Filling up the DagBag from /home/airflow/.local/lib/python3.12/site-packages/airflow/example_dags/example_branch_python_dop_operator_3.py
[2024-12-26T14:31:55.215+0000] {processor.py:925} INFO - DAG(s) 'example_branch_dop_operator_v3' retrieved from /home/airflow/.local/lib/python3.12/site-packages/airflow/example_dags/example_branch_python_dop_operator_3.py
[2024-12-26T14:31:55.353+0000] {logging_mixin.py:190} INFO - [2024-12-26T14:31:55.353+0000] {dag.py:3239} INFO - Sync 1 DAGs
[2024-12-26T14:31:55.390+0000] {logging_mixin.py:190} INFO - [2024-12-26T14:31:55.390+0000] {dag.py:4180} INFO - Setting next_dagrun for example_branch_dop_operator_v3 to 2024-12-26 14:30:00+00:00, run_after=2024-12-26 14:31:00+00:00
[2024-12-26T14:31:55.408+0000] {processor.py:208} INFO - Processing /home/airflow/.local/lib/python3.12/site-packages/airflow/example_dags/example_branch_python_dop_operator_3.py took 0.226 seconds
[2024-12-26T14:32:26.172+0000] {processor.py:186} INFO - Started process (PID=715) to work on /home/airflow/.local/lib/python3.12/site-packages/airflow/example_dags/example_branch_python_dop_operator_3.py
[2024-12-26T14:32:26.174+0000] {processor.py:914} INFO - Processing file /home/airflow/.local/lib/python3.12/site-packages/airflow/example_dags/example_branch_python_dop_operator_3.py for tasks to queue
[2024-12-26T14:32:26.176+0000] {logging_mixin.py:190} INFO - [2024-12-26T14:32:26.176+0000] {dagbag.py:588} INFO - Filling up the DagBag from /home/airflow/.local/lib/python3.12/site-packages/airflow/example_dags/example_branch_python_dop_operator_3.py
[2024-12-26T14:32:26.188+0000] {processor.py:925} INFO - DAG(s) 'example_branch_dop_operator_v3' retrieved from /home/airflow/.local/lib/python3.12/site-packages/airflow/example_dags/example_branch_python_dop_operator_3.py
[2024-12-26T14:32:26.218+0000] {logging_mixin.py:190} INFO - [2024-12-26T14:32:26.218+0000] {dag.py:3239} INFO - Sync 1 DAGs
[2024-12-26T14:32:26.248+0000] {logging_mixin.py:190} INFO - [2024-12-26T14:32:26.248+0000] {dag.py:4180} INFO - Setting next_dagrun for example_branch_dop_operator_v3 to 2024-12-26 14:31:00+00:00, run_after=2024-12-26 14:32:00+00:00
[2024-12-26T14:32:26.264+0000] {processor.py:208} INFO - Processing /home/airflow/.local/lib/python3.12/site-packages/airflow/example_dags/example_branch_python_dop_operator_3.py took 0.105 seconds
[2024-12-26T14:32:57.454+0000] {processor.py:186} INFO - Started process (PID=1060) to work on /home/airflow/.local/lib/python3.12/site-packages/airflow/example_dags/example_branch_python_dop_operator_3.py
[2024-12-26T14:32:57.455+0000] {processor.py:914} INFO - Processing file /home/airflow/.local/lib/python3.12/site-packages/airflow/example_dags/example_branch_python_dop_operator_3.py for tasks to queue
[2024-12-26T14:32:57.458+0000] {logging_mixin.py:190} INFO - [2024-12-26T14:32:57.457+0000] {dagbag.py:588} INFO - Filling up the DagBag from /home/airflow/.local/lib/python3.12/site-packages/airflow/example_dags/example_branch_python_dop_operator_3.py
[2024-12-26T14:32:57.470+0000] {processor.py:925} INFO - DAG(s) 'example_branch_dop_operator_v3' retrieved from /home/airflow/.local/lib/python3.12/site-packages/airflow/example_dags/example_branch_python_dop_operator_3.py
[2024-12-26T14:32:57.503+0000] {logging_mixin.py:190} INFO - [2024-12-26T14:32:57.503+0000] {dag.py:3239} INFO - Sync 1 DAGs
[2024-12-26T14:32:57.536+0000] {logging_mixin.py:190} INFO - [2024-12-26T14:32:57.536+0000] {dag.py:4180} INFO - Setting next_dagrun for example_branch_dop_operator_v3 to 2024-12-26 14:31:00+00:00, run_after=2024-12-26 14:32:00+00:00
[2024-12-26T14:32:57.552+0000] {processor.py:208} INFO - Processing /home/airflow/.local/lib/python3.12/site-packages/airflow/example_dags/example_branch_python_dop_operator_3.py took 0.111 seconds
[2024-12-26T14:33:28.241+0000] {processor.py:186} INFO - Started process (PID=1393) to work on /home/airflow/.local/lib/python3.12/site-packages/airflow/example_dags/example_branch_python_dop_operator_3.py
[2024-12-26T14:33:28.242+0000] {processor.py:914} INFO - Processing file /home/airflow/.local/lib/python3.12/site-packages/airflow/example_dags/example_branch_python_dop_operator_3.py for tasks to queue
[2024-12-26T14:33:28.246+0000] {logging_mixin.py:190} INFO - [2024-12-26T14:33:28.245+0000] {dagbag.py:588} INFO - Filling up the DagBag from /home/airflow/.local/lib/python3.12/site-packages/airflow/example_dags/example_branch_python_dop_operator_3.py
[2024-12-26T14:33:28.257+0000] {processor.py:925} INFO - DAG(s) 'example_branch_dop_operator_v3' retrieved from /home/airflow/.local/lib/python3.12/site-packages/airflow/example_dags/example_branch_python_dop_operator_3.py
[2024-12-26T14:33:28.283+0000] {logging_mixin.py:190} INFO - [2024-12-26T14:33:28.283+0000] {dag.py:3239} INFO - Sync 1 DAGs
[2024-12-26T14:33:28.312+0000] {logging_mixin.py:190} INFO - [2024-12-26T14:33:28.312+0000] {dag.py:4180} INFO - Setting next_dagrun for example_branch_dop_operator_v3 to 2024-12-26 14:32:00+00:00, run_after=2024-12-26 14:33:00+00:00
[2024-12-26T14:33:28.329+0000] {processor.py:208} INFO - Processing /home/airflow/.local/lib/python3.12/site-packages/airflow/example_dags/example_branch_python_dop_operator_3.py took 0.102 seconds
[2024-12-26T14:33:59.411+0000] {processor.py:186} INFO - Started process (PID=1679) to work on /home/airflow/.local/lib/python3.12/site-packages/airflow/example_dags/example_branch_python_dop_operator_3.py
[2024-12-26T14:33:59.413+0000] {processor.py:914} INFO - Processing file /home/airflow/.local/lib/python3.12/site-packages/airflow/example_dags/example_branch_python_dop_operator_3.py for tasks to queue
[2024-12-26T14:33:59.416+0000] {logging_mixin.py:190} INFO - [2024-12-26T14:33:59.415+0000] {dagbag.py:588} INFO - Filling up the DagBag from /home/airflow/.local/lib/python3.12/site-packages/airflow/example_dags/example_branch_python_dop_operator_3.py
[2024-12-26T14:33:59.430+0000] {processor.py:925} INFO - DAG(s) 'example_branch_dop_operator_v3' retrieved from /home/airflow/.local/lib/python3.12/site-packages/airflow/example_dags/example_branch_python_dop_operator_3.py
[2024-12-26T14:33:59.457+0000] {logging_mixin.py:190} INFO - [2024-12-26T14:33:59.457+0000] {dag.py:3239} INFO - Sync 1 DAGs
[2024-12-26T14:33:59.486+0000] {logging_mixin.py:190} INFO - [2024-12-26T14:33:59.486+0000] {dag.py:4180} INFO - Setting next_dagrun for example_branch_dop_operator_v3 to 2024-12-26 14:32:00+00:00, run_after=2024-12-26 14:33:00+00:00
[2024-12-26T14:33:59.503+0000] {processor.py:208} INFO - Processing /home/airflow/.local/lib/python3.12/site-packages/airflow/example_dags/example_branch_python_dop_operator_3.py took 0.107 seconds
[2024-12-26T14:34:31.085+0000] {processor.py:186} INFO - Started process (PID=1970) to work on /home/airflow/.local/lib/python3.12/site-packages/airflow/example_dags/example_branch_python_dop_operator_3.py
[2024-12-26T14:34:31.087+0000] {processor.py:914} INFO - Processing file /home/airflow/.local/lib/python3.12/site-packages/airflow/example_dags/example_branch_python_dop_operator_3.py for tasks to queue
[2024-12-26T14:34:31.090+0000] {logging_mixin.py:190} INFO - [2024-12-26T14:34:31.090+0000] {dagbag.py:588} INFO - Filling up the DagBag from /home/airflow/.local/lib/python3.12/site-packages/airflow/example_dags/example_branch_python_dop_operator_3.py
[2024-12-26T14:34:31.103+0000] {processor.py:925} INFO - DAG(s) 'example_branch_dop_operator_v3' retrieved from /home/airflow/.local/lib/python3.12/site-packages/airflow/example_dags/example_branch_python_dop_operator_3.py
[2024-12-26T14:34:31.127+0000] {logging_mixin.py:190} INFO - [2024-12-26T14:34:31.127+0000] {dag.py:3239} INFO - Sync 1 DAGs
[2024-12-26T14:34:31.156+0000] {logging_mixin.py:190} INFO - [2024-12-26T14:34:31.156+0000] {dag.py:4180} INFO - Setting next_dagrun for example_branch_dop_operator_v3 to 2024-12-26 14:33:00+00:00, run_after=2024-12-26 14:34:00+00:00
[2024-12-26T14:34:31.172+0000] {processor.py:208} INFO - Processing /home/airflow/.local/lib/python3.12/site-packages/airflow/example_dags/example_branch_python_dop_operator_3.py took 0.099 seconds
[2024-12-26T14:35:02.408+0000] {processor.py:186} INFO - Started process (PID=2261) to work on /home/airflow/.local/lib/python3.12/site-packages/airflow/example_dags/example_branch_python_dop_operator_3.py
[2024-12-26T14:35:02.409+0000] {processor.py:914} INFO - Processing file /home/airflow/.local/lib/python3.12/site-packages/airflow/example_dags/example_branch_python_dop_operator_3.py for tasks to queue
[2024-12-26T14:35:02.412+0000] {logging_mixin.py:190} INFO - [2024-12-26T14:35:02.412+0000] {dagbag.py:588} INFO - Filling up the DagBag from /home/airflow/.local/lib/python3.12/site-packages/airflow/example_dags/example_branch_python_dop_operator_3.py
[2024-12-26T14:35:02.424+0000] {processor.py:925} INFO - DAG(s) 'example_branch_dop_operator_v3' retrieved from /home/airflow/.local/lib/python3.12/site-packages/airflow/example_dags/example_branch_python_dop_operator_3.py
[2024-12-26T14:35:02.464+0000] {logging_mixin.py:190} INFO - [2024-12-26T14:35:02.463+0000] {dag.py:3239} INFO - Sync 1 DAGs
[2024-12-26T14:35:02.499+0000] {logging_mixin.py:190} INFO - [2024-12-26T14:35:02.499+0000] {dag.py:4180} INFO - Setting next_dagrun for example_branch_dop_operator_v3 to 2024-12-26 14:34:00+00:00, run_after=2024-12-26 14:35:00+00:00
[2024-12-26T14:35:02.516+0000] {processor.py:208} INFO - Processing /home/airflow/.local/lib/python3.12/site-packages/airflow/example_dags/example_branch_python_dop_operator_3.py took 0.120 seconds
[2024-12-26T14:35:33.973+0000] {processor.py:186} INFO - Started process (PID=2552) to work on /home/airflow/.local/lib/python3.12/site-packages/airflow/example_dags/example_branch_python_dop_operator_3.py
[2024-12-26T14:35:33.974+0000] {processor.py:914} INFO - Processing file /home/airflow/.local/lib/python3.12/site-packages/airflow/example_dags/example_branch_python_dop_operator_3.py for tasks to queue
[2024-12-26T14:35:33.977+0000] {logging_mixin.py:190} INFO - [2024-12-26T14:35:33.977+0000] {dagbag.py:588} INFO - Filling up the DagBag from /home/airflow/.local/lib/python3.12/site-packages/airflow/example_dags/example_branch_python_dop_operator_3.py
[2024-12-26T14:35:33.989+0000] {processor.py:925} INFO - DAG(s) 'example_branch_dop_operator_v3' retrieved from /home/airflow/.local/lib/python3.12/site-packages/airflow/example_dags/example_branch_python_dop_operator_3.py
[2024-12-26T14:35:34.025+0000] {logging_mixin.py:190} INFO - [2024-12-26T14:35:34.025+0000] {dag.py:3239} INFO - Sync 1 DAGs
[2024-12-26T14:35:34.058+0000] {logging_mixin.py:190} INFO - [2024-12-26T14:35:34.058+0000] {dag.py:4180} INFO - Setting next_dagrun for example_branch_dop_operator_v3 to 2024-12-26 14:34:00+00:00, run_after=2024-12-26 14:35:00+00:00
[2024-12-26T14:35:34.074+0000] {processor.py:208} INFO - Processing /home/airflow/.local/lib/python3.12/site-packages/airflow/example_dags/example_branch_python_dop_operator_3.py took 0.113 seconds
[2024-12-26T14:36:05.579+0000] {processor.py:186} INFO - Started process (PID=2845) to work on /home/airflow/.local/lib/python3.12/site-packages/airflow/example_dags/example_branch_python_dop_operator_3.py
[2024-12-26T14:36:05.581+0000] {processor.py:914} INFO - Processing file /home/airflow/.local/lib/python3.12/site-packages/airflow/example_dags/example_branch_python_dop_operator_3.py for tasks to queue
[2024-12-26T14:36:05.584+0000] {logging_mixin.py:190} INFO - [2024-12-26T14:36:05.584+0000] {dagbag.py:588} INFO - Filling up the DagBag from /home/airflow/.local/lib/python3.12/site-packages/airflow/example_dags/example_branch_python_dop_operator_3.py
[2024-12-26T14:36:05.597+0000] {processor.py:925} INFO - DAG(s) 'example_branch_dop_operator_v3' retrieved from /home/airflow/.local/lib/python3.12/site-packages/airflow/example_dags/example_branch_python_dop_operator_3.py
[2024-12-26T14:36:05.634+0000] {logging_mixin.py:190} INFO - [2024-12-26T14:36:05.634+0000] {dag.py:3239} INFO - Sync 1 DAGs
[2024-12-26T14:36:05.669+0000] {logging_mixin.py:190} INFO - [2024-12-26T14:36:05.669+0000] {dag.py:4180} INFO - Setting next_dagrun for example_branch_dop_operator_v3 to 2024-12-26 14:35:00+00:00, run_after=2024-12-26 14:36:00+00:00
[2024-12-26T14:36:05.685+0000] {processor.py:208} INFO - Processing /home/airflow/.local/lib/python3.12/site-packages/airflow/example_dags/example_branch_python_dop_operator_3.py took 0.120 seconds
[2024-12-26T14:36:36.307+0000] {processor.py:186} INFO - Started process (PID=3134) to work on /home/airflow/.local/lib/python3.12/site-packages/airflow/example_dags/example_branch_python_dop_operator_3.py
[2024-12-26T14:36:36.308+0000] {processor.py:914} INFO - Processing file /home/airflow/.local/lib/python3.12/site-packages/airflow/example_dags/example_branch_python_dop_operator_3.py for tasks to queue
[2024-12-26T14:36:36.311+0000] {logging_mixin.py:190} INFO - [2024-12-26T14:36:36.311+0000] {dagbag.py:588} INFO - Filling up the DagBag from /home/airflow/.local/lib/python3.12/site-packages/airflow/example_dags/example_branch_python_dop_operator_3.py
[2024-12-26T14:36:36.323+0000] {processor.py:925} INFO - DAG(s) 'example_branch_dop_operator_v3' retrieved from /home/airflow/.local/lib/python3.12/site-packages/airflow/example_dags/example_branch_python_dop_operator_3.py
[2024-12-26T14:36:36.354+0000] {logging_mixin.py:190} INFO - [2024-12-26T14:36:36.354+0000] {dag.py:3239} INFO - Sync 1 DAGs
[2024-12-26T14:36:36.407+0000] {logging_mixin.py:190} INFO - [2024-12-26T14:36:36.406+0000] {dag.py:4180} INFO - Setting next_dagrun for example_branch_dop_operator_v3 to 2024-12-26 14:35:00+00:00, run_after=2024-12-26 14:36:00+00:00
[2024-12-26T14:36:36.427+0000] {processor.py:208} INFO - Processing /home/airflow/.local/lib/python3.12/site-packages/airflow/example_dags/example_branch_python_dop_operator_3.py took 0.132 seconds
[2024-12-26T14:37:07.196+0000] {processor.py:186} INFO - Started process (PID=3425) to work on /home/airflow/.local/lib/python3.12/site-packages/airflow/example_dags/example_branch_python_dop_operator_3.py
[2024-12-26T14:37:07.197+0000] {processor.py:914} INFO - Processing file /home/airflow/.local/lib/python3.12/site-packages/airflow/example_dags/example_branch_python_dop_operator_3.py for tasks to queue
[2024-12-26T14:37:07.200+0000] {logging_mixin.py:190} INFO - [2024-12-26T14:37:07.199+0000] {dagbag.py:588} INFO - Filling up the DagBag from /home/airflow/.local/lib/python3.12/site-packages/airflow/example_dags/example_branch_python_dop_operator_3.py
[2024-12-26T14:37:07.211+0000] {processor.py:925} INFO - DAG(s) 'example_branch_dop_operator_v3' retrieved from /home/airflow/.local/lib/python3.12/site-packages/airflow/example_dags/example_branch_python_dop_operator_3.py
[2024-12-26T14:37:07.243+0000] {logging_mixin.py:190} INFO - [2024-12-26T14:37:07.243+0000] {dag.py:3239} INFO - Sync 1 DAGs
[2024-12-26T14:37:07.275+0000] {logging_mixin.py:190} INFO - [2024-12-26T14:37:07.275+0000] {dag.py:4180} INFO - Setting next_dagrun for example_branch_dop_operator_v3 to 2024-12-26 14:36:00+00:00, run_after=2024-12-26 14:37:00+00:00
[2024-12-26T14:37:07.291+0000] {processor.py:208} INFO - Processing /home/airflow/.local/lib/python3.12/site-packages/airflow/example_dags/example_branch_python_dop_operator_3.py took 0.109 seconds
[2024-12-26T14:37:38.164+0000] {processor.py:186} INFO - Started process (PID=3716) to work on /home/airflow/.local/lib/python3.12/site-packages/airflow/example_dags/example_branch_python_dop_operator_3.py
[2024-12-26T14:37:38.165+0000] {processor.py:914} INFO - Processing file /home/airflow/.local/lib/python3.12/site-packages/airflow/example_dags/example_branch_python_dop_operator_3.py for tasks to queue
[2024-12-26T14:37:38.169+0000] {logging_mixin.py:190} INFO - [2024-12-26T14:37:38.168+0000] {dagbag.py:588} INFO - Filling up the DagBag from /home/airflow/.local/lib/python3.12/site-packages/airflow/example_dags/example_branch_python_dop_operator_3.py
[2024-12-26T14:37:38.181+0000] {processor.py:925} INFO - DAG(s) 'example_branch_dop_operator_v3' retrieved from /home/airflow/.local/lib/python3.12/site-packages/airflow/example_dags/example_branch_python_dop_operator_3.py
[2024-12-26T14:37:38.210+0000] {logging_mixin.py:190} INFO - [2024-12-26T14:37:38.209+0000] {dag.py:3239} INFO - Sync 1 DAGs
[2024-12-26T14:37:38.239+0000] {logging_mixin.py:190} INFO - [2024-12-26T14:37:38.239+0000] {dag.py:4180} INFO - Setting next_dagrun for example_branch_dop_operator_v3 to 2024-12-26 14:36:00+00:00, run_after=2024-12-26 14:37:00+00:00
[2024-12-26T14:37:38.255+0000] {processor.py:208} INFO - Processing /home/airflow/.local/lib/python3.12/site-packages/airflow/example_dags/example_branch_python_dop_operator_3.py took 0.105 seconds
[2024-12-26T14:38:08.962+0000] {processor.py:186} INFO - Started process (PID=4007) to work on /home/airflow/.local/lib/python3.12/site-packages/airflow/example_dags/example_branch_python_dop_operator_3.py
[2024-12-26T14:38:08.964+0000] {processor.py:914} INFO - Processing file /home/airflow/.local/lib/python3.12/site-packages/airflow/example_dags/example_branch_python_dop_operator_3.py for tasks to queue
[2024-12-26T14:38:08.967+0000] {logging_mixin.py:190} INFO - [2024-12-26T14:38:08.966+0000] {dagbag.py:588} INFO - Filling up the DagBag from /home/airflow/.local/lib/python3.12/site-packages/airflow/example_dags/example_branch_python_dop_operator_3.py
[2024-12-26T14:38:08.979+0000] {processor.py:925} INFO - DAG(s) 'example_branch_dop_operator_v3' retrieved from /home/airflow/.local/lib/python3.12/site-packages/airflow/example_dags/example_branch_python_dop_operator_3.py
[2024-12-26T14:38:09.004+0000] {logging_mixin.py:190} INFO - [2024-12-26T14:38:09.003+0000] {dag.py:3239} INFO - Sync 1 DAGs
[2024-12-26T14:38:09.033+0000] {logging_mixin.py:190} INFO - [2024-12-26T14:38:09.033+0000] {dag.py:4180} INFO - Setting next_dagrun for example_branch_dop_operator_v3 to 2024-12-26 14:37:00+00:00, run_after=2024-12-26 14:38:00+00:00
[2024-12-26T14:38:09.049+0000] {processor.py:208} INFO - Processing /home/airflow/.local/lib/python3.12/site-packages/airflow/example_dags/example_branch_python_dop_operator_3.py took 0.100 seconds
