[2024-12-26T14:31:50.849+0000] {processor.py:186} INFO - Started process (PID=293) to work on /home/airflow/.local/lib/python3.12/site-packages/airflow/example_dags/example_subdag_operator.py
[2024-12-26T14:31:50.850+0000] {processor.py:914} INFO - Processing file /home/airflow/.local/lib/python3.12/site-packages/airflow/example_dags/example_subdag_operator.py for tasks to queue
[2024-12-26T14:31:50.853+0000] {logging_mixin.py:190} INFO - [2024-12-26T14:31:50.853+0000] {dagbag.py:588} INFO - Filling up the DagBag from /home/airflow/.local/lib/python3.12/site-packages/airflow/example_dags/example_subdag_operator.py
[2024-12-26T14:31:50.901+0000] {processor.py:925} INFO - DAG(s) 'example_subdag_operator.section-1', 'example_subdag_operator.section-2', 'example_subdag_operator' retrieved from /home/airflow/.local/lib/python3.12/site-packages/airflow/example_dags/example_subdag_operator.py
[2024-12-26T14:31:51.014+0000] {logging_mixin.py:190} INFO - [2024-12-26T14:31:51.014+0000] {dag.py:3239} INFO - Sync 3 DAGs
[2024-12-26T14:31:51.038+0000] {logging_mixin.py:190} INFO - [2024-12-26T14:31:51.037+0000] {dag.py:4180} INFO - Setting next_dagrun for example_subdag_operator to 2022-01-01 00:00:00+00:00, run_after=2022-01-01 00:00:00+00:00
[2024-12-26T14:31:51.041+0000] {logging_mixin.py:190} INFO - [2024-12-26T14:31:51.040+0000] {dag.py:4180} INFO - Setting next_dagrun for example_subdag_operator.section-1 to None, run_after=None
[2024-12-26T14:31:51.042+0000] {logging_mixin.py:190} INFO - [2024-12-26T14:31:51.042+0000] {dag.py:4180} INFO - Setting next_dagrun for example_subdag_operator.section-2 to None, run_after=None
[2024-12-26T14:31:51.052+0000] {logging_mixin.py:190} INFO - [2024-12-26T14:31:51.051+0000] {dag.py:3239} INFO - Sync 2 DAGs
[2024-12-26T14:31:51.058+0000] {logging_mixin.py:190} INFO - [2024-12-26T14:31:51.058+0000] {dag.py:4180} INFO - Setting next_dagrun for example_subdag_operator.section-1 to None, run_after=None
[2024-12-26T14:31:51.059+0000] {logging_mixin.py:190} INFO - [2024-12-26T14:31:51.059+0000] {dag.py:4180} INFO - Setting next_dagrun for example_subdag_operator.section-2 to None, run_after=None
[2024-12-26T14:31:51.069+0000] {processor.py:208} INFO - Processing /home/airflow/.local/lib/python3.12/site-packages/airflow/example_dags/example_subdag_operator.py took 0.234 seconds
[2024-12-26T14:32:21.463+0000] {processor.py:186} INFO - Started process (PID=584) to work on /home/airflow/.local/lib/python3.12/site-packages/airflow/example_dags/example_subdag_operator.py
[2024-12-26T14:32:21.465+0000] {processor.py:914} INFO - Processing file /home/airflow/.local/lib/python3.12/site-packages/airflow/example_dags/example_subdag_operator.py for tasks to queue
[2024-12-26T14:32:21.467+0000] {logging_mixin.py:190} INFO - [2024-12-26T14:32:21.467+0000] {dagbag.py:588} INFO - Filling up the DagBag from /home/airflow/.local/lib/python3.12/site-packages/airflow/example_dags/example_subdag_operator.py
[2024-12-26T14:32:21.503+0000] {processor.py:925} INFO - DAG(s) 'example_subdag_operator.section-1', 'example_subdag_operator.section-2', 'example_subdag_operator' retrieved from /home/airflow/.local/lib/python3.12/site-packages/airflow/example_dags/example_subdag_operator.py
[2024-12-26T14:32:21.526+0000] {logging_mixin.py:190} INFO - [2024-12-26T14:32:21.526+0000] {dag.py:3239} INFO - Sync 3 DAGs
[2024-12-26T14:32:21.554+0000] {logging_mixin.py:190} INFO - [2024-12-26T14:32:21.554+0000] {dag.py:4180} INFO - Setting next_dagrun for example_subdag_operator to 2022-01-01 00:00:00+00:00, run_after=2022-01-01 00:00:00+00:00
[2024-12-26T14:32:21.558+0000] {logging_mixin.py:190} INFO - [2024-12-26T14:32:21.558+0000] {dag.py:4180} INFO - Setting next_dagrun for example_subdag_operator.section-1 to None, run_after=None
[2024-12-26T14:32:21.559+0000] {logging_mixin.py:190} INFO - [2024-12-26T14:32:21.559+0000] {dag.py:4180} INFO - Setting next_dagrun for example_subdag_operator.section-2 to None, run_after=None
[2024-12-26T14:32:21.565+0000] {logging_mixin.py:190} INFO - [2024-12-26T14:32:21.565+0000] {dag.py:3239} INFO - Sync 2 DAGs
[2024-12-26T14:32:21.572+0000] {logging_mixin.py:190} INFO - [2024-12-26T14:32:21.571+0000] {dag.py:4180} INFO - Setting next_dagrun for example_subdag_operator.section-1 to None, run_after=None
[2024-12-26T14:32:21.572+0000] {logging_mixin.py:190} INFO - [2024-12-26T14:32:21.572+0000] {dag.py:4180} INFO - Setting next_dagrun for example_subdag_operator.section-2 to None, run_after=None
[2024-12-26T14:32:21.581+0000] {processor.py:208} INFO - Processing /home/airflow/.local/lib/python3.12/site-packages/airflow/example_dags/example_subdag_operator.py took 0.129 seconds
[2024-12-26T14:32:52.123+0000] {processor.py:186} INFO - Started process (PID=893) to work on /home/airflow/.local/lib/python3.12/site-packages/airflow/example_dags/example_subdag_operator.py
[2024-12-26T14:32:52.124+0000] {processor.py:914} INFO - Processing file /home/airflow/.local/lib/python3.12/site-packages/airflow/example_dags/example_subdag_operator.py for tasks to queue
[2024-12-26T14:32:52.127+0000] {logging_mixin.py:190} INFO - [2024-12-26T14:32:52.127+0000] {dagbag.py:588} INFO - Filling up the DagBag from /home/airflow/.local/lib/python3.12/site-packages/airflow/example_dags/example_subdag_operator.py
[2024-12-26T14:32:52.169+0000] {processor.py:925} INFO - DAG(s) 'example_subdag_operator.section-1', 'example_subdag_operator.section-2', 'example_subdag_operator' retrieved from /home/airflow/.local/lib/python3.12/site-packages/airflow/example_dags/example_subdag_operator.py
[2024-12-26T14:32:52.192+0000] {logging_mixin.py:190} INFO - [2024-12-26T14:32:52.192+0000] {dag.py:3239} INFO - Sync 3 DAGs
[2024-12-26T14:32:52.221+0000] {logging_mixin.py:190} INFO - [2024-12-26T14:32:52.221+0000] {dag.py:4180} INFO - Setting next_dagrun for example_subdag_operator to 2022-01-01 00:00:00+00:00, run_after=2022-01-01 00:00:00+00:00
[2024-12-26T14:32:52.225+0000] {logging_mixin.py:190} INFO - [2024-12-26T14:32:52.224+0000] {dag.py:4180} INFO - Setting next_dagrun for example_subdag_operator.section-1 to None, run_after=None
[2024-12-26T14:32:52.226+0000] {logging_mixin.py:190} INFO - [2024-12-26T14:32:52.226+0000] {dag.py:4180} INFO - Setting next_dagrun for example_subdag_operator.section-2 to None, run_after=None
[2024-12-26T14:32:52.233+0000] {logging_mixin.py:190} INFO - [2024-12-26T14:32:52.233+0000] {dag.py:3239} INFO - Sync 2 DAGs
[2024-12-26T14:32:52.241+0000] {logging_mixin.py:190} INFO - [2024-12-26T14:32:52.241+0000] {dag.py:4180} INFO - Setting next_dagrun for example_subdag_operator.section-1 to None, run_after=None
[2024-12-26T14:32:52.242+0000] {logging_mixin.py:190} INFO - [2024-12-26T14:32:52.242+0000] {dag.py:4180} INFO - Setting next_dagrun for example_subdag_operator.section-2 to None, run_after=None
[2024-12-26T14:32:52.252+0000] {processor.py:208} INFO - Processing /home/airflow/.local/lib/python3.12/site-packages/airflow/example_dags/example_subdag_operator.py took 0.142 seconds
[2024-12-26T14:33:23.202+0000] {processor.py:186} INFO - Started process (PID=1268) to work on /home/airflow/.local/lib/python3.12/site-packages/airflow/example_dags/example_subdag_operator.py
[2024-12-26T14:33:23.203+0000] {processor.py:914} INFO - Processing file /home/airflow/.local/lib/python3.12/site-packages/airflow/example_dags/example_subdag_operator.py for tasks to queue
[2024-12-26T14:33:23.206+0000] {logging_mixin.py:190} INFO - [2024-12-26T14:33:23.206+0000] {dagbag.py:588} INFO - Filling up the DagBag from /home/airflow/.local/lib/python3.12/site-packages/airflow/example_dags/example_subdag_operator.py
[2024-12-26T14:33:23.248+0000] {processor.py:925} INFO - DAG(s) 'example_subdag_operator.section-1', 'example_subdag_operator.section-2', 'example_subdag_operator' retrieved from /home/airflow/.local/lib/python3.12/site-packages/airflow/example_dags/example_subdag_operator.py
[2024-12-26T14:33:23.271+0000] {logging_mixin.py:190} INFO - [2024-12-26T14:33:23.271+0000] {dag.py:3239} INFO - Sync 3 DAGs
[2024-12-26T14:33:23.298+0000] {logging_mixin.py:190} INFO - [2024-12-26T14:33:23.298+0000] {dag.py:4180} INFO - Setting next_dagrun for example_subdag_operator to 2022-01-01 00:00:00+00:00, run_after=2022-01-01 00:00:00+00:00
[2024-12-26T14:33:23.301+0000] {logging_mixin.py:190} INFO - [2024-12-26T14:33:23.301+0000] {dag.py:4180} INFO - Setting next_dagrun for example_subdag_operator.section-1 to None, run_after=None
[2024-12-26T14:33:23.302+0000] {logging_mixin.py:190} INFO - [2024-12-26T14:33:23.302+0000] {dag.py:4180} INFO - Setting next_dagrun for example_subdag_operator.section-2 to None, run_after=None
[2024-12-26T14:33:23.309+0000] {logging_mixin.py:190} INFO - [2024-12-26T14:33:23.309+0000] {dag.py:3239} INFO - Sync 2 DAGs
[2024-12-26T14:33:23.317+0000] {logging_mixin.py:190} INFO - [2024-12-26T14:33:23.317+0000] {dag.py:4180} INFO - Setting next_dagrun for example_subdag_operator.section-1 to None, run_after=None
[2024-12-26T14:33:23.318+0000] {logging_mixin.py:190} INFO - [2024-12-26T14:33:23.318+0000] {dag.py:4180} INFO - Setting next_dagrun for example_subdag_operator.section-2 to None, run_after=None
[2024-12-26T14:33:23.331+0000] {processor.py:208} INFO - Processing /home/airflow/.local/lib/python3.12/site-packages/airflow/example_dags/example_subdag_operator.py took 0.142 seconds
[2024-12-26T14:33:53.553+0000] {processor.py:186} INFO - Started process (PID=1556) to work on /home/airflow/.local/lib/python3.12/site-packages/airflow/example_dags/example_subdag_operator.py
[2024-12-26T14:33:53.554+0000] {processor.py:914} INFO - Processing file /home/airflow/.local/lib/python3.12/site-packages/airflow/example_dags/example_subdag_operator.py for tasks to queue
[2024-12-26T14:33:53.557+0000] {logging_mixin.py:190} INFO - [2024-12-26T14:33:53.557+0000] {dagbag.py:588} INFO - Filling up the DagBag from /home/airflow/.local/lib/python3.12/site-packages/airflow/example_dags/example_subdag_operator.py
[2024-12-26T14:33:53.588+0000] {processor.py:925} INFO - DAG(s) 'example_subdag_operator.section-1', 'example_subdag_operator.section-2', 'example_subdag_operator' retrieved from /home/airflow/.local/lib/python3.12/site-packages/airflow/example_dags/example_subdag_operator.py
[2024-12-26T14:33:53.603+0000] {logging_mixin.py:190} INFO - [2024-12-26T14:33:53.603+0000] {dag.py:3239} INFO - Sync 3 DAGs
[2024-12-26T14:33:53.629+0000] {logging_mixin.py:190} INFO - [2024-12-26T14:33:53.629+0000] {dag.py:4180} INFO - Setting next_dagrun for example_subdag_operator to 2022-01-01 00:00:00+00:00, run_after=2022-01-01 00:00:00+00:00
[2024-12-26T14:33:53.632+0000] {logging_mixin.py:190} INFO - [2024-12-26T14:33:53.632+0000] {dag.py:4180} INFO - Setting next_dagrun for example_subdag_operator.section-1 to None, run_after=None
[2024-12-26T14:33:53.633+0000] {logging_mixin.py:190} INFO - [2024-12-26T14:33:53.633+0000] {dag.py:4180} INFO - Setting next_dagrun for example_subdag_operator.section-2 to None, run_after=None
[2024-12-26T14:33:53.639+0000] {logging_mixin.py:190} INFO - [2024-12-26T14:33:53.639+0000] {dag.py:3239} INFO - Sync 2 DAGs
[2024-12-26T14:33:53.646+0000] {logging_mixin.py:190} INFO - [2024-12-26T14:33:53.646+0000] {dag.py:4180} INFO - Setting next_dagrun for example_subdag_operator.section-1 to None, run_after=None
[2024-12-26T14:33:53.646+0000] {logging_mixin.py:190} INFO - [2024-12-26T14:33:53.646+0000] {dag.py:4180} INFO - Setting next_dagrun for example_subdag_operator.section-2 to None, run_after=None
[2024-12-26T14:33:53.657+0000] {processor.py:208} INFO - Processing /home/airflow/.local/lib/python3.12/site-packages/airflow/example_dags/example_subdag_operator.py took 0.116 seconds
[2024-12-26T14:34:24.107+0000] {processor.py:186} INFO - Started process (PID=1847) to work on /home/airflow/.local/lib/python3.12/site-packages/airflow/example_dags/example_subdag_operator.py
[2024-12-26T14:34:24.109+0000] {processor.py:914} INFO - Processing file /home/airflow/.local/lib/python3.12/site-packages/airflow/example_dags/example_subdag_operator.py for tasks to queue
[2024-12-26T14:34:24.113+0000] {logging_mixin.py:190} INFO - [2024-12-26T14:34:24.112+0000] {dagbag.py:588} INFO - Filling up the DagBag from /home/airflow/.local/lib/python3.12/site-packages/airflow/example_dags/example_subdag_operator.py
[2024-12-26T14:34:24.150+0000] {processor.py:925} INFO - DAG(s) 'example_subdag_operator.section-1', 'example_subdag_operator.section-2', 'example_subdag_operator' retrieved from /home/airflow/.local/lib/python3.12/site-packages/airflow/example_dags/example_subdag_operator.py
[2024-12-26T14:34:24.167+0000] {logging_mixin.py:190} INFO - [2024-12-26T14:34:24.167+0000] {dag.py:3239} INFO - Sync 3 DAGs
[2024-12-26T14:34:24.195+0000] {logging_mixin.py:190} INFO - [2024-12-26T14:34:24.195+0000] {dag.py:4180} INFO - Setting next_dagrun for example_subdag_operator to 2022-01-01 00:00:00+00:00, run_after=2022-01-01 00:00:00+00:00
[2024-12-26T14:34:24.199+0000] {logging_mixin.py:190} INFO - [2024-12-26T14:34:24.198+0000] {dag.py:4180} INFO - Setting next_dagrun for example_subdag_operator.section-1 to None, run_after=None
[2024-12-26T14:34:24.200+0000] {logging_mixin.py:190} INFO - [2024-12-26T14:34:24.200+0000] {dag.py:4180} INFO - Setting next_dagrun for example_subdag_operator.section-2 to None, run_after=None
[2024-12-26T14:34:24.207+0000] {logging_mixin.py:190} INFO - [2024-12-26T14:34:24.207+0000] {dag.py:3239} INFO - Sync 2 DAGs
[2024-12-26T14:34:24.213+0000] {logging_mixin.py:190} INFO - [2024-12-26T14:34:24.213+0000] {dag.py:4180} INFO - Setting next_dagrun for example_subdag_operator.section-1 to None, run_after=None
[2024-12-26T14:34:24.214+0000] {logging_mixin.py:190} INFO - [2024-12-26T14:34:24.214+0000] {dag.py:4180} INFO - Setting next_dagrun for example_subdag_operator.section-2 to None, run_after=None
[2024-12-26T14:34:24.236+0000] {processor.py:208} INFO - Processing /home/airflow/.local/lib/python3.12/site-packages/airflow/example_dags/example_subdag_operator.py took 0.142 seconds
[2024-12-26T14:34:54.306+0000] {processor.py:186} INFO - Started process (PID=2138) to work on /home/airflow/.local/lib/python3.12/site-packages/airflow/example_dags/example_subdag_operator.py
[2024-12-26T14:34:54.307+0000] {processor.py:914} INFO - Processing file /home/airflow/.local/lib/python3.12/site-packages/airflow/example_dags/example_subdag_operator.py for tasks to queue
[2024-12-26T14:34:54.311+0000] {logging_mixin.py:190} INFO - [2024-12-26T14:34:54.310+0000] {dagbag.py:588} INFO - Filling up the DagBag from /home/airflow/.local/lib/python3.12/site-packages/airflow/example_dags/example_subdag_operator.py
[2024-12-26T14:34:54.357+0000] {processor.py:925} INFO - DAG(s) 'example_subdag_operator.section-1', 'example_subdag_operator.section-2', 'example_subdag_operator' retrieved from /home/airflow/.local/lib/python3.12/site-packages/airflow/example_dags/example_subdag_operator.py
[2024-12-26T14:34:54.381+0000] {logging_mixin.py:190} INFO - [2024-12-26T14:34:54.381+0000] {dag.py:3239} INFO - Sync 3 DAGs
[2024-12-26T14:34:54.410+0000] {logging_mixin.py:190} INFO - [2024-12-26T14:34:54.409+0000] {dag.py:4180} INFO - Setting next_dagrun for example_subdag_operator to 2022-01-01 00:00:00+00:00, run_after=2022-01-01 00:00:00+00:00
[2024-12-26T14:34:54.413+0000] {logging_mixin.py:190} INFO - [2024-12-26T14:34:54.413+0000] {dag.py:4180} INFO - Setting next_dagrun for example_subdag_operator.section-1 to None, run_after=None
[2024-12-26T14:34:54.415+0000] {logging_mixin.py:190} INFO - [2024-12-26T14:34:54.415+0000] {dag.py:4180} INFO - Setting next_dagrun for example_subdag_operator.section-2 to None, run_after=None
[2024-12-26T14:34:54.422+0000] {logging_mixin.py:190} INFO - [2024-12-26T14:34:54.422+0000] {dag.py:3239} INFO - Sync 2 DAGs
[2024-12-26T14:34:54.429+0000] {logging_mixin.py:190} INFO - [2024-12-26T14:34:54.429+0000] {dag.py:4180} INFO - Setting next_dagrun for example_subdag_operator.section-1 to None, run_after=None
[2024-12-26T14:34:54.429+0000] {logging_mixin.py:190} INFO - [2024-12-26T14:34:54.429+0000] {dag.py:4180} INFO - Setting next_dagrun for example_subdag_operator.section-2 to None, run_after=None
[2024-12-26T14:34:54.440+0000] {processor.py:208} INFO - Processing /home/airflow/.local/lib/python3.12/site-packages/airflow/example_dags/example_subdag_operator.py took 0.148 seconds
[2024-12-26T14:35:24.523+0000] {processor.py:186} INFO - Started process (PID=2429) to work on /home/airflow/.local/lib/python3.12/site-packages/airflow/example_dags/example_subdag_operator.py
[2024-12-26T14:35:24.524+0000] {processor.py:914} INFO - Processing file /home/airflow/.local/lib/python3.12/site-packages/airflow/example_dags/example_subdag_operator.py for tasks to queue
[2024-12-26T14:35:24.528+0000] {logging_mixin.py:190} INFO - [2024-12-26T14:35:24.528+0000] {dagbag.py:588} INFO - Filling up the DagBag from /home/airflow/.local/lib/python3.12/site-packages/airflow/example_dags/example_subdag_operator.py
[2024-12-26T14:35:24.565+0000] {processor.py:925} INFO - DAG(s) 'example_subdag_operator.section-1', 'example_subdag_operator.section-2', 'example_subdag_operator' retrieved from /home/airflow/.local/lib/python3.12/site-packages/airflow/example_dags/example_subdag_operator.py
[2024-12-26T14:35:24.583+0000] {logging_mixin.py:190} INFO - [2024-12-26T14:35:24.583+0000] {dag.py:3239} INFO - Sync 3 DAGs
[2024-12-26T14:35:24.612+0000] {logging_mixin.py:190} INFO - [2024-12-26T14:35:24.612+0000] {dag.py:4180} INFO - Setting next_dagrun for example_subdag_operator to 2022-01-01 00:00:00+00:00, run_after=2022-01-01 00:00:00+00:00
[2024-12-26T14:35:24.615+0000] {logging_mixin.py:190} INFO - [2024-12-26T14:35:24.615+0000] {dag.py:4180} INFO - Setting next_dagrun for example_subdag_operator.section-1 to None, run_after=None
[2024-12-26T14:35:24.616+0000] {logging_mixin.py:190} INFO - [2024-12-26T14:35:24.616+0000] {dag.py:4180} INFO - Setting next_dagrun for example_subdag_operator.section-2 to None, run_after=None
[2024-12-26T14:35:24.623+0000] {logging_mixin.py:190} INFO - [2024-12-26T14:35:24.623+0000] {dag.py:3239} INFO - Sync 2 DAGs
[2024-12-26T14:35:24.630+0000] {logging_mixin.py:190} INFO - [2024-12-26T14:35:24.630+0000] {dag.py:4180} INFO - Setting next_dagrun for example_subdag_operator.section-1 to None, run_after=None
[2024-12-26T14:35:24.630+0000] {logging_mixin.py:190} INFO - [2024-12-26T14:35:24.630+0000] {dag.py:4180} INFO - Setting next_dagrun for example_subdag_operator.section-2 to None, run_after=None
[2024-12-26T14:35:24.642+0000] {processor.py:208} INFO - Processing /home/airflow/.local/lib/python3.12/site-packages/airflow/example_dags/example_subdag_operator.py took 0.134 seconds
[2024-12-26T14:35:55.279+0000] {processor.py:186} INFO - Started process (PID=2720) to work on /home/airflow/.local/lib/python3.12/site-packages/airflow/example_dags/example_subdag_operator.py
[2024-12-26T14:35:55.280+0000] {processor.py:914} INFO - Processing file /home/airflow/.local/lib/python3.12/site-packages/airflow/example_dags/example_subdag_operator.py for tasks to queue
[2024-12-26T14:35:55.283+0000] {logging_mixin.py:190} INFO - [2024-12-26T14:35:55.283+0000] {dagbag.py:588} INFO - Filling up the DagBag from /home/airflow/.local/lib/python3.12/site-packages/airflow/example_dags/example_subdag_operator.py
[2024-12-26T14:35:55.320+0000] {processor.py:925} INFO - DAG(s) 'example_subdag_operator.section-1', 'example_subdag_operator.section-2', 'example_subdag_operator' retrieved from /home/airflow/.local/lib/python3.12/site-packages/airflow/example_dags/example_subdag_operator.py
[2024-12-26T14:35:55.342+0000] {logging_mixin.py:190} INFO - [2024-12-26T14:35:55.342+0000] {dag.py:3239} INFO - Sync 3 DAGs
[2024-12-26T14:35:55.369+0000] {logging_mixin.py:190} INFO - [2024-12-26T14:35:55.369+0000] {dag.py:4180} INFO - Setting next_dagrun for example_subdag_operator to 2022-01-01 00:00:00+00:00, run_after=2022-01-01 00:00:00+00:00
[2024-12-26T14:35:55.374+0000] {logging_mixin.py:190} INFO - [2024-12-26T14:35:55.373+0000] {dag.py:4180} INFO - Setting next_dagrun for example_subdag_operator.section-1 to None, run_after=None
[2024-12-26T14:35:55.375+0000] {logging_mixin.py:190} INFO - [2024-12-26T14:35:55.375+0000] {dag.py:4180} INFO - Setting next_dagrun for example_subdag_operator.section-2 to None, run_after=None
[2024-12-26T14:35:55.382+0000] {logging_mixin.py:190} INFO - [2024-12-26T14:35:55.382+0000] {dag.py:3239} INFO - Sync 2 DAGs
[2024-12-26T14:35:55.389+0000] {logging_mixin.py:190} INFO - [2024-12-26T14:35:55.389+0000] {dag.py:4180} INFO - Setting next_dagrun for example_subdag_operator.section-1 to None, run_after=None
[2024-12-26T14:35:55.389+0000] {logging_mixin.py:190} INFO - [2024-12-26T14:35:55.389+0000] {dag.py:4180} INFO - Setting next_dagrun for example_subdag_operator.section-2 to None, run_after=None
[2024-12-26T14:35:55.400+0000] {processor.py:208} INFO - Processing /home/airflow/.local/lib/python3.12/site-packages/airflow/example_dags/example_subdag_operator.py took 0.133 seconds
[2024-12-26T14:36:25.632+0000] {processor.py:186} INFO - Started process (PID=3011) to work on /home/airflow/.local/lib/python3.12/site-packages/airflow/example_dags/example_subdag_operator.py
[2024-12-26T14:36:25.633+0000] {processor.py:914} INFO - Processing file /home/airflow/.local/lib/python3.12/site-packages/airflow/example_dags/example_subdag_operator.py for tasks to queue
[2024-12-26T14:36:25.637+0000] {logging_mixin.py:190} INFO - [2024-12-26T14:36:25.636+0000] {dagbag.py:588} INFO - Filling up the DagBag from /home/airflow/.local/lib/python3.12/site-packages/airflow/example_dags/example_subdag_operator.py
[2024-12-26T14:36:25.671+0000] {processor.py:925} INFO - DAG(s) 'example_subdag_operator.section-1', 'example_subdag_operator.section-2', 'example_subdag_operator' retrieved from /home/airflow/.local/lib/python3.12/site-packages/airflow/example_dags/example_subdag_operator.py
[2024-12-26T14:36:25.689+0000] {logging_mixin.py:190} INFO - [2024-12-26T14:36:25.689+0000] {dag.py:3239} INFO - Sync 3 DAGs
[2024-12-26T14:36:25.717+0000] {logging_mixin.py:190} INFO - [2024-12-26T14:36:25.717+0000] {dag.py:4180} INFO - Setting next_dagrun for example_subdag_operator to 2022-01-01 00:00:00+00:00, run_after=2022-01-01 00:00:00+00:00
[2024-12-26T14:36:25.720+0000] {logging_mixin.py:190} INFO - [2024-12-26T14:36:25.720+0000] {dag.py:4180} INFO - Setting next_dagrun for example_subdag_operator.section-1 to None, run_after=None
[2024-12-26T14:36:25.721+0000] {logging_mixin.py:190} INFO - [2024-12-26T14:36:25.721+0000] {dag.py:4180} INFO - Setting next_dagrun for example_subdag_operator.section-2 to None, run_after=None
[2024-12-26T14:36:25.728+0000] {logging_mixin.py:190} INFO - [2024-12-26T14:36:25.728+0000] {dag.py:3239} INFO - Sync 2 DAGs
[2024-12-26T14:36:25.735+0000] {logging_mixin.py:190} INFO - [2024-12-26T14:36:25.734+0000] {dag.py:4180} INFO - Setting next_dagrun for example_subdag_operator.section-1 to None, run_after=None
[2024-12-26T14:36:25.735+0000] {logging_mixin.py:190} INFO - [2024-12-26T14:36:25.735+0000] {dag.py:4180} INFO - Setting next_dagrun for example_subdag_operator.section-2 to None, run_after=None
[2024-12-26T14:36:25.745+0000] {processor.py:208} INFO - Processing /home/airflow/.local/lib/python3.12/site-packages/airflow/example_dags/example_subdag_operator.py took 0.127 seconds
[2024-12-26T14:36:56.424+0000] {processor.py:186} INFO - Started process (PID=3302) to work on /home/airflow/.local/lib/python3.12/site-packages/airflow/example_dags/example_subdag_operator.py
[2024-12-26T14:36:56.426+0000] {processor.py:914} INFO - Processing file /home/airflow/.local/lib/python3.12/site-packages/airflow/example_dags/example_subdag_operator.py for tasks to queue
[2024-12-26T14:36:56.429+0000] {logging_mixin.py:190} INFO - [2024-12-26T14:36:56.429+0000] {dagbag.py:588} INFO - Filling up the DagBag from /home/airflow/.local/lib/python3.12/site-packages/airflow/example_dags/example_subdag_operator.py
[2024-12-26T14:36:56.465+0000] {processor.py:925} INFO - DAG(s) 'example_subdag_operator.section-1', 'example_subdag_operator.section-2', 'example_subdag_operator' retrieved from /home/airflow/.local/lib/python3.12/site-packages/airflow/example_dags/example_subdag_operator.py
[2024-12-26T14:36:56.482+0000] {logging_mixin.py:190} INFO - [2024-12-26T14:36:56.482+0000] {dag.py:3239} INFO - Sync 3 DAGs
[2024-12-26T14:36:56.509+0000] {logging_mixin.py:190} INFO - [2024-12-26T14:36:56.509+0000] {dag.py:4180} INFO - Setting next_dagrun for example_subdag_operator to 2022-01-01 00:00:00+00:00, run_after=2022-01-01 00:00:00+00:00
[2024-12-26T14:36:56.513+0000] {logging_mixin.py:190} INFO - [2024-12-26T14:36:56.513+0000] {dag.py:4180} INFO - Setting next_dagrun for example_subdag_operator.section-1 to None, run_after=None
[2024-12-26T14:36:56.514+0000] {logging_mixin.py:190} INFO - [2024-12-26T14:36:56.514+0000] {dag.py:4180} INFO - Setting next_dagrun for example_subdag_operator.section-2 to None, run_after=None
[2024-12-26T14:36:56.522+0000] {logging_mixin.py:190} INFO - [2024-12-26T14:36:56.521+0000] {dag.py:3239} INFO - Sync 2 DAGs
[2024-12-26T14:36:56.528+0000] {logging_mixin.py:190} INFO - [2024-12-26T14:36:56.528+0000] {dag.py:4180} INFO - Setting next_dagrun for example_subdag_operator.section-1 to None, run_after=None
[2024-12-26T14:36:56.529+0000] {logging_mixin.py:190} INFO - [2024-12-26T14:36:56.528+0000] {dag.py:4180} INFO - Setting next_dagrun for example_subdag_operator.section-2 to None, run_after=None
[2024-12-26T14:36:56.539+0000] {processor.py:208} INFO - Processing /home/airflow/.local/lib/python3.12/site-packages/airflow/example_dags/example_subdag_operator.py took 0.129 seconds
[2024-12-26T14:37:26.734+0000] {processor.py:186} INFO - Started process (PID=3593) to work on /home/airflow/.local/lib/python3.12/site-packages/airflow/example_dags/example_subdag_operator.py
[2024-12-26T14:37:26.736+0000] {processor.py:914} INFO - Processing file /home/airflow/.local/lib/python3.12/site-packages/airflow/example_dags/example_subdag_operator.py for tasks to queue
[2024-12-26T14:37:26.739+0000] {logging_mixin.py:190} INFO - [2024-12-26T14:37:26.738+0000] {dagbag.py:588} INFO - Filling up the DagBag from /home/airflow/.local/lib/python3.12/site-packages/airflow/example_dags/example_subdag_operator.py
[2024-12-26T14:37:26.777+0000] {processor.py:925} INFO - DAG(s) 'example_subdag_operator.section-1', 'example_subdag_operator.section-2', 'example_subdag_operator' retrieved from /home/airflow/.local/lib/python3.12/site-packages/airflow/example_dags/example_subdag_operator.py
[2024-12-26T14:37:26.799+0000] {logging_mixin.py:190} INFO - [2024-12-26T14:37:26.799+0000] {dag.py:3239} INFO - Sync 3 DAGs
[2024-12-26T14:37:26.827+0000] {logging_mixin.py:190} INFO - [2024-12-26T14:37:26.827+0000] {dag.py:4180} INFO - Setting next_dagrun for example_subdag_operator to 2022-01-01 00:00:00+00:00, run_after=2022-01-01 00:00:00+00:00
[2024-12-26T14:37:26.830+0000] {logging_mixin.py:190} INFO - [2024-12-26T14:37:26.830+0000] {dag.py:4180} INFO - Setting next_dagrun for example_subdag_operator.section-1 to None, run_after=None
[2024-12-26T14:37:26.831+0000] {logging_mixin.py:190} INFO - [2024-12-26T14:37:26.831+0000] {dag.py:4180} INFO - Setting next_dagrun for example_subdag_operator.section-2 to None, run_after=None
[2024-12-26T14:37:26.838+0000] {logging_mixin.py:190} INFO - [2024-12-26T14:37:26.838+0000] {dag.py:3239} INFO - Sync 2 DAGs
[2024-12-26T14:37:26.845+0000] {logging_mixin.py:190} INFO - [2024-12-26T14:37:26.845+0000] {dag.py:4180} INFO - Setting next_dagrun for example_subdag_operator.section-1 to None, run_after=None
[2024-12-26T14:37:26.845+0000] {logging_mixin.py:190} INFO - [2024-12-26T14:37:26.845+0000] {dag.py:4180} INFO - Setting next_dagrun for example_subdag_operator.section-2 to None, run_after=None
[2024-12-26T14:37:26.856+0000] {processor.py:208} INFO - Processing /home/airflow/.local/lib/python3.12/site-packages/airflow/example_dags/example_subdag_operator.py took 0.135 seconds
[2024-12-26T14:37:57.375+0000] {processor.py:186} INFO - Started process (PID=3884) to work on /home/airflow/.local/lib/python3.12/site-packages/airflow/example_dags/example_subdag_operator.py
[2024-12-26T14:37:57.377+0000] {processor.py:914} INFO - Processing file /home/airflow/.local/lib/python3.12/site-packages/airflow/example_dags/example_subdag_operator.py for tasks to queue
[2024-12-26T14:37:57.380+0000] {logging_mixin.py:190} INFO - [2024-12-26T14:37:57.380+0000] {dagbag.py:588} INFO - Filling up the DagBag from /home/airflow/.local/lib/python3.12/site-packages/airflow/example_dags/example_subdag_operator.py
[2024-12-26T14:37:57.418+0000] {processor.py:925} INFO - DAG(s) 'example_subdag_operator.section-1', 'example_subdag_operator.section-2', 'example_subdag_operator' retrieved from /home/airflow/.local/lib/python3.12/site-packages/airflow/example_dags/example_subdag_operator.py
[2024-12-26T14:37:57.437+0000] {logging_mixin.py:190} INFO - [2024-12-26T14:37:57.436+0000] {dag.py:3239} INFO - Sync 3 DAGs
[2024-12-26T14:37:57.466+0000] {logging_mixin.py:190} INFO - [2024-12-26T14:37:57.465+0000] {dag.py:4180} INFO - Setting next_dagrun for example_subdag_operator to 2022-01-01 00:00:00+00:00, run_after=2022-01-01 00:00:00+00:00
[2024-12-26T14:37:57.469+0000] {logging_mixin.py:190} INFO - [2024-12-26T14:37:57.469+0000] {dag.py:4180} INFO - Setting next_dagrun for example_subdag_operator.section-1 to None, run_after=None
[2024-12-26T14:37:57.471+0000] {logging_mixin.py:190} INFO - [2024-12-26T14:37:57.471+0000] {dag.py:4180} INFO - Setting next_dagrun for example_subdag_operator.section-2 to None, run_after=None
[2024-12-26T14:37:57.478+0000] {logging_mixin.py:190} INFO - [2024-12-26T14:37:57.478+0000] {dag.py:3239} INFO - Sync 2 DAGs
[2024-12-26T14:37:57.486+0000] {logging_mixin.py:190} INFO - [2024-12-26T14:37:57.486+0000] {dag.py:4180} INFO - Setting next_dagrun for example_subdag_operator.section-1 to None, run_after=None
[2024-12-26T14:37:57.487+0000] {logging_mixin.py:190} INFO - [2024-12-26T14:37:57.486+0000] {dag.py:4180} INFO - Setting next_dagrun for example_subdag_operator.section-2 to None, run_after=None
[2024-12-26T14:37:57.497+0000] {processor.py:208} INFO - Processing /home/airflow/.local/lib/python3.12/site-packages/airflow/example_dags/example_subdag_operator.py took 0.137 seconds
