[2024-12-26T14:31:49.650+0000] {processor.py:186} INFO - Started process (PID=263) to work on /home/airflow/.local/lib/python3.12/site-packages/airflow/example_dags/example_skip_dag.py
[2024-12-26T14:31:49.651+0000] {processor.py:914} INFO - Processing file /home/airflow/.local/lib/python3.12/site-packages/airflow/example_dags/example_skip_dag.py for tasks to queue
[2024-12-26T14:31:49.653+0000] {logging_mixin.py:190} INFO - [2024-12-26T14:31:49.653+0000] {dagbag.py:588} INFO - Filling up the DagBag from /home/airflow/.local/lib/python3.12/site-packages/airflow/example_dags/example_skip_dag.py
[2024-12-26T14:31:49.663+0000] {processor.py:925} INFO - DAG(s) 'example_skip_dag' retrieved from /home/airflow/.local/lib/python3.12/site-packages/airflow/example_dags/example_skip_dag.py
[2024-12-26T14:31:49.796+0000] {logging_mixin.py:190} INFO - [2024-12-26T14:31:49.795+0000] {dag.py:3239} INFO - Sync 1 DAGs
[2024-12-26T14:31:49.820+0000] {logging_mixin.py:190} INFO - [2024-12-26T14:31:49.820+0000] {dag.py:4180} INFO - Setting next_dagrun for example_skip_dag to 2024-12-25 00:00:00+00:00, run_after=2024-12-26 00:00:00+00:00
[2024-12-26T14:31:49.838+0000] {processor.py:208} INFO - Processing /home/airflow/.local/lib/python3.12/site-packages/airflow/example_dags/example_skip_dag.py took 0.201 seconds
[2024-12-26T14:32:20.146+0000] {processor.py:186} INFO - Started process (PID=549) to work on /home/airflow/.local/lib/python3.12/site-packages/airflow/example_dags/example_skip_dag.py
[2024-12-26T14:32:20.147+0000] {processor.py:914} INFO - Processing file /home/airflow/.local/lib/python3.12/site-packages/airflow/example_dags/example_skip_dag.py for tasks to queue
[2024-12-26T14:32:20.150+0000] {logging_mixin.py:190} INFO - [2024-12-26T14:32:20.150+0000] {dagbag.py:588} INFO - Filling up the DagBag from /home/airflow/.local/lib/python3.12/site-packages/airflow/example_dags/example_skip_dag.py
[2024-12-26T14:32:20.160+0000] {processor.py:925} INFO - DAG(s) 'example_skip_dag' retrieved from /home/airflow/.local/lib/python3.12/site-packages/airflow/example_dags/example_skip_dag.py
[2024-12-26T14:32:20.188+0000] {logging_mixin.py:190} INFO - [2024-12-26T14:32:20.188+0000] {dag.py:3239} INFO - Sync 1 DAGs
[2024-12-26T14:32:20.214+0000] {logging_mixin.py:190} INFO - [2024-12-26T14:32:20.214+0000] {dag.py:4180} INFO - Setting next_dagrun for example_skip_dag to 2024-12-25 00:00:00+00:00, run_after=2024-12-26 00:00:00+00:00
[2024-12-26T14:32:20.236+0000] {processor.py:208} INFO - Processing /home/airflow/.local/lib/python3.12/site-packages/airflow/example_dags/example_skip_dag.py took 0.102 seconds
[2024-12-26T14:32:50.337+0000] {processor.py:186} INFO - Started process (PID=843) to work on /home/airflow/.local/lib/python3.12/site-packages/airflow/example_dags/example_skip_dag.py
[2024-12-26T14:32:50.338+0000] {processor.py:914} INFO - Processing file /home/airflow/.local/lib/python3.12/site-packages/airflow/example_dags/example_skip_dag.py for tasks to queue
[2024-12-26T14:32:50.341+0000] {logging_mixin.py:190} INFO - [2024-12-26T14:32:50.340+0000] {dagbag.py:588} INFO - Filling up the DagBag from /home/airflow/.local/lib/python3.12/site-packages/airflow/example_dags/example_skip_dag.py
[2024-12-26T14:32:50.350+0000] {processor.py:925} INFO - DAG(s) 'example_skip_dag' retrieved from /home/airflow/.local/lib/python3.12/site-packages/airflow/example_dags/example_skip_dag.py
[2024-12-26T14:32:50.376+0000] {logging_mixin.py:190} INFO - [2024-12-26T14:32:50.376+0000] {dag.py:3239} INFO - Sync 1 DAGs
[2024-12-26T14:32:50.402+0000] {logging_mixin.py:190} INFO - [2024-12-26T14:32:50.402+0000] {dag.py:4180} INFO - Setting next_dagrun for example_skip_dag to 2024-12-25 00:00:00+00:00, run_after=2024-12-26 00:00:00+00:00
[2024-12-26T14:32:50.418+0000] {processor.py:208} INFO - Processing /home/airflow/.local/lib/python3.12/site-packages/airflow/example_dags/example_skip_dag.py took 0.092 seconds
[2024-12-26T14:33:20.688+0000] {processor.py:186} INFO - Started process (PID=1226) to work on /home/airflow/.local/lib/python3.12/site-packages/airflow/example_dags/example_skip_dag.py
[2024-12-26T14:33:20.689+0000] {processor.py:914} INFO - Processing file /home/airflow/.local/lib/python3.12/site-packages/airflow/example_dags/example_skip_dag.py for tasks to queue
[2024-12-26T14:33:20.693+0000] {logging_mixin.py:190} INFO - [2024-12-26T14:33:20.692+0000] {dagbag.py:588} INFO - Filling up the DagBag from /home/airflow/.local/lib/python3.12/site-packages/airflow/example_dags/example_skip_dag.py
[2024-12-26T14:33:20.702+0000] {processor.py:925} INFO - DAG(s) 'example_skip_dag' retrieved from /home/airflow/.local/lib/python3.12/site-packages/airflow/example_dags/example_skip_dag.py
[2024-12-26T14:33:20.731+0000] {logging_mixin.py:190} INFO - [2024-12-26T14:33:20.730+0000] {dag.py:3239} INFO - Sync 1 DAGs
[2024-12-26T14:33:20.757+0000] {logging_mixin.py:190} INFO - [2024-12-26T14:33:20.757+0000] {dag.py:4180} INFO - Setting next_dagrun for example_skip_dag to 2024-12-25 00:00:00+00:00, run_after=2024-12-26 00:00:00+00:00
[2024-12-26T14:33:20.773+0000] {processor.py:208} INFO - Processing /home/airflow/.local/lib/python3.12/site-packages/airflow/example_dags/example_skip_dag.py took 0.098 seconds
[2024-12-26T14:33:51.076+0000] {processor.py:186} INFO - Started process (PID=1518) to work on /home/airflow/.local/lib/python3.12/site-packages/airflow/example_dags/example_skip_dag.py
[2024-12-26T14:33:51.077+0000] {processor.py:914} INFO - Processing file /home/airflow/.local/lib/python3.12/site-packages/airflow/example_dags/example_skip_dag.py for tasks to queue
[2024-12-26T14:33:51.080+0000] {logging_mixin.py:190} INFO - [2024-12-26T14:33:51.080+0000] {dagbag.py:588} INFO - Filling up the DagBag from /home/airflow/.local/lib/python3.12/site-packages/airflow/example_dags/example_skip_dag.py
[2024-12-26T14:33:51.089+0000] {processor.py:925} INFO - DAG(s) 'example_skip_dag' retrieved from /home/airflow/.local/lib/python3.12/site-packages/airflow/example_dags/example_skip_dag.py
[2024-12-26T14:33:51.117+0000] {logging_mixin.py:190} INFO - [2024-12-26T14:33:51.116+0000] {dag.py:3239} INFO - Sync 1 DAGs
[2024-12-26T14:33:51.142+0000] {logging_mixin.py:190} INFO - [2024-12-26T14:33:51.142+0000] {dag.py:4180} INFO - Setting next_dagrun for example_skip_dag to 2024-12-25 00:00:00+00:00, run_after=2024-12-26 00:00:00+00:00
[2024-12-26T14:33:51.158+0000] {processor.py:208} INFO - Processing /home/airflow/.local/lib/python3.12/site-packages/airflow/example_dags/example_skip_dag.py took 0.095 seconds
[2024-12-26T14:34:21.638+0000] {processor.py:186} INFO - Started process (PID=1809) to work on /home/airflow/.local/lib/python3.12/site-packages/airflow/example_dags/example_skip_dag.py
[2024-12-26T14:34:21.640+0000] {processor.py:914} INFO - Processing file /home/airflow/.local/lib/python3.12/site-packages/airflow/example_dags/example_skip_dag.py for tasks to queue
[2024-12-26T14:34:21.643+0000] {logging_mixin.py:190} INFO - [2024-12-26T14:34:21.642+0000] {dagbag.py:588} INFO - Filling up the DagBag from /home/airflow/.local/lib/python3.12/site-packages/airflow/example_dags/example_skip_dag.py
[2024-12-26T14:34:21.653+0000] {processor.py:925} INFO - DAG(s) 'example_skip_dag' retrieved from /home/airflow/.local/lib/python3.12/site-packages/airflow/example_dags/example_skip_dag.py
[2024-12-26T14:34:21.681+0000] {logging_mixin.py:190} INFO - [2024-12-26T14:34:21.680+0000] {dag.py:3239} INFO - Sync 1 DAGs
[2024-12-26T14:34:21.707+0000] {logging_mixin.py:190} INFO - [2024-12-26T14:34:21.707+0000] {dag.py:4180} INFO - Setting next_dagrun for example_skip_dag to 2024-12-25 00:00:00+00:00, run_after=2024-12-26 00:00:00+00:00
[2024-12-26T14:34:21.733+0000] {processor.py:208} INFO - Processing /home/airflow/.local/lib/python3.12/site-packages/airflow/example_dags/example_skip_dag.py took 0.106 seconds
[2024-12-26T14:34:51.935+0000] {processor.py:186} INFO - Started process (PID=2102) to work on /home/airflow/.local/lib/python3.12/site-packages/airflow/example_dags/example_skip_dag.py
[2024-12-26T14:34:51.936+0000] {processor.py:914} INFO - Processing file /home/airflow/.local/lib/python3.12/site-packages/airflow/example_dags/example_skip_dag.py for tasks to queue
[2024-12-26T14:34:51.940+0000] {logging_mixin.py:190} INFO - [2024-12-26T14:34:51.939+0000] {dagbag.py:588} INFO - Filling up the DagBag from /home/airflow/.local/lib/python3.12/site-packages/airflow/example_dags/example_skip_dag.py
[2024-12-26T14:34:51.950+0000] {processor.py:925} INFO - DAG(s) 'example_skip_dag' retrieved from /home/airflow/.local/lib/python3.12/site-packages/airflow/example_dags/example_skip_dag.py
[2024-12-26T14:34:51.977+0000] {logging_mixin.py:190} INFO - [2024-12-26T14:34:51.977+0000] {dag.py:3239} INFO - Sync 1 DAGs
[2024-12-26T14:34:52.003+0000] {logging_mixin.py:190} INFO - [2024-12-26T14:34:52.003+0000] {dag.py:4180} INFO - Setting next_dagrun for example_skip_dag to 2024-12-25 00:00:00+00:00, run_after=2024-12-26 00:00:00+00:00
[2024-12-26T14:34:52.025+0000] {processor.py:208} INFO - Processing /home/airflow/.local/lib/python3.12/site-packages/airflow/example_dags/example_skip_dag.py took 0.104 seconds
[2024-12-26T14:35:22.125+0000] {processor.py:186} INFO - Started process (PID=2393) to work on /home/airflow/.local/lib/python3.12/site-packages/airflow/example_dags/example_skip_dag.py
[2024-12-26T14:35:22.126+0000] {processor.py:914} INFO - Processing file /home/airflow/.local/lib/python3.12/site-packages/airflow/example_dags/example_skip_dag.py for tasks to queue
[2024-12-26T14:35:22.129+0000] {logging_mixin.py:190} INFO - [2024-12-26T14:35:22.129+0000] {dagbag.py:588} INFO - Filling up the DagBag from /home/airflow/.local/lib/python3.12/site-packages/airflow/example_dags/example_skip_dag.py
[2024-12-26T14:35:22.137+0000] {processor.py:925} INFO - DAG(s) 'example_skip_dag' retrieved from /home/airflow/.local/lib/python3.12/site-packages/airflow/example_dags/example_skip_dag.py
[2024-12-26T14:35:22.158+0000] {logging_mixin.py:190} INFO - [2024-12-26T14:35:22.158+0000] {dag.py:3239} INFO - Sync 1 DAGs
[2024-12-26T14:35:22.182+0000] {logging_mixin.py:190} INFO - [2024-12-26T14:35:22.182+0000] {dag.py:4180} INFO - Setting next_dagrun for example_skip_dag to 2024-12-25 00:00:00+00:00, run_after=2024-12-26 00:00:00+00:00
[2024-12-26T14:35:22.197+0000] {processor.py:208} INFO - Processing /home/airflow/.local/lib/python3.12/site-packages/airflow/example_dags/example_skip_dag.py took 0.080 seconds
[2024-12-26T14:35:52.845+0000] {processor.py:186} INFO - Started process (PID=2688) to work on /home/airflow/.local/lib/python3.12/site-packages/airflow/example_dags/example_skip_dag.py
[2024-12-26T14:35:52.846+0000] {processor.py:914} INFO - Processing file /home/airflow/.local/lib/python3.12/site-packages/airflow/example_dags/example_skip_dag.py for tasks to queue
[2024-12-26T14:35:52.849+0000] {logging_mixin.py:190} INFO - [2024-12-26T14:35:52.848+0000] {dagbag.py:588} INFO - Filling up the DagBag from /home/airflow/.local/lib/python3.12/site-packages/airflow/example_dags/example_skip_dag.py
[2024-12-26T14:35:52.857+0000] {processor.py:925} INFO - DAG(s) 'example_skip_dag' retrieved from /home/airflow/.local/lib/python3.12/site-packages/airflow/example_dags/example_skip_dag.py
[2024-12-26T14:35:52.891+0000] {logging_mixin.py:190} INFO - [2024-12-26T14:35:52.891+0000] {dag.py:3239} INFO - Sync 1 DAGs
[2024-12-26T14:35:52.919+0000] {logging_mixin.py:190} INFO - [2024-12-26T14:35:52.918+0000] {dag.py:4180} INFO - Setting next_dagrun for example_skip_dag to 2024-12-25 00:00:00+00:00, run_after=2024-12-26 00:00:00+00:00
[2024-12-26T14:35:52.935+0000] {processor.py:208} INFO - Processing /home/airflow/.local/lib/python3.12/site-packages/airflow/example_dags/example_skip_dag.py took 0.099 seconds
[2024-12-26T14:36:23.214+0000] {processor.py:186} INFO - Started process (PID=2979) to work on /home/airflow/.local/lib/python3.12/site-packages/airflow/example_dags/example_skip_dag.py
[2024-12-26T14:36:23.215+0000] {processor.py:914} INFO - Processing file /home/airflow/.local/lib/python3.12/site-packages/airflow/example_dags/example_skip_dag.py for tasks to queue
[2024-12-26T14:36:23.218+0000] {logging_mixin.py:190} INFO - [2024-12-26T14:36:23.218+0000] {dagbag.py:588} INFO - Filling up the DagBag from /home/airflow/.local/lib/python3.12/site-packages/airflow/example_dags/example_skip_dag.py
[2024-12-26T14:36:23.228+0000] {processor.py:925} INFO - DAG(s) 'example_skip_dag' retrieved from /home/airflow/.local/lib/python3.12/site-packages/airflow/example_dags/example_skip_dag.py
[2024-12-26T14:36:23.268+0000] {logging_mixin.py:190} INFO - [2024-12-26T14:36:23.268+0000] {dag.py:3239} INFO - Sync 1 DAGs
[2024-12-26T14:36:23.295+0000] {logging_mixin.py:190} INFO - [2024-12-26T14:36:23.295+0000] {dag.py:4180} INFO - Setting next_dagrun for example_skip_dag to 2024-12-25 00:00:00+00:00, run_after=2024-12-26 00:00:00+00:00
[2024-12-26T14:36:23.310+0000] {processor.py:208} INFO - Processing /home/airflow/.local/lib/python3.12/site-packages/airflow/example_dags/example_skip_dag.py took 0.108 seconds
[2024-12-26T14:36:53.955+0000] {processor.py:186} INFO - Started process (PID=3270) to work on /home/airflow/.local/lib/python3.12/site-packages/airflow/example_dags/example_skip_dag.py
[2024-12-26T14:36:53.956+0000] {processor.py:914} INFO - Processing file /home/airflow/.local/lib/python3.12/site-packages/airflow/example_dags/example_skip_dag.py for tasks to queue
[2024-12-26T14:36:53.959+0000] {logging_mixin.py:190} INFO - [2024-12-26T14:36:53.959+0000] {dagbag.py:588} INFO - Filling up the DagBag from /home/airflow/.local/lib/python3.12/site-packages/airflow/example_dags/example_skip_dag.py
[2024-12-26T14:36:53.970+0000] {processor.py:925} INFO - DAG(s) 'example_skip_dag' retrieved from /home/airflow/.local/lib/python3.12/site-packages/airflow/example_dags/example_skip_dag.py
[2024-12-26T14:36:54.010+0000] {logging_mixin.py:190} INFO - [2024-12-26T14:36:54.010+0000] {dag.py:3239} INFO - Sync 1 DAGs
[2024-12-26T14:36:54.038+0000] {logging_mixin.py:190} INFO - [2024-12-26T14:36:54.038+0000] {dag.py:4180} INFO - Setting next_dagrun for example_skip_dag to 2024-12-25 00:00:00+00:00, run_after=2024-12-26 00:00:00+00:00
[2024-12-26T14:36:54.055+0000] {processor.py:208} INFO - Processing /home/airflow/.local/lib/python3.12/site-packages/airflow/example_dags/example_skip_dag.py took 0.114 seconds
[2024-12-26T14:37:24.961+0000] {processor.py:186} INFO - Started process (PID=3561) to work on /home/airflow/.local/lib/python3.12/site-packages/airflow/example_dags/example_skip_dag.py
[2024-12-26T14:37:24.963+0000] {processor.py:914} INFO - Processing file /home/airflow/.local/lib/python3.12/site-packages/airflow/example_dags/example_skip_dag.py for tasks to queue
[2024-12-26T14:37:24.966+0000] {logging_mixin.py:190} INFO - [2024-12-26T14:37:24.965+0000] {dagbag.py:588} INFO - Filling up the DagBag from /home/airflow/.local/lib/python3.12/site-packages/airflow/example_dags/example_skip_dag.py
[2024-12-26T14:37:24.976+0000] {processor.py:925} INFO - DAG(s) 'example_skip_dag' retrieved from /home/airflow/.local/lib/python3.12/site-packages/airflow/example_dags/example_skip_dag.py
[2024-12-26T14:37:25.018+0000] {logging_mixin.py:190} INFO - [2024-12-26T14:37:25.018+0000] {dag.py:3239} INFO - Sync 1 DAGs
[2024-12-26T14:37:25.045+0000] {logging_mixin.py:190} INFO - [2024-12-26T14:37:25.045+0000] {dag.py:4180} INFO - Setting next_dagrun for example_skip_dag to 2024-12-25 00:00:00+00:00, run_after=2024-12-26 00:00:00+00:00
[2024-12-26T14:37:25.070+0000] {processor.py:208} INFO - Processing /home/airflow/.local/lib/python3.12/site-packages/airflow/example_dags/example_skip_dag.py took 0.122 seconds
[2024-12-26T14:37:55.843+0000] {processor.py:186} INFO - Started process (PID=3852) to work on /home/airflow/.local/lib/python3.12/site-packages/airflow/example_dags/example_skip_dag.py
[2024-12-26T14:37:55.844+0000] {processor.py:914} INFO - Processing file /home/airflow/.local/lib/python3.12/site-packages/airflow/example_dags/example_skip_dag.py for tasks to queue
[2024-12-26T14:37:55.847+0000] {logging_mixin.py:190} INFO - [2024-12-26T14:37:55.847+0000] {dagbag.py:588} INFO - Filling up the DagBag from /home/airflow/.local/lib/python3.12/site-packages/airflow/example_dags/example_skip_dag.py
[2024-12-26T14:37:55.857+0000] {processor.py:925} INFO - DAG(s) 'example_skip_dag' retrieved from /home/airflow/.local/lib/python3.12/site-packages/airflow/example_dags/example_skip_dag.py
[2024-12-26T14:37:55.885+0000] {logging_mixin.py:190} INFO - [2024-12-26T14:37:55.885+0000] {dag.py:3239} INFO - Sync 1 DAGs
[2024-12-26T14:37:55.913+0000] {logging_mixin.py:190} INFO - [2024-12-26T14:37:55.912+0000] {dag.py:4180} INFO - Setting next_dagrun for example_skip_dag to 2024-12-25 00:00:00+00:00, run_after=2024-12-26 00:00:00+00:00
[2024-12-26T14:37:55.930+0000] {processor.py:208} INFO - Processing /home/airflow/.local/lib/python3.12/site-packages/airflow/example_dags/example_skip_dag.py took 0.100 seconds
