[2024-12-26T14:32:51.232+0000] {local_task_job_runner.py:123} INFO - ::group::Pre task execution logs
[2024-12-26T14:32:51.265+0000] {taskinstance.py:2613} INFO - Dependencies all met for dep_context=non-requeueable deps ti=<TaskInstance: example_python_operator.external_python manual__2024-12-26T14:32:47.718332+00:00 [queued]>
[2024-12-26T14:32:51.276+0000] {taskinstance.py:2613} INFO - Dependencies all met for dep_context=requeueable deps ti=<TaskInstance: example_python_operator.external_python manual__2024-12-26T14:32:47.718332+00:00 [queued]>
[2024-12-26T14:32:51.277+0000] {taskinstance.py:2866} INFO - Starting attempt 1 of 1
[2024-12-26T14:32:51.294+0000] {taskinstance.py:2889} INFO - Executing <Task(ExternalPythonOperator): external_python> on 2024-12-26 14:32:47.718332+00:00
[2024-12-26T14:32:51.313+0000] {logging_mixin.py:190} WARNING - /home/***/.local/lib/python3.12/site-packages/***/task/task_runner/standard_task_runner.py:70 DeprecationWarning: This process (pid=845) is multi-threaded, use of fork() may lead to deadlocks in the child.
[2024-12-26T14:32:51.314+0000] {standard_task_runner.py:72} INFO - Started process 862 to run task
[2024-12-26T14:32:51.312+0000] {standard_task_runner.py:104} INFO - Running: ['***', 'tasks', 'run', 'example_python_operator', 'external_python', 'manual__2024-12-26T14:32:47.718332+00:00', '--job-id', '14', '--raw', '--subdir', '/home/***/.local/lib/python3.12/site-packages/***/example_dags/example_python_operator.py', '--cfg-path', '/tmp/tmp1t1h9wxy']
[2024-12-26T14:32:51.315+0000] {standard_task_runner.py:105} INFO - Job 14: Subtask external_python
[2024-12-26T14:32:51.395+0000] {task_command.py:467} INFO - Running <TaskInstance: example_python_operator.external_python manual__2024-12-26T14:32:47.718332+00:00 [running]> on host ebf312bc13e9
[2024-12-26T14:32:51.533+0000] {taskinstance.py:3132} INFO - Exporting env vars: AIRFLOW_CTX_DAG_OWNER='***' AIRFLOW_CTX_DAG_ID='example_python_operator' AIRFLOW_CTX_TASK_ID='external_python' AIRFLOW_CTX_EXECUTION_DATE='2024-12-26T14:32:47.718332+00:00' AIRFLOW_CTX_TRY_NUMBER='1' AIRFLOW_CTX_DAG_RUN_ID='manual__2024-12-26T14:32:47.718332+00:00'
[2024-12-26T14:32:51.535+0000] {logging_mixin.py:190} INFO - Task instance is in running state
[2024-12-26T14:32:51.536+0000] {logging_mixin.py:190} INFO -  Previous state of the Task instance: queued
[2024-12-26T14:32:51.536+0000] {logging_mixin.py:190} INFO - Current task name:external_python state:running start_date:2024-12-26 14:32:51.265521+00:00
[2024-12-26T14:32:51.537+0000] {logging_mixin.py:190} INFO - Dag name:example_python_operator and current dag run status:running
[2024-12-26T14:32:51.537+0000] {taskinstance.py:731} INFO - ::endgroup::
[2024-12-26T14:32:51.902+0000] {baseoperator.py:421} WARNING - ExternalPythonOperator.execute cannot be called outside TaskInstance!
[2024-12-26T14:32:51.950+0000] {process_utils.py:186} INFO - Executing cmd: /home/***/.local/bin/python /tmp/venv-callx0wl9_er/script.py /tmp/venv-callx0wl9_er/script.in /tmp/venv-callx0wl9_er/script.out /tmp/venv-callx0wl9_er/string_args.txt /tmp/venv-callx0wl9_er/termination.log
[2024-12-26T14:32:51.951+0000] {process_utils.py:190} INFO - Output:
[2024-12-26T14:32:54.681+0000] {process_utils.py:194} INFO - Running task via /home/***/.local/bin/python
[2024-12-26T14:32:54.682+0000] {process_utils.py:194} INFO - Sleeping
[2024-12-26T14:32:54.682+0000] {process_utils.py:194} INFO - Please wait...
[2024-12-26T14:32:55.681+0000] {process_utils.py:194} INFO - Please wait...
[2024-12-26T14:32:56.681+0000] {process_utils.py:194} INFO - Please wait...
[2024-12-26T14:32:57.681+0000] {process_utils.py:194} INFO - Please wait...
[2024-12-26T14:32:58.682+0000] {process_utils.py:194} INFO - Finished
[2024-12-26T14:32:59.000+0000] {python.py:240} INFO - Done. Returned value was: None
[2024-12-26T14:32:59.017+0000] {taskinstance.py:340} INFO - ::group::Post task execution logs
[2024-12-26T14:32:59.018+0000] {taskinstance.py:352} INFO - Marking task as SUCCESS. dag_id=example_python_operator, task_id=external_python, run_id=manual__2024-12-26T14:32:47.718332+00:00, execution_date=20241226T143247, start_date=20241226T143251, end_date=20241226T143259
[2024-12-26T14:32:59.035+0000] {logging_mixin.py:190} INFO - Task instance in success state
[2024-12-26T14:32:59.035+0000] {logging_mixin.py:190} INFO -  Previous state of the Task instance: running
[2024-12-26T14:32:59.036+0000] {logging_mixin.py:190} INFO - Dag name:example_python_operator queued_at:2024-12-26 14:32:47.745503+00:00
[2024-12-26T14:32:59.036+0000] {logging_mixin.py:190} INFO - Task hostname:ebf312bc13e9 operator:ExternalPythonOperator
[2024-12-26T14:32:59.058+0000] {local_task_job_runner.py:266} INFO - Task exited with return code 0
[2024-12-26T14:32:59.105+0000] {taskinstance.py:3895} INFO - 1 downstream tasks scheduled from follow-on schedule check
[2024-12-26T14:32:59.108+0000] {local_task_job_runner.py:245} INFO - ::endgroup::
